<?xml version="1.0" encoding="utf-8"?>
<ns0:routing xmlns:ns0="http://geofon.gfz-potsdam.de/ns/Routing/1.0/">
 <ns0:route networkCode="CH" stationCode="SIOP" locationCode="*" streamCode="HGZ">
  <ns0:station address="http://eida.ethz.ch/fdsnws/station/1/query" priority="1" start="1980-01-01T00:00:00" end="" />
  <ns0:dataselect address="http://eida.ethz.ch/fdsnws/dataselect/1/query" priority="1" start="1980-01-01T00:00:00" end="" />
 </ns0:route>
 <ns0:route networkCode="CH" stationCode="LLS" locationCode="*" streamCode="HGE">
  <ns0:station address="http://eida.ethz.ch/fdsnws/station/1/query" priority="1" start="1980-01-01T00:00:00" end="" />
  <ns0:dataselect address="http://eida.ethz.ch/fdsnws/dataselect/1/query" priority="1" start="1980-01-01T00:00:00" end="" />
 </ns0:route>
 <ns0:route networkCode="CH" stationCode="SZUD" locationCode="*" streamCode="HGN">
  <ns0:station address="http://eida.ethz.ch/fdsnws/station/1/query" priority="1" start="1980-01-01T00:00:00" end="" />
  <ns0:dataselect address="http://eida.ethz.ch/fdsnws/dataselect/1/query" priority="1" start="1980-01-01T00:00:00" end="" />
 </ns0:route>
 <ns0:route networkCode="CH" stationCode="WIMIS" locationCode="*" streamCode="HHN">
  <ns0:station address="http://eida.ethz.ch/fdsnws/station/1/query" priority="1" start="1980-01-01T00:00:00" end="" />
  <ns0:dataselect address="http://eida.ethz.ch/fdsnws/dataselect/1/query" priority="1" start="1980-01-01T00:00:00" end="" />
 </ns0:route>
 <ns0:route networkCode="CH" stationCode="HASLI" locationCode="*" streamCode="HHZ">
  <ns0:station address="http://eida.ethz.ch/fdsnws/station/1/query" priority="1" start="1980-01-01T00:00:00" end="" />
  <ns0:dataselect address="http://eida.ethz.ch/fdsnws/dataselect/1/query" priority="1" start="1980-01-01T00:00:00" end="" />
 </ns0:route>
 <ns0:route networkCode="CH" stationCode="SENIN" locationCode="*" streamCode="HHN">
  <ns0:station address="http://eida.ethz.ch/fdsnws/station/1/query" priority="1" start="1980-01-01T00:00:00" end="" />
  <ns0:dataselect address="http://eida.ethz.ch/fdsnws/dataselect/1/query" priority="1" start="1980-01-01T00:00:00" end="" />
 </ns0:route>
 <ns0:route networkCode="CH" stationCode="SALTS" locationCode="*" streamCode="HGZ">
  <ns0:station address="http://eida.ethz.ch/fdsnws/station/1/query" priority="1" start="1980-01-01T00:00:00" end="" />
  <ns0:dataselect address="http://eida.ethz.ch/fdsnws/dataselect/1/query" priority="1" start="1980-01-01T00:00:00" end="" />
 </ns0:route>
 <ns0:route networkCode="CH" stationCode="EMV" locationCode="*" streamCode="HGE">
  <ns0:station address="http://eida.ethz.ch/fdsnws/station/1/query" priority="1" start="1980-01-01T00:00:00" end="" />
  <ns0:dataselect address="http://eida.ethz.ch/fdsnws/dataselect/1/query" priority="1" start="1980-01-01T00:00:00" end="" />
 </ns0:route>
 <ns0:route networkCode="CH" stationCode="ROTHE" locationCode="*" streamCode="HHN">
  <ns0:station address="http://eida.ethz.ch/fdsnws/station/1/query" priority="1" start="1980-01-01T00:00:00" end="" />
  <ns0:dataselect address="http://eida.ethz.ch/fdsnws/dataselect/1/query" priority="1" start="1980-01-01T00:00:00" end="" />
 </ns0:route>
 <ns0:route networkCode="MT" stationCode="*" locationCode="*" streamCode="*">
  <ns0:station address="http://ws.resif.fr/fdsnws/station/1/query" priority="1" start="2006-01-01T00:00:00" end="" />
  <ns0:dataselect address="http://ws.resif.fr/fdsnws/dataselect/1/query" priority="1" start="2006-01-01T00:00:00" end="" />
 </ns0:route>
 <ns0:route networkCode="CH" stationCode="SMUR" locationCode="*" streamCode="HGN">
  <ns0:station address="http://eida.ethz.ch/fdsnws/station/1/query" priority="1" start="1980-01-01T00:00:00" end="" />
  <ns0:dataselect address="http://eida.ethz.ch/fdsnws/dataselect/1/query" priority="1" start="1980-01-01T00:00:00" end="" />
 </ns0:route>
 <ns0:route networkCode="CH" stationCode="SZUD" locationCode="*" streamCode="HGZ">
  <ns0:station address="http://eida.ethz.ch/fdsnws/station/1/query" priority="1" start="1980-01-01T00:00:00" end="" />
  <ns0:dataselect address="http://eida.ethz.ch/fdsnws/dataselect/1/query" priority="1" start="1980-01-01T00:00:00" end="" />
 </ns0:route>
 <ns0:route networkCode="CH" stationCode="SVAM" locationCode="*" streamCode="HGE">
  <ns0:station address="http://eida.ethz.ch/fdsnws/station/1/query" priority="1" start="1980-01-01T00:00:00" end="" />
  <ns0:dataselect address="http://eida.ethz.ch/fdsnws/dataselect/1/query" priority="1" start="1980-01-01T00:00:00" end="" />
 </ns0:route>
 <ns0:route networkCode="CH" stationCode="SNEW" locationCode="*" streamCode="HGN">
  <ns0:station address="http://eida.ethz.ch/fdsnws/station/1/query" priority="1" start="1980-01-01T00:00:00" end="" />
  <ns0:dataselect address="http://eida.ethz.ch/fdsnws/dataselect/1/query" priority="1" start="1980-01-01T00:00:00" end="" />
 </ns0:route>
 <ns0:route networkCode="CH" stationCode="SALAN" locationCode="*" streamCode="EHN">
  <ns0:station address="http://eida.ethz.ch/fdsnws/station/1/query" priority="1" start="1980-01-01T00:00:00" end="" />
  <ns0:dataselect address="http://eida.ethz.ch/fdsnws/dataselect/1/query" priority="1" start="1980-01-01T00:00:00" end="" />
 </ns0:route>
 <ns0:route networkCode="CH" stationCode="SCHC" locationCode="*" streamCode="HGN">
  <ns0:station address="http://eida.ethz.ch/fdsnws/station/1/query" priority="1" start="1980-01-01T00:00:00" end="" />
  <ns0:dataselect address="http://eida.ethz.ch/fdsnws/dataselect/1/query" priority="1" start="1980-01-01T00:00:00" end="" />
 </ns0:route>
 <ns0:route networkCode="CH" stationCode="ROTHE" locationCode="*" streamCode="HHZ">
  <ns0:station address="http://eida.ethz.ch/fdsnws/station/1/query" priority="1" start="1980-01-01T00:00:00" end="" />
  <ns0:dataselect address="http://eida.ethz.ch/fdsnws/dataselect/1/query" priority="1" start="1980-01-01T00:00:00" end="" />
 </ns0:route>
 <ns0:route networkCode="CH" stationCode="SMAF" locationCode="*" streamCode="HG2">
  <ns0:station address="http://eida.ethz.ch/fdsnws/station/1/query" priority="1" start="1980-01-01T00:00:00" end="" />
  <ns0:dataselect address="http://eida.ethz.ch/fdsnws/dataselect/1/query" priority="1" start="1980-01-01T00:00:00" end="" />
 </ns0:route>
 <ns0:route networkCode="BW" stationCode="BE1" locationCode="*" streamCode="*">
  <ns0:seedlink address="141.84.11.2:18000" priority="1" start="" end="" />
  <ns0:station address="http://erde.geophysik.uni-muenchen.de/fdsnws/station/1/query" priority="1" start="1980-01-01T00:00:00" end="" />
  <ns0:dataselect address="http://erde.geophysik.uni-muenchen.de/fdsnws/dataselect/1/query" priority="1" start="1980-01-01T00:00:00" end="" />
 </ns0:route>
 <ns0:route networkCode="CH" stationCode="SGEM" locationCode="*" streamCode="HGE">
  <ns0:station address="http://eida.ethz.ch/fdsnws/station/1/query" priority="1" start="1980-01-01T00:00:00" end="" />
  <ns0:dataselect address="http://eida.ethz.ch/fdsnws/dataselect/1/query" priority="1" start="1980-01-01T00:00:00" end="" />
 </ns0:route>
 <ns0:route networkCode="CH" stationCode="AIGLE" locationCode="*" streamCode="HHZ">
  <ns0:station address="http://eida.ethz.ch/fdsnws/station/1/query" priority="1" start="1980-01-01T00:00:00" end="" />
  <ns0:dataselect address="http://eida.ethz.ch/fdsnws/dataselect/1/query" priority="1" start="1980-01-01T00:00:00" end="" />
 </ns0:route>
 <ns0:route networkCode="CH" stationCode="VANNI" locationCode="*" streamCode="LHE">
  <ns0:station address="http://eida.ethz.ch/fdsnws/station/1/query" priority="1" start="1980-01-01T00:00:00" end="" />
  <ns0:dataselect address="http://eida.ethz.ch/fdsnws/dataselect/1/query" priority="1" start="1980-01-01T00:00:00" end="" />
 </ns0:route>
 <ns0:route networkCode="CH" stationCode="SARD" locationCode="*" streamCode="HGN">
  <ns0:station address="http://eida.ethz.ch/fdsnws/station/1/query" priority="1" start="1980-01-01T00:00:00" end="" />
  <ns0:dataselect address="http://eida.ethz.ch/fdsnws/dataselect/1/query" priority="1" start="1980-01-01T00:00:00" end="" />
 </ns0:route>
 <ns0:route networkCode="CH" stationCode="OTER1" locationCode="*" streamCode="HG3">
  <ns0:station address="http://eida.ethz.ch/fdsnws/station/1/query" priority="1" start="1980-01-01T00:00:00" end="" />
  <ns0:dataselect address="http://eida.ethz.ch/fdsnws/dataselect/1/query" priority="1" start="1980-01-01T00:00:00" end="" />
 </ns0:route>
 <ns0:route networkCode="CH" stationCode="BALST" locationCode="*" streamCode="HHZ">
  <ns0:station address="http://eida.ethz.ch/fdsnws/station/1/query" priority="1" start="1980-01-01T00:00:00" end="" />
  <ns0:dataselect address="http://eida.ethz.ch/fdsnws/dataselect/1/query" priority="1" start="1980-01-01T00:00:00" end="" />
 </ns0:route>
 <ns0:route networkCode="CH" stationCode="TORNY" locationCode="*" streamCode="LHN">
  <ns0:station address="http://eida.ethz.ch/fdsnws/station/1/query" priority="1" start="1980-01-01T00:00:00" end="" />
  <ns0:dataselect address="http://eida.ethz.ch/fdsnws/dataselect/1/query" priority="1" start="1980-01-01T00:00:00" end="" />
 </ns0:route>
 <ns0:route networkCode="CH" stationCode="EMMET" locationCode="*" streamCode="HHE">
  <ns0:station address="http://eida.ethz.ch/fdsnws/station/1/query" priority="1" start="1980-01-01T00:00:00" end="" />
  <ns0:dataselect address="http://eida.ethz.ch/fdsnws/dataselect/1/query" priority="1" start="1980-01-01T00:00:00" end="" />
 </ns0:route>
 <ns0:route networkCode="CH" stationCode="SBRS" locationCode="*" streamCode="HGN">
  <ns0:station address="http://eida.ethz.ch/fdsnws/station/1/query" priority="1" start="1980-01-01T00:00:00" end="" />
  <ns0:dataselect address="http://eida.ethz.ch/fdsnws/dataselect/1/query" priority="1" start="1980-01-01T00:00:00" end="" />
 </ns0:route>
 <ns0:route networkCode="CH" stationCode="SIOO" locationCode="*" streamCode="HGE">
  <ns0:station address="http://eida.ethz.ch/fdsnws/station/1/query" priority="1" start="1980-01-01T00:00:00" end="" />
  <ns0:dataselect address="http://eida.ethz.ch/fdsnws/dataselect/1/query" priority="1" start="1980-01-01T00:00:00" end="" />
 </ns0:route>
 <ns0:route networkCode="CH" stationCode="SEML" locationCode="*" streamCode="HGE">
  <ns0:station address="http://eida.ethz.ch/fdsnws/station/1/query" priority="1" start="1980-01-01T00:00:00" end="" />
  <ns0:dataselect address="http://eida.ethz.ch/fdsnws/dataselect/1/query" priority="1" start="1980-01-01T00:00:00" end="" />
 </ns0:route>
 <ns0:route networkCode="CH" stationCode="EMBD" locationCode="*" streamCode="LHE">
  <ns0:station address="http://eida.ethz.ch/fdsnws/station/1/query" priority="1" start="1980-01-01T00:00:00" end="" />
  <ns0:dataselect address="http://eida.ethz.ch/fdsnws/dataselect/1/query" priority="1" start="1980-01-01T00:00:00" end="" />
 </ns0:route>
 <ns0:route networkCode="CH" stationCode="SLTM" locationCode="*" streamCode="HGE">
  <ns0:station address="http://eida.ethz.ch/fdsnws/station/1/query" priority="1" start="1980-01-01T00:00:00" end="" />
  <ns0:dataselect address="http://eida.ethz.ch/fdsnws/dataselect/1/query" priority="1" start="1980-01-01T00:00:00" end="" />
 </ns0:route>
 <ns0:route networkCode="BW" stationCode="RTBM" locationCode="*" streamCode="*">
  <ns0:station address="http://erde.geophysik.uni-muenchen.de/fdsnws/station/1/query" priority="1" start="1980-01-01T00:00:00" end="" />
  <ns0:dataselect address="http://erde.geophysik.uni-muenchen.de/fdsnws/dataselect/1/query" priority="1" start="1980-01-01T00:00:00" end="" />
 </ns0:route>
 <ns0:route networkCode="CH" stationCode="FUSIO" locationCode="*" streamCode="HGN">
  <ns0:station address="http://eida.ethz.ch/fdsnws/station/1/query" priority="1" start="1980-01-01T00:00:00" end="" />
  <ns0:dataselect address="http://eida.ethz.ch/fdsnws/dataselect/1/query" priority="1" start="1980-01-01T00:00:00" end="" />
 </ns0:route>
 <ns0:route networkCode="CH" stationCode="SARK" locationCode="*" streamCode="HGE">
  <ns0:station address="http://eida.ethz.ch/fdsnws/station/1/query" priority="1" start="1980-01-01T00:00:00" end="" />
  <ns0:dataselect address="http://eida.ethz.ch/fdsnws/dataselect/1/query" priority="1" start="1980-01-01T00:00:00" end="" />
 </ns0:route>
 <ns0:route networkCode="PZ" stationCode="*" locationCode="*" streamCode="*">
  <ns0:station address="http://geofon.gfz-potsdam.de/fdsnws/station/1/query" priority="1" start="2006-09-26T00:00:00" end="" />
  <ns0:dataselect address="http://geofon.gfz-potsdam.de/fdsnws/dataselect/1/query" priority="1" start="2006-09-26T00:00:00" end="" />
 </ns0:route>
 <ns0:route networkCode="CH" stationCode="GRIMS" locationCode="*" streamCode="LHN">
  <ns0:station address="http://eida.ethz.ch/fdsnws/station/1/query" priority="1" start="1980-01-01T00:00:00" end="" />
  <ns0:dataselect address="http://eida.ethz.ch/fdsnws/dataselect/1/query" priority="1" start="1980-01-01T00:00:00" end="" />
 </ns0:route>
 <ns0:route networkCode="ZI" stationCode="*" locationCode="*" streamCode="*">
  <ns0:station address="http://ws.resif.fr/fdsnws/station/1/query" priority="1" start="2001-01-01T00:00:00" end="2005-12-31T00:00:00" />
  <ns0:dataselect address="http://ws.resif.fr/fdsnws/dataselect/1/query" priority="1" start="2001-01-01T00:00:00" end="2005-12-31T00:00:00" />
 </ns0:route>
 <ns0:route networkCode="CH" stationCode="STIEG" locationCode="*" streamCode="EH2">
  <ns0:station address="http://eida.ethz.ch/fdsnws/station/1/query" priority="1" start="1980-01-01T00:00:00" end="" />
  <ns0:dataselect address="http://eida.ethz.ch/fdsnws/dataselect/1/query" priority="1" start="1980-01-01T00:00:00" end="" />
 </ns0:route>
 <ns0:route networkCode="AB" stationCode="*" locationCode="*" streamCode="*">
  <ns0:station address="http://www.orfeus-eu.org/fdsnws/station/1/query" priority="1" start="1980-01-01T00:00:00" end="" />
  <ns0:dataselect address="http://www.orfeus-eu.org/fdsnws/dataselect/1/query" priority="1" start="1980-01-01T00:00:00" end="" />
 </ns0:route>
 <ns0:route networkCode="CH" stationCode="SSCN" locationCode="*" streamCode="HGZ">
  <ns0:station address="http://eida.ethz.ch/fdsnws/station/1/query" priority="1" start="1980-01-01T00:00:00" end="" />
  <ns0:dataselect address="http://eida.ethz.ch/fdsnws/dataselect/1/query" priority="1" start="1980-01-01T00:00:00" end="" />
 </ns0:route>
 <ns0:route networkCode="CH" stationCode="SLUW" locationCode="*" streamCode="HGZ">
  <ns0:station address="http://eida.ethz.ch/fdsnws/station/1/query" priority="1" start="1980-01-01T00:00:00" end="" />
  <ns0:dataselect address="http://eida.ethz.ch/fdsnws/dataselect/1/query" priority="1" start="1980-01-01T00:00:00" end="" />
 </ns0:route>
 <ns0:route networkCode="CH" stationCode="FUSIO" locationCode="*" streamCode="HGZ">
  <ns0:station address="http://eida.ethz.ch/fdsnws/station/1/query" priority="1" start="1980-01-01T00:00:00" end="" />
  <ns0:dataselect address="http://eida.ethz.ch/fdsnws/dataselect/1/query" priority="1" start="1980-01-01T00:00:00" end="" />
 </ns0:route>
 <ns0:route networkCode="CH" stationCode="NOV1" locationCode="*" streamCode="EHE">
  <ns0:station address="http://eida.ethz.ch/fdsnws/station/1/query" priority="1" start="1980-01-01T00:00:00" end="" />
  <ns0:dataselect address="http://eida.ethz.ch/fdsnws/dataselect/1/query" priority="1" start="1980-01-01T00:00:00" end="" />
 </ns0:route>
 <ns0:route networkCode="CH" stationCode="SIOE" locationCode="*" streamCode="HGZ">
  <ns0:station address="http://eida.ethz.ch/fdsnws/station/1/query" priority="1" start="1980-01-01T00:00:00" end="" />
  <ns0:dataselect address="http://eida.ethz.ch/fdsnws/dataselect/1/query" priority="1" start="1980-01-01T00:00:00" end="" />
 </ns0:route>
 <ns0:route networkCode="CH" stationCode="SAYF2" locationCode="*" streamCode="HGE">
  <ns0:station address="http://eida.ethz.ch/fdsnws/station/1/query" priority="1" start="1980-01-01T00:00:00" end="" />
  <ns0:dataselect address="http://eida.ethz.ch/fdsnws/dataselect/1/query" priority="1" start="1980-01-01T00:00:00" end="" />
 </ns0:route>
 <ns0:route networkCode="CH" stationCode="DIX" locationCode="*" streamCode="LHN">
  <ns0:station address="http://eida.ethz.ch/fdsnws/station/1/query" priority="1" start="1980-01-01T00:00:00" end="" />
  <ns0:dataselect address="http://eida.ethz.ch/fdsnws/dataselect/1/query" priority="1" start="1980-01-01T00:00:00" end="" />
 </ns0:route>
 <ns0:route networkCode="CH" stationCode="SSCN" locationCode="*" streamCode="HGN">
  <ns0:station address="http://eida.ethz.ch/fdsnws/station/1/query" priority="1" start="1980-01-01T00:00:00" end="" />
  <ns0:dataselect address="http://eida.ethz.ch/fdsnws/dataselect/1/query" priority="1" start="1980-01-01T00:00:00" end="" />
 </ns0:route>
 <ns0:route networkCode="BW" stationCode="MGBB" locationCode="*" streamCode="*">
  <ns0:seedlink address="141.84.11.2:18000" priority="1" start="" end="" />
  <ns0:station address="http://erde.geophysik.uni-muenchen.de/fdsnws/station/1/query" priority="1" start="1980-01-01T00:00:00" end="" />
  <ns0:dataselect address="http://erde.geophysik.uni-muenchen.de/fdsnws/dataselect/1/query" priority="1" start="1980-01-01T00:00:00" end="" />
 </ns0:route>
 <ns0:route networkCode="BW" stationCode="RTLI" locationCode="*" streamCode="*">
  <ns0:station address="http://erde.geophysik.uni-muenchen.de/fdsnws/station/1/query" priority="1" start="1980-01-01T00:00:00" end="" />
  <ns0:dataselect address="http://erde.geophysik.uni-muenchen.de/fdsnws/dataselect/1/query" priority="1" start="1980-01-01T00:00:00" end="" />
 </ns0:route>
 <ns0:route networkCode="BW" stationCode="BE3" locationCode="*" streamCode="*">
  <ns0:seedlink address="141.84.11.2:18000" priority="1" start="" end="" />
  <ns0:station address="http://erde.geophysik.uni-muenchen.de/fdsnws/station/1/query" priority="1" start="1980-01-01T00:00:00" end="" />
  <ns0:dataselect address="http://erde.geophysik.uni-muenchen.de/fdsnws/dataselect/1/query" priority="1" start="1980-01-01T00:00:00" end="" />
 </ns0:route>
 <ns0:route networkCode="CH" stationCode="ROMAN" locationCode="*" streamCode="HGE">
  <ns0:station address="http://eida.ethz.ch/fdsnws/station/1/query" priority="1" start="1980-01-01T00:00:00" end="" />
  <ns0:dataselect address="http://eida.ethz.ch/fdsnws/dataselect/1/query" priority="1" start="1980-01-01T00:00:00" end="" />
 </ns0:route>
 <ns0:route networkCode="JS" stationCode="*" locationCode="*" streamCode="*">
  <ns0:station address="http://geofon.gfz-potsdam.de/fdsnws/station/1/query" priority="1" start="1980-01-01T00:00:00" end="" />
  <ns0:dataselect address="http://geofon.gfz-potsdam.de/fdsnws/dataselect/1/query" priority="1" start="1980-01-01T00:00:00" end="" />
 </ns0:route>
 <ns0:route networkCode="CH" stationCode="LKBD" locationCode="*" streamCode="EHE">
  <ns0:station address="http://eida.ethz.ch/fdsnws/station/1/query" priority="1" start="1980-01-01T00:00:00" end="" />
  <ns0:dataselect address="http://eida.ethz.ch/fdsnws/dataselect/1/query" priority="1" start="1980-01-01T00:00:00" end="" />
 </ns0:route>
 <ns0:route networkCode="CH" stationCode="SBAP" locationCode="*" streamCode="HGN">
  <ns0:station address="http://eida.ethz.ch/fdsnws/station/1/query" priority="1" start="1980-01-01T00:00:00" end="" />
  <ns0:dataselect address="http://eida.ethz.ch/fdsnws/dataselect/1/query" priority="1" start="1980-01-01T00:00:00" end="" />
 </ns0:route>
 <ns0:route networkCode="CH" stationCode="EMING" locationCode="*" streamCode="LHN">
  <ns0:station address="http://eida.ethz.ch/fdsnws/station/1/query" priority="1" start="1980-01-01T00:00:00" end="" />
  <ns0:dataselect address="http://eida.ethz.ch/fdsnws/dataselect/1/query" priority="1" start="1980-01-01T00:00:00" end="" />
 </ns0:route>
 <ns0:route networkCode="BS" stationCode="*" locationCode="*" streamCode="*">
  <ns0:seedlink address="eida-sc3.infp.ro:18000" priority="1" start="" end="" />
  <ns0:station address="http://eida-sc3.infp.ro/fdsnws/station/1/query" priority="1" start="1980-01-01T00:00:00" end="" />
  <ns0:dataselect address="http://eida-sc3.infp.ro/fdsnws/dataselect/1/query" priority="1" start="1980-01-01T00:00:00" end="" />
 </ns0:route>
 <ns0:route networkCode="CH" stationCode="PANIX" locationCode="*" streamCode="HHZ">
  <ns0:station address="http://eida.ethz.ch/fdsnws/station/1/query" priority="1" start="1980-01-01T00:00:00" end="" />
  <ns0:dataselect address="http://eida.ethz.ch/fdsnws/dataselect/1/query" priority="1" start="1980-01-01T00:00:00" end="" />
 </ns0:route>
 <ns0:route networkCode="CA" stationCode="*" locationCode="*" streamCode="*">
  <ns0:station address="http://www.orfeus-eu.org/fdsnws/station/1/query" priority="1" start="1980-01-01T00:00:00" end="" />
  <ns0:dataselect address="http://www.orfeus-eu.org/fdsnws/dataselect/1/query" priority="1" start="1980-01-01T00:00:00" end="" />
 </ns0:route>
 <ns0:route networkCode="CH" stationCode="SMOE" locationCode="*" streamCode="HGN">
  <ns0:station address="http://eida.ethz.ch/fdsnws/station/1/query" priority="1" start="1980-01-01T00:00:00" end="" />
  <ns0:dataselect address="http://eida.ethz.ch/fdsnws/dataselect/1/query" priority="1" start="1980-01-01T00:00:00" end="" />
 </ns0:route>
 <ns0:route networkCode="CH" stationCode="SGRA" locationCode="*" streamCode="HGE">
  <ns0:station address="http://eida.ethz.ch/fdsnws/station/1/query" priority="1" start="1980-01-01T00:00:00" end="" />
  <ns0:dataselect address="http://eida.ethz.ch/fdsnws/dataselect/1/query" priority="1" start="1980-01-01T00:00:00" end="" />
 </ns0:route>
 <ns0:route networkCode="CH" stationCode="SBERN" locationCode="*" streamCode="HGN">
  <ns0:station address="http://eida.ethz.ch/fdsnws/station/1/query" priority="1" start="1980-01-01T00:00:00" end="" />
  <ns0:dataselect address="http://eida.ethz.ch/fdsnws/dataselect/1/query" priority="1" start="1980-01-01T00:00:00" end="" />
 </ns0:route>
 <ns0:route networkCode="CH" stationCode="LKBD" locationCode="*" streamCode="HHE">
  <ns0:station address="http://eida.ethz.ch/fdsnws/station/1/query" priority="1" start="1980-01-01T00:00:00" end="" />
  <ns0:dataselect address="http://eida.ethz.ch/fdsnws/dataselect/1/query" priority="1" start="1980-01-01T00:00:00" end="" />
 </ns0:route>
 <ns0:route networkCode="CH" stationCode="SCAS" locationCode="*" streamCode="HGE">
  <ns0:station address="http://eida.ethz.ch/fdsnws/station/1/query" priority="1" start="1980-01-01T00:00:00" end="" />
  <ns0:dataselect address="http://eida.ethz.ch/fdsnws/dataselect/1/query" priority="1" start="1980-01-01T00:00:00" end="" />
 </ns0:route>
 <ns0:route networkCode="CH" stationCode="SLUW" locationCode="*" streamCode="HGN">
  <ns0:station address="http://eida.ethz.ch/fdsnws/station/1/query" priority="1" start="1980-01-01T00:00:00" end="" />
  <ns0:dataselect address="http://eida.ethz.ch/fdsnws/dataselect/1/query" priority="1" start="1980-01-01T00:00:00" end="" />
 </ns0:route>
 <ns0:route networkCode="CH" stationCode="EMING" locationCode="*" streamCode="LHZ">
  <ns0:station address="http://eida.ethz.ch/fdsnws/station/1/query" priority="1" start="1980-01-01T00:00:00" end="" />
  <ns0:dataselect address="http://eida.ethz.ch/fdsnws/dataselect/1/query" priority="1" start="1980-01-01T00:00:00" end="" />
 </ns0:route>
 <ns0:route networkCode="CH" stationCode="SULZ" locationCode="*" streamCode="HHZ">
  <ns0:station address="http://eida.ethz.ch/fdsnws/station/1/query" priority="1" start="1980-01-01T00:00:00" end="" />
  <ns0:dataselect address="http://eida.ethz.ch/fdsnws/dataselect/1/query" priority="1" start="1980-01-01T00:00:00" end="" />
 </ns0:route>
 <ns0:route networkCode="CH" stationCode="WEIN" locationCode="*" streamCode="EHE">
  <ns0:station address="http://eida.ethz.ch/fdsnws/station/1/query" priority="1" start="1980-01-01T00:00:00" end="" />
  <ns0:dataselect address="http://eida.ethz.ch/fdsnws/dataselect/1/query" priority="1" start="1980-01-01T00:00:00" end="" />
 </ns0:route>
 <ns0:route networkCode="CH" stationCode="SVIP" locationCode="*" streamCode="HGZ">
  <ns0:station address="http://eida.ethz.ch/fdsnws/station/1/query" priority="1" start="1980-01-01T00:00:00" end="" />
  <ns0:dataselect address="http://eida.ethz.ch/fdsnws/dataselect/1/query" priority="1" start="1980-01-01T00:00:00" end="" />
 </ns0:route>
 <ns0:route networkCode="Z2" stationCode="*" locationCode="*" streamCode="*">
  <ns0:station address="http://geofon.gfz-potsdam.de/fdsnws/station/1/query" priority="1" start="2006-05-30T00:00:00" end="2007-12-31T00:00:00" />
  <ns0:dataselect address="http://geofon.gfz-potsdam.de/fdsnws/dataselect/1/query" priority="1" start="2006-05-30T00:00:00" end="2007-12-31T00:00:00" />
 </ns0:route>
 <ns0:route networkCode="BW" stationCode="RTSP" locationCode="*" streamCode="*">
  <ns0:station address="http://erde.geophysik.uni-muenchen.de/fdsnws/station/1/query" priority="1" start="1980-01-01T00:00:00" end="" />
  <ns0:dataselect address="http://erde.geophysik.uni-muenchen.de/fdsnws/dataselect/1/query" priority="1" start="1980-01-01T00:00:00" end="" />
 </ns0:route>
 <ns0:route networkCode="CH" stationCode="GRYON" locationCode="*" streamCode="EHZ">
  <ns0:station address="http://eida.ethz.ch/fdsnws/station/1/query" priority="1" start="1980-01-01T00:00:00" end="" />
  <ns0:dataselect address="http://eida.ethz.ch/fdsnws/dataselect/1/query" priority="1" start="1980-01-01T00:00:00" end="" />
 </ns0:route>
 <ns0:route networkCode="CH" stationCode="SULZ" locationCode="*" streamCode="HHN">
  <ns0:station address="http://eida.ethz.ch/fdsnws/station/1/query" priority="1" start="1980-01-01T00:00:00" end="" />
  <ns0:dataselect address="http://eida.ethz.ch/fdsnws/dataselect/1/query" priority="1" start="1980-01-01T00:00:00" end="" />
 </ns0:route>
 <ns0:route networkCode="CH" stationCode="SZEM" locationCode="*" streamCode="HGE">
  <ns0:station address="http://eida.ethz.ch/fdsnws/station/1/query" priority="1" start="1980-01-01T00:00:00" end="" />
  <ns0:dataselect address="http://eida.ethz.ch/fdsnws/dataselect/1/query" priority="1" start="1980-01-01T00:00:00" end="" />
 </ns0:route>
 <ns0:route networkCode="CH" stationCode="SLUB" locationCode="*" streamCode="HGE">
  <ns0:station address="http://eida.ethz.ch/fdsnws/station/1/query" priority="1" start="1980-01-01T00:00:00" end="" />
  <ns0:dataselect address="http://eida.ethz.ch/fdsnws/dataselect/1/query" priority="1" start="1980-01-01T00:00:00" end="" />
 </ns0:route>
 <ns0:route networkCode="CH" stationCode="SMTK" locationCode="*" streamCode="HGE">
  <ns0:station address="http://eida.ethz.ch/fdsnws/station/1/query" priority="1" start="1980-01-01T00:00:00" end="" />
  <ns0:dataselect address="http://eida.ethz.ch/fdsnws/dataselect/1/query" priority="1" start="1980-01-01T00:00:00" end="" />
 </ns0:route>
 <ns0:route networkCode="ES" stationCode="*" locationCode="*" streamCode="*">
  <ns0:station address="http://www.orfeus-eu.org/fdsnws/station/1/query" priority="1" start="1980-01-01T00:00:00" end="" />
  <ns0:dataselect address="http://www.orfeus-eu.org/fdsnws/dataselect/1/query" priority="1" start="1980-01-01T00:00:00" end="" />
 </ns0:route>
 <ns0:route networkCode="CH" stationCode="GIMEL" locationCode="*" streamCode="LHZ">
  <ns0:station address="http://eida.ethz.ch/fdsnws/station/1/query" priority="1" start="1980-01-01T00:00:00" end="" />
  <ns0:dataselect address="http://eida.ethz.ch/fdsnws/dataselect/1/query" priority="1" start="1980-01-01T00:00:00" end="" />
 </ns0:route>
 <ns0:route networkCode="YR" stationCode="*" locationCode="*" streamCode="*">
  <ns0:station address="http://ws.resif.fr/fdsnws/station/1/query" priority="1" start="1999-01-01T00:00:00" end="2002-12-31T00:00:00" />
  <ns0:dataselect address="http://ws.resif.fr/fdsnws/dataselect/1/query" priority="1" start="1999-01-01T00:00:00" end="2002-12-31T00:00:00" />
 </ns0:route>
 <ns0:route networkCode="CH" stationCode="STAF" locationCode="*" streamCode="HGE">
  <ns0:station address="http://eida.ethz.ch/fdsnws/station/1/query" priority="1" start="1980-01-01T00:00:00" end="" />
  <ns0:dataselect address="http://eida.ethz.ch/fdsnws/dataselect/1/query" priority="1" start="1980-01-01T00:00:00" end="" />
 </ns0:route>
 <ns0:route networkCode="CH" stationCode="SMTK" locationCode="*" streamCode="HGN">
  <ns0:station address="http://eida.ethz.ch/fdsnws/station/1/query" priority="1" start="1980-01-01T00:00:00" end="" />
  <ns0:dataselect address="http://eida.ethz.ch/fdsnws/dataselect/1/query" priority="1" start="1980-01-01T00:00:00" end="" />
 </ns0:route>
 <ns0:route networkCode="CH" stationCode="SBAV" locationCode="*" streamCode="HGE">
  <ns0:station address="http://eida.ethz.ch/fdsnws/station/1/query" priority="1" start="1980-01-01T00:00:00" end="" />
  <ns0:dataselect address="http://eida.ethz.ch/fdsnws/dataselect/1/query" priority="1" start="1980-01-01T00:00:00" end="" />
 </ns0:route>
 <ns0:route networkCode="CH" stationCode="SMAV" locationCode="*" streamCode="HGE">
  <ns0:station address="http://eida.ethz.ch/fdsnws/station/1/query" priority="1" start="1980-01-01T00:00:00" end="" />
  <ns0:dataselect address="http://eida.ethz.ch/fdsnws/dataselect/1/query" priority="1" start="1980-01-01T00:00:00" end="" />
 </ns0:route>
 <ns0:route networkCode="CH" stationCode="SAUR" locationCode="*" streamCode="HGN">
  <ns0:station address="http://eida.ethz.ch/fdsnws/station/1/query" priority="1" start="1980-01-01T00:00:00" end="" />
  <ns0:dataselect address="http://eida.ethz.ch/fdsnws/dataselect/1/query" priority="1" start="1980-01-01T00:00:00" end="" />
 </ns0:route>
 <ns0:route networkCode="XO" stationCode="*" locationCode="*" streamCode="*">
  <ns0:station address="http://geofon.gfz-potsdam.de/fdsnws/station/1/query" priority="1" start="1995-08-01T00:00:00" end="1995-10-12T00:00:00" />
  <ns0:dataselect address="http://geofon.gfz-potsdam.de/fdsnws/dataselect/1/query" priority="1" start="1995-08-01T00:00:00" end="1995-10-12T00:00:00" />
  <ns0:station address="http://geofon.gfz-potsdam.de/fdsnws/station/1/query" priority="1" start="2007-04-10T00:00:00" end="2008-10-26T00:00:00" />
  <ns0:dataselect address="http://geofon.gfz-potsdam.de/fdsnws/dataselect/1/query" priority="1" start="2007-04-10T00:00:00" end="2008-10-26T00:00:00" />
 </ns0:route>
 <ns0:route networkCode="CH" stationCode="FUSIO" locationCode="*" streamCode="HHZ">
  <ns0:station address="http://eida.ethz.ch/fdsnws/station/1/query" priority="1" start="1980-01-01T00:00:00" end="" />
  <ns0:dataselect address="http://eida.ethz.ch/fdsnws/dataselect/1/query" priority="1" start="1980-01-01T00:00:00" end="" />
 </ns0:route>
 <ns0:route networkCode="CH" stationCode="SBUH" locationCode="*" streamCode="HGN">
  <ns0:station address="http://eida.ethz.ch/fdsnws/station/1/query" priority="1" start="1980-01-01T00:00:00" end="" />
  <ns0:dataselect address="http://eida.ethz.ch/fdsnws/dataselect/1/query" priority="1" start="1980-01-01T00:00:00" end="" />
 </ns0:route>
 <ns0:route networkCode="CH" stationCode="SRHB" locationCode="*" streamCode="HGE">
  <ns0:station address="http://eida.ethz.ch/fdsnws/station/1/query" priority="1" start="1980-01-01T00:00:00" end="" />
  <ns0:dataselect address="http://eida.ethz.ch/fdsnws/dataselect/1/query" priority="1" start="1980-01-01T00:00:00" end="" />
 </ns0:route>
 <ns0:route networkCode="CH" stationCode="SDIF" locationCode="*" streamCode="HG3">
  <ns0:station address="http://eida.ethz.ch/fdsnws/station/1/query" priority="1" start="1980-01-01T00:00:00" end="" />
  <ns0:dataselect address="http://eida.ethz.ch/fdsnws/dataselect/1/query" priority="1" start="1980-01-01T00:00:00" end="" />
 </ns0:route>
 <ns0:route networkCode="CH" stationCode="SARE" locationCode="*" streamCode="HGZ">
  <ns0:station address="http://eida.ethz.ch/fdsnws/station/1/query" priority="1" start="1980-01-01T00:00:00" end="" />
  <ns0:dataselect address="http://eida.ethz.ch/fdsnws/dataselect/1/query" priority="1" start="1980-01-01T00:00:00" end="" />
 </ns0:route>
 <ns0:route networkCode="CH" stationCode="TRULL" locationCode="*" streamCode="EHZ">
  <ns0:station address="http://eida.ethz.ch/fdsnws/station/1/query" priority="1" start="1980-01-01T00:00:00" end="" />
  <ns0:dataselect address="http://eida.ethz.ch/fdsnws/dataselect/1/query" priority="1" start="1980-01-01T00:00:00" end="" />
 </ns0:route>
 <ns0:route networkCode="CH" stationCode="SCUG" locationCode="*" streamCode="HGE">
  <ns0:station address="http://eida.ethz.ch/fdsnws/station/1/query" priority="1" start="1980-01-01T00:00:00" end="" />
  <ns0:dataselect address="http://eida.ethz.ch/fdsnws/dataselect/1/query" priority="1" start="1980-01-01T00:00:00" end="" />
 </ns0:route>
 <ns0:route networkCode="CH" stationCode="SBUB" locationCode="*" streamCode="HGE">
  <ns0:station address="http://eida.ethz.ch/fdsnws/station/1/query" priority="1" start="1980-01-01T00:00:00" end="" />
  <ns0:dataselect address="http://eida.ethz.ch/fdsnws/dataselect/1/query" priority="1" start="1980-01-01T00:00:00" end="" />
 </ns0:route>
 <ns0:route networkCode="CH" stationCode="GIMEL" locationCode="*" streamCode="HHN">
  <ns0:station address="http://eida.ethz.ch/fdsnws/station/1/query" priority="1" start="1980-01-01T00:00:00" end="" />
  <ns0:dataselect address="http://eida.ethz.ch/fdsnws/dataselect/1/query" priority="1" start="1980-01-01T00:00:00" end="" />
 </ns0:route>
 <ns0:route networkCode="CH" stationCode="MUGIO" locationCode="*" streamCode="HHZ">
  <ns0:station address="http://eida.ethz.ch/fdsnws/station/1/query" priority="1" start="1980-01-01T00:00:00" end="" />
  <ns0:dataselect address="http://eida.ethz.ch/fdsnws/dataselect/1/query" priority="1" start="1980-01-01T00:00:00" end="" />
 </ns0:route>
 <ns0:route networkCode="CH" stationCode="SWIS" locationCode="*" streamCode="HGN">
  <ns0:station address="http://eida.ethz.ch/fdsnws/station/1/query" priority="1" start="1980-01-01T00:00:00" end="" />
  <ns0:dataselect address="http://eida.ethz.ch/fdsnws/dataselect/1/query" priority="1" start="1980-01-01T00:00:00" end="" />
 </ns0:route>
 <ns0:route networkCode="5E" stationCode="*" locationCode="*" streamCode="*">
  <ns0:station address="http://geofon.gfz-potsdam.de/fdsnws/station/1/query" priority="1" start="2011-01-01T00:00:00" end="2013-12-31T00:00:00" />
  <ns0:dataselect address="http://geofon.gfz-potsdam.de/fdsnws/dataselect/1/query" priority="1" start="2011-01-01T00:00:00" end="2013-12-31T00:00:00" />
 </ns0:route>
 <ns0:route networkCode="CH" stationCode="SBUW" locationCode="*" streamCode="HGE">
  <ns0:station address="http://eida.ethz.ch/fdsnws/station/1/query" priority="1" start="1980-01-01T00:00:00" end="" />
  <ns0:dataselect address="http://eida.ethz.ch/fdsnws/dataselect/1/query" priority="1" start="1980-01-01T00:00:00" end="" />
 </ns0:route>
 <ns0:route networkCode="CH" stationCode="DAVOX" locationCode="*" streamCode="HHE">
  <ns0:station address="http://eida.ethz.ch/fdsnws/station/1/query" priority="1" start="1980-01-01T00:00:00" end="" />
  <ns0:dataselect address="http://eida.ethz.ch/fdsnws/dataselect/1/query" priority="1" start="1980-01-01T00:00:00" end="" />
 </ns0:route>
 <ns0:route networkCode="CH" stationCode="TRULL" locationCode="*" streamCode="EHN">
  <ns0:station address="http://eida.ethz.ch/fdsnws/station/1/query" priority="1" start="1980-01-01T00:00:00" end="" />
  <ns0:dataselect address="http://eida.ethz.ch/fdsnws/dataselect/1/query" priority="1" start="1980-01-01T00:00:00" end="" />
 </ns0:route>
 <ns0:route networkCode="6C" stationCode="*" locationCode="*" streamCode="*">
  <ns0:station address="http://geofon.gfz-potsdam.de/fdsnws/station/1/query" priority="1" start="2009-09-07T00:00:00" end="2010-06-08T00:00:00" />
  <ns0:dataselect address="http://geofon.gfz-potsdam.de/fdsnws/dataselect/1/query" priority="1" start="2009-09-07T00:00:00" end="2010-06-08T00:00:00" />
  <ns0:station address="http://geofon.gfz-potsdam.de/fdsnws/station/1/query" priority="1" start="2013-03-12T00:00:00" end="2014-10-27T00:00:00" />
  <ns0:dataselect address="http://geofon.gfz-potsdam.de/fdsnws/dataselect/1/query" priority="1" start="2013-03-12T00:00:00" end="2014-10-27T00:00:00" />
 </ns0:route>
 <ns0:route networkCode="CH" stationCode="BOURR" locationCode="*" streamCode="HGN">
  <ns0:station address="http://eida.ethz.ch/fdsnws/station/1/query" priority="1" start="1980-01-01T00:00:00" end="" />
  <ns0:dataselect address="http://eida.ethz.ch/fdsnws/dataselect/1/query" priority="1" start="1980-01-01T00:00:00" end="" />
 </ns0:route>
 <ns0:route networkCode="MD" stationCode="*" locationCode="*" streamCode="*">
  <ns0:seedlink address="eida-sc3.infp.ro:18000" priority="1" start="" end="" />
  <ns0:station address="http://eida-sc3.infp.ro/fdsnws/station/1/query" priority="1" start="1980-01-01T00:00:00" end="" />
  <ns0:dataselect address="http://eida-sc3.infp.ro/fdsnws/dataselect/1/query" priority="1" start="1980-01-01T00:00:00" end="" />
 </ns0:route>
 <ns0:route networkCode="CH" stationCode="MUGIO" locationCode="*" streamCode="HHN">
  <ns0:station address="http://eida.ethz.ch/fdsnws/station/1/query" priority="1" start="1980-01-01T00:00:00" end="" />
  <ns0:dataselect address="http://eida.ethz.ch/fdsnws/dataselect/1/query" priority="1" start="1980-01-01T00:00:00" end="" />
 </ns0:route>
 <ns0:route networkCode="CH" stationCode="VDL" locationCode="*" streamCode="HHZ">
  <ns0:station address="http://eida.ethz.ch/fdsnws/station/1/query" priority="1" start="1980-01-01T00:00:00" end="" />
  <ns0:dataselect address="http://eida.ethz.ch/fdsnws/dataselect/1/query" priority="1" start="1980-01-01T00:00:00" end="" />
 </ns0:route>
 <ns0:route networkCode="CH" stationCode="SWIS" locationCode="*" streamCode="HGZ">
  <ns0:station address="http://eida.ethz.ch/fdsnws/station/1/query" priority="1" start="1980-01-01T00:00:00" end="" />
  <ns0:dataselect address="http://eida.ethz.ch/fdsnws/dataselect/1/query" priority="1" start="1980-01-01T00:00:00" end="" />
 </ns0:route>
 <ns0:route networkCode="CH" stationCode="EMBD" locationCode="*" streamCode="HHZ">
  <ns0:station address="http://eida.ethz.ch/fdsnws/station/1/query" priority="1" start="1980-01-01T00:00:00" end="" />
  <ns0:dataselect address="http://eida.ethz.ch/fdsnws/dataselect/1/query" priority="1" start="1980-01-01T00:00:00" end="" />
 </ns0:route>
 <ns0:route networkCode="CH" stationCode="SGRA" locationCode="*" streamCode="HGN">
  <ns0:station address="http://eida.ethz.ch/fdsnws/station/1/query" priority="1" start="1980-01-01T00:00:00" end="" />
  <ns0:dataselect address="http://eida.ethz.ch/fdsnws/dataselect/1/query" priority="1" start="1980-01-01T00:00:00" end="" />
 </ns0:route>
 <ns0:route networkCode="CH" stationCode="SM0F" locationCode="*" streamCode="HGZ">
  <ns0:station address="http://eida.ethz.ch/fdsnws/station/1/query" priority="1" start="1980-01-01T00:00:00" end="" />
  <ns0:dataselect address="http://eida.ethz.ch/fdsnws/dataselect/1/query" priority="1" start="1980-01-01T00:00:00" end="" />
 </ns0:route>
 <ns0:route networkCode="CH" stationCode="ZUR" locationCode="*" streamCode="HGZ">
  <ns0:station address="http://eida.ethz.ch/fdsnws/station/1/query" priority="1" start="1980-01-01T00:00:00" end="" />
  <ns0:dataselect address="http://eida.ethz.ch/fdsnws/dataselect/1/query" priority="1" start="1980-01-01T00:00:00" end="" />
 </ns0:route>
 <ns0:route networkCode="CH" stationCode="SAIRA" locationCode="*" streamCode="HHN">
  <ns0:station address="http://eida.ethz.ch/fdsnws/station/1/query" priority="1" start="1980-01-01T00:00:00" end="" />
  <ns0:dataselect address="http://eida.ethz.ch/fdsnws/dataselect/1/query" priority="1" start="1980-01-01T00:00:00" end="" />
 </ns0:route>
 <ns0:route networkCode="CH" stationCode="SCUT" locationCode="*" streamCode="HGZ">
  <ns0:station address="http://eida.ethz.ch/fdsnws/station/1/query" priority="1" start="1980-01-01T00:00:00" end="" />
  <ns0:dataselect address="http://eida.ethz.ch/fdsnws/dataselect/1/query" priority="1" start="1980-01-01T00:00:00" end="" />
 </ns0:route>
 <ns0:route networkCode="CH" stationCode="SMUK" locationCode="*" streamCode="HGZ">
  <ns0:station address="http://eida.ethz.ch/fdsnws/station/1/query" priority="1" start="1980-01-01T00:00:00" end="" />
  <ns0:dataselect address="http://eida.ethz.ch/fdsnws/dataselect/1/query" priority="1" start="1980-01-01T00:00:00" end="" />
 </ns0:route>
 <ns0:route networkCode="CH" stationCode="SBIF" locationCode="*" streamCode="HGN">
  <ns0:station address="http://eida.ethz.ch/fdsnws/station/1/query" priority="1" start="1980-01-01T00:00:00" end="" />
  <ns0:dataselect address="http://eida.ethz.ch/fdsnws/dataselect/1/query" priority="1" start="1980-01-01T00:00:00" end="" />
 </ns0:route>
 <ns0:route networkCode="IS" stationCode="*" locationCode="*" streamCode="*">
  <ns0:station address="http://geofon.gfz-potsdam.de/fdsnws/station/1/query" priority="1" start="1980-01-01T00:00:00" end="" />
  <ns0:dataselect address="http://geofon.gfz-potsdam.de/fdsnws/dataselect/1/query" priority="1" start="1980-01-01T00:00:00" end="" />
 </ns0:route>
 <ns0:route networkCode="CH" stationCode="SBGN" locationCode="*" streamCode="HGE">
  <ns0:station address="http://eida.ethz.ch/fdsnws/station/1/query" priority="1" start="1980-01-01T00:00:00" end="" />
  <ns0:dataselect address="http://eida.ethz.ch/fdsnws/dataselect/1/query" priority="1" start="1980-01-01T00:00:00" end="" />
 </ns0:route>
 <ns0:route networkCode="MQ" stationCode="*" locationCode="*" streamCode="*">
  <ns0:seedlink address="eida.ipgp.fr:18000" priority="1" start="" end="" />
  <ns0:station address="http://eida.ipgp.fr/fdsnws/station/1/query" priority="1" start="1935-01-01T00:00:00" end="" />
  <ns0:dataselect address="http://eida.ipgp.fr/fdsnws/dataselect/1/query" priority="1" start="1935-01-01T00:00:00" end="" />
 </ns0:route>
 <ns0:route networkCode="CH" stationCode="ACB" locationCode="*" streamCode="HHZ">
  <ns0:station address="http://eida.ethz.ch/fdsnws/station/1/query" priority="1" start="1980-01-01T00:00:00" end="" />
  <ns0:dataselect address="http://eida.ethz.ch/fdsnws/dataselect/1/query" priority="1" start="1980-01-01T00:00:00" end="" />
 </ns0:route>
 <ns0:route networkCode="CH" stationCode="LIENZ" locationCode="*" streamCode="HGZ">
  <ns0:station address="http://eida.ethz.ch/fdsnws/station/1/query" priority="1" start="1980-01-01T00:00:00" end="" />
  <ns0:dataselect address="http://eida.ethz.ch/fdsnws/dataselect/1/query" priority="1" start="1980-01-01T00:00:00" end="" />
 </ns0:route>
 <ns0:route networkCode="BE" stationCode="*" locationCode="*" streamCode="*">
  <ns0:station address="http://www.orfeus-eu.org/fdsnws/station/1/query" priority="1" start="1980-01-01T00:00:00" end="" />
  <ns0:dataselect address="http://www.orfeus-eu.org/fdsnws/dataselect/1/query" priority="1" start="1980-01-01T00:00:00" end="" />
 </ns0:route>
 <ns0:route networkCode="CH" stationCode="MUO" locationCode="*" streamCode="LHE">
  <ns0:station address="http://eida.ethz.ch/fdsnws/station/1/query" priority="1" start="1980-01-01T00:00:00" end="" />
  <ns0:dataselect address="http://eida.ethz.ch/fdsnws/dataselect/1/query" priority="1" start="1980-01-01T00:00:00" end="" />
 </ns0:route>
 <ns0:route networkCode="CH" stationCode="SAIRA" locationCode="*" streamCode="HHZ">
  <ns0:station address="http://eida.ethz.ch/fdsnws/station/1/query" priority="1" start="1980-01-01T00:00:00" end="" />
  <ns0:dataselect address="http://eida.ethz.ch/fdsnws/dataselect/1/query" priority="1" start="1980-01-01T00:00:00" end="" />
 </ns0:route>
 <ns0:route networkCode="CH" stationCode="BERGE" locationCode="*" streamCode="HHN">
  <ns0:station address="http://eida.ethz.ch/fdsnws/station/1/query" priority="1" start="1980-01-01T00:00:00" end="" />
  <ns0:dataselect address="http://eida.ethz.ch/fdsnws/dataselect/1/query" priority="1" start="1980-01-01T00:00:00" end="" />
 </ns0:route>
 <ns0:route networkCode="CH" stationCode="WALHA" locationCode="*" streamCode="LHE">
  <ns0:station address="http://eida.ethz.ch/fdsnws/station/1/query" priority="1" start="1980-01-01T00:00:00" end="" />
  <ns0:dataselect address="http://eida.ethz.ch/fdsnws/dataselect/1/query" priority="1" start="1980-01-01T00:00:00" end="" />
 </ns0:route>
 <ns0:route networkCode="CH" stationCode="SCOU" locationCode="*" streamCode="HGE">
  <ns0:station address="http://eida.ethz.ch/fdsnws/station/1/query" priority="1" start="1980-01-01T00:00:00" end="" />
  <ns0:dataselect address="http://eida.ethz.ch/fdsnws/dataselect/1/query" priority="1" start="1980-01-01T00:00:00" end="" />
 </ns0:route>
 <ns0:route networkCode="CH" stationCode="SZEM" locationCode="*" streamCode="HGN">
  <ns0:station address="http://eida.ethz.ch/fdsnws/station/1/query" priority="1" start="1980-01-01T00:00:00" end="" />
  <ns0:dataselect address="http://eida.ethz.ch/fdsnws/dataselect/1/query" priority="1" start="1980-01-01T00:00:00" end="" />
 </ns0:route>
 <ns0:route networkCode="CH" stationCode="MMK" locationCode="*" streamCode="LHZ">
  <ns0:station address="http://eida.ethz.ch/fdsnws/station/1/query" priority="1" start="1980-01-01T00:00:00" end="" />
  <ns0:dataselect address="http://eida.ethz.ch/fdsnws/dataselect/1/query" priority="1" start="1980-01-01T00:00:00" end="" />
 </ns0:route>
 <ns0:route networkCode="CH" stationCode="PLONS" locationCode="*" streamCode="HHZ">
  <ns0:station address="http://eida.ethz.ch/fdsnws/station/1/query" priority="1" start="1980-01-01T00:00:00" end="" />
  <ns0:dataselect address="http://eida.ethz.ch/fdsnws/dataselect/1/query" priority="1" start="1980-01-01T00:00:00" end="" />
 </ns0:route>
 <ns0:route networkCode="CH" stationCode="ACB" locationCode="*" streamCode="HHN">
  <ns0:station address="http://eida.ethz.ch/fdsnws/station/1/query" priority="1" start="1980-01-01T00:00:00" end="" />
  <ns0:dataselect address="http://eida.ethz.ch/fdsnws/dataselect/1/query" priority="1" start="1980-01-01T00:00:00" end="" />
 </ns0:route>
 <ns0:route networkCode="CH" stationCode="LIENZ" locationCode="*" streamCode="HGN">
  <ns0:station address="http://eida.ethz.ch/fdsnws/station/1/query" priority="1" start="1980-01-01T00:00:00" end="" />
  <ns0:dataselect address="http://eida.ethz.ch/fdsnws/dataselect/1/query" priority="1" start="1980-01-01T00:00:00" end="" />
 </ns0:route>
 <ns0:route networkCode="CH" stationCode="BOURR" locationCode="*" streamCode="HHN">
  <ns0:station address="http://eida.ethz.ch/fdsnws/station/1/query" priority="1" start="1980-01-01T00:00:00" end="" />
  <ns0:dataselect address="http://eida.ethz.ch/fdsnws/dataselect/1/query" priority="1" start="1980-01-01T00:00:00" end="" />
 </ns0:route>
 <ns0:route networkCode="CH" stationCode="SYVJ" locationCode="*" streamCode="HGN">
  <ns0:station address="http://eida.ethz.ch/fdsnws/station/1/query" priority="1" start="1980-01-01T00:00:00" end="" />
  <ns0:dataselect address="http://eida.ethz.ch/fdsnws/dataselect/1/query" priority="1" start="1980-01-01T00:00:00" end="" />
 </ns0:route>
 <ns0:route networkCode="CH" stationCode="DAGMA" locationCode="*" streamCode="LHN">
  <ns0:station address="http://eida.ethz.ch/fdsnws/station/1/query" priority="1" start="1980-01-01T00:00:00" end="" />
  <ns0:dataselect address="http://eida.ethz.ch/fdsnws/dataselect/1/query" priority="1" start="1980-01-01T00:00:00" end="" />
 </ns0:route>
 <ns0:route networkCode="CH" stationCode="SVIT" locationCode="*" streamCode="HGZ">
  <ns0:station address="http://eida.ethz.ch/fdsnws/station/1/query" priority="1" start="1980-01-01T00:00:00" end="" />
  <ns0:dataselect address="http://eida.ethz.ch/fdsnws/dataselect/1/query" priority="1" start="1980-01-01T00:00:00" end="" />
 </ns0:route>
 <ns0:route networkCode="CH" stationCode="BERGE" locationCode="*" streamCode="HHZ">
  <ns0:station address="http://eida.ethz.ch/fdsnws/station/1/query" priority="1" start="1980-01-01T00:00:00" end="" />
  <ns0:dataselect address="http://eida.ethz.ch/fdsnws/dataselect/1/query" priority="1" start="1980-01-01T00:00:00" end="" />
 </ns0:route>
 <ns0:route networkCode="CH" stationCode="STAM" locationCode="*" streamCode="HGE">
  <ns0:station address="http://eida.ethz.ch/fdsnws/station/1/query" priority="1" start="1980-01-01T00:00:00" end="" />
  <ns0:dataselect address="http://eida.ethz.ch/fdsnws/dataselect/1/query" priority="1" start="1980-01-01T00:00:00" end="" />
 </ns0:route>
 <ns0:route networkCode="2F" stationCode="*" locationCode="*" streamCode="*">
  <ns0:station address="http://geofon.gfz-potsdam.de/fdsnws/station/1/query" priority="1" start="2012-07-30T00:00:00" end="2013-10-09T00:00:00" />
  <ns0:dataselect address="http://geofon.gfz-potsdam.de/fdsnws/dataselect/1/query" priority="1" start="2012-07-30T00:00:00" end="2013-10-09T00:00:00" />
 </ns0:route>
 <ns0:route networkCode="YA" stationCode="*" locationCode="*" streamCode="*">
  <ns0:station address="http://ws.resif.fr/fdsnws/station/1/query" priority="1" start="2009-01-01T00:00:00" end="2011-12-31T00:00:00" />
  <ns0:dataselect address="http://ws.resif.fr/fdsnws/dataselect/1/query" priority="1" start="2009-01-01T00:00:00" end="2011-12-31T00:00:00" />
 </ns0:route>
 <ns0:route networkCode="CH" stationCode="SBAT" locationCode="*" streamCode="HGN">
  <ns0:station address="http://eida.ethz.ch/fdsnws/station/1/query" priority="1" start="1980-01-01T00:00:00" end="" />
  <ns0:dataselect address="http://eida.ethz.ch/fdsnws/dataselect/1/query" priority="1" start="1980-01-01T00:00:00" end="" />
 </ns0:route>
 <ns0:route networkCode="AW" stationCode="*" locationCode="*" streamCode="*">
  <ns0:station address="http://geofon.gfz-potsdam.de/fdsnws/station/1/query" priority="1" start="1980-01-01T00:00:00" end="" />
  <ns0:dataselect address="http://geofon.gfz-potsdam.de/fdsnws/dataselect/1/query" priority="1" start="1980-01-01T00:00:00" end="" />
 </ns0:route>
 <ns0:route networkCode="BW" stationCode="RWMO" locationCode="*" streamCode="*">
  <ns0:seedlink address="141.84.11.2:18000" priority="1" start="" end="" />
  <ns0:station address="http://erde.geophysik.uni-muenchen.de/fdsnws/station/1/query" priority="1" start="1980-01-01T00:00:00" end="" />
  <ns0:dataselect address="http://erde.geophysik.uni-muenchen.de/fdsnws/dataselect/1/query" priority="1" start="1980-01-01T00:00:00" end="" />
 </ns0:route>
 <ns0:route networkCode="CH" stationCode="SLTM2" locationCode="*" streamCode="HGE">
  <ns0:station address="http://eida.ethz.ch/fdsnws/station/1/query" priority="1" start="1980-01-01T00:00:00" end="" />
  <ns0:dataselect address="http://eida.ethz.ch/fdsnws/dataselect/1/query" priority="1" start="1980-01-01T00:00:00" end="" />
 </ns0:route>
 <ns0:route networkCode="CH" stationCode="SYVJ" locationCode="*" streamCode="HGZ">
  <ns0:station address="http://eida.ethz.ch/fdsnws/station/1/query" priority="1" start="1980-01-01T00:00:00" end="" />
  <ns0:dataselect address="http://eida.ethz.ch/fdsnws/dataselect/1/query" priority="1" start="1980-01-01T00:00:00" end="" />
 </ns0:route>
 <ns0:route networkCode="CH" stationCode="ROMAN" locationCode="*" streamCode="HHZ">
  <ns0:station address="http://eida.ethz.ch/fdsnws/station/1/query" priority="1" start="1980-01-01T00:00:00" end="" />
  <ns0:dataselect address="http://eida.ethz.ch/fdsnws/dataselect/1/query" priority="1" start="1980-01-01T00:00:00" end="" />
 </ns0:route>
 <ns0:route networkCode="CH" stationCode="BERNI" locationCode="*" streamCode="LHN">
  <ns0:station address="http://eida.ethz.ch/fdsnws/station/1/query" priority="1" start="1980-01-01T00:00:00" end="" />
  <ns0:dataselect address="http://eida.ethz.ch/fdsnws/dataselect/1/query" priority="1" start="1980-01-01T00:00:00" end="" />
 </ns0:route>
 <ns0:route networkCode="CH" stationCode="HASLI" locationCode="*" streamCode="HHE">
  <ns0:station address="http://eida.ethz.ch/fdsnws/station/1/query" priority="1" start="1980-01-01T00:00:00" end="" />
  <ns0:dataselect address="http://eida.ethz.ch/fdsnws/dataselect/1/query" priority="1" start="1980-01-01T00:00:00" end="" />
 </ns0:route>
 <ns0:route networkCode="CH" stationCode="SCHC" locationCode="*" streamCode="HGE">
  <ns0:station address="http://eida.ethz.ch/fdsnws/station/1/query" priority="1" start="1980-01-01T00:00:00" end="" />
  <ns0:dataselect address="http://eida.ethz.ch/fdsnws/dataselect/1/query" priority="1" start="1980-01-01T00:00:00" end="" />
 </ns0:route>
 <ns0:route networkCode="CH" stationCode="SVIO" locationCode="*" streamCode="HGE">
  <ns0:station address="http://eida.ethz.ch/fdsnws/station/1/query" priority="1" start="1980-01-01T00:00:00" end="" />
  <ns0:dataselect address="http://eida.ethz.ch/fdsnws/dataselect/1/query" priority="1" start="1980-01-01T00:00:00" end="" />
 </ns0:route>
 <ns0:route networkCode="YO" stationCode="*" locationCode="*" streamCode="*">
  <ns0:station address="http://ws.resif.fr/fdsnws/station/1/query" priority="1" start="1998-01-01T00:00:00" end="2000-12-30T00:00:00" />
  <ns0:dataselect address="http://ws.resif.fr/fdsnws/dataselect/1/query" priority="1" start="1998-01-01T00:00:00" end="2000-12-30T00:00:00" />
 </ns0:route>
 <ns0:route networkCode="CH" stationCode="METMA" locationCode="*" streamCode="LHZ">
  <ns0:station address="http://eida.ethz.ch/fdsnws/station/1/query" priority="1" start="1980-01-01T00:00:00" end="" />
  <ns0:dataselect address="http://eida.ethz.ch/fdsnws/dataselect/1/query" priority="1" start="1980-01-01T00:00:00" end="" />
 </ns0:route>
 <ns0:route networkCode="CH" stationCode="MMK" locationCode="*" streamCode="HHZ">
  <ns0:station address="http://eida.ethz.ch/fdsnws/station/1/query" priority="1" start="1980-01-01T00:00:00" end="" />
  <ns0:dataselect address="http://eida.ethz.ch/fdsnws/dataselect/1/query" priority="1" start="1980-01-01T00:00:00" end="" />
 </ns0:route>
 <ns0:route networkCode="BW" stationCode="RTFA" locationCode="*" streamCode="*">
  <ns0:station address="http://erde.geophysik.uni-muenchen.de/fdsnws/station/1/query" priority="1" start="1980-01-01T00:00:00" end="" />
  <ns0:dataselect address="http://erde.geophysik.uni-muenchen.de/fdsnws/dataselect/1/query" priority="1" start="1980-01-01T00:00:00" end="" />
 </ns0:route>
 <ns0:route networkCode="CH" stationCode="SLE" locationCode="*" streamCode="HHN">
  <ns0:station address="http://eida.ethz.ch/fdsnws/station/1/query" priority="1" start="1980-01-01T00:00:00" end="" />
  <ns0:dataselect address="http://eida.ethz.ch/fdsnws/dataselect/1/query" priority="1" start="1980-01-01T00:00:00" end="" />
 </ns0:route>
 <ns0:route networkCode="TV" stationCode="*" locationCode="*" streamCode="*">
  <ns0:seedlink address="eida.rm.ingv.it:18000" priority="1" start="" end="" />
  <ns0:station address="http://webservices.rm.ingv.it/fdsnws/station/1/query" priority="1" start="1980-01-01T00:00:00" end="" />
  <ns0:dataselect address="http://webservices.rm.ingv.it/fdsnws/dataselect/1/query" priority="1" start="1980-01-01T00:00:00" end="" />
 </ns0:route>
 <ns0:route networkCode="CH" stationCode="VDL" locationCode="*" streamCode="LHN">
  <ns0:station address="http://eida.ethz.ch/fdsnws/station/1/query" priority="1" start="1980-01-01T00:00:00" end="" />
  <ns0:dataselect address="http://eida.ethz.ch/fdsnws/dataselect/1/query" priority="1" start="1980-01-01T00:00:00" end="" />
 </ns0:route>
 <ns0:route networkCode="XC" stationCode="*" locationCode="*" streamCode="*">
  <ns0:station address="http://geofon.gfz-potsdam.de/fdsnws/station/1/query" priority="1" start="1998-01-01T00:00:00" end="1999-12-31T00:00:00" />
  <ns0:dataselect address="http://geofon.gfz-potsdam.de/fdsnws/dataselect/1/query" priority="1" start="1998-01-01T00:00:00" end="1999-12-31T00:00:00" />
 </ns0:route>
 <ns0:route networkCode="X6" stationCode="*" locationCode="*" streamCode="*">
  <ns0:station address="http://geofon.gfz-potsdam.de/fdsnws/station/1/query" priority="1" start="2010-10-27T00:00:00" end="" />
  <ns0:dataselect address="http://geofon.gfz-potsdam.de/fdsnws/dataselect/1/query" priority="1" start="2010-10-27T00:00:00" end="" />
 </ns0:route>
 <ns0:route networkCode="BW" stationCode="PART" locationCode="*" streamCode="*">
  <ns0:seedlink address="141.84.11.2:18000" priority="1" start="" end="" />
  <ns0:station address="http://erde.geophysik.uni-muenchen.de/fdsnws/station/1/query" priority="1" start="1980-01-01T00:00:00" end="" />
  <ns0:dataselect address="http://erde.geophysik.uni-muenchen.de/fdsnws/dataselect/1/query" priority="1" start="1980-01-01T00:00:00" end="" />
 </ns0:route>
 <ns0:route networkCode="RD" stationCode="*" locationCode="*" streamCode="*">
  <ns0:station address="http://ws.resif.fr/fdsnws/station/1/query" priority="1" start="2006-01-01T00:00:00" end="" />
  <ns0:dataselect address="http://ws.resif.fr/fdsnws/dataselect/1/query" priority="1" start="2006-01-01T00:00:00" end="" />
 </ns0:route>
 <ns0:route networkCode="CH" stationCode="METMA" locationCode="*" streamCode="LHN">
  <ns0:station address="http://eida.ethz.ch/fdsnws/station/1/query" priority="1" start="1980-01-01T00:00:00" end="" />
  <ns0:dataselect address="http://eida.ethz.ch/fdsnws/dataselect/1/query" priority="1" start="1980-01-01T00:00:00" end="" />
 </ns0:route>
 <ns0:route networkCode="CH" stationCode="BALST" locationCode="*" streamCode="HHE">
  <ns0:station address="http://eida.ethz.ch/fdsnws/station/1/query" priority="1" start="1980-01-01T00:00:00" end="" />
  <ns0:dataselect address="http://eida.ethz.ch/fdsnws/dataselect/1/query" priority="1" start="1980-01-01T00:00:00" end="" />
 </ns0:route>
 <ns0:route networkCode="BW" stationCode="UH3" locationCode="*" streamCode="*">
  <ns0:seedlink address="141.84.11.2:18000" priority="1" start="" end="" />
  <ns0:station address="http://erde.geophysik.uni-muenchen.de/fdsnws/station/1/query" priority="1" start="1980-01-01T00:00:00" end="" />
  <ns0:dataselect address="http://erde.geophysik.uni-muenchen.de/fdsnws/dataselect/1/query" priority="1" start="1980-01-01T00:00:00" end="" />
 </ns0:route>
 <ns0:route networkCode="CH" stationCode="NOV4" locationCode="*" streamCode="EHN">
  <ns0:station address="http://eida.ethz.ch/fdsnws/station/1/query" priority="1" start="1980-01-01T00:00:00" end="" />
  <ns0:dataselect address="http://eida.ethz.ch/fdsnws/dataselect/1/query" priority="1" start="1980-01-01T00:00:00" end="" />
 </ns0:route>
 <ns0:route networkCode="CH" stationCode="SBUA2" locationCode="*" streamCode="HGN">
  <ns0:station address="http://eida.ethz.ch/fdsnws/station/1/query" priority="1" start="1980-01-01T00:00:00" end="" />
  <ns0:dataselect address="http://eida.ethz.ch/fdsnws/dataselect/1/query" priority="1" start="1980-01-01T00:00:00" end="" />
 </ns0:route>
 <ns0:route networkCode="SL" stationCode="*" locationCode="*" streamCode="*">
  <ns0:station address="http://www.orfeus-eu.org/fdsnws/station/1/query" priority="1" start="1980-01-01T00:00:00" end="" />
  <ns0:dataselect address="http://www.orfeus-eu.org/fdsnws/dataselect/1/query" priority="1" start="1980-01-01T00:00:00" end="" />
 </ns0:route>
 <ns0:route networkCode="CH" stationCode="SMUR" locationCode="*" streamCode="HGE">
  <ns0:station address="http://eida.ethz.ch/fdsnws/station/1/query" priority="1" start="1980-01-01T00:00:00" end="" />
  <ns0:dataselect address="http://eida.ethz.ch/fdsnws/dataselect/1/query" priority="1" start="1980-01-01T00:00:00" end="" />
 </ns0:route>
 <ns0:route networkCode="CH" stationCode="ROTHE" locationCode="*" streamCode="HHE">
  <ns0:station address="http://eida.ethz.ch/fdsnws/station/1/query" priority="1" start="1980-01-01T00:00:00" end="" />
  <ns0:dataselect address="http://eida.ethz.ch/fdsnws/dataselect/1/query" priority="1" start="1980-01-01T00:00:00" end="" />
 </ns0:route>
 <ns0:route networkCode="IQ" stationCode="*" locationCode="*" streamCode="*">
  <ns0:station address="http://geofon.gfz-potsdam.de/fdsnws/station/1/query" priority="1" start="1980-01-01T00:00:00" end="" />
  <ns0:dataselect address="http://geofon.gfz-potsdam.de/fdsnws/dataselect/1/query" priority="1" start="1980-01-01T00:00:00" end="" />
 </ns0:route>
 <ns0:route networkCode="CH" stationCode="SCHE" locationCode="*" streamCode="HGN">
  <ns0:station address="http://eida.ethz.ch/fdsnws/station/1/query" priority="1" start="1980-01-01T00:00:00" end="" />
  <ns0:dataselect address="http://eida.ethz.ch/fdsnws/dataselect/1/query" priority="1" start="1980-01-01T00:00:00" end="" />
 </ns0:route>
 <ns0:route networkCode="CH" stationCode="SSTS" locationCode="*" streamCode="HGZ">
  <ns0:station address="http://eida.ethz.ch/fdsnws/station/1/query" priority="1" start="1980-01-01T00:00:00" end="" />
  <ns0:dataselect address="http://eida.ethz.ch/fdsnws/dataselect/1/query" priority="1" start="1980-01-01T00:00:00" end="" />
 </ns0:route>
 <ns0:route networkCode="CH" stationCode="SDAK" locationCode="*" streamCode="HGE">
  <ns0:station address="http://eida.ethz.ch/fdsnws/station/1/query" priority="1" start="1980-01-01T00:00:00" end="" />
  <ns0:dataselect address="http://eida.ethz.ch/fdsnws/dataselect/1/query" priority="1" start="1980-01-01T00:00:00" end="" />
 </ns0:route>
 <ns0:route networkCode="CH" stationCode="SZUD" locationCode="*" streamCode="HGE">
  <ns0:station address="http://eida.ethz.ch/fdsnws/station/1/query" priority="1" start="1980-01-01T00:00:00" end="" />
  <ns0:dataselect address="http://eida.ethz.ch/fdsnws/dataselect/1/query" priority="1" start="1980-01-01T00:00:00" end="" />
 </ns0:route>
 <ns0:route networkCode="4C" stationCode="KES27" locationCode="*" streamCode="HNZ">
  <ns0:station address="http://geofon.gfz-potsdam.de/fdsnws/station/1/query" priority="2" start="2011-09-15T00:00:00" end="2012-04-20T23:59:00" />
  <ns0:dataselect address="http://geofon.gfz-potsdam.de/fdsnws/dataselect/1/query" priority="2" start="2011-09-15T00:00:00" end="2012-04-20T23:59:00" />
 </ns0:route>
 <ns0:route networkCode="CH" stationCode="SENIN" locationCode="*" streamCode="LHZ">
  <ns0:station address="http://eida.ethz.ch/fdsnws/station/1/query" priority="1" start="1980-01-01T00:00:00" end="" />
  <ns0:dataselect address="http://eida.ethz.ch/fdsnws/dataselect/1/query" priority="1" start="1980-01-01T00:00:00" end="" />
 </ns0:route>
 <ns0:route networkCode="CH" stationCode="DAVOX" locationCode="*" streamCode="LHE">
  <ns0:station address="http://eida.ethz.ch/fdsnws/station/1/query" priority="1" start="1980-01-01T00:00:00" end="" />
  <ns0:dataselect address="http://eida.ethz.ch/fdsnws/dataselect/1/query" priority="1" start="1980-01-01T00:00:00" end="" />
 </ns0:route>
 <ns0:route networkCode="CH" stationCode="AIGLE" locationCode="*" streamCode="LHZ">
  <ns0:station address="http://eida.ethz.ch/fdsnws/station/1/query" priority="1" start="1980-01-01T00:00:00" end="" />
  <ns0:dataselect address="http://eida.ethz.ch/fdsnws/dataselect/1/query" priority="1" start="1980-01-01T00:00:00" end="" />
 </ns0:route>
 <ns0:route networkCode="II" stationCode="*" locationCode="*" streamCode="*">
  <ns0:station address="http://www.orfeus-eu.org/fdsnws/station/1/query" priority="1" start="1980-01-01T00:00:00" end="" />
  <ns0:dataselect address="http://www.orfeus-eu.org/fdsnws/dataselect/1/query" priority="1" start="1980-01-01T00:00:00" end="" />
 </ns0:route>
 <ns0:route networkCode="CH" stationCode="LLS" locationCode="*" streamCode="LHE">
  <ns0:station address="http://eida.ethz.ch/fdsnws/station/1/query" priority="1" start="1980-01-01T00:00:00" end="" />
  <ns0:dataselect address="http://eida.ethz.ch/fdsnws/dataselect/1/query" priority="1" start="1980-01-01T00:00:00" end="" />
 </ns0:route>
 <ns0:route networkCode="CX" stationCode="*" locationCode="*" streamCode="*">
  <ns0:station address="http://geofon.gfz-potsdam.de/fdsnws/station/1/query" priority="1" start="1980-01-01T00:00:00" end="" />
  <ns0:dataselect address="http://geofon.gfz-potsdam.de/fdsnws/dataselect/1/query" priority="1" start="1980-01-01T00:00:00" end="" />
 </ns0:route>
 <ns0:route networkCode="CH" stationCode="SVAM" locationCode="*" streamCode="HGN">
  <ns0:station address="http://eida.ethz.ch/fdsnws/station/1/query" priority="1" start="1980-01-01T00:00:00" end="" />
  <ns0:dataselect address="http://eida.ethz.ch/fdsnws/dataselect/1/query" priority="1" start="1980-01-01T00:00:00" end="" />
 </ns0:route>
 <ns0:route networkCode="CH" stationCode="SINS" locationCode="*" streamCode="HGN">
  <ns0:station address="http://eida.ethz.ch/fdsnws/station/1/query" priority="1" start="1980-01-01T00:00:00" end="" />
  <ns0:dataselect address="http://eida.ethz.ch/fdsnws/dataselect/1/query" priority="1" start="1980-01-01T00:00:00" end="" />
 </ns0:route>
 <ns0:route networkCode="XP" stationCode="*" locationCode="*" streamCode="*">
  <ns0:station address="http://ws.resif.fr/fdsnws/station/1/query" priority="1" start="2014-01-01T00:00:00" end="2014-12-31T00:00:00" />
  <ns0:dataselect address="http://ws.resif.fr/fdsnws/dataselect/1/query" priority="1" start="2014-01-01T00:00:00" end="2014-12-31T00:00:00" />
  <ns0:station address="http://geofon.gfz-potsdam.de/fdsnws/station/1/query" priority="1" start="1998-07-04T00:00:00" end="1998-08-11T00:00:00" />
  <ns0:dataselect address="http://geofon.gfz-potsdam.de/fdsnws/dataselect/1/query" priority="1" start="1998-07-04T00:00:00" end="1998-08-11T00:00:00" />
 </ns0:route>
 <ns0:route networkCode="CH" stationCode="NOV2" locationCode="*" streamCode="EHZ">
  <ns0:station address="http://eida.ethz.ch/fdsnws/station/1/query" priority="1" start="1980-01-01T00:00:00" end="" />
  <ns0:dataselect address="http://eida.ethz.ch/fdsnws/dataselect/1/query" priority="1" start="1980-01-01T00:00:00" end="" />
 </ns0:route>
 <ns0:route networkCode="CH" stationCode="SIOP" locationCode="*" streamCode="HGE">
  <ns0:station address="http://eida.ethz.ch/fdsnws/station/1/query" priority="1" start="1980-01-01T00:00:00" end="" />
  <ns0:dataselect address="http://eida.ethz.ch/fdsnws/dataselect/1/query" priority="1" start="1980-01-01T00:00:00" end="" />
 </ns0:route>
 <ns0:route networkCode="BW" stationCode="RTKA" locationCode="*" streamCode="*">
  <ns0:station address="http://erde.geophysik.uni-muenchen.de/fdsnws/station/1/query" priority="1" start="1980-01-01T00:00:00" end="" />
  <ns0:dataselect address="http://erde.geophysik.uni-muenchen.de/fdsnws/dataselect/1/query" priority="1" start="1980-01-01T00:00:00" end="" />
 </ns0:route>
 <ns0:route networkCode="CH" stationCode="SZWD" locationCode="*" streamCode="HGN">
  <ns0:station address="http://eida.ethz.ch/fdsnws/station/1/query" priority="1" start="1980-01-01T00:00:00" end="" />
  <ns0:dataselect address="http://eida.ethz.ch/fdsnws/dataselect/1/query" priority="1" start="1980-01-01T00:00:00" end="" />
 </ns0:route>
 <ns0:route networkCode="CH" stationCode="SMTK" locationCode="*" streamCode="HGZ">
  <ns0:station address="http://eida.ethz.ch/fdsnws/station/1/query" priority="1" start="1980-01-01T00:00:00" end="" />
  <ns0:dataselect address="http://eida.ethz.ch/fdsnws/dataselect/1/query" priority="1" start="1980-01-01T00:00:00" end="" />
 </ns0:route>
 <ns0:route networkCode="CH" stationCode="SBUB" locationCode="*" streamCode="HGZ">
  <ns0:station address="http://eida.ethz.ch/fdsnws/station/1/query" priority="1" start="1980-01-01T00:00:00" end="" />
  <ns0:dataselect address="http://eida.ethz.ch/fdsnws/dataselect/1/query" priority="1" start="1980-01-01T00:00:00" end="" />
 </ns0:route>
 <ns0:route networkCode="CH" stationCode="SRER" locationCode="*" streamCode="HGE">
  <ns0:station address="http://eida.ethz.ch/fdsnws/station/1/query" priority="1" start="1980-01-01T00:00:00" end="" />
  <ns0:dataselect address="http://eida.ethz.ch/fdsnws/dataselect/1/query" priority="1" start="1980-01-01T00:00:00" end="" />
 </ns0:route>
 <ns0:route networkCode="CH" stationCode="SCHC" locationCode="*" streamCode="HGZ">
  <ns0:station address="http://eida.ethz.ch/fdsnws/station/1/query" priority="1" start="1980-01-01T00:00:00" end="" />
  <ns0:dataselect address="http://eida.ethz.ch/fdsnws/dataselect/1/query" priority="1" start="1980-01-01T00:00:00" end="" />
 </ns0:route>
 <ns0:route networkCode="CH" stationCode="EMBD" locationCode="*" streamCode="LHN">
  <ns0:station address="http://eida.ethz.ch/fdsnws/station/1/query" priority="1" start="1980-01-01T00:00:00" end="" />
  <ns0:dataselect address="http://eida.ethz.ch/fdsnws/dataselect/1/query" priority="1" start="1980-01-01T00:00:00" end="" />
 </ns0:route>
 <ns0:route networkCode="CH" stationCode="BALST" locationCode="*" streamCode="LHN">
  <ns0:station address="http://eida.ethz.ch/fdsnws/station/1/query" priority="1" start="1980-01-01T00:00:00" end="" />
  <ns0:dataselect address="http://eida.ethz.ch/fdsnws/dataselect/1/query" priority="1" start="1980-01-01T00:00:00" end="" />
 </ns0:route>
 <ns0:route networkCode="CH" stationCode="METMA" locationCode="*" streamCode="HHE">
  <ns0:station address="http://eida.ethz.ch/fdsnws/station/1/query" priority="1" start="1980-01-01T00:00:00" end="" />
  <ns0:dataselect address="http://eida.ethz.ch/fdsnws/dataselect/1/query" priority="1" start="1980-01-01T00:00:00" end="" />
 </ns0:route>
 <ns0:route networkCode="CH" stationCode="NOV2" locationCode="*" streamCode="EHN">
  <ns0:station address="http://eida.ethz.ch/fdsnws/station/1/query" priority="1" start="1980-01-01T00:00:00" end="" />
  <ns0:dataselect address="http://eida.ethz.ch/fdsnws/dataselect/1/query" priority="1" start="1980-01-01T00:00:00" end="" />
 </ns0:route>
 <ns0:route networkCode="CH" stationCode="SIOV" locationCode="*" streamCode="HGE">
  <ns0:station address="http://eida.ethz.ch/fdsnws/station/1/query" priority="1" start="1980-01-01T00:00:00" end="" />
  <ns0:dataselect address="http://eida.ethz.ch/fdsnws/dataselect/1/query" priority="1" start="1980-01-01T00:00:00" end="" />
 </ns0:route>
 <ns0:route networkCode="CH" stationCode="NOV2" locationCode="*" streamCode="EHE">
  <ns0:station address="http://eida.ethz.ch/fdsnws/station/1/query" priority="1" start="1980-01-01T00:00:00" end="" />
  <ns0:dataselect address="http://eida.ethz.ch/fdsnws/dataselect/1/query" priority="1" start="1980-01-01T00:00:00" end="" />
 </ns0:route>
 <ns0:route networkCode="CH" stationCode="HASLI" locationCode="*" streamCode="LHZ">
  <ns0:station address="http://eida.ethz.ch/fdsnws/station/1/query" priority="1" start="1980-01-01T00:00:00" end="" />
  <ns0:dataselect address="http://eida.ethz.ch/fdsnws/dataselect/1/query" priority="1" start="1980-01-01T00:00:00" end="" />
 </ns0:route>
 <ns0:route networkCode="CH" stationCode="VANNI" locationCode="*" streamCode="LHZ">
  <ns0:station address="http://eida.ethz.ch/fdsnws/station/1/query" priority="1" start="1980-01-01T00:00:00" end="" />
  <ns0:dataselect address="http://eida.ethz.ch/fdsnws/dataselect/1/query" priority="1" start="1980-01-01T00:00:00" end="" />
 </ns0:route>
 <ns0:route networkCode="CH" stationCode="TORNY" locationCode="*" streamCode="LHE">
  <ns0:station address="http://eida.ethz.ch/fdsnws/station/1/query" priority="1" start="1980-01-01T00:00:00" end="" />
  <ns0:dataselect address="http://eida.ethz.ch/fdsnws/dataselect/1/query" priority="1" start="1980-01-01T00:00:00" end="" />
 </ns0:route>
 <ns0:route networkCode="CH" stationCode="SVAM" locationCode="*" streamCode="HGZ">
  <ns0:station address="http://eida.ethz.ch/fdsnws/station/1/query" priority="1" start="1980-01-01T00:00:00" end="" />
  <ns0:dataselect address="http://eida.ethz.ch/fdsnws/dataselect/1/query" priority="1" start="1980-01-01T00:00:00" end="" />
 </ns0:route>
 <ns0:route networkCode="CH" stationCode="SIOO" locationCode="*" streamCode="HGN">
  <ns0:station address="http://eida.ethz.ch/fdsnws/station/1/query" priority="1" start="1980-01-01T00:00:00" end="" />
  <ns0:dataselect address="http://eida.ethz.ch/fdsnws/dataselect/1/query" priority="1" start="1980-01-01T00:00:00" end="" />
 </ns0:route>
 <ns0:route networkCode="CH" stationCode="SCEM" locationCode="*" streamCode="HGE">
  <ns0:station address="http://eida.ethz.ch/fdsnws/station/1/query" priority="1" start="1980-01-01T00:00:00" end="" />
  <ns0:dataselect address="http://eida.ethz.ch/fdsnws/dataselect/1/query" priority="1" start="1980-01-01T00:00:00" end="" />
 </ns0:route>
 <ns0:route networkCode="CH" stationCode="SZEM" locationCode="*" streamCode="HGZ">
  <ns0:station address="http://eida.ethz.ch/fdsnws/station/1/query" priority="1" start="1980-01-01T00:00:00" end="" />
  <ns0:dataselect address="http://eida.ethz.ch/fdsnws/dataselect/1/query" priority="1" start="1980-01-01T00:00:00" end="" />
 </ns0:route>
 <ns0:route networkCode="CH" stationCode="DIX" locationCode="*" streamCode="LHE">
  <ns0:station address="http://eida.ethz.ch/fdsnws/station/1/query" priority="1" start="1980-01-01T00:00:00" end="" />
  <ns0:dataselect address="http://eida.ethz.ch/fdsnws/dataselect/1/query" priority="1" start="1980-01-01T00:00:00" end="" />
 </ns0:route>
 <ns0:route networkCode="CH" stationCode="HASLI" locationCode="*" streamCode="LHN">
  <ns0:station address="http://eida.ethz.ch/fdsnws/station/1/query" priority="1" start="1980-01-01T00:00:00" end="" />
  <ns0:dataselect address="http://eida.ethz.ch/fdsnws/dataselect/1/query" priority="1" start="1980-01-01T00:00:00" end="" />
 </ns0:route>
 <ns0:route networkCode="CH" stationCode="BNALP" locationCode="*" streamCode="HGN">
  <ns0:station address="http://eida.ethz.ch/fdsnws/station/1/query" priority="1" start="1980-01-01T00:00:00" end="" />
  <ns0:dataselect address="http://eida.ethz.ch/fdsnws/dataselect/1/query" priority="1" start="1980-01-01T00:00:00" end="" />
 </ns0:route>
 <ns0:route networkCode="2B" stationCode="*" locationCode="*" streamCode="*">
  <ns0:station address="http://geofon.gfz-potsdam.de/fdsnws/station/1/query" priority="1" start="2007-01-07T00:00:00" end="2009-10-27T00:00:00" />
  <ns0:dataselect address="http://geofon.gfz-potsdam.de/fdsnws/dataselect/1/query" priority="1" start="2007-01-07T00:00:00" end="2009-10-27T00:00:00" />
 </ns0:route>
 <ns0:route networkCode="CH" stationCode="SSCN" locationCode="*" streamCode="HGE">
  <ns0:station address="http://eida.ethz.ch/fdsnws/station/1/query" priority="1" start="1980-01-01T00:00:00" end="" />
  <ns0:dataselect address="http://eida.ethz.ch/fdsnws/dataselect/1/query" priority="1" start="1980-01-01T00:00:00" end="" />
 </ns0:route>
 <ns0:route networkCode="CH" stationCode="SLE" locationCode="*" streamCode="HHZ">
  <ns0:station address="http://eida.ethz.ch/fdsnws/station/1/query" priority="1" start="1980-01-01T00:00:00" end="" />
  <ns0:dataselect address="http://eida.ethz.ch/fdsnws/dataselect/1/query" priority="1" start="1980-01-01T00:00:00" end="" />
 </ns0:route>
 <ns0:route networkCode="ZV" stationCode="*" locationCode="*" streamCode="*">
  <ns0:station address="http://geofon.gfz-potsdam.de/fdsnws/station/1/query" priority="1" start="2001-01-01T00:00:00" end="2006-01-01T00:00:00" />
  <ns0:dataselect address="http://geofon.gfz-potsdam.de/fdsnws/dataselect/1/query" priority="1" start="2001-01-01T00:00:00" end="2006-01-01T00:00:00" />
 </ns0:route>
 <ns0:route networkCode="CH" stationCode="METMA" locationCode="*" streamCode="HHN">
  <ns0:station address="http://eida.ethz.ch/fdsnws/station/1/query" priority="1" start="1980-01-01T00:00:00" end="" />
  <ns0:dataselect address="http://eida.ethz.ch/fdsnws/dataselect/1/query" priority="1" start="1980-01-01T00:00:00" end="" />
 </ns0:route>
 <ns0:route networkCode="CH" stationCode="GRIMS" locationCode="*" streamCode="HGN">
  <ns0:station address="http://eida.ethz.ch/fdsnws/station/1/query" priority="1" start="1980-01-01T00:00:00" end="" />
  <ns0:dataselect address="http://eida.ethz.ch/fdsnws/dataselect/1/query" priority="1" start="1980-01-01T00:00:00" end="" />
 </ns0:route>
 <ns0:route networkCode="CH" stationCode="WOLEN" locationCode="*" streamCode="HHZ">
  <ns0:station address="http://eida.ethz.ch/fdsnws/station/1/query" priority="1" start="1980-01-01T00:00:00" end="" />
  <ns0:dataselect address="http://eida.ethz.ch/fdsnws/dataselect/1/query" priority="1" start="1980-01-01T00:00:00" end="" />
 </ns0:route>
 <ns0:route networkCode="CH" stationCode="SCAS" locationCode="*" streamCode="HGZ">
  <ns0:station address="http://eida.ethz.ch/fdsnws/station/1/query" priority="1" start="1980-01-01T00:00:00" end="" />
  <ns0:dataselect address="http://eida.ethz.ch/fdsnws/dataselect/1/query" priority="1" start="1980-01-01T00:00:00" end="" />
 </ns0:route>
 <ns0:route networkCode="CH" stationCode="SBAS" locationCode="*" streamCode="HGE">
  <ns0:station address="http://eida.ethz.ch/fdsnws/station/1/query" priority="1" start="1980-01-01T00:00:00" end="" />
  <ns0:dataselect address="http://eida.ethz.ch/fdsnws/dataselect/1/query" priority="1" start="1980-01-01T00:00:00" end="" />
 </ns0:route>
 <ns0:route networkCode="CH" stationCode="WALHA" locationCode="*" streamCode="HHZ">
  <ns0:station address="http://eida.ethz.ch/fdsnws/station/1/query" priority="1" start="1980-01-01T00:00:00" end="" />
  <ns0:dataselect address="http://eida.ethz.ch/fdsnws/dataselect/1/query" priority="1" start="1980-01-01T00:00:00" end="" />
 </ns0:route>
 <ns0:route networkCode="CH" stationCode="SCEL" locationCode="*" streamCode="HGZ">
  <ns0:station address="http://eida.ethz.ch/fdsnws/station/1/query" priority="1" start="1980-01-01T00:00:00" end="" />
  <ns0:dataselect address="http://eida.ethz.ch/fdsnws/dataselect/1/query" priority="1" start="1980-01-01T00:00:00" end="" />
 </ns0:route>
 <ns0:route networkCode="CH" stationCode="STGK" locationCode="*" streamCode="HGN">
  <ns0:station address="http://eida.ethz.ch/fdsnws/station/1/query" priority="1" start="1980-01-01T00:00:00" end="" />
  <ns0:dataselect address="http://eida.ethz.ch/fdsnws/dataselect/1/query" priority="1" start="1980-01-01T00:00:00" end="" />
 </ns0:route>
 <ns0:route networkCode="CH" stationCode="SBRS" locationCode="*" streamCode="HGZ">
  <ns0:station address="http://eida.ethz.ch/fdsnws/station/1/query" priority="1" start="1980-01-01T00:00:00" end="" />
  <ns0:dataselect address="http://eida.ethz.ch/fdsnws/dataselect/1/query" priority="1" start="1980-01-01T00:00:00" end="" />
 </ns0:route>
 <ns0:route networkCode="7E" stationCode="*" locationCode="*" streamCode="*">
  <ns0:station address="http://geofon.gfz-potsdam.de/fdsnws/station/1/query" priority="1" start="2006-01-13T00:00:00" end="2008-12-31T00:00:00" />
  <ns0:dataselect address="http://geofon.gfz-potsdam.de/fdsnws/dataselect/1/query" priority="1" start="2006-01-13T00:00:00" end="2008-12-31T00:00:00" />
 </ns0:route>
 <ns0:route networkCode="CH" stationCode="LAUCH" locationCode="*" streamCode="HHE">
  <ns0:station address="http://eida.ethz.ch/fdsnws/station/1/query" priority="1" start="1980-01-01T00:00:00" end="" />
  <ns0:dataselect address="http://eida.ethz.ch/fdsnws/dataselect/1/query" priority="1" start="1980-01-01T00:00:00" end="" />
 </ns0:route>
 <ns0:route networkCode="CH" stationCode="SBERN" locationCode="*" streamCode="HGE">
  <ns0:station address="http://eida.ethz.ch/fdsnws/station/1/query" priority="1" start="1980-01-01T00:00:00" end="" />
  <ns0:dataselect address="http://eida.ethz.ch/fdsnws/dataselect/1/query" priority="1" start="1980-01-01T00:00:00" end="" />
 </ns0:route>
 <ns0:route networkCode="CH" stationCode="STIEG" locationCode="*" streamCode="EH3">
  <ns0:station address="http://eida.ethz.ch/fdsnws/station/1/query" priority="1" start="1980-01-01T00:00:00" end="" />
  <ns0:dataselect address="http://eida.ethz.ch/fdsnws/dataselect/1/query" priority="1" start="1980-01-01T00:00:00" end="" />
 </ns0:route>
 <ns0:route networkCode="CH" stationCode="NOV4" locationCode="*" streamCode="EHZ">
  <ns0:station address="http://eida.ethz.ch/fdsnws/station/1/query" priority="1" start="1980-01-01T00:00:00" end="" />
  <ns0:dataselect address="http://eida.ethz.ch/fdsnws/dataselect/1/query" priority="1" start="1980-01-01T00:00:00" end="" />
 </ns0:route>
 <ns0:route networkCode="CH" stationCode="SBAW" locationCode="*" streamCode="HGN">
  <ns0:station address="http://eida.ethz.ch/fdsnws/station/1/query" priority="1" start="1980-01-01T00:00:00" end="" />
  <ns0:dataselect address="http://eida.ethz.ch/fdsnws/dataselect/1/query" priority="1" start="1980-01-01T00:00:00" end="" />
 </ns0:route>
 <ns0:route networkCode="CH" stationCode="WALHA" locationCode="*" streamCode="HHN">
  <ns0:station address="http://eida.ethz.ch/fdsnws/station/1/query" priority="1" start="1980-01-01T00:00:00" end="" />
  <ns0:dataselect address="http://eida.ethz.ch/fdsnws/dataselect/1/query" priority="1" start="1980-01-01T00:00:00" end="" />
 </ns0:route>
 <ns0:route networkCode="CH" stationCode="BERGE" locationCode="*" streamCode="LHE">
  <ns0:station address="http://eida.ethz.ch/fdsnws/station/1/query" priority="1" start="1980-01-01T00:00:00" end="" />
  <ns0:dataselect address="http://eida.ethz.ch/fdsnws/dataselect/1/query" priority="1" start="1980-01-01T00:00:00" end="" />
 </ns0:route>
 <ns0:route networkCode="CH" stationCode="SBAP" locationCode="*" streamCode="HGE">
  <ns0:station address="http://eida.ethz.ch/fdsnws/station/1/query" priority="1" start="1980-01-01T00:00:00" end="" />
  <ns0:dataselect address="http://eida.ethz.ch/fdsnws/dataselect/1/query" priority="1" start="1980-01-01T00:00:00" end="" />
 </ns0:route>
 <ns0:route networkCode="CH" stationCode="OTER1" locationCode="*" streamCode="EHA">
  <ns0:station address="http://eida.ethz.ch/fdsnws/station/1/query" priority="1" start="1980-01-01T00:00:00" end="" />
  <ns0:dataselect address="http://eida.ethz.ch/fdsnws/dataselect/1/query" priority="1" start="1980-01-01T00:00:00" end="" />
 </ns0:route>
 <ns0:route networkCode="CH" stationCode="WEIN" locationCode="*" streamCode="EHN">
  <ns0:station address="http://eida.ethz.ch/fdsnws/station/1/query" priority="1" start="1980-01-01T00:00:00" end="" />
  <ns0:dataselect address="http://eida.ethz.ch/fdsnws/dataselect/1/query" priority="1" start="1980-01-01T00:00:00" end="" />
 </ns0:route>
 <ns0:route networkCode="CH" stationCode="STRW" locationCode="*" streamCode="HGN">
  <ns0:station address="http://eida.ethz.ch/fdsnws/station/1/query" priority="1" start="1980-01-01T00:00:00" end="" />
  <ns0:dataselect address="http://eida.ethz.ch/fdsnws/dataselect/1/query" priority="1" start="1980-01-01T00:00:00" end="" />
 </ns0:route>
 <ns0:route networkCode="TT" stationCode="*" locationCode="*" streamCode="*">
  <ns0:station address="http://geofon.gfz-potsdam.de/fdsnws/station/1/query" priority="1" start="1980-01-01T00:00:00" end="" />
  <ns0:dataselect address="http://geofon.gfz-potsdam.de/fdsnws/dataselect/1/query" priority="1" start="1980-01-01T00:00:00" end="" />
 </ns0:route>
 <ns0:route networkCode="CH" stationCode="SLUK" locationCode="*" streamCode="HGE">
  <ns0:station address="http://eida.ethz.ch/fdsnws/station/1/query" priority="1" start="1980-01-01T00:00:00" end="" />
  <ns0:dataselect address="http://eida.ethz.ch/fdsnws/dataselect/1/query" priority="1" start="1980-01-01T00:00:00" end="" />
 </ns0:route>
 <ns0:route networkCode="CH" stationCode="SBAW" locationCode="*" streamCode="HGZ">
  <ns0:station address="http://eida.ethz.ch/fdsnws/station/1/query" priority="1" start="1980-01-01T00:00:00" end="" />
  <ns0:dataselect address="http://eida.ethz.ch/fdsnws/dataselect/1/query" priority="1" start="1980-01-01T00:00:00" end="" />
 </ns0:route>
 <ns0:route networkCode="3D" stationCode="*" locationCode="*" streamCode="*">
  <ns0:station address="http://geofon.gfz-potsdam.de/fdsnws/station/1/query" priority="1" start="2010-10-27T00:00:00" end="2013-12-31T00:00:00" />
  <ns0:dataselect address="http://geofon.gfz-potsdam.de/fdsnws/dataselect/1/query" priority="1" start="2010-10-27T00:00:00" end="2013-12-31T00:00:00" />
 </ns0:route>
 <ns0:route networkCode="CH" stationCode="SLTM" locationCode="*" streamCode="HGN">
  <ns0:station address="http://eida.ethz.ch/fdsnws/station/1/query" priority="1" start="1980-01-01T00:00:00" end="" />
  <ns0:dataselect address="http://eida.ethz.ch/fdsnws/dataselect/1/query" priority="1" start="1980-01-01T00:00:00" end="" />
 </ns0:route>
 <ns0:route networkCode="ZD" stationCode="*" locationCode="*" streamCode="*">
  <ns0:station address="http://geofon.gfz-potsdam.de/fdsnws/station/1/query" priority="1" start="2003-01-01T00:00:00" end="2004-01-31T00:00:00" />
  <ns0:dataselect address="http://geofon.gfz-potsdam.de/fdsnws/dataselect/1/query" priority="1" start="2003-01-01T00:00:00" end="2004-01-31T00:00:00" />
  <ns0:station address="http://geofon.gfz-potsdam.de/fdsnws/station/1/query" priority="1" start="1996-01-01T00:00:00" end="1997-12-31T00:00:00" />
  <ns0:dataselect address="http://geofon.gfz-potsdam.de/fdsnws/dataselect/1/query" priority="1" start="1996-01-01T00:00:00" end="1997-12-31T00:00:00" />
 </ns0:route>
 <ns0:route networkCode="CH" stationCode="GRIMS" locationCode="*" streamCode="HHZ">
  <ns0:station address="http://eida.ethz.ch/fdsnws/station/1/query" priority="1" start="1980-01-01T00:00:00" end="" />
  <ns0:dataselect address="http://eida.ethz.ch/fdsnws/dataselect/1/query" priority="1" start="1980-01-01T00:00:00" end="" />
 </ns0:route>
 <ns0:route networkCode="CH" stationCode="SEMF" locationCode="*" streamCode="HGN">
  <ns0:station address="http://eida.ethz.ch/fdsnws/station/1/query" priority="1" start="1980-01-01T00:00:00" end="" />
  <ns0:dataselect address="http://eida.ethz.ch/fdsnws/dataselect/1/query" priority="1" start="1980-01-01T00:00:00" end="" />
 </ns0:route>
 <ns0:route networkCode="CH" stationCode="SOLB" locationCode="*" streamCode="HGE">
  <ns0:station address="http://eida.ethz.ch/fdsnws/station/1/query" priority="1" start="1980-01-01T00:00:00" end="" />
  <ns0:dataselect address="http://eida.ethz.ch/fdsnws/dataselect/1/query" priority="1" start="1980-01-01T00:00:00" end="" />
 </ns0:route>
 <ns0:route networkCode="CH" stationCode="FIESA" locationCode="*" streamCode="LHN">
  <ns0:station address="http://eida.ethz.ch/fdsnws/station/1/query" priority="1" start="1980-01-01T00:00:00" end="" />
  <ns0:dataselect address="http://eida.ethz.ch/fdsnws/dataselect/1/query" priority="1" start="1980-01-01T00:00:00" end="" />
 </ns0:route>
 <ns0:route networkCode="CH" stationCode="WEIN" locationCode="*" streamCode="EHZ">
  <ns0:station address="http://eida.ethz.ch/fdsnws/station/1/query" priority="1" start="1980-01-01T00:00:00" end="" />
  <ns0:dataselect address="http://eida.ethz.ch/fdsnws/dataselect/1/query" priority="1" start="1980-01-01T00:00:00" end="" />
 </ns0:route>
 <ns0:route networkCode="CH" stationCode="STRW" locationCode="*" streamCode="HGZ">
  <ns0:station address="http://eida.ethz.ch/fdsnws/station/1/query" priority="1" start="1980-01-01T00:00:00" end="" />
  <ns0:dataselect address="http://eida.ethz.ch/fdsnws/dataselect/1/query" priority="1" start="1980-01-01T00:00:00" end="" />
 </ns0:route>
 <ns0:route networkCode="XG" stationCode="*" locationCode="*" streamCode="*">
  <ns0:station address="http://ws.resif.fr/fdsnws/station/1/query" priority="1" start="2014-01-01T00:00:00" end="2014-12-31T00:00:00" />
  <ns0:dataselect address="http://ws.resif.fr/fdsnws/dataselect/1/query" priority="1" start="2014-01-01T00:00:00" end="2014-12-31T00:00:00" />
 </ns0:route>
 <ns0:route networkCode="CH" stationCode="SVIL" locationCode="*" streamCode="HGN">
  <ns0:station address="http://eida.ethz.ch/fdsnws/station/1/query" priority="1" start="1980-01-01T00:00:00" end="" />
  <ns0:dataselect address="http://eida.ethz.ch/fdsnws/dataselect/1/query" priority="1" start="1980-01-01T00:00:00" end="" />
 </ns0:route>
 <ns0:route networkCode="CH" stationCode="WILA" locationCode="*" streamCode="HHE">
  <ns0:station address="http://eida.ethz.ch/fdsnws/station/1/query" priority="1" start="1980-01-01T00:00:00" end="" />
  <ns0:dataselect address="http://eida.ethz.ch/fdsnws/dataselect/1/query" priority="1" start="1980-01-01T00:00:00" end="" />
 </ns0:route>
 <ns0:route networkCode="CH" stationCode="SDAS" locationCode="*" streamCode="HGN">
  <ns0:station address="http://eida.ethz.ch/fdsnws/station/1/query" priority="1" start="1980-01-01T00:00:00" end="" />
  <ns0:dataselect address="http://eida.ethz.ch/fdsnws/dataselect/1/query" priority="1" start="1980-01-01T00:00:00" end="" />
 </ns0:route>
 <ns0:route networkCode="CH" stationCode="SKAF" locationCode="*" streamCode="HGE">
  <ns0:station address="http://eida.ethz.ch/fdsnws/station/1/query" priority="1" start="1980-01-01T00:00:00" end="" />
  <ns0:dataselect address="http://eida.ethz.ch/fdsnws/dataselect/1/query" priority="1" start="1980-01-01T00:00:00" end="" />
 </ns0:route>
 <ns0:route networkCode="G" stationCode="*" locationCode="*" streamCode="*">
  <ns0:seedlink address="eida.ipgp.fr:18000" priority="1" start="" end="" />
  <ns0:station address="http://eida.ipgp.fr/fdsnws/station/1/query" priority="1" start="1982-01-01T00:00:00" end="" />
  <ns0:dataselect address="http://eida.ipgp.fr/fdsnws/dataselect/1/query" priority="1" start="1982-01-01T00:00:00" end="" />
 </ns0:route>
 <ns0:route networkCode="CH" stationCode="SMAV" locationCode="*" streamCode="HGZ">
  <ns0:station address="http://eida.ethz.ch/fdsnws/station/1/query" priority="1" start="1980-01-01T00:00:00" end="" />
  <ns0:dataselect address="http://eida.ethz.ch/fdsnws/dataselect/1/query" priority="1" start="1980-01-01T00:00:00" end="" />
 </ns0:route>
 <ns0:route networkCode="CH" stationCode="SRUG" locationCode="*" streamCode="HGE">
  <ns0:station address="http://eida.ethz.ch/fdsnws/station/1/query" priority="1" start="1980-01-01T00:00:00" end="" />
  <ns0:dataselect address="http://eida.ethz.ch/fdsnws/dataselect/1/query" priority="1" start="1980-01-01T00:00:00" end="" />
 </ns0:route>
 <ns0:route networkCode="CH" stationCode="MFSFA" locationCode="*" streamCode="HGN">
  <ns0:station address="http://eida.ethz.ch/fdsnws/station/1/query" priority="1" start="1980-01-01T00:00:00" end="" />
  <ns0:dataselect address="http://eida.ethz.ch/fdsnws/dataselect/1/query" priority="1" start="1980-01-01T00:00:00" end="" />
 </ns0:route>
 <ns0:route networkCode="ZB" stationCode="*" locationCode="*" streamCode="*">
  <ns0:station address="http://geofon.gfz-potsdam.de/fdsnws/station/1/query" priority="1" start="1997-01-01T00:00:00" end="1997-11-21T00:00:00" />
  <ns0:dataselect address="http://geofon.gfz-potsdam.de/fdsnws/dataselect/1/query" priority="1" start="1997-01-01T00:00:00" end="1997-11-21T00:00:00" />
  <ns0:station address="http://geofon.gfz-potsdam.de/fdsnws/station/1/query" priority="1" start="1998-08-12T00:00:00" end="1999-03-25T00:00:00" />
  <ns0:dataselect address="http://geofon.gfz-potsdam.de/fdsnws/dataselect/1/query" priority="1" start="1998-08-12T00:00:00" end="1999-03-25T00:00:00" />
  <ns0:station address="http://geofon.gfz-potsdam.de/fdsnws/station/1/query" priority="1" start="1994-01-01T00:00:00" end="1996-12-31T00:00:00" />
  <ns0:dataselect address="http://geofon.gfz-potsdam.de/fdsnws/dataselect/1/query" priority="1" start="1994-01-01T00:00:00" end="1996-12-31T00:00:00" />
 </ns0:route>
 <ns0:route networkCode="CH" stationCode="PANIX" locationCode="*" streamCode="HHE">
  <ns0:station address="http://eida.ethz.ch/fdsnws/station/1/query" priority="1" start="1980-01-01T00:00:00" end="" />
  <ns0:dataselect address="http://eida.ethz.ch/fdsnws/dataselect/1/query" priority="1" start="1980-01-01T00:00:00" end="" />
 </ns0:route>
 <ns0:route networkCode="CH" stationCode="SAUR" locationCode="*" streamCode="HGE">
  <ns0:station address="http://eida.ethz.ch/fdsnws/station/1/query" priority="1" start="1980-01-01T00:00:00" end="" />
  <ns0:dataselect address="http://eida.ethz.ch/fdsnws/dataselect/1/query" priority="1" start="1980-01-01T00:00:00" end="" />
 </ns0:route>
 <ns0:route networkCode="CH" stationCode="SBAH" locationCode="*" streamCode="HG2">
  <ns0:station address="http://eida.ethz.ch/fdsnws/station/1/query" priority="1" start="1980-01-01T00:00:00" end="" />
  <ns0:dataselect address="http://eida.ethz.ch/fdsnws/dataselect/1/query" priority="1" start="1980-01-01T00:00:00" end="" />
 </ns0:route>
 <ns0:route networkCode="TH" stationCode="*" locationCode="*" streamCode="*">
  <ns0:seedlink address="eida.bgr.de:18000" priority="1" start="" end="" />
  <ns0:station address="http://eida.bgr.de/fdsnws/station/1/query" priority="1" start="1980-01-01T00:00:00" end="" />
  <ns0:dataselect address="http://eida.bgr.de/fdsnws/dataselect/1/query" priority="1" start="1980-01-01T00:00:00" end="" />
 </ns0:route>
 <ns0:route networkCode="YI" stationCode="*" locationCode="*" streamCode="*">
  <ns0:station address="http://ws.resif.fr/fdsnws/station/1/query" priority="1" start="2008-01-01T00:00:00" end="2009-12-31T00:00:00" />
  <ns0:dataselect address="http://ws.resif.fr/fdsnws/dataselect/1/query" priority="1" start="2008-01-01T00:00:00" end="2009-12-31T00:00:00" />
 </ns0:route>
 <ns0:route networkCode="CH" stationCode="SMAV" locationCode="*" streamCode="HGN">
  <ns0:station address="http://eida.ethz.ch/fdsnws/station/1/query" priority="1" start="1980-01-01T00:00:00" end="" />
  <ns0:dataselect address="http://eida.ethz.ch/fdsnws/dataselect/1/query" priority="1" start="1980-01-01T00:00:00" end="" />
 </ns0:route>
 <ns0:route networkCode="CH" stationCode="STGK" locationCode="*" streamCode="HGZ">
  <ns0:station address="http://eida.ethz.ch/fdsnws/station/1/query" priority="1" start="1980-01-01T00:00:00" end="" />
  <ns0:dataselect address="http://eida.ethz.ch/fdsnws/dataselect/1/query" priority="1" start="1980-01-01T00:00:00" end="" />
 </ns0:route>
 <ns0:route networkCode="CH" stationCode="SAYF" locationCode="*" streamCode="HGE">
  <ns0:station address="http://eida.ethz.ch/fdsnws/station/1/query" priority="1" start="1980-01-01T00:00:00" end="" />
  <ns0:dataselect address="http://eida.ethz.ch/fdsnws/dataselect/1/query" priority="1" start="1980-01-01T00:00:00" end="" />
 </ns0:route>
 <ns0:route networkCode="CH" stationCode="SARK" locationCode="*" streamCode="HGN">
  <ns0:station address="http://eida.ethz.ch/fdsnws/station/1/query" priority="1" start="1980-01-01T00:00:00" end="" />
  <ns0:dataselect address="http://eida.ethz.ch/fdsnws/dataselect/1/query" priority="1" start="1980-01-01T00:00:00" end="" />
 </ns0:route>
 <ns0:route networkCode="CH" stationCode="LIENZ" locationCode="*" streamCode="LHN">
  <ns0:station address="http://eida.ethz.ch/fdsnws/station/1/query" priority="1" start="1980-01-01T00:00:00" end="" />
  <ns0:dataselect address="http://eida.ethz.ch/fdsnws/dataselect/1/query" priority="1" start="1980-01-01T00:00:00" end="" />
 </ns0:route>
 <ns0:route networkCode="YP" stationCode="*" locationCode="*" streamCode="*">
  <ns0:station address="http://ws.resif.fr/fdsnws/station/1/query" priority="1" start="2014-01-01T00:00:00" end="2014-12-31T00:00:00" />
  <ns0:dataselect address="http://ws.resif.fr/fdsnws/dataselect/1/query" priority="1" start="2014-01-01T00:00:00" end="2014-12-31T00:00:00" />
 </ns0:route>
 <ns0:route networkCode="CH" stationCode="LLS" locationCode="*" streamCode="HHZ">
  <ns0:station address="http://eida.ethz.ch/fdsnws/station/1/query" priority="1" start="1980-01-01T00:00:00" end="" />
  <ns0:dataselect address="http://eida.ethz.ch/fdsnws/dataselect/1/query" priority="1" start="1980-01-01T00:00:00" end="" />
 </ns0:route>
 <ns0:route networkCode="CH" stationCode="SMOE" locationCode="*" streamCode="HGZ">
  <ns0:station address="http://eida.ethz.ch/fdsnws/station/1/query" priority="1" start="1980-01-01T00:00:00" end="" />
  <ns0:dataselect address="http://eida.ethz.ch/fdsnws/dataselect/1/query" priority="1" start="1980-01-01T00:00:00" end="" />
 </ns0:route>
 <ns0:route networkCode="CH" stationCode="METMA" locationCode="*" streamCode="HHZ">
  <ns0:station address="http://eida.ethz.ch/fdsnws/station/1/query" priority="1" start="1980-01-01T00:00:00" end="" />
  <ns0:dataselect address="http://eida.ethz.ch/fdsnws/dataselect/1/query" priority="1" start="1980-01-01T00:00:00" end="" />
 </ns0:route>
 <ns0:route networkCode="CH" stationCode="FUORN" locationCode="*" streamCode="HHE">
  <ns0:station address="http://eida.ethz.ch/fdsnws/station/1/query" priority="1" start="1980-01-01T00:00:00" end="" />
  <ns0:dataselect address="http://eida.ethz.ch/fdsnws/dataselect/1/query" priority="1" start="1980-01-01T00:00:00" end="" />
 </ns0:route>
 <ns0:route networkCode="CH" stationCode="SBUH" locationCode="*" streamCode="HGE">
  <ns0:station address="http://eida.ethz.ch/fdsnws/station/1/query" priority="1" start="1980-01-01T00:00:00" end="" />
  <ns0:dataselect address="http://eida.ethz.ch/fdsnws/dataselect/1/query" priority="1" start="1980-01-01T00:00:00" end="" />
 </ns0:route>
 <ns0:route networkCode="CH" stationCode="MUGIO" locationCode="*" streamCode="HHE">
  <ns0:station address="http://eida.ethz.ch/fdsnws/station/1/query" priority="1" start="1980-01-01T00:00:00" end="" />
  <ns0:dataselect address="http://eida.ethz.ch/fdsnws/dataselect/1/query" priority="1" start="1980-01-01T00:00:00" end="" />
 </ns0:route>
 <ns0:route networkCode="CH" stationCode="STIEG" locationCode="*" streamCode="HGZ">
  <ns0:station address="http://eida.ethz.ch/fdsnws/station/1/query" priority="1" start="1980-01-01T00:00:00" end="" />
  <ns0:dataselect address="http://eida.ethz.ch/fdsnws/dataselect/1/query" priority="1" start="1980-01-01T00:00:00" end="" />
 </ns0:route>
 <ns0:route networkCode="CH" stationCode="NALPS" locationCode="*" streamCode="HHZ">
  <ns0:station address="http://eida.ethz.ch/fdsnws/station/1/query" priority="1" start="1980-01-01T00:00:00" end="" />
  <ns0:dataselect address="http://eida.ethz.ch/fdsnws/dataselect/1/query" priority="1" start="1980-01-01T00:00:00" end="" />
 </ns0:route>
 <ns0:route networkCode="CH" stationCode="TRULL" locationCode="*" streamCode="EHE">
  <ns0:station address="http://eida.ethz.ch/fdsnws/station/1/query" priority="1" start="1980-01-01T00:00:00" end="" />
  <ns0:dataselect address="http://eida.ethz.ch/fdsnws/dataselect/1/query" priority="1" start="1980-01-01T00:00:00" end="" />
 </ns0:route>
 <ns0:route networkCode="CH" stationCode="SBAK" locationCode="*" streamCode="HGN">
  <ns0:station address="http://eida.ethz.ch/fdsnws/station/1/query" priority="1" start="1980-01-01T00:00:00" end="" />
  <ns0:dataselect address="http://eida.ethz.ch/fdsnws/dataselect/1/query" priority="1" start="1980-01-01T00:00:00" end="" />
 </ns0:route>
 <ns0:route networkCode="CH" stationCode="SBRG" locationCode="*" streamCode="HGE">
  <ns0:station address="http://eida.ethz.ch/fdsnws/station/1/query" priority="1" start="1980-01-01T00:00:00" end="" />
  <ns0:dataselect address="http://eida.ethz.ch/fdsnws/dataselect/1/query" priority="1" start="1980-01-01T00:00:00" end="" />
 </ns0:route>
 <ns0:route networkCode="CH" stationCode="SFEA" locationCode="*" streamCode="HGE">
  <ns0:station address="http://eida.ethz.ch/fdsnws/station/1/query" priority="1" start="1980-01-01T00:00:00" end="" />
  <ns0:dataselect address="http://eida.ethz.ch/fdsnws/dataselect/1/query" priority="1" start="1980-01-01T00:00:00" end="" />
 </ns0:route>
 <ns0:route networkCode="CH" stationCode="SULZ" locationCode="*" streamCode="LHE">
  <ns0:station address="http://eida.ethz.ch/fdsnws/station/1/query" priority="1" start="1980-01-01T00:00:00" end="" />
  <ns0:dataselect address="http://eida.ethz.ch/fdsnws/dataselect/1/query" priority="1" start="1980-01-01T00:00:00" end="" />
 </ns0:route>
 <ns0:route networkCode="HP" stationCode="*" locationCode="*" streamCode="*">
  <ns0:station address="http://www.orfeus-eu.org/fdsnws/station/1/query" priority="1" start="1980-01-01T00:00:00" end="" />
  <ns0:dataselect address="http://www.orfeus-eu.org/fdsnws/dataselect/1/query" priority="1" start="1980-01-01T00:00:00" end="" />
 </ns0:route>
 <ns0:route networkCode="CH" stationCode="SBAV" locationCode="*" streamCode="HGZ">
  <ns0:station address="http://eida.ethz.ch/fdsnws/station/1/query" priority="1" start="1980-01-01T00:00:00" end="" />
  <ns0:dataselect address="http://eida.ethz.ch/fdsnws/dataselect/1/query" priority="1" start="1980-01-01T00:00:00" end="" />
 </ns0:route>
 <ns0:route networkCode="CH" stationCode="LKBD2" locationCode="*" streamCode="HHN">
  <ns0:station address="http://eida.ethz.ch/fdsnws/station/1/query" priority="1" start="1980-01-01T00:00:00" end="" />
  <ns0:dataselect address="http://eida.ethz.ch/fdsnws/dataselect/1/query" priority="1" start="1980-01-01T00:00:00" end="" />
 </ns0:route>
 <ns0:route networkCode="HT" stationCode="*" locationCode="*" streamCode="*">
  <ns0:station address="http://geofon.gfz-potsdam.de/fdsnws/station/1/query" priority="1" start="1980-01-01T00:00:00" end="" />
  <ns0:dataselect address="http://geofon.gfz-potsdam.de/fdsnws/dataselect/1/query" priority="1" start="1980-01-01T00:00:00" end="" />
 </ns0:route>
 <ns0:route networkCode="CH" stationCode="NALPS" locationCode="*" streamCode="HHN">
  <ns0:station address="http://eida.ethz.ch/fdsnws/station/1/query" priority="1" start="1980-01-01T00:00:00" end="" />
  <ns0:dataselect address="http://eida.ethz.ch/fdsnws/dataselect/1/query" priority="1" start="1980-01-01T00:00:00" end="" />
 </ns0:route>
 <ns0:route networkCode="CH" stationCode="SALS" locationCode="*" streamCode="HGE">
  <ns0:station address="http://eida.ethz.ch/fdsnws/station/1/query" priority="1" start="1980-01-01T00:00:00" end="" />
  <ns0:dataselect address="http://eida.ethz.ch/fdsnws/dataselect/1/query" priority="1" start="1980-01-01T00:00:00" end="" />
 </ns0:route>
 <ns0:route networkCode="CH" stationCode="SMUK" locationCode="*" streamCode="HGE">
  <ns0:station address="http://eida.ethz.ch/fdsnws/station/1/query" priority="1" start="1980-01-01T00:00:00" end="" />
  <ns0:dataselect address="http://eida.ethz.ch/fdsnws/dataselect/1/query" priority="1" start="1980-01-01T00:00:00" end="" />
 </ns0:route>
 <ns0:route networkCode="CH" stationCode="SAIG" locationCode="*" streamCode="HGN">
  <ns0:station address="http://eida.ethz.ch/fdsnws/station/1/query" priority="1" start="1980-01-01T00:00:00" end="" />
  <ns0:dataselect address="http://eida.ethz.ch/fdsnws/dataselect/1/query" priority="1" start="1980-01-01T00:00:00" end="" />
 </ns0:route>
 <ns0:route networkCode="CH" stationCode="SLTM2" locationCode="*" streamCode="HGZ">
  <ns0:station address="http://eida.ethz.ch/fdsnws/station/1/query" priority="1" start="1980-01-01T00:00:00" end="" />
  <ns0:dataselect address="http://eida.ethz.ch/fdsnws/dataselect/1/query" priority="1" start="1980-01-01T00:00:00" end="" />
 </ns0:route>
 <ns0:route networkCode="CH" stationCode="SCHT" locationCode="*" streamCode="HGN">
  <ns0:station address="http://eida.ethz.ch/fdsnws/station/1/query" priority="1" start="1980-01-01T00:00:00" end="" />
  <ns0:dataselect address="http://eida.ethz.ch/fdsnws/dataselect/1/query" priority="1" start="1980-01-01T00:00:00" end="" />
 </ns0:route>
 <ns0:route networkCode="Z6" stationCode="*" locationCode="*" streamCode="*">
  <ns0:station address="http://geofon.gfz-potsdam.de/fdsnws/station/1/query" priority="1" start="2004-03-31T00:00:00" end="2004-10-31T00:00:00" />
  <ns0:dataselect address="http://geofon.gfz-potsdam.de/fdsnws/dataselect/1/query" priority="1" start="2004-03-31T00:00:00" end="2004-10-31T00:00:00" />
 </ns0:route>
 <ns0:route networkCode="CH" stationCode="STAM" locationCode="*" streamCode="HGZ">
  <ns0:station address="http://eida.ethz.ch/fdsnws/station/1/query" priority="1" start="1980-01-01T00:00:00" end="" />
  <ns0:dataselect address="http://eida.ethz.ch/fdsnws/dataselect/1/query" priority="1" start="1980-01-01T00:00:00" end="" />
 </ns0:route>
 <ns0:route networkCode="CH" stationCode="EMV" locationCode="*" streamCode="HHZ">
  <ns0:station address="http://eida.ethz.ch/fdsnws/station/1/query" priority="1" start="1980-01-01T00:00:00" end="" />
  <ns0:dataselect address="http://eida.ethz.ch/fdsnws/dataselect/1/query" priority="1" start="1980-01-01T00:00:00" end="" />
 </ns0:route>
 <ns0:route networkCode="CH" stationCode="WALHA" locationCode="*" streamCode="LHN">
  <ns0:station address="http://eida.ethz.ch/fdsnws/station/1/query" priority="1" start="1980-01-01T00:00:00" end="" />
  <ns0:dataselect address="http://eida.ethz.ch/fdsnws/dataselect/1/query" priority="1" start="1980-01-01T00:00:00" end="" />
 </ns0:route>
 <ns0:route networkCode="ZW" stationCode="*" locationCode="*" streamCode="*">
  <ns0:station address="http://geofon.gfz-potsdam.de/fdsnws/station/1/query" priority="1" start="2004-01-01T00:00:00" end="2005-12-31T23:59:00" />
  <ns0:dataselect address="http://geofon.gfz-potsdam.de/fdsnws/dataselect/1/query" priority="1" start="2004-01-01T00:00:00" end="2005-12-31T23:59:00" />
  <ns0:station address="http://geofon.gfz-potsdam.de/fdsnws/station/1/query" priority="1" start="2010-09-01T00:00:00" end="2012-12-30T00:00:00" />
  <ns0:dataselect address="http://geofon.gfz-potsdam.de/fdsnws/dataselect/1/query" priority="1" start="2010-09-01T00:00:00" end="2012-12-30T00:00:00" />
 </ns0:route>
 <ns0:route networkCode="CH" stationCode="SBUA2" locationCode="*" streamCode="HGE">
  <ns0:station address="http://eida.ethz.ch/fdsnws/station/1/query" priority="1" start="1980-01-01T00:00:00" end="" />
  <ns0:dataselect address="http://eida.ethz.ch/fdsnws/dataselect/1/query" priority="1" start="1980-01-01T00:00:00" end="" />
 </ns0:route>
 <ns0:route networkCode="CH" stationCode="SGAG" locationCode="*" streamCode="HGN">
  <ns0:station address="http://eida.ethz.ch/fdsnws/station/1/query" priority="1" start="1980-01-01T00:00:00" end="" />
  <ns0:dataselect address="http://eida.ethz.ch/fdsnws/dataselect/1/query" priority="1" start="1980-01-01T00:00:00" end="" />
 </ns0:route>
 <ns0:route networkCode="CH" stationCode="SCAS" locationCode="*" streamCode="HGN">
  <ns0:station address="http://eida.ethz.ch/fdsnws/station/1/query" priority="1" start="1980-01-01T00:00:00" end="" />
  <ns0:dataselect address="http://eida.ethz.ch/fdsnws/dataselect/1/query" priority="1" start="1980-01-01T00:00:00" end="" />
 </ns0:route>
 <ns0:route networkCode="CH" stationCode="STIEG" locationCode="*" streamCode="EHZ">
  <ns0:station address="http://eida.ethz.ch/fdsnws/station/1/query" priority="1" start="1980-01-01T00:00:00" end="" />
  <ns0:dataselect address="http://eida.ethz.ch/fdsnws/dataselect/1/query" priority="1" start="1980-01-01T00:00:00" end="" />
 </ns0:route>
 <ns0:route networkCode="HL" stationCode="*" locationCode="*" streamCode="*">
  <ns0:station address="http://geofon.gfz-potsdam.de/fdsnws/station/1/query" priority="1" start="1980-01-01T00:00:00" end="" />
  <ns0:dataselect address="http://geofon.gfz-potsdam.de/fdsnws/dataselect/1/query" priority="1" start="1980-01-01T00:00:00" end="" />
 </ns0:route>
 <ns0:route networkCode="CH" stationCode="DAGMA" locationCode="*" streamCode="LHE">
  <ns0:station address="http://eida.ethz.ch/fdsnws/station/1/query" priority="1" start="1980-01-01T00:00:00" end="" />
  <ns0:dataselect address="http://eida.ethz.ch/fdsnws/dataselect/1/query" priority="1" start="1980-01-01T00:00:00" end="" />
 </ns0:route>
 <ns0:route networkCode="CH" stationCode="EMV" locationCode="*" streamCode="LHN">
  <ns0:station address="http://eida.ethz.ch/fdsnws/station/1/query" priority="1" start="1980-01-01T00:00:00" end="" />
  <ns0:dataselect address="http://eida.ethz.ch/fdsnws/dataselect/1/query" priority="1" start="1980-01-01T00:00:00" end="" />
 </ns0:route>
 <ns0:route networkCode="CH" stationCode="WALHA" locationCode="*" streamCode="LHZ">
  <ns0:station address="http://eida.ethz.ch/fdsnws/station/1/query" priority="1" start="1980-01-01T00:00:00" end="" />
  <ns0:dataselect address="http://eida.ethz.ch/fdsnws/dataselect/1/query" priority="1" start="1980-01-01T00:00:00" end="" />
 </ns0:route>
 <ns0:route networkCode="CH" stationCode="BIBA" locationCode="*" streamCode="HGN">
  <ns0:station address="http://eida.ethz.ch/fdsnws/station/1/query" priority="1" start="1980-01-01T00:00:00" end="" />
  <ns0:dataselect address="http://eida.ethz.ch/fdsnws/dataselect/1/query" priority="1" start="1980-01-01T00:00:00" end="" />
 </ns0:route>
 <ns0:route networkCode="5C" stationCode="*" locationCode="*" streamCode="*">
  <ns0:station address="http://geofon.gfz-potsdam.de/fdsnws/station/1/query" priority="1" start="2012-06-10T00:00:00" end="2014-04-23T00:00:00" />
  <ns0:dataselect address="http://geofon.gfz-potsdam.de/fdsnws/dataselect/1/query" priority="1" start="2012-06-10T00:00:00" end="2014-04-23T00:00:00" />
 </ns0:route>
 <ns0:route networkCode="CH" stationCode="LKBD2" locationCode="*" streamCode="HHE">
  <ns0:station address="http://eida.ethz.ch/fdsnws/station/1/query" priority="1" start="1980-01-01T00:00:00" end="" />
  <ns0:dataselect address="http://eida.ethz.ch/fdsnws/dataselect/1/query" priority="1" start="1980-01-01T00:00:00" end="" />
 </ns0:route>
 <ns0:route networkCode="CH" stationCode="SGAG" locationCode="*" streamCode="HGE">
  <ns0:station address="http://eida.ethz.ch/fdsnws/station/1/query" priority="1" start="1980-01-01T00:00:00" end="" />
  <ns0:dataselect address="http://eida.ethz.ch/fdsnws/dataselect/1/query" priority="1" start="1980-01-01T00:00:00" end="" />
 </ns0:route>
 <ns0:route networkCode="CH" stationCode="SMUK" locationCode="*" streamCode="HGN">
  <ns0:station address="http://eida.ethz.ch/fdsnws/station/1/query" priority="1" start="1980-01-01T00:00:00" end="" />
  <ns0:dataselect address="http://eida.ethz.ch/fdsnws/dataselect/1/query" priority="1" start="1980-01-01T00:00:00" end="" />
 </ns0:route>
 <ns0:route networkCode="CH" stationCode="ACB" locationCode="*" streamCode="HHE">
  <ns0:station address="http://eida.ethz.ch/fdsnws/station/1/query" priority="1" start="1980-01-01T00:00:00" end="" />
  <ns0:dataselect address="http://eida.ethz.ch/fdsnws/dataselect/1/query" priority="1" start="1980-01-01T00:00:00" end="" />
 </ns0:route>
 <ns0:route networkCode="CH" stationCode="DIX" locationCode="*" streamCode="HHE">
  <ns0:station address="http://eida.ethz.ch/fdsnws/station/1/query" priority="1" start="1980-01-01T00:00:00" end="" />
  <ns0:dataselect address="http://eida.ethz.ch/fdsnws/dataselect/1/query" priority="1" start="1980-01-01T00:00:00" end="" />
 </ns0:route>
 <ns0:route networkCode="CH" stationCode="SIES" locationCode="*" streamCode="HGZ">
  <ns0:station address="http://eida.ethz.ch/fdsnws/station/1/query" priority="1" start="1980-01-01T00:00:00" end="" />
  <ns0:dataselect address="http://eida.ethz.ch/fdsnws/dataselect/1/query" priority="1" start="1980-01-01T00:00:00" end="" />
 </ns0:route>
 <ns0:route networkCode="CH" stationCode="SULZ" locationCode="*" streamCode="HGN">
  <ns0:station address="http://eida.ethz.ch/fdsnws/station/1/query" priority="1" start="1980-01-01T00:00:00" end="" />
  <ns0:dataselect address="http://eida.ethz.ch/fdsnws/dataselect/1/query" priority="1" start="1980-01-01T00:00:00" end="" />
 </ns0:route>
 <ns0:route networkCode="CH" stationCode="LKBD" locationCode="*" streamCode="EHN">
  <ns0:station address="http://eida.ethz.ch/fdsnws/station/1/query" priority="1" start="1980-01-01T00:00:00" end="" />
  <ns0:dataselect address="http://eida.ethz.ch/fdsnws/dataselect/1/query" priority="1" start="1980-01-01T00:00:00" end="" />
 </ns0:route>
 <ns0:route networkCode="CH" stationCode="EMV" locationCode="*" streamCode="LHZ">
  <ns0:station address="http://eida.ethz.ch/fdsnws/station/1/query" priority="1" start="1980-01-01T00:00:00" end="" />
  <ns0:dataselect address="http://eida.ethz.ch/fdsnws/dataselect/1/query" priority="1" start="1980-01-01T00:00:00" end="" />
 </ns0:route>
 <ns0:route networkCode="CH" stationCode="SMZA" locationCode="*" streamCode="HGZ">
  <ns0:station address="http://eida.ethz.ch/fdsnws/station/1/query" priority="1" start="1980-01-01T00:00:00" end="" />
  <ns0:dataselect address="http://eida.ethz.ch/fdsnws/dataselect/1/query" priority="1" start="1980-01-01T00:00:00" end="" />
 </ns0:route>
 <ns0:route networkCode="CH" stationCode="SVIO" locationCode="*" streamCode="HGZ">
  <ns0:station address="http://eida.ethz.ch/fdsnws/station/1/query" priority="1" start="1980-01-01T00:00:00" end="" />
  <ns0:dataselect address="http://eida.ethz.ch/fdsnws/dataselect/1/query" priority="1" start="1980-01-01T00:00:00" end="" />
 </ns0:route>
 <ns0:route networkCode="CH" stationCode="SLOP" locationCode="*" streamCode="HGZ">
  <ns0:station address="http://eida.ethz.ch/fdsnws/station/1/query" priority="1" start="1980-01-01T00:00:00" end="" />
  <ns0:dataselect address="http://eida.ethz.ch/fdsnws/dataselect/1/query" priority="1" start="1980-01-01T00:00:00" end="" />
 </ns0:route>
 <ns0:route networkCode="CH" stationCode="SBAT" locationCode="*" streamCode="HGE">
  <ns0:station address="http://eida.ethz.ch/fdsnws/station/1/query" priority="1" start="1980-01-01T00:00:00" end="" />
  <ns0:dataselect address="http://eida.ethz.ch/fdsnws/dataselect/1/query" priority="1" start="1980-01-01T00:00:00" end="" />
 </ns0:route>
 <ns0:route networkCode="4A" stationCode="*" locationCode="*" streamCode="*">
  <ns0:station address="http://geofon.gfz-potsdam.de/fdsnws/station/1/query" priority="1" start="2012-11-02T00:00:00" end="2014-09-17T00:00:00" />
  <ns0:dataselect address="http://geofon.gfz-potsdam.de/fdsnws/dataselect/1/query" priority="1" start="2012-11-02T00:00:00" end="2014-09-17T00:00:00" />
 </ns0:route>
 <ns0:route networkCode="TU" stationCode="*" locationCode="*" streamCode="*">
  <ns0:station address="http://www.orfeus-eu.org/fdsnws/station/1/query" priority="1" start="1980-01-01T00:00:00" end="" />
  <ns0:dataselect address="http://www.orfeus-eu.org/fdsnws/dataselect/1/query" priority="1" start="1980-01-01T00:00:00" end="" />
 </ns0:route>
 <ns0:route networkCode="BW" stationCode="RTPI" locationCode="*" streamCode="*">
  <ns0:station address="http://erde.geophysik.uni-muenchen.de/fdsnws/station/1/query" priority="1" start="1980-01-01T00:00:00" end="" />
  <ns0:dataselect address="http://erde.geophysik.uni-muenchen.de/fdsnws/dataselect/1/query" priority="1" start="1980-01-01T00:00:00" end="" />
 </ns0:route>
 <ns0:route networkCode="CH" stationCode="SCHK" locationCode="*" streamCode="HGZ">
  <ns0:station address="http://eida.ethz.ch/fdsnws/station/1/query" priority="1" start="1980-01-01T00:00:00" end="" />
  <ns0:dataselect address="http://eida.ethz.ch/fdsnws/dataselect/1/query" priority="1" start="1980-01-01T00:00:00" end="" />
 </ns0:route>
 <ns0:route networkCode="CH" stationCode="BERNI" locationCode="*" streamCode="LHE">
  <ns0:station address="http://eida.ethz.ch/fdsnws/station/1/query" priority="1" start="1980-01-01T00:00:00" end="" />
  <ns0:dataselect address="http://eida.ethz.ch/fdsnws/dataselect/1/query" priority="1" start="1980-01-01T00:00:00" end="" />
 </ns0:route>
 <ns0:route networkCode="GO" stationCode="*" locationCode="*" streamCode="*">
  <ns0:station address="http://www.orfeus-eu.org/fdsnws/station/1/query" priority="1" start="1980-01-01T00:00:00" end="" />
  <ns0:dataselect address="http://www.orfeus-eu.org/fdsnws/dataselect/1/query" priority="1" start="1980-01-01T00:00:00" end="" />
 </ns0:route>
 <ns0:route networkCode="CH" stationCode="SDAK" locationCode="*" streamCode="HGZ">
  <ns0:station address="http://eida.ethz.ch/fdsnws/station/1/query" priority="1" start="1980-01-01T00:00:00" end="" />
  <ns0:dataselect address="http://eida.ethz.ch/fdsnws/dataselect/1/query" priority="1" start="1980-01-01T00:00:00" end="" />
 </ns0:route>
 <ns0:route networkCode="CH" stationCode="SVIO" locationCode="*" streamCode="HGN">
  <ns0:station address="http://eida.ethz.ch/fdsnws/station/1/query" priority="1" start="1980-01-01T00:00:00" end="" />
  <ns0:dataselect address="http://eida.ethz.ch/fdsnws/dataselect/1/query" priority="1" start="1980-01-01T00:00:00" end="" />
 </ns0:route>
 <ns0:route networkCode="CH" stationCode="STEIN" locationCode="*" streamCode="EHZ">
  <ns0:station address="http://eida.ethz.ch/fdsnws/station/1/query" priority="1" start="1980-01-01T00:00:00" end="" />
  <ns0:dataselect address="http://eida.ethz.ch/fdsnws/dataselect/1/query" priority="1" start="1980-01-01T00:00:00" end="" />
 </ns0:route>
 <ns0:route networkCode="CH" stationCode="AIGLE" locationCode="*" streamCode="HHN">
  <ns0:station address="http://eida.ethz.ch/fdsnws/station/1/query" priority="1" start="1980-01-01T00:00:00" end="" />
  <ns0:dataselect address="http://eida.ethz.ch/fdsnws/dataselect/1/query" priority="1" start="1980-01-01T00:00:00" end="" />
 </ns0:route>
 <ns0:route networkCode="BW" stationCode="ALTM" locationCode="*" streamCode="*">
  <ns0:seedlink address="141.84.11.2:18000" priority="1" start="" end="" />
  <ns0:station address="http://erde.geophysik.uni-muenchen.de/fdsnws/station/1/query" priority="1" start="1980-01-01T00:00:00" end="" />
  <ns0:dataselect address="http://erde.geophysik.uni-muenchen.de/fdsnws/dataselect/1/query" priority="1" start="1980-01-01T00:00:00" end="" />
 </ns0:route>
 <ns0:route networkCode="CH" stationCode="EMV" locationCode="*" streamCode="HHE">
  <ns0:station address="http://eida.ethz.ch/fdsnws/station/1/query" priority="1" start="1980-01-01T00:00:00" end="" />
  <ns0:dataselect address="http://eida.ethz.ch/fdsnws/dataselect/1/query" priority="1" start="1980-01-01T00:00:00" end="" />
 </ns0:route>
 <ns0:route networkCode="NS" stationCode="*" locationCode="*" streamCode="*">
  <ns0:station address="http://www.orfeus-eu.org/fdsnws/station/1/query" priority="1" start="1980-01-01T00:00:00" end="" />
  <ns0:dataselect address="http://www.orfeus-eu.org/fdsnws/dataselect/1/query" priority="1" start="1980-01-01T00:00:00" end="" />
 </ns0:route>
 <ns0:route networkCode="CH" stationCode="BOURR" locationCode="*" streamCode="HGZ">
  <ns0:station address="http://eida.ethz.ch/fdsnws/station/1/query" priority="1" start="1980-01-01T00:00:00" end="" />
  <ns0:dataselect address="http://eida.ethz.ch/fdsnws/dataselect/1/query" priority="1" start="1980-01-01T00:00:00" end="" />
 </ns0:route>
 <ns0:route networkCode="CH" stationCode="SCHK" locationCode="*" streamCode="HGN">
  <ns0:station address="http://eida.ethz.ch/fdsnws/station/1/query" priority="1" start="1980-01-01T00:00:00" end="" />
  <ns0:dataselect address="http://eida.ethz.ch/fdsnws/dataselect/1/query" priority="1" start="1980-01-01T00:00:00" end="" />
 </ns0:route>
 <ns0:route networkCode="CH" stationCode="VDL" locationCode="*" streamCode="LHE">
  <ns0:station address="http://eida.ethz.ch/fdsnws/station/1/query" priority="1" start="1980-01-01T00:00:00" end="" />
  <ns0:dataselect address="http://eida.ethz.ch/fdsnws/dataselect/1/query" priority="1" start="1980-01-01T00:00:00" end="" />
 </ns0:route>
 <ns0:route networkCode="CH" stationCode="WIMIS" locationCode="*" streamCode="HHE">
  <ns0:station address="http://eida.ethz.ch/fdsnws/station/1/query" priority="1" start="1980-01-01T00:00:00" end="" />
  <ns0:dataselect address="http://eida.ethz.ch/fdsnws/dataselect/1/query" priority="1" start="1980-01-01T00:00:00" end="" />
 </ns0:route>
 <ns0:route networkCode="CH" stationCode="SMOE" locationCode="*" streamCode="HGE">
  <ns0:station address="http://eida.ethz.ch/fdsnws/station/1/query" priority="1" start="1980-01-01T00:00:00" end="" />
  <ns0:dataselect address="http://eida.ethz.ch/fdsnws/dataselect/1/query" priority="1" start="1980-01-01T00:00:00" end="" />
 </ns0:route>
 <ns0:route networkCode="ZC" stationCode="*" locationCode="*" streamCode="*">
  <ns0:station address="http://geofon.gfz-potsdam.de/fdsnws/station/1/query" priority="1" start="2001-03-01T00:00:00" end="2004-12-07T00:00:00" />
  <ns0:dataselect address="http://geofon.gfz-potsdam.de/fdsnws/dataselect/1/query" priority="1" start="2001-03-01T00:00:00" end="2004-12-07T00:00:00" />
  <ns0:station address="http://geofon.gfz-potsdam.de/fdsnws/station/1/query" priority="1" start="1996-02-22T00:00:00" end="1997-08-23T00:00:00" />
  <ns0:dataselect address="http://geofon.gfz-potsdam.de/fdsnws/dataselect/1/query" priority="1" start="1996-02-22T00:00:00" end="1997-08-23T00:00:00" />
 </ns0:route>
 <ns0:route networkCode="KO" stationCode="*" locationCode="*" streamCode="*">
  <ns0:station address="http://eida-service.koeri.boun.edu.tr/fdsnws/station/1/query" priority="1" start="1980-01-01T00:00:00" end="" />
  <ns0:dataselect address="http://eida-service.koeri.boun.edu.tr/fdsnws/dataselect/1/query" priority="1" start="1980-01-01T00:00:00" end="" />
 </ns0:route>
 <ns0:route networkCode="CH" stationCode="SEPFL" locationCode="*" streamCode="HGZ">
  <ns0:station address="http://eida.ethz.ch/fdsnws/station/1/query" priority="1" start="1980-01-01T00:00:00" end="" />
  <ns0:dataselect address="http://eida.ethz.ch/fdsnws/dataselect/1/query" priority="1" start="1980-01-01T00:00:00" end="" />
 </ns0:route>
 <ns0:route networkCode="CH" stationCode="SRER" locationCode="*" streamCode="HGZ">
  <ns0:station address="http://eida.ethz.ch/fdsnws/station/1/query" priority="1" start="1980-01-01T00:00:00" end="" />
  <ns0:dataselect address="http://eida.ethz.ch/fdsnws/dataselect/1/query" priority="1" start="1980-01-01T00:00:00" end="" />
 </ns0:route>
 <ns0:route networkCode="XN" stationCode="*" locationCode="*" streamCode="*">
  <ns0:station address="http://geofon.gfz-potsdam.de/fdsnws/station/1/query" priority="1" start="2006-05-30T00:00:00" end="2006-08-31T00:00:00" />
  <ns0:dataselect address="http://geofon.gfz-potsdam.de/fdsnws/dataselect/1/query" priority="1" start="2006-05-30T00:00:00" end="2006-08-31T00:00:00" />
 </ns0:route>
 <ns0:route networkCode="CH" stationCode="LIENZ" locationCode="*" streamCode="HHZ">
  <ns0:station address="http://eida.ethz.ch/fdsnws/station/1/query" priority="1" start="1980-01-01T00:00:00" end="" />
  <ns0:dataselect address="http://eida.ethz.ch/fdsnws/dataselect/1/query" priority="1" start="1980-01-01T00:00:00" end="" />
 </ns0:route>
 <ns0:route networkCode="YT" stationCode="*" locationCode="*" streamCode="*">
  <ns0:station address="http://ws.resif.fr/fdsnws/station/1/query" priority="1" start="2003-01-01T00:00:00" end="2003-12-31T00:00:00" />
  <ns0:dataselect address="http://ws.resif.fr/fdsnws/dataselect/1/query" priority="1" start="2003-01-01T00:00:00" end="2003-12-31T00:00:00" />
  <ns0:station address="http://ws.resif.fr/fdsnws/station/1/query" priority="1" start="2001-01-01T00:00:00" end="2001-12-31T00:00:00" />
  <ns0:dataselect address="http://ws.resif.fr/fdsnws/dataselect/1/query" priority="1" start="2001-01-01T00:00:00" end="2001-12-31T00:00:00" />
 </ns0:route>
 <ns0:route networkCode="CH" stationCode="HAMIK" locationCode="*" streamCode="HGZ">
  <ns0:station address="http://eida.ethz.ch/fdsnws/station/1/query" priority="1" start="1980-01-01T00:00:00" end="" />
  <ns0:dataselect address="http://eida.ethz.ch/fdsnws/dataselect/1/query" priority="1" start="1980-01-01T00:00:00" end="" />
 </ns0:route>
 <ns0:route networkCode="CH" stationCode="BNALP" locationCode="*" streamCode="HGZ">
  <ns0:station address="http://eida.ethz.ch/fdsnws/station/1/query" priority="1" start="1980-01-01T00:00:00" end="" />
  <ns0:dataselect address="http://eida.ethz.ch/fdsnws/dataselect/1/query" priority="1" start="1980-01-01T00:00:00" end="" />
 </ns0:route>
 <ns0:route networkCode="CH" stationCode="LLS" locationCode="*" streamCode="LHN">
  <ns0:station address="http://eida.ethz.ch/fdsnws/station/1/query" priority="1" start="1980-01-01T00:00:00" end="" />
  <ns0:dataselect address="http://eida.ethz.ch/fdsnws/dataselect/1/query" priority="1" start="1980-01-01T00:00:00" end="" />
 </ns0:route>
 <ns0:route networkCode="BW" stationCode="RNON" locationCode="*" streamCode="*">
  <ns0:seedlink address="141.84.11.2:18000" priority="1" start="" end="" />
  <ns0:station address="http://erde.geophysik.uni-muenchen.de/fdsnws/station/1/query" priority="1" start="1980-01-01T00:00:00" end="" />
  <ns0:dataselect address="http://erde.geophysik.uni-muenchen.de/fdsnws/dataselect/1/query" priority="1" start="1980-01-01T00:00:00" end="" />
 </ns0:route>
 <ns0:route networkCode="NU" stationCode="*" locationCode="*" streamCode="*">
  <ns0:station address="http://geofon.gfz-potsdam.de/fdsnws/station/1/query" priority="1" start="1980-01-01T00:00:00" end="" />
  <ns0:dataselect address="http://geofon.gfz-potsdam.de/fdsnws/dataselect/1/query" priority="1" start="1980-01-01T00:00:00" end="" />
 </ns0:route>
 <ns0:route networkCode="CH" stationCode="SALB" locationCode="*" streamCode="HGZ">
  <ns0:station address="http://eida.ethz.ch/fdsnws/station/1/query" priority="1" start="1980-01-01T00:00:00" end="" />
  <ns0:dataselect address="http://eida.ethz.ch/fdsnws/dataselect/1/query" priority="1" start="1980-01-01T00:00:00" end="" />
 </ns0:route>
 <ns0:route networkCode="CH" stationCode="SRER" locationCode="*" streamCode="HGN">
  <ns0:station address="http://eida.ethz.ch/fdsnws/station/1/query" priority="1" start="1980-01-01T00:00:00" end="" />
  <ns0:dataselect address="http://eida.ethz.ch/fdsnws/dataselect/1/query" priority="1" start="1980-01-01T00:00:00" end="" />
 </ns0:route>
 <ns0:route networkCode="CH" stationCode="SIOP" locationCode="*" streamCode="HGN">
  <ns0:station address="http://eida.ethz.ch/fdsnws/station/1/query" priority="1" start="1980-01-01T00:00:00" end="" />
  <ns0:dataselect address="http://eida.ethz.ch/fdsnws/dataselect/1/query" priority="1" start="1980-01-01T00:00:00" end="" />
 </ns0:route>
 <ns0:route networkCode="CH" stationCode="SDIF" locationCode="*" streamCode="HGZ">
  <ns0:station address="http://eida.ethz.ch/fdsnws/station/1/query" priority="1" start="1980-01-01T00:00:00" end="" />
  <ns0:dataselect address="http://eida.ethz.ch/fdsnws/dataselect/1/query" priority="1" start="1980-01-01T00:00:00" end="" />
 </ns0:route>
 <ns0:route networkCode="CH" stationCode="NALPS" locationCode="*" streamCode="LHN">
  <ns0:station address="http://eida.ethz.ch/fdsnws/station/1/query" priority="1" start="1980-01-01T00:00:00" end="" />
  <ns0:dataselect address="http://eida.ethz.ch/fdsnws/dataselect/1/query" priority="1" start="1980-01-01T00:00:00" end="" />
 </ns0:route>
 <ns0:route networkCode="CH" stationCode="SLE" locationCode="*" streamCode="HHE">
  <ns0:station address="http://eida.ethz.ch/fdsnws/station/1/query" priority="1" start="1980-01-01T00:00:00" end="" />
  <ns0:dataselect address="http://eida.ethz.ch/fdsnws/dataselect/1/query" priority="1" start="1980-01-01T00:00:00" end="" />
 </ns0:route>
 <ns0:route networkCode="CH" stationCode="EMV" locationCode="*" streamCode="HHN">
  <ns0:station address="http://eida.ethz.ch/fdsnws/station/1/query" priority="1" start="1980-01-01T00:00:00" end="" />
  <ns0:dataselect address="http://eida.ethz.ch/fdsnws/dataselect/1/query" priority="1" start="1980-01-01T00:00:00" end="" />
 </ns0:route>
 <ns0:route networkCode="CH" stationCode="MTI02" locationCode="*" streamCode="HHE">
  <ns0:station address="http://eida.ethz.ch/fdsnws/station/1/query" priority="1" start="1980-01-01T00:00:00" end="" />
  <ns0:dataselect address="http://eida.ethz.ch/fdsnws/dataselect/1/query" priority="1" start="1980-01-01T00:00:00" end="" />
 </ns0:route>
 <ns0:route networkCode="CH" stationCode="SENIN" locationCode="*" streamCode="LHE">
  <ns0:station address="http://eida.ethz.ch/fdsnws/station/1/query" priority="1" start="1980-01-01T00:00:00" end="" />
  <ns0:dataselect address="http://eida.ethz.ch/fdsnws/dataselect/1/query" priority="1" start="1980-01-01T00:00:00" end="" />
 </ns0:route>
 <ns0:route networkCode="CH" stationCode="SENIN" locationCode="*" streamCode="HHZ">
  <ns0:station address="http://eida.ethz.ch/fdsnws/station/1/query" priority="1" start="1980-01-01T00:00:00" end="" />
  <ns0:dataselect address="http://eida.ethz.ch/fdsnws/dataselect/1/query" priority="1" start="1980-01-01T00:00:00" end="" />
 </ns0:route>
 <ns0:route networkCode="CH" stationCode="SZWD" locationCode="*" streamCode="HGZ">
  <ns0:station address="http://eida.ethz.ch/fdsnws/station/1/query" priority="1" start="1980-01-01T00:00:00" end="" />
  <ns0:dataselect address="http://eida.ethz.ch/fdsnws/dataselect/1/query" priority="1" start="1980-01-01T00:00:00" end="" />
 </ns0:route>
 <ns0:route networkCode="CH" stationCode="GIMEL" locationCode="*" streamCode="LHE">
  <ns0:station address="http://eida.ethz.ch/fdsnws/station/1/query" priority="1" start="1980-01-01T00:00:00" end="" />
  <ns0:dataselect address="http://eida.ethz.ch/fdsnws/dataselect/1/query" priority="1" start="1980-01-01T00:00:00" end="" />
 </ns0:route>
 <ns0:route networkCode="CH" stationCode="SMAR" locationCode="*" streamCode="HGZ">
  <ns0:station address="http://eida.ethz.ch/fdsnws/station/1/query" priority="1" start="1980-01-01T00:00:00" end="" />
  <ns0:dataselect address="http://eida.ethz.ch/fdsnws/dataselect/1/query" priority="1" start="1980-01-01T00:00:00" end="" />
 </ns0:route>
 <ns0:route networkCode="CH" stationCode="SFRA" locationCode="*" streamCode="HGZ">
  <ns0:station address="http://eida.ethz.ch/fdsnws/station/1/query" priority="1" start="1980-01-01T00:00:00" end="" />
  <ns0:dataselect address="http://eida.ethz.ch/fdsnws/dataselect/1/query" priority="1" start="1980-01-01T00:00:00" end="" />
 </ns0:route>
 <ns0:route networkCode="CH" stationCode="SSTS" locationCode="*" streamCode="HGE">
  <ns0:station address="http://eida.ethz.ch/fdsnws/station/1/query" priority="1" start="1980-01-01T00:00:00" end="" />
  <ns0:dataselect address="http://eida.ethz.ch/fdsnws/dataselect/1/query" priority="1" start="1980-01-01T00:00:00" end="" />
 </ns0:route>
 <ns0:route networkCode="CH" stationCode="OTER1" locationCode="*" streamCode="LHZ">
  <ns0:station address="http://eida.ethz.ch/fdsnws/station/1/query" priority="1" start="1980-01-01T00:00:00" end="" />
  <ns0:dataselect address="http://eida.ethz.ch/fdsnws/dataselect/1/query" priority="1" start="1980-01-01T00:00:00" end="" />
 </ns0:route>
 <ns0:route networkCode="CH" stationCode="NALPS" locationCode="*" streamCode="LHZ">
  <ns0:station address="http://eida.ethz.ch/fdsnws/station/1/query" priority="1" start="1980-01-01T00:00:00" end="" />
  <ns0:dataselect address="http://eida.ethz.ch/fdsnws/dataselect/1/query" priority="1" start="1980-01-01T00:00:00" end="" />
 </ns0:route>
 <ns0:route networkCode="CH" stationCode="SMUR" locationCode="*" streamCode="HGZ">
  <ns0:station address="http://eida.ethz.ch/fdsnws/station/1/query" priority="1" start="1980-01-01T00:00:00" end="" />
  <ns0:dataselect address="http://eida.ethz.ch/fdsnws/dataselect/1/query" priority="1" start="1980-01-01T00:00:00" end="" />
 </ns0:route>
 <ns0:route networkCode="YX" stationCode="*" locationCode="*" streamCode="*">
  <ns0:station address="http://ws.resif.fr/fdsnws/station/1/query" priority="1" start="2001-01-01T00:00:00" end="2002-12-31T00:00:00" />
  <ns0:dataselect address="http://ws.resif.fr/fdsnws/dataselect/1/query" priority="1" start="2001-01-01T00:00:00" end="2002-12-31T00:00:00" />
 </ns0:route>
 <ns0:route networkCode="CH" stationCode="SRNR" locationCode="*" streamCode="HGN">
  <ns0:station address="http://eida.ethz.ch/fdsnws/station/1/query" priority="1" start="1980-01-01T00:00:00" end="" />
  <ns0:dataselect address="http://eida.ethz.ch/fdsnws/dataselect/1/query" priority="1" start="1980-01-01T00:00:00" end="" />
 </ns0:route>
 <ns0:route networkCode="CH" stationCode="SMZA" locationCode="*" streamCode="HGE">
  <ns0:station address="http://eida.ethz.ch/fdsnws/station/1/query" priority="1" start="1980-01-01T00:00:00" end="" />
  <ns0:dataselect address="http://eida.ethz.ch/fdsnws/dataselect/1/query" priority="1" start="1980-01-01T00:00:00" end="" />
 </ns0:route>
 <ns0:route networkCode="CH" stationCode="HASLI" locationCode="*" streamCode="LHE">
  <ns0:station address="http://eida.ethz.ch/fdsnws/station/1/query" priority="1" start="1980-01-01T00:00:00" end="" />
  <ns0:dataselect address="http://eida.ethz.ch/fdsnws/dataselect/1/query" priority="1" start="1980-01-01T00:00:00" end="" />
 </ns0:route>
 <ns0:route networkCode="ZP" stationCode="*" locationCode="*" streamCode="*">
  <ns0:station address="http://geofon.gfz-potsdam.de/fdsnws/station/1/query" priority="1" start="1999-04-01T00:00:00" end="2001-11-30T00:00:00" />
  <ns0:dataselect address="http://geofon.gfz-potsdam.de/fdsnws/dataselect/1/query" priority="1" start="1999-04-01T00:00:00" end="2001-11-30T00:00:00" />
 </ns0:route>
 <ns0:route networkCode="CH" stationCode="FLACH" locationCode="*" streamCode="EHN">
  <ns0:station address="http://eida.ethz.ch/fdsnws/station/1/query" priority="1" start="1980-01-01T00:00:00" end="" />
  <ns0:dataselect address="http://eida.ethz.ch/fdsnws/dataselect/1/query" priority="1" start="1980-01-01T00:00:00" end="" />
 </ns0:route>
 <ns0:route networkCode="IP" stationCode="*" locationCode="*" streamCode="*">
  <ns0:station address="http://www.orfeus-eu.org/fdsnws/station/1/query" priority="1" start="1980-01-01T00:00:00" end="" />
  <ns0:dataselect address="http://www.orfeus-eu.org/fdsnws/dataselect/1/query" priority="1" start="1980-01-01T00:00:00" end="" />
 </ns0:route>
 <ns0:route networkCode="CH" stationCode="SFRA" locationCode="*" streamCode="HGN">
  <ns0:station address="http://eida.ethz.ch/fdsnws/station/1/query" priority="1" start="1980-01-01T00:00:00" end="" />
  <ns0:dataselect address="http://eida.ethz.ch/fdsnws/dataselect/1/query" priority="1" start="1980-01-01T00:00:00" end="" />
 </ns0:route>
 <ns0:route networkCode="CH" stationCode="SGAS" locationCode="*" streamCode="HGZ">
  <ns0:station address="http://eida.ethz.ch/fdsnws/station/1/query" priority="1" start="1980-01-01T00:00:00" end="" />
  <ns0:dataselect address="http://eida.ethz.ch/fdsnws/dataselect/1/query" priority="1" start="1980-01-01T00:00:00" end="" />
 </ns0:route>
 <ns0:route networkCode="CH" stationCode="SDAK" locationCode="*" streamCode="HGN">
  <ns0:station address="http://eida.ethz.ch/fdsnws/station/1/query" priority="1" start="1980-01-01T00:00:00" end="" />
  <ns0:dataselect address="http://eida.ethz.ch/fdsnws/dataselect/1/query" priority="1" start="1980-01-01T00:00:00" end="" />
 </ns0:route>
 <ns0:route networkCode="CH" stationCode="FUORN" locationCode="*" streamCode="HHZ">
  <ns0:station address="http://eida.ethz.ch/fdsnws/station/1/query" priority="1" start="1980-01-01T00:00:00" end="" />
  <ns0:dataselect address="http://eida.ethz.ch/fdsnws/dataselect/1/query" priority="1" start="1980-01-01T00:00:00" end="" />
 </ns0:route>
 <ns0:route networkCode="CH" stationCode="SRNR" locationCode="*" streamCode="HGZ">
  <ns0:station address="http://eida.ethz.ch/fdsnws/station/1/query" priority="1" start="1980-01-01T00:00:00" end="" />
  <ns0:dataselect address="http://eida.ethz.ch/fdsnws/dataselect/1/query" priority="1" start="1980-01-01T00:00:00" end="" />
 </ns0:route>
 <ns0:route networkCode="BW" stationCode="UHK" locationCode="*" streamCode="*">
  <ns0:station address="http://erde.geophysik.uni-muenchen.de/fdsnws/station/1/query" priority="1" start="1980-01-01T00:00:00" end="" />
  <ns0:dataselect address="http://erde.geophysik.uni-muenchen.de/fdsnws/dataselect/1/query" priority="1" start="1980-01-01T00:00:00" end="" />
 </ns0:route>
 <ns0:route networkCode="BW" stationCode="MROB" locationCode="*" streamCode="*">
  <ns0:seedlink address="141.84.11.2:18000" priority="1" start="" end="" />
  <ns0:station address="http://erde.geophysik.uni-muenchen.de/fdsnws/station/1/query" priority="1" start="1980-01-01T00:00:00" end="" />
  <ns0:dataselect address="http://erde.geophysik.uni-muenchen.de/fdsnws/dataselect/1/query" priority="1" start="1980-01-01T00:00:00" end="" />
 </ns0:route>
 <ns0:route networkCode="BW" stationCode="UHE" locationCode="*" streamCode="*">
  <ns0:station address="http://erde.geophysik.uni-muenchen.de/fdsnws/station/1/query" priority="1" start="1980-01-01T00:00:00" end="" />
  <ns0:dataselect address="http://erde.geophysik.uni-muenchen.de/fdsnws/dataselect/1/query" priority="1" start="1980-01-01T00:00:00" end="" />
 </ns0:route>
 <ns0:route networkCode="CH" stationCode="FLACH" locationCode="*" streamCode="EHZ">
  <ns0:station address="http://eida.ethz.ch/fdsnws/station/1/query" priority="1" start="1980-01-01T00:00:00" end="" />
  <ns0:dataselect address="http://eida.ethz.ch/fdsnws/dataselect/1/query" priority="1" start="1980-01-01T00:00:00" end="" />
 </ns0:route>
 <ns0:route networkCode="Y4" stationCode="*" locationCode="*" streamCode="*">
  <ns0:station address="http://ws.resif.fr/fdsnws/station/1/query" priority="1" start="2004-01-01T00:00:00" end="2007-12-31T00:00:00" />
  <ns0:dataselect address="http://ws.resif.fr/fdsnws/dataselect/1/query" priority="1" start="2004-01-01T00:00:00" end="2007-12-31T00:00:00" />
  <ns0:station address="http://geofon.gfz-potsdam.de/fdsnws/station/1/query" priority="1" start="2014-09-11T00:00:00" end="2015-12-31T00:00:00" />
  <ns0:dataselect address="http://geofon.gfz-potsdam.de/fdsnws/dataselect/1/query" priority="1" start="2014-09-11T00:00:00" end="2015-12-31T00:00:00" />
 </ns0:route>
 <ns0:route networkCode="CH" stationCode="MUO" locationCode="*" streamCode="HHN">
  <ns0:station address="http://eida.ethz.ch/fdsnws/station/1/query" priority="1" start="1980-01-01T00:00:00" end="" />
  <ns0:dataselect address="http://eida.ethz.ch/fdsnws/dataselect/1/query" priority="1" start="1980-01-01T00:00:00" end="" />
 </ns0:route>
 <ns0:route networkCode="CH" stationCode="SBAS" locationCode="*" streamCode="HGZ">
  <ns0:station address="http://eida.ethz.ch/fdsnws/station/1/query" priority="1" start="1980-01-01T00:00:00" end="" />
  <ns0:dataselect address="http://eida.ethz.ch/fdsnws/dataselect/1/query" priority="1" start="1980-01-01T00:00:00" end="" />
 </ns0:route>
 <ns0:route networkCode="CH" stationCode="SPGF" locationCode="*" streamCode="HGZ">
  <ns0:station address="http://eida.ethz.ch/fdsnws/station/1/query" priority="1" start="1980-01-01T00:00:00" end="" />
  <ns0:dataselect address="http://eida.ethz.ch/fdsnws/dataselect/1/query" priority="1" start="1980-01-01T00:00:00" end="" />
 </ns0:route>
 <ns0:route networkCode="BW" stationCode="UH1" locationCode="*" streamCode="*">
  <ns0:seedlink address="141.84.11.2:18000" priority="1" start="" end="" />
  <ns0:station address="http://erde.geophysik.uni-muenchen.de/fdsnws/station/1/query" priority="1" start="1980-01-01T00:00:00" end="" />
  <ns0:dataselect address="http://erde.geophysik.uni-muenchen.de/fdsnws/dataselect/1/query" priority="1" start="1980-01-01T00:00:00" end="" />
 </ns0:route>
 <ns0:route networkCode="CH" stationCode="BNALP" locationCode="*" streamCode="HGE">
  <ns0:station address="http://eida.ethz.ch/fdsnws/station/1/query" priority="1" start="1980-01-01T00:00:00" end="" />
  <ns0:dataselect address="http://eida.ethz.ch/fdsnws/dataselect/1/query" priority="1" start="1980-01-01T00:00:00" end="" />
 </ns0:route>
 <ns0:route networkCode="CH" stationCode="SPGF" locationCode="*" streamCode="HGN">
  <ns0:station address="http://eida.ethz.ch/fdsnws/station/1/query" priority="1" start="1980-01-01T00:00:00" end="" />
  <ns0:dataselect address="http://eida.ethz.ch/fdsnws/dataselect/1/query" priority="1" start="1980-01-01T00:00:00" end="" />
 </ns0:route>
 <ns0:route networkCode="CH" stationCode="SCUC" locationCode="*" streamCode="HGN">
  <ns0:station address="http://eida.ethz.ch/fdsnws/station/1/query" priority="1" start="1980-01-01T00:00:00" end="" />
  <ns0:dataselect address="http://eida.ethz.ch/fdsnws/dataselect/1/query" priority="1" start="1980-01-01T00:00:00" end="" />
 </ns0:route>
 <ns0:route networkCode="CH" stationCode="VANNI" locationCode="*" streamCode="HHN">
  <ns0:station address="http://eida.ethz.ch/fdsnws/station/1/query" priority="1" start="1980-01-01T00:00:00" end="" />
  <ns0:dataselect address="http://eida.ethz.ch/fdsnws/dataselect/1/query" priority="1" start="1980-01-01T00:00:00" end="" />
 </ns0:route>
 <ns0:route networkCode="BW" stationCode="KW4" locationCode="*" streamCode="*">
  <ns0:seedlink address="141.84.11.2:18000" priority="1" start="" end="" />
  <ns0:station address="http://erde.geophysik.uni-muenchen.de/fdsnws/station/1/query" priority="1" start="1980-01-01T00:00:00" end="" />
  <ns0:dataselect address="http://erde.geophysik.uni-muenchen.de/fdsnws/dataselect/1/query" priority="1" start="1980-01-01T00:00:00" end="" />
 </ns0:route>
 <ns0:route networkCode="CH" stationCode="GRIMS" locationCode="*" streamCode="LHZ">
  <ns0:station address="http://eida.ethz.ch/fdsnws/station/1/query" priority="1" start="1980-01-01T00:00:00" end="" />
  <ns0:dataselect address="http://eida.ethz.ch/fdsnws/dataselect/1/query" priority="1" start="1980-01-01T00:00:00" end="" />
 </ns0:route>
 <ns0:route networkCode="CL" stationCode="*" locationCode="*" streamCode="*">
  <ns0:station address="http://ws.resif.fr/fdsnws/station/1/query" priority="1" start="2000-01-01T00:00:00" end="" />
  <ns0:dataselect address="http://ws.resif.fr/fdsnws/dataselect/1/query" priority="1" start="2000-01-01T00:00:00" end="" />
 </ns0:route>
 <ns0:route networkCode="CH" stationCode="SBAS" locationCode="*" streamCode="HGN">
  <ns0:station address="http://eida.ethz.ch/fdsnws/station/1/query" priority="1" start="1980-01-01T00:00:00" end="" />
  <ns0:dataselect address="http://eida.ethz.ch/fdsnws/dataselect/1/query" priority="1" start="1980-01-01T00:00:00" end="" />
 </ns0:route>
 <ns0:route networkCode="CH" stationCode="SBEA" locationCode="*" streamCode="HGE">
  <ns0:station address="http://eida.ethz.ch/fdsnws/station/1/query" priority="1" start="1980-01-01T00:00:00" end="" />
  <ns0:dataselect address="http://eida.ethz.ch/fdsnws/dataselect/1/query" priority="1" start="1980-01-01T00:00:00" end="" />
 </ns0:route>
 <ns0:route networkCode="KC" stationCode="*" locationCode="*" streamCode="*">
  <ns0:station address="http://geofon.gfz-potsdam.de/fdsnws/station/1/query" priority="1" start="1980-01-01T00:00:00" end="" />
  <ns0:dataselect address="http://geofon.gfz-potsdam.de/fdsnws/dataselect/1/query" priority="1" start="1980-01-01T00:00:00" end="" />
 </ns0:route>
 <ns0:route networkCode="CH" stationCode="SCUC" locationCode="*" streamCode="HGZ">
  <ns0:station address="http://eida.ethz.ch/fdsnws/station/1/query" priority="1" start="1980-01-01T00:00:00" end="" />
  <ns0:dataselect address="http://eida.ethz.ch/fdsnws/dataselect/1/query" priority="1" start="1980-01-01T00:00:00" end="" />
 </ns0:route>
 <ns0:route networkCode="CH" stationCode="LAUCH" locationCode="*" streamCode="HHN">
  <ns0:station address="http://eida.ethz.ch/fdsnws/station/1/query" priority="1" start="1980-01-01T00:00:00" end="" />
  <ns0:dataselect address="http://eida.ethz.ch/fdsnws/dataselect/1/query" priority="1" start="1980-01-01T00:00:00" end="" />
 </ns0:route>
 <ns0:route networkCode="CH" stationCode="OTER1" locationCode="*" streamCode="EHB">
  <ns0:station address="http://eida.ethz.ch/fdsnws/station/1/query" priority="1" start="1980-01-01T00:00:00" end="" />
  <ns0:dataselect address="http://eida.ethz.ch/fdsnws/dataselect/1/query" priority="1" start="1980-01-01T00:00:00" end="" />
 </ns0:route>
 <ns0:route networkCode="CH" stationCode="BRANT" locationCode="*" streamCode="LHE">
  <ns0:station address="http://eida.ethz.ch/fdsnws/station/1/query" priority="1" start="1980-01-01T00:00:00" end="" />
  <ns0:dataselect address="http://eida.ethz.ch/fdsnws/dataselect/1/query" priority="1" start="1980-01-01T00:00:00" end="" />
 </ns0:route>
 <ns0:route networkCode="HF" stationCode="*" locationCode="*" streamCode="*">
  <ns0:station address="http://www.orfeus-eu.org/fdsnws/station/1/query" priority="1" start="1980-01-01T00:00:00" end="" />
  <ns0:dataselect address="http://www.orfeus-eu.org/fdsnws/dataselect/1/query" priority="1" start="1980-01-01T00:00:00" end="" />
 </ns0:route>
 <ns0:route networkCode="CH" stationCode="SIOE" locationCode="*" streamCode="HGN">
  <ns0:station address="http://eida.ethz.ch/fdsnws/station/1/query" priority="1" start="1980-01-01T00:00:00" end="" />
  <ns0:dataselect address="http://eida.ethz.ch/fdsnws/dataselect/1/query" priority="1" start="1980-01-01T00:00:00" end="" />
 </ns0:route>
 <ns0:route networkCode="CH" stationCode="SLUW" locationCode="*" streamCode="HGE">
  <ns0:station address="http://eida.ethz.ch/fdsnws/station/1/query" priority="1" start="1980-01-01T00:00:00" end="" />
  <ns0:dataselect address="http://eida.ethz.ch/fdsnws/dataselect/1/query" priority="1" start="1980-01-01T00:00:00" end="" />
 </ns0:route>
 <ns0:route networkCode="CH" stationCode="STSW" locationCode="*" streamCode="HGE">
  <ns0:station address="http://eida.ethz.ch/fdsnws/station/1/query" priority="1" start="1980-01-01T00:00:00" end="" />
  <ns0:dataselect address="http://eida.ethz.ch/fdsnws/dataselect/1/query" priority="1" start="1980-01-01T00:00:00" end="" />
 </ns0:route>
 <ns0:route networkCode="4C" stationCode="KES20" locationCode="*" streamCode="HNE">
  <ns0:station address="http://geofon.gfz-potsdam.de/fdsnws/station/1/query" priority="2" start="2011-09-15T00:00:00" end="2012-04-20T23:59:00" />
  <ns0:dataselect address="http://geofon.gfz-potsdam.de/fdsnws/dataselect/1/query" priority="2" start="2011-09-15T00:00:00" end="2012-04-20T23:59:00" />
 </ns0:route>
 <ns0:route networkCode="CH" stationCode="LAUCH" locationCode="*" streamCode="LHE">
  <ns0:station address="http://eida.ethz.ch/fdsnws/station/1/query" priority="1" start="1980-01-01T00:00:00" end="" />
  <ns0:dataselect address="http://eida.ethz.ch/fdsnws/dataselect/1/query" priority="1" start="1980-01-01T00:00:00" end="" />
 </ns0:route>
 <ns0:route networkCode="CH" stationCode="LAUCH" locationCode="*" streamCode="HHZ">
  <ns0:station address="http://eida.ethz.ch/fdsnws/station/1/query" priority="1" start="1980-01-01T00:00:00" end="" />
  <ns0:dataselect address="http://eida.ethz.ch/fdsnws/dataselect/1/query" priority="1" start="1980-01-01T00:00:00" end="" />
 </ns0:route>
 <ns0:route networkCode="BW" stationCode="BGLD" locationCode="*" streamCode="*">
  <ns0:seedlink address="141.84.11.2:18000" priority="1" start="" end="" />
  <ns0:station address="http://erde.geophysik.uni-muenchen.de/fdsnws/station/1/query" priority="1" start="1980-01-01T00:00:00" end="" />
  <ns0:dataselect address="http://erde.geophysik.uni-muenchen.de/fdsnws/dataselect/1/query" priority="1" start="1980-01-01T00:00:00" end="" />
 </ns0:route>
 <ns0:route networkCode="BW" stationCode="ROTZ" locationCode="*" streamCode="*">
  <ns0:seedlink address="141.84.11.2:18000" priority="1" start="" end="" />
  <ns0:station address="http://erde.geophysik.uni-muenchen.de/fdsnws/station/1/query" priority="1" start="1980-01-01T00:00:00" end="" />
  <ns0:dataselect address="http://erde.geophysik.uni-muenchen.de/fdsnws/dataselect/1/query" priority="1" start="1980-01-01T00:00:00" end="" />
 </ns0:route>
 <ns0:route networkCode="CH" stationCode="SALT" locationCode="*" streamCode="HGE">
  <ns0:station address="http://eida.ethz.ch/fdsnws/station/1/query" priority="1" start="1980-01-01T00:00:00" end="" />
  <ns0:dataselect address="http://eida.ethz.ch/fdsnws/dataselect/1/query" priority="1" start="1980-01-01T00:00:00" end="" />
 </ns0:route>
 <ns0:route networkCode="CH" stationCode="SCEL" locationCode="*" streamCode="HGE">
  <ns0:station address="http://eida.ethz.ch/fdsnws/station/1/query" priority="1" start="1980-01-01T00:00:00" end="" />
  <ns0:dataselect address="http://eida.ethz.ch/fdsnws/dataselect/1/query" priority="1" start="1980-01-01T00:00:00" end="" />
 </ns0:route>
 <ns0:route networkCode="CH" stationCode="OTER1" locationCode="*" streamCode="HGZ">
  <ns0:station address="http://eida.ethz.ch/fdsnws/station/1/query" priority="1" start="1980-01-01T00:00:00" end="" />
  <ns0:dataselect address="http://eida.ethz.ch/fdsnws/dataselect/1/query" priority="1" start="1980-01-01T00:00:00" end="" />
 </ns0:route>
 <ns0:route networkCode="CH" stationCode="SKAF" locationCode="*" streamCode="HGZ">
  <ns0:station address="http://eida.ethz.ch/fdsnws/station/1/query" priority="1" start="1980-01-01T00:00:00" end="" />
  <ns0:dataselect address="http://eida.ethz.ch/fdsnws/dataselect/1/query" priority="1" start="1980-01-01T00:00:00" end="" />
 </ns0:route>
 <ns0:route networkCode="CH" stationCode="PANIX" locationCode="*" streamCode="HHN">
  <ns0:station address="http://eida.ethz.ch/fdsnws/station/1/query" priority="1" start="1980-01-01T00:00:00" end="" />
  <ns0:dataselect address="http://eida.ethz.ch/fdsnws/dataselect/1/query" priority="1" start="1980-01-01T00:00:00" end="" />
 </ns0:route>
 <ns0:route networkCode="BW" stationCode="RLAS" locationCode="*" streamCode="*">
  <ns0:seedlink address="141.84.11.2:18000" priority="1" start="" end="" />
  <ns0:station address="http://erde.geophysik.uni-muenchen.de/fdsnws/station/1/query" priority="1" start="1980-01-01T00:00:00" end="" />
  <ns0:dataselect address="http://erde.geophysik.uni-muenchen.de/fdsnws/dataselect/1/query" priority="1" start="1980-01-01T00:00:00" end="" />
 </ns0:route>
 <ns0:route networkCode="CH" stationCode="LKBD" locationCode="*" streamCode="EHZ">
  <ns0:station address="http://eida.ethz.ch/fdsnws/station/1/query" priority="1" start="1980-01-01T00:00:00" end="" />
  <ns0:dataselect address="http://eida.ethz.ch/fdsnws/dataselect/1/query" priority="1" start="1980-01-01T00:00:00" end="" />
 </ns0:route>
 <ns0:route networkCode="CH" stationCode="MFSFA" locationCode="*" streamCode="HGE">
  <ns0:station address="http://eida.ethz.ch/fdsnws/station/1/query" priority="1" start="1980-01-01T00:00:00" end="" />
  <ns0:dataselect address="http://eida.ethz.ch/fdsnws/dataselect/1/query" priority="1" start="1980-01-01T00:00:00" end="" />
 </ns0:route>
 <ns0:route networkCode="CH" stationCode="SKRK" locationCode="*" streamCode="HGN">
  <ns0:station address="http://eida.ethz.ch/fdsnws/station/1/query" priority="1" start="1980-01-01T00:00:00" end="" />
  <ns0:dataselect address="http://eida.ethz.ch/fdsnws/dataselect/1/query" priority="1" start="1980-01-01T00:00:00" end="" />
 </ns0:route>
 <ns0:route networkCode="CH" stationCode="FUORN" locationCode="*" streamCode="HHN">
  <ns0:station address="http://eida.ethz.ch/fdsnws/station/1/query" priority="1" start="1980-01-01T00:00:00" end="" />
  <ns0:dataselect address="http://eida.ethz.ch/fdsnws/dataselect/1/query" priority="1" start="1980-01-01T00:00:00" end="" />
 </ns0:route>
 <ns0:route networkCode="CH" stationCode="SVIL" locationCode="*" streamCode="HGE">
  <ns0:station address="http://eida.ethz.ch/fdsnws/station/1/query" priority="1" start="1980-01-01T00:00:00" end="" />
  <ns0:dataselect address="http://eida.ethz.ch/fdsnws/dataselect/1/query" priority="1" start="1980-01-01T00:00:00" end="" />
 </ns0:route>
 <ns0:route networkCode="CH" stationCode="SKAF" locationCode="*" streamCode="HGN">
  <ns0:station address="http://eida.ethz.ch/fdsnws/station/1/query" priority="1" start="1980-01-01T00:00:00" end="" />
  <ns0:dataselect address="http://eida.ethz.ch/fdsnws/dataselect/1/query" priority="1" start="1980-01-01T00:00:00" end="" />
 </ns0:route>
 <ns0:route networkCode="CH" stationCode="FUSIO" locationCode="*" streamCode="LHZ">
  <ns0:station address="http://eida.ethz.ch/fdsnws/station/1/query" priority="1" start="1980-01-01T00:00:00" end="" />
  <ns0:dataselect address="http://eida.ethz.ch/fdsnws/dataselect/1/query" priority="1" start="1980-01-01T00:00:00" end="" />
 </ns0:route>
 <ns0:route networkCode="CH" stationCode="SFEA" locationCode="*" streamCode="HGZ">
  <ns0:station address="http://eida.ethz.ch/fdsnws/station/1/query" priority="1" start="1980-01-01T00:00:00" end="" />
  <ns0:dataselect address="http://eida.ethz.ch/fdsnws/dataselect/1/query" priority="1" start="1980-01-01T00:00:00" end="" />
 </ns0:route>
 <ns0:route networkCode="CH" stationCode="FIESA" locationCode="*" streamCode="HHZ">
  <ns0:station address="http://eida.ethz.ch/fdsnws/station/1/query" priority="1" start="1980-01-01T00:00:00" end="" />
  <ns0:dataselect address="http://eida.ethz.ch/fdsnws/dataselect/1/query" priority="1" start="1980-01-01T00:00:00" end="" />
 </ns0:route>
 <ns0:route networkCode="9C" stationCode="*" locationCode="*" streamCode="*">
  <ns0:station address="http://geofon.gfz-potsdam.de/fdsnws/station/1/query" priority="1" start="2010-06-29T00:00:00" end="2011-12-31T00:00:00" />
  <ns0:dataselect address="http://geofon.gfz-potsdam.de/fdsnws/dataselect/1/query" priority="1" start="2010-06-29T00:00:00" end="2011-12-31T00:00:00" />
 </ns0:route>
 <ns0:route networkCode="CH" stationCode="SBAH" locationCode="*" streamCode="HG3">
  <ns0:station address="http://eida.ethz.ch/fdsnws/station/1/query" priority="1" start="1980-01-01T00:00:00" end="" />
  <ns0:dataselect address="http://eida.ethz.ch/fdsnws/dataselect/1/query" priority="1" start="1980-01-01T00:00:00" end="" />
 </ns0:route>
 <ns0:route networkCode="CH" stationCode="SBEA" locationCode="*" streamCode="HGZ">
  <ns0:station address="http://eida.ethz.ch/fdsnws/station/1/query" priority="1" start="1980-01-01T00:00:00" end="" />
  <ns0:dataselect address="http://eida.ethz.ch/fdsnws/dataselect/1/query" priority="1" start="1980-01-01T00:00:00" end="" />
 </ns0:route>
 <ns0:route networkCode="CH" stationCode="SCHS" locationCode="*" streamCode="HGE">
  <ns0:station address="http://eida.ethz.ch/fdsnws/station/1/query" priority="1" start="1980-01-01T00:00:00" end="" />
  <ns0:dataselect address="http://eida.ethz.ch/fdsnws/dataselect/1/query" priority="1" start="1980-01-01T00:00:00" end="" />
 </ns0:route>
 <ns0:route networkCode="CH" stationCode="DIX" locationCode="*" streamCode="HGN">
  <ns0:station address="http://eida.ethz.ch/fdsnws/station/1/query" priority="1" start="1980-01-01T00:00:00" end="" />
  <ns0:dataselect address="http://eida.ethz.ch/fdsnws/dataselect/1/query" priority="1" start="1980-01-01T00:00:00" end="" />
 </ns0:route>
 <ns0:route networkCode="BW" stationCode="UH2" locationCode="*" streamCode="*">
  <ns0:seedlink address="141.84.11.2:18000" priority="1" start="" end="" />
  <ns0:station address="http://erde.geophysik.uni-muenchen.de/fdsnws/station/1/query" priority="1" start="1980-01-01T00:00:00" end="" />
  <ns0:dataselect address="http://erde.geophysik.uni-muenchen.de/fdsnws/dataselect/1/query" priority="1" start="1980-01-01T00:00:00" end="" />
 </ns0:route>
 <ns0:route networkCode="CH" stationCode="NOV3" locationCode="*" streamCode="EHZ">
  <ns0:station address="http://eida.ethz.ch/fdsnws/station/1/query" priority="1" start="1980-01-01T00:00:00" end="" />
  <ns0:dataselect address="http://eida.ethz.ch/fdsnws/dataselect/1/query" priority="1" start="1980-01-01T00:00:00" end="" />
 </ns0:route>
 <ns0:route networkCode="CH" stationCode="SALTS" locationCode="*" streamCode="HGN">
  <ns0:station address="http://eida.ethz.ch/fdsnws/station/1/query" priority="1" start="1980-01-01T00:00:00" end="" />
  <ns0:dataselect address="http://eida.ethz.ch/fdsnws/dataselect/1/query" priority="1" start="1980-01-01T00:00:00" end="" />
 </ns0:route>
 <ns0:route networkCode="PL" stationCode="*" locationCode="*" streamCode="*">
  <ns0:station address="http://geofon.gfz-potsdam.de/fdsnws/station/1/query" priority="1" start="1980-01-01T00:00:00" end="" />
  <ns0:dataselect address="http://geofon.gfz-potsdam.de/fdsnws/dataselect/1/query" priority="1" start="1980-01-01T00:00:00" end="" />
 </ns0:route>
 <ns0:route networkCode="BW" stationCode="KW3" locationCode="*" streamCode="*">
  <ns0:seedlink address="141.84.11.2:18000" priority="1" start="" end="" />
  <ns0:station address="http://erde.geophysik.uni-muenchen.de/fdsnws/station/1/query" priority="1" start="1980-01-01T00:00:00" end="" />
  <ns0:dataselect address="http://erde.geophysik.uni-muenchen.de/fdsnws/dataselect/1/query" priority="1" start="1980-01-01T00:00:00" end="" />
 </ns0:route>
 <ns0:route networkCode="CH" stationCode="FIESA" locationCode="*" streamCode="HHN">
  <ns0:station address="http://eida.ethz.ch/fdsnws/station/1/query" priority="1" start="1980-01-01T00:00:00" end="" />
  <ns0:dataselect address="http://eida.ethz.ch/fdsnws/dataselect/1/query" priority="1" start="1980-01-01T00:00:00" end="" />
 </ns0:route>
 <ns0:route networkCode="FN" stationCode="*" locationCode="*" streamCode="*">
  <ns0:station address="http://geofon.gfz-potsdam.de/fdsnws/station/1/query" priority="1" start="1980-01-01T00:00:00" end="" />
  <ns0:dataselect address="http://geofon.gfz-potsdam.de/fdsnws/dataselect/1/query" priority="1" start="1980-01-01T00:00:00" end="" />
 </ns0:route>
 <ns0:route networkCode="CH" stationCode="SNIB" locationCode="*" streamCode="HGN">
  <ns0:station address="http://eida.ethz.ch/fdsnws/station/1/query" priority="1" start="1980-01-01T00:00:00" end="" />
  <ns0:dataselect address="http://eida.ethz.ch/fdsnws/dataselect/1/query" priority="1" start="1980-01-01T00:00:00" end="" />
 </ns0:route>
 <ns0:route networkCode="BW" stationCode="MKON" locationCode="*" streamCode="*">
  <ns0:seedlink address="141.84.11.2:18000" priority="1" start="" end="" />
  <ns0:station address="http://erde.geophysik.uni-muenchen.de/fdsnws/station/1/query" priority="1" start="1980-01-01T00:00:00" end="" />
  <ns0:dataselect address="http://erde.geophysik.uni-muenchen.de/fdsnws/dataselect/1/query" priority="1" start="1980-01-01T00:00:00" end="" />
 </ns0:route>
 <ns0:route networkCode="CH" stationCode="SZUZ" locationCode="*" streamCode="HGE">
  <ns0:station address="http://eida.ethz.ch/fdsnws/station/1/query" priority="1" start="1980-01-01T00:00:00" end="" />
  <ns0:dataselect address="http://eida.ethz.ch/fdsnws/dataselect/1/query" priority="1" start="1980-01-01T00:00:00" end="" />
 </ns0:route>
 <ns0:route networkCode="CH" stationCode="SBAJ" locationCode="*" streamCode="HGE">
  <ns0:station address="http://eida.ethz.ch/fdsnws/station/1/query" priority="1" start="1980-01-01T00:00:00" end="" />
  <ns0:dataselect address="http://eida.ethz.ch/fdsnws/dataselect/1/query" priority="1" start="1980-01-01T00:00:00" end="" />
 </ns0:route>
 <ns0:route networkCode="CH" stationCode="SBRG" locationCode="*" streamCode="HGN">
  <ns0:station address="http://eida.ethz.ch/fdsnws/station/1/query" priority="1" start="1980-01-01T00:00:00" end="" />
  <ns0:dataselect address="http://eida.ethz.ch/fdsnws/dataselect/1/query" priority="1" start="1980-01-01T00:00:00" end="" />
 </ns0:route>
 <ns0:route networkCode="CH" stationCode="STSP" locationCode="*" streamCode="HGZ">
  <ns0:station address="http://eida.ethz.ch/fdsnws/station/1/query" priority="1" start="1980-01-01T00:00:00" end="" />
  <ns0:dataselect address="http://eida.ethz.ch/fdsnws/dataselect/1/query" priority="1" start="1980-01-01T00:00:00" end="" />
 </ns0:route>
 <ns0:route networkCode="CH" stationCode="WILA" locationCode="*" streamCode="HHN">
  <ns0:station address="http://eida.ethz.ch/fdsnws/station/1/query" priority="1" start="1980-01-01T00:00:00" end="" />
  <ns0:dataselect address="http://eida.ethz.ch/fdsnws/dataselect/1/query" priority="1" start="1980-01-01T00:00:00" end="" />
 </ns0:route>
 <ns0:route networkCode="BW" stationCode="RTSA" locationCode="*" streamCode="*">
  <ns0:seedlink address="141.84.11.2:18000" priority="1" start="" end="" />
  <ns0:station address="http://erde.geophysik.uni-muenchen.de/fdsnws/station/1/query" priority="1" start="1980-01-01T00:00:00" end="" />
  <ns0:dataselect address="http://erde.geophysik.uni-muenchen.de/fdsnws/dataselect/1/query" priority="1" start="1980-01-01T00:00:00" end="" />
 </ns0:route>
 <ns0:route networkCode="CH" stationCode="SGEV" locationCode="*" streamCode="HGZ">
  <ns0:station address="http://eida.ethz.ch/fdsnws/station/1/query" priority="1" start="1980-01-01T00:00:00" end="" />
  <ns0:dataselect address="http://eida.ethz.ch/fdsnws/dataselect/1/query" priority="1" start="1980-01-01T00:00:00" end="" />
 </ns0:route>
 <ns0:route networkCode="CH" stationCode="WOLEN" locationCode="*" streamCode="HGZ">
  <ns0:station address="http://eida.ethz.ch/fdsnws/station/1/query" priority="1" start="1980-01-01T00:00:00" end="" />
  <ns0:dataselect address="http://eida.ethz.ch/fdsnws/dataselect/1/query" priority="1" start="1980-01-01T00:00:00" end="" />
 </ns0:route>
 <ns0:route networkCode="CH" stationCode="NALPS" locationCode="*" streamCode="HHE">
  <ns0:station address="http://eida.ethz.ch/fdsnws/station/1/query" priority="1" start="1980-01-01T00:00:00" end="" />
  <ns0:dataselect address="http://eida.ethz.ch/fdsnws/dataselect/1/query" priority="1" start="1980-01-01T00:00:00" end="" />
 </ns0:route>
 <ns0:route networkCode="CH" stationCode="STSP" locationCode="*" streamCode="HGN">
  <ns0:station address="http://eida.ethz.ch/fdsnws/station/1/query" priority="1" start="1980-01-01T00:00:00" end="" />
  <ns0:dataselect address="http://eida.ethz.ch/fdsnws/dataselect/1/query" priority="1" start="1980-01-01T00:00:00" end="" />
 </ns0:route>
 <ns0:route networkCode="CH" stationCode="SRUG" locationCode="*" streamCode="HGN">
  <ns0:station address="http://eida.ethz.ch/fdsnws/station/1/query" priority="1" start="1980-01-01T00:00:00" end="" />
  <ns0:dataselect address="http://eida.ethz.ch/fdsnws/dataselect/1/query" priority="1" start="1980-01-01T00:00:00" end="" />
 </ns0:route>
 <ns0:route networkCode="CH" stationCode="SBUH" locationCode="*" streamCode="HGZ">
  <ns0:station address="http://eida.ethz.ch/fdsnws/station/1/query" priority="1" start="1980-01-01T00:00:00" end="" />
  <ns0:dataselect address="http://eida.ethz.ch/fdsnws/dataselect/1/query" priority="1" start="1980-01-01T00:00:00" end="" />
 </ns0:route>
 <ns0:route networkCode="CH" stationCode="SLE" locationCode="*" streamCode="LHE">
  <ns0:station address="http://eida.ethz.ch/fdsnws/station/1/query" priority="1" start="1980-01-01T00:00:00" end="" />
  <ns0:dataselect address="http://eida.ethz.ch/fdsnws/dataselect/1/query" priority="1" start="1980-01-01T00:00:00" end="" />
 </ns0:route>
 <ns0:route networkCode="BW" stationCode="RTZA" locationCode="*" streamCode="*">
  <ns0:station address="http://erde.geophysik.uni-muenchen.de/fdsnws/station/1/query" priority="1" start="1980-01-01T00:00:00" end="" />
  <ns0:dataselect address="http://erde.geophysik.uni-muenchen.de/fdsnws/dataselect/1/query" priority="1" start="1980-01-01T00:00:00" end="" />
 </ns0:route>
 <ns0:route networkCode="CH" stationCode="NOV1" locationCode="*" streamCode="EHZ">
  <ns0:station address="http://eida.ethz.ch/fdsnws/station/1/query" priority="1" start="1980-01-01T00:00:00" end="" />
  <ns0:dataselect address="http://eida.ethz.ch/fdsnws/dataselect/1/query" priority="1" start="1980-01-01T00:00:00" end="" />
 </ns0:route>
 <ns0:route networkCode="BW" stationCode="MSBB" locationCode="*" streamCode="*">
  <ns0:seedlink address="141.84.11.2:18000" priority="1" start="" end="" />
  <ns0:station address="http://erde.geophysik.uni-muenchen.de/fdsnws/station/1/query" priority="1" start="1980-01-01T00:00:00" end="" />
  <ns0:dataselect address="http://erde.geophysik.uni-muenchen.de/fdsnws/dataselect/1/query" priority="1" start="1980-01-01T00:00:00" end="" />
 </ns0:route>
 <ns0:route networkCode="CH" stationCode="LLS" locationCode="*" streamCode="HHE">
  <ns0:station address="http://eida.ethz.ch/fdsnws/station/1/query" priority="1" start="1980-01-01T00:00:00" end="" />
  <ns0:dataselect address="http://eida.ethz.ch/fdsnws/dataselect/1/query" priority="1" start="1980-01-01T00:00:00" end="" />
 </ns0:route>
 <ns0:route networkCode="CH" stationCode="SGEV" locationCode="*" streamCode="HGN">
  <ns0:station address="http://eida.ethz.ch/fdsnws/station/1/query" priority="1" start="1980-01-01T00:00:00" end="" />
  <ns0:dataselect address="http://eida.ethz.ch/fdsnws/dataselect/1/query" priority="1" start="1980-01-01T00:00:00" end="" />
 </ns0:route>
 <ns0:route networkCode="CH" stationCode="WOLEN" locationCode="*" streamCode="HGN">
  <ns0:station address="http://eida.ethz.ch/fdsnws/station/1/query" priority="1" start="1980-01-01T00:00:00" end="" />
  <ns0:dataselect address="http://eida.ethz.ch/fdsnws/dataselect/1/query" priority="1" start="1980-01-01T00:00:00" end="" />
 </ns0:route>
 <ns0:route networkCode="CH" stationCode="SMAR" locationCode="*" streamCode="HGN">
  <ns0:station address="http://eida.ethz.ch/fdsnws/station/1/query" priority="1" start="1980-01-01T00:00:00" end="" />
  <ns0:dataselect address="http://eida.ethz.ch/fdsnws/dataselect/1/query" priority="1" start="1980-01-01T00:00:00" end="" />
 </ns0:route>
 <ns0:route networkCode="CH" stationCode="SALS" locationCode="*" streamCode="HGN">
  <ns0:station address="http://eida.ethz.ch/fdsnws/station/1/query" priority="1" start="1980-01-01T00:00:00" end="" />
  <ns0:dataselect address="http://eida.ethz.ch/fdsnws/dataselect/1/query" priority="1" start="1980-01-01T00:00:00" end="" />
 </ns0:route>
 <ns0:route networkCode="CH" stationCode="PANIX" locationCode="*" streamCode="LHZ">
  <ns0:station address="http://eida.ethz.ch/fdsnws/station/1/query" priority="1" start="1980-01-01T00:00:00" end="" />
  <ns0:dataselect address="http://eida.ethz.ch/fdsnws/dataselect/1/query" priority="1" start="1980-01-01T00:00:00" end="" />
 </ns0:route>
 <ns0:route networkCode="BW" stationCode="NORI" locationCode="*" streamCode="*">
  <ns0:seedlink address="141.84.11.2:18000" priority="1" start="" end="" />
  <ns0:station address="http://erde.geophysik.uni-muenchen.de/fdsnws/station/1/query" priority="1" start="1980-01-01T00:00:00" end="" />
  <ns0:dataselect address="http://erde.geophysik.uni-muenchen.de/fdsnws/dataselect/1/query" priority="1" start="1980-01-01T00:00:00" end="" />
 </ns0:route>
 <ns0:route networkCode="CH" stationCode="SAIG" locationCode="*" streamCode="HGE">
  <ns0:station address="http://eida.ethz.ch/fdsnws/station/1/query" priority="1" start="1980-01-01T00:00:00" end="" />
  <ns0:dataselect address="http://eida.ethz.ch/fdsnws/dataselect/1/query" priority="1" start="1980-01-01T00:00:00" end="" />
 </ns0:route>
 <ns0:route networkCode="CH" stationCode="SBIS2" locationCode="*" streamCode="HGZ">
  <ns0:station address="http://eida.ethz.ch/fdsnws/station/1/query" priority="1" start="1980-01-01T00:00:00" end="" />
  <ns0:dataselect address="http://eida.ethz.ch/fdsnws/dataselect/1/query" priority="1" start="1980-01-01T00:00:00" end="" />
 </ns0:route>
 <ns0:route networkCode="CH" stationCode="VDL" locationCode="*" streamCode="HHN">
  <ns0:station address="http://eida.ethz.ch/fdsnws/station/1/query" priority="1" start="1980-01-01T00:00:00" end="" />
  <ns0:dataselect address="http://eida.ethz.ch/fdsnws/dataselect/1/query" priority="1" start="1980-01-01T00:00:00" end="" />
 </ns0:route>
 <ns0:route networkCode="BW" stationCode="WETR" locationCode="*" streamCode="*">
  <ns0:seedlink address="141.84.11.2:18000" priority="1" start="" end="" />
  <ns0:station address="http://erde.geophysik.uni-muenchen.de/fdsnws/station/1/query" priority="1" start="1980-01-01T00:00:00" end="" />
  <ns0:dataselect address="http://erde.geophysik.uni-muenchen.de/fdsnws/dataselect/1/query" priority="1" start="1980-01-01T00:00:00" end="" />
 </ns0:route>
 <ns0:route networkCode="BW" stationCode="RTPA" locationCode="*" streamCode="*">
  <ns0:station address="http://erde.geophysik.uni-muenchen.de/fdsnws/station/1/query" priority="1" start="1980-01-01T00:00:00" end="" />
  <ns0:dataselect address="http://erde.geophysik.uni-muenchen.de/fdsnws/dataselect/1/query" priority="1" start="1980-01-01T00:00:00" end="" />
 </ns0:route>
 <ns0:route networkCode="CH" stationCode="SALS" locationCode="*" streamCode="HGZ">
  <ns0:station address="http://eida.ethz.ch/fdsnws/station/1/query" priority="1" start="1980-01-01T00:00:00" end="" />
  <ns0:dataselect address="http://eida.ethz.ch/fdsnws/dataselect/1/query" priority="1" start="1980-01-01T00:00:00" end="" />
 </ns0:route>
 <ns0:route networkCode="CH" stationCode="SEMF" locationCode="*" streamCode="HGE">
  <ns0:station address="http://eida.ethz.ch/fdsnws/station/1/query" priority="1" start="1980-01-01T00:00:00" end="" />
  <ns0:dataselect address="http://eida.ethz.ch/fdsnws/dataselect/1/query" priority="1" start="1980-01-01T00:00:00" end="" />
 </ns0:route>
 <ns0:route networkCode="CH" stationCode="EMV" locationCode="*" streamCode="LHE">
  <ns0:station address="http://eida.ethz.ch/fdsnws/station/1/query" priority="1" start="1980-01-01T00:00:00" end="" />
  <ns0:dataselect address="http://eida.ethz.ch/fdsnws/dataselect/1/query" priority="1" start="1980-01-01T00:00:00" end="" />
 </ns0:route>
 <ns0:route networkCode="CH" stationCode="SBET" locationCode="*" streamCode="HGN">
  <ns0:station address="http://eida.ethz.ch/fdsnws/station/1/query" priority="1" start="1980-01-01T00:00:00" end="" />
  <ns0:dataselect address="http://eida.ethz.ch/fdsnws/dataselect/1/query" priority="1" start="1980-01-01T00:00:00" end="" />
 </ns0:route>
 <ns0:route networkCode="PM" stationCode="*" locationCode="*" streamCode="*">
  <ns0:station address="http://geofon.gfz-potsdam.de/fdsnws/station/1/query" priority="1" start="1980-01-01T00:00:00" end="" />
  <ns0:dataselect address="http://geofon.gfz-potsdam.de/fdsnws/dataselect/1/query" priority="1" start="1980-01-01T00:00:00" end="" />
 </ns0:route>
 <ns0:route networkCode="CH" stationCode="SCUT" locationCode="*" streamCode="HGN">
  <ns0:station address="http://eida.ethz.ch/fdsnws/station/1/query" priority="1" start="1980-01-01T00:00:00" end="" />
  <ns0:dataselect address="http://eida.ethz.ch/fdsnws/dataselect/1/query" priority="1" start="1980-01-01T00:00:00" end="" />
 </ns0:route>
 <ns0:route networkCode="CH" stationCode="HAMIK" locationCode="*" streamCode="EHZ">
  <ns0:station address="http://eida.ethz.ch/fdsnws/station/1/query" priority="1" start="1980-01-01T00:00:00" end="" />
  <ns0:dataselect address="http://eida.ethz.ch/fdsnws/dataselect/1/query" priority="1" start="1980-01-01T00:00:00" end="" />
 </ns0:route>
 <ns0:route networkCode="CH" stationCode="SBIF" locationCode="*" streamCode="HGZ">
  <ns0:station address="http://eida.ethz.ch/fdsnws/station/1/query" priority="1" start="1980-01-01T00:00:00" end="" />
  <ns0:dataselect address="http://eida.ethz.ch/fdsnws/dataselect/1/query" priority="1" start="1980-01-01T00:00:00" end="" />
 </ns0:route>
 <ns0:route networkCode="CH" stationCode="BERNI" locationCode="*" streamCode="HHN">
  <ns0:station address="http://eida.ethz.ch/fdsnws/station/1/query" priority="1" start="1980-01-01T00:00:00" end="" />
  <ns0:dataselect address="http://eida.ethz.ch/fdsnws/dataselect/1/query" priority="1" start="1980-01-01T00:00:00" end="" />
 </ns0:route>
 <ns0:route networkCode="CH" stationCode="SULZ" locationCode="*" streamCode="HGE">
  <ns0:station address="http://eida.ethz.ch/fdsnws/station/1/query" priority="1" start="1980-01-01T00:00:00" end="" />
  <ns0:dataselect address="http://eida.ethz.ch/fdsnws/dataselect/1/query" priority="1" start="1980-01-01T00:00:00" end="" />
 </ns0:route>
 <ns0:route networkCode="CH" stationCode="SALT" locationCode="*" streamCode="HGN">
  <ns0:station address="http://eida.ethz.ch/fdsnws/station/1/query" priority="1" start="1980-01-01T00:00:00" end="" />
  <ns0:dataselect address="http://eida.ethz.ch/fdsnws/dataselect/1/query" priority="1" start="1980-01-01T00:00:00" end="" />
 </ns0:route>
 <ns0:route networkCode="CH" stationCode="SBET" locationCode="*" streamCode="HGZ">
  <ns0:station address="http://eida.ethz.ch/fdsnws/station/1/query" priority="1" start="1980-01-01T00:00:00" end="" />
  <ns0:dataselect address="http://eida.ethz.ch/fdsnws/dataselect/1/query" priority="1" start="1980-01-01T00:00:00" end="" />
 </ns0:route>
 <ns0:route networkCode="CH" stationCode="SKEH" locationCode="*" streamCode="HGE">
  <ns0:station address="http://eida.ethz.ch/fdsnws/station/1/query" priority="1" start="1980-01-01T00:00:00" end="" />
  <ns0:dataselect address="http://eida.ethz.ch/fdsnws/dataselect/1/query" priority="1" start="1980-01-01T00:00:00" end="" />
 </ns0:route>
 <ns0:route networkCode="CH" stationCode="OTER1" locationCode="*" streamCode="HH3">
  <ns0:station address="http://eida.ethz.ch/fdsnws/station/1/query" priority="1" start="1980-01-01T00:00:00" end="" />
  <ns0:dataselect address="http://eida.ethz.ch/fdsnws/dataselect/1/query" priority="1" start="1980-01-01T00:00:00" end="" />
 </ns0:route>
 <ns0:route networkCode="CH" stationCode="SMFL" locationCode="*" streamCode="HGZ">
  <ns0:station address="http://eida.ethz.ch/fdsnws/station/1/query" priority="1" start="1980-01-01T00:00:00" end="" />
  <ns0:dataselect address="http://eida.ethz.ch/fdsnws/dataselect/1/query" priority="1" start="1980-01-01T00:00:00" end="" />
 </ns0:route>
 <ns0:route networkCode="CH" stationCode="SKLW" locationCode="*" streamCode="HGN">
  <ns0:station address="http://eida.ethz.ch/fdsnws/station/1/query" priority="1" start="1980-01-01T00:00:00" end="" />
  <ns0:dataselect address="http://eida.ethz.ch/fdsnws/dataselect/1/query" priority="1" start="1980-01-01T00:00:00" end="" />
 </ns0:route>
 <ns0:route networkCode="CH" stationCode="MMK" locationCode="*" streamCode="LHN">
  <ns0:station address="http://eida.ethz.ch/fdsnws/station/1/query" priority="1" start="1980-01-01T00:00:00" end="" />
  <ns0:dataselect address="http://eida.ethz.ch/fdsnws/dataselect/1/query" priority="1" start="1980-01-01T00:00:00" end="" />
 </ns0:route>
 <ns0:route networkCode="CH" stationCode="BOBI" locationCode="*" streamCode="EHZ">
  <ns0:station address="http://eida.ethz.ch/fdsnws/station/1/query" priority="1" start="1980-01-01T00:00:00" end="" />
  <ns0:dataselect address="http://eida.ethz.ch/fdsnws/dataselect/1/query" priority="1" start="1980-01-01T00:00:00" end="" />
 </ns0:route>
 <ns0:route networkCode="CH" stationCode="LKBD2" locationCode="*" streamCode="HHZ">
  <ns0:station address="http://eida.ethz.ch/fdsnws/station/1/query" priority="1" start="1980-01-01T00:00:00" end="" />
  <ns0:dataselect address="http://eida.ethz.ch/fdsnws/dataselect/1/query" priority="1" start="1980-01-01T00:00:00" end="" />
 </ns0:route>
 <ns0:route networkCode="EE" stationCode="*" locationCode="*" streamCode="*">
  <ns0:station address="http://geofon.gfz-potsdam.de/fdsnws/station/1/query" priority="1" start="1980-01-01T00:00:00" end="" />
  <ns0:dataselect address="http://geofon.gfz-potsdam.de/fdsnws/dataselect/1/query" priority="1" start="1980-01-01T00:00:00" end="" />
 </ns0:route>
 <ns0:route networkCode="CH" stationCode="SBAM2" locationCode="*" streamCode="HGE">
  <ns0:station address="http://eida.ethz.ch/fdsnws/station/1/query" priority="1" start="1980-01-01T00:00:00" end="" />
  <ns0:dataselect address="http://eida.ethz.ch/fdsnws/dataselect/1/query" priority="1" start="1980-01-01T00:00:00" end="" />
 </ns0:route>
 <ns0:route networkCode="CH" stationCode="SCHK" locationCode="*" streamCode="HGE">
  <ns0:station address="http://eida.ethz.ch/fdsnws/station/1/query" priority="1" start="1980-01-01T00:00:00" end="" />
  <ns0:dataselect address="http://eida.ethz.ch/fdsnws/dataselect/1/query" priority="1" start="1980-01-01T00:00:00" end="" />
 </ns0:route>
 <ns0:route networkCode="CH" stationCode="MUO" locationCode="*" streamCode="HHE">
  <ns0:station address="http://eida.ethz.ch/fdsnws/station/1/query" priority="1" start="1980-01-01T00:00:00" end="" />
  <ns0:dataselect address="http://eida.ethz.ch/fdsnws/dataselect/1/query" priority="1" start="1980-01-01T00:00:00" end="" />
 </ns0:route>
 <ns0:route networkCode="CH" stationCode="DAGMA" locationCode="*" streamCode="HHN">
  <ns0:station address="http://eida.ethz.ch/fdsnws/station/1/query" priority="1" start="1980-01-01T00:00:00" end="" />
  <ns0:dataselect address="http://eida.ethz.ch/fdsnws/dataselect/1/query" priority="1" start="1980-01-01T00:00:00" end="" />
 </ns0:route>
 <ns0:route networkCode="ZH" stationCode="*" locationCode="*" streamCode="*">
  <ns0:station address="http://ws.resif.fr/fdsnws/station/1/query" priority="1" start="2003-01-01T00:00:00" end="2003-12-31T00:00:00" />
  <ns0:dataselect address="http://ws.resif.fr/fdsnws/dataselect/1/query" priority="1" start="2003-01-01T00:00:00" end="2003-12-31T00:00:00" />
 </ns0:route>
 <ns0:route networkCode="CH" stationCode="SBAT" locationCode="*" streamCode="HGZ">
  <ns0:station address="http://eida.ethz.ch/fdsnws/station/1/query" priority="1" start="1980-01-01T00:00:00" end="" />
  <ns0:dataselect address="http://eida.ethz.ch/fdsnws/dataselect/1/query" priority="1" start="1980-01-01T00:00:00" end="" />
 </ns0:route>
 <ns0:route networkCode="XF" stationCode="*" locationCode="*" streamCode="*">
  <ns0:station address="http://geofon.gfz-potsdam.de/fdsnws/station/1/query" priority="1" start="1997-07-01T00:00:00" end="1999-06-30T00:00:00" />
  <ns0:dataselect address="http://geofon.gfz-potsdam.de/fdsnws/dataselect/1/query" priority="1" start="1997-07-01T00:00:00" end="1999-06-30T00:00:00" />
 </ns0:route>
 <ns0:route networkCode="CH" stationCode="LLS" locationCode="*" streamCode="HGZ">
  <ns0:station address="http://eida.ethz.ch/fdsnws/station/1/query" priority="1" start="1980-01-01T00:00:00" end="" />
  <ns0:dataselect address="http://eida.ethz.ch/fdsnws/dataselect/1/query" priority="1" start="1980-01-01T00:00:00" end="" />
 </ns0:route>
 <ns0:route networkCode="CH" stationCode="EMV" locationCode="*" streamCode="HGN">
  <ns0:station address="http://eida.ethz.ch/fdsnws/station/1/query" priority="1" start="1980-01-01T00:00:00" end="" />
  <ns0:dataselect address="http://eida.ethz.ch/fdsnws/dataselect/1/query" priority="1" start="1980-01-01T00:00:00" end="" />
 </ns0:route>
 <ns0:route networkCode="XJ" stationCode="*" locationCode="*" streamCode="*">
  <ns0:station address="http://ws.resif.fr/fdsnws/station/1/query" priority="1" start="2009-01-01T00:00:00" end="2009-12-31T00:00:00" />
  <ns0:dataselect address="http://ws.resif.fr/fdsnws/dataselect/1/query" priority="1" start="2009-01-01T00:00:00" end="2009-12-31T00:00:00" />
 </ns0:route>
 <ns0:route networkCode="CH" stationCode="FIESA" locationCode="*" streamCode="LHE">
  <ns0:station address="http://eida.ethz.ch/fdsnws/station/1/query" priority="1" start="1980-01-01T00:00:00" end="" />
  <ns0:dataselect address="http://eida.ethz.ch/fdsnws/dataselect/1/query" priority="1" start="1980-01-01T00:00:00" end="" />
 </ns0:route>
 <ns0:route networkCode="CH" stationCode="DIX" locationCode="*" streamCode="HHZ">
  <ns0:station address="http://eida.ethz.ch/fdsnws/station/1/query" priority="1" start="1980-01-01T00:00:00" end="" />
  <ns0:dataselect address="http://eida.ethz.ch/fdsnws/dataselect/1/query" priority="1" start="1980-01-01T00:00:00" end="" />
 </ns0:route>
 <ns0:route networkCode="CH" stationCode="BRANT" locationCode="*" streamCode="LHZ">
  <ns0:station address="http://eida.ethz.ch/fdsnws/station/1/query" priority="1" start="1980-01-01T00:00:00" end="" />
  <ns0:dataselect address="http://eida.ethz.ch/fdsnws/dataselect/1/query" priority="1" start="1980-01-01T00:00:00" end="" />
 </ns0:route>
 <ns0:route networkCode="CH" stationCode="BNALP" locationCode="*" streamCode="HHZ">
  <ns0:station address="http://eida.ethz.ch/fdsnws/station/1/query" priority="1" start="1980-01-01T00:00:00" end="" />
  <ns0:dataselect address="http://eida.ethz.ch/fdsnws/dataselect/1/query" priority="1" start="1980-01-01T00:00:00" end="" />
 </ns0:route>
 <ns0:route networkCode="CH" stationCode="EMMET" locationCode="*" streamCode="HHZ">
  <ns0:station address="http://eida.ethz.ch/fdsnws/station/1/query" priority="1" start="1980-01-01T00:00:00" end="" />
  <ns0:dataselect address="http://eida.ethz.ch/fdsnws/dataselect/1/query" priority="1" start="1980-01-01T00:00:00" end="" />
 </ns0:route>
 <ns0:route networkCode="CZ" stationCode="*" locationCode="*" streamCode="*">
  <ns0:station address="http://geofon.gfz-potsdam.de/fdsnws/station/1/query" priority="1" start="1980-01-01T00:00:00" end="" />
  <ns0:dataselect address="http://geofon.gfz-potsdam.de/fdsnws/dataselect/1/query" priority="1" start="1980-01-01T00:00:00" end="" />
 </ns0:route>
 <ns0:route networkCode="BA" stationCode="*" locationCode="*" streamCode="*">
  <ns0:seedlink address="eida.rm.ingv.it:18000" priority="1" start="" end="" />
  <ns0:station address="http://webservices.rm.ingv.it/fdsnws/station/1/query" priority="1" start="1980-01-01T00:00:00" end="" />
  <ns0:dataselect address="http://webservices.rm.ingv.it/fdsnws/dataselect/1/query" priority="1" start="1980-01-01T00:00:00" end="" />
 </ns0:route>
 <ns0:route networkCode="CH" stationCode="SIEB" locationCode="*" streamCode="HGE">
  <ns0:station address="http://eida.ethz.ch/fdsnws/station/1/query" priority="1" start="1980-01-01T00:00:00" end="" />
  <ns0:dataselect address="http://eida.ethz.ch/fdsnws/dataselect/1/query" priority="1" start="1980-01-01T00:00:00" end="" />
 </ns0:route>
 <ns0:route networkCode="SJ" stationCode="*" locationCode="*" streamCode="*">
  <ns0:station address="http://geofon.gfz-potsdam.de/fdsnws/station/1/query" priority="1" start="1980-01-01T00:00:00" end="" />
  <ns0:dataselect address="http://geofon.gfz-potsdam.de/fdsnws/dataselect/1/query" priority="1" start="1980-01-01T00:00:00" end="" />
 </ns0:route>
 <ns0:route networkCode="CH" stationCode="LLS" locationCode="*" streamCode="HGN">
  <ns0:station address="http://eida.ethz.ch/fdsnws/station/1/query" priority="1" start="1980-01-01T00:00:00" end="" />
  <ns0:dataselect address="http://eida.ethz.ch/fdsnws/dataselect/1/query" priority="1" start="1980-01-01T00:00:00" end="" />
 </ns0:route>
 <ns0:route networkCode="CH" stationCode="SGRA" locationCode="*" streamCode="HGZ">
  <ns0:station address="http://eida.ethz.ch/fdsnws/station/1/query" priority="1" start="1980-01-01T00:00:00" end="" />
  <ns0:dataselect address="http://eida.ethz.ch/fdsnws/dataselect/1/query" priority="1" start="1980-01-01T00:00:00" end="" />
 </ns0:route>
 <ns0:route networkCode="CH" stationCode="VDL" locationCode="*" streamCode="LHZ">
  <ns0:station address="http://eida.ethz.ch/fdsnws/station/1/query" priority="1" start="1980-01-01T00:00:00" end="" />
  <ns0:dataselect address="http://eida.ethz.ch/fdsnws/dataselect/1/query" priority="1" start="1980-01-01T00:00:00" end="" />
 </ns0:route>
 <ns0:route networkCode="CH" stationCode="MTI02" locationCode="*" streamCode="HHN">
  <ns0:station address="http://eida.ethz.ch/fdsnws/station/1/query" priority="1" start="1980-01-01T00:00:00" end="" />
  <ns0:dataselect address="http://eida.ethz.ch/fdsnws/dataselect/1/query" priority="1" start="1980-01-01T00:00:00" end="" />
 </ns0:route>
 <ns0:route networkCode="IA" stationCode="*" locationCode="*" streamCode="*">
  <ns0:station address="http://geofon.gfz-potsdam.de/fdsnws/station/1/query" priority="1" start="1980-01-01T00:00:00" end="" />
  <ns0:dataselect address="http://geofon.gfz-potsdam.de/fdsnws/dataselect/1/query" priority="1" start="1980-01-01T00:00:00" end="" />
 </ns0:route>
 <ns0:route networkCode="CH" stationCode="SALAN" locationCode="*" streamCode="EHZ">
  <ns0:station address="http://eida.ethz.ch/fdsnws/station/1/query" priority="1" start="1980-01-01T00:00:00" end="" />
  <ns0:dataselect address="http://eida.ethz.ch/fdsnws/dataselect/1/query" priority="1" start="1980-01-01T00:00:00" end="" />
 </ns0:route>
 <ns0:route networkCode="CH" stationCode="GRIMS" locationCode="*" streamCode="LHE">
  <ns0:station address="http://eida.ethz.ch/fdsnws/station/1/query" priority="1" start="1980-01-01T00:00:00" end="" />
  <ns0:dataselect address="http://eida.ethz.ch/fdsnws/dataselect/1/query" priority="1" start="1980-01-01T00:00:00" end="" />
 </ns0:route>
 <ns0:route networkCode="CH" stationCode="SNES" locationCode="*" streamCode="HGN">
  <ns0:station address="http://eida.ethz.ch/fdsnws/station/1/query" priority="1" start="1980-01-01T00:00:00" end="" />
  <ns0:dataselect address="http://eida.ethz.ch/fdsnws/dataselect/1/query" priority="1" start="1980-01-01T00:00:00" end="" />
 </ns0:route>
 <ns0:route networkCode="CH" stationCode="NALPS" locationCode="*" streamCode="LHE">
  <ns0:station address="http://eida.ethz.ch/fdsnws/station/1/query" priority="1" start="1980-01-01T00:00:00" end="" />
  <ns0:dataselect address="http://eida.ethz.ch/fdsnws/dataselect/1/query" priority="1" start="1980-01-01T00:00:00" end="" />
 </ns0:route>
 <ns0:route networkCode="OE" stationCode="*" locationCode="*" streamCode="*">
  <ns0:station address="http://www.orfeus-eu.org/fdsnws/station/1/query" priority="1" start="1980-01-01T00:00:00" end="" />
  <ns0:dataselect address="http://www.orfeus-eu.org/fdsnws/dataselect/1/query" priority="1" start="1980-01-01T00:00:00" end="" />
 </ns0:route>
 <ns0:route networkCode="CH" stationCode="SEMF" locationCode="*" streamCode="HGZ">
  <ns0:station address="http://eida.ethz.ch/fdsnws/station/1/query" priority="1" start="1980-01-01T00:00:00" end="" />
  <ns0:dataselect address="http://eida.ethz.ch/fdsnws/dataselect/1/query" priority="1" start="1980-01-01T00:00:00" end="" />
 </ns0:route>
 <ns0:route networkCode="CH" stationCode="SM0F" locationCode="*" streamCode="HG2">
  <ns0:station address="http://eida.ethz.ch/fdsnws/station/1/query" priority="1" start="1980-01-01T00:00:00" end="" />
  <ns0:dataselect address="http://eida.ethz.ch/fdsnws/dataselect/1/query" priority="1" start="1980-01-01T00:00:00" end="" />
 </ns0:route>
 <ns0:route networkCode="CH" stationCode="STEIN" locationCode="*" streamCode="EHE">
  <ns0:station address="http://eida.ethz.ch/fdsnws/station/1/query" priority="1" start="1980-01-01T00:00:00" end="" />
  <ns0:dataselect address="http://eida.ethz.ch/fdsnws/dataselect/1/query" priority="1" start="1980-01-01T00:00:00" end="" />
 </ns0:route>
 <ns0:route networkCode="CH" stationCode="SULZ" locationCode="*" streamCode="HHE">
  <ns0:station address="http://eida.ethz.ch/fdsnws/station/1/query" priority="1" start="1980-01-01T00:00:00" end="" />
  <ns0:dataselect address="http://eida.ethz.ch/fdsnws/dataselect/1/query" priority="1" start="1980-01-01T00:00:00" end="" />
 </ns0:route>
 <ns0:route networkCode="BW" stationCode="RTAK" locationCode="*" streamCode="*">
  <ns0:station address="http://erde.geophysik.uni-muenchen.de/fdsnws/station/1/query" priority="1" start="1980-01-01T00:00:00" end="" />
  <ns0:dataselect address="http://erde.geophysik.uni-muenchen.de/fdsnws/dataselect/1/query" priority="1" start="1980-01-01T00:00:00" end="" />
 </ns0:route>
 <ns0:route networkCode="CH" stationCode="SBUM" locationCode="*" streamCode="HGZ">
  <ns0:station address="http://eida.ethz.ch/fdsnws/station/1/query" priority="1" start="1980-01-01T00:00:00" end="" />
  <ns0:dataselect address="http://eida.ethz.ch/fdsnws/dataselect/1/query" priority="1" start="1980-01-01T00:00:00" end="" />
 </ns0:route>
 <ns0:route networkCode="ZZ" stationCode="*" locationCode="*" streamCode="*">
  <ns0:station address="http://geofon.gfz-potsdam.de/fdsnws/station/1/query" priority="1" start="2002-09-01T00:00:00" end="2005-10-20T00:00:00" />
  <ns0:dataselect address="http://geofon.gfz-potsdam.de/fdsnws/dataselect/1/query" priority="1" start="2002-09-01T00:00:00" end="2005-10-20T00:00:00" />
 </ns0:route>
 <ns0:route networkCode="CH" stationCode="MTI02" locationCode="*" streamCode="HHZ">
  <ns0:station address="http://eida.ethz.ch/fdsnws/station/1/query" priority="1" start="1980-01-01T00:00:00" end="" />
  <ns0:dataselect address="http://eida.ethz.ch/fdsnws/dataselect/1/query" priority="1" start="1980-01-01T00:00:00" end="" />
 </ns0:route>
 <ns0:route networkCode="CH" stationCode="SSTS" locationCode="*" streamCode="HGN">
  <ns0:station address="http://eida.ethz.ch/fdsnws/station/1/query" priority="1" start="1980-01-01T00:00:00" end="" />
  <ns0:dataselect address="http://eida.ethz.ch/fdsnws/dataselect/1/query" priority="1" start="1980-01-01T00:00:00" end="" />
 </ns0:route>
 <ns0:route networkCode="CH" stationCode="SNEW" locationCode="*" streamCode="HGE">
  <ns0:station address="http://eida.ethz.ch/fdsnws/station/1/query" priority="1" start="1980-01-01T00:00:00" end="" />
  <ns0:dataselect address="http://eida.ethz.ch/fdsnws/dataselect/1/query" priority="1" start="1980-01-01T00:00:00" end="" />
 </ns0:route>
 <ns0:route networkCode="CH" stationCode="SEML" locationCode="*" streamCode="HGN">
  <ns0:station address="http://eida.ethz.ch/fdsnws/station/1/query" priority="1" start="1980-01-01T00:00:00" end="" />
  <ns0:dataselect address="http://eida.ethz.ch/fdsnws/dataselect/1/query" priority="1" start="1980-01-01T00:00:00" end="" />
 </ns0:route>
 <ns0:route networkCode="CH" stationCode="SBAM" locationCode="*" streamCode="HGE">
  <ns0:station address="http://eida.ethz.ch/fdsnws/station/1/query" priority="1" start="1980-01-01T00:00:00" end="" />
  <ns0:dataselect address="http://eida.ethz.ch/fdsnws/dataselect/1/query" priority="1" start="1980-01-01T00:00:00" end="" />
 </ns0:route>
 <ns0:route networkCode="CH" stationCode="SZUF" locationCode="*" streamCode="HGE">
  <ns0:station address="http://eida.ethz.ch/fdsnws/station/1/query" priority="1" start="1980-01-01T00:00:00" end="" />
  <ns0:dataselect address="http://eida.ethz.ch/fdsnws/dataselect/1/query" priority="1" start="1980-01-01T00:00:00" end="" />
 </ns0:route>
 <ns0:route networkCode="CH" stationCode="MUGIO" locationCode="*" streamCode="LHN">
  <ns0:station address="http://eida.ethz.ch/fdsnws/station/1/query" priority="1" start="1980-01-01T00:00:00" end="" />
  <ns0:dataselect address="http://eida.ethz.ch/fdsnws/dataselect/1/query" priority="1" start="1980-01-01T00:00:00" end="" />
 </ns0:route>
 <ns0:route networkCode="CH" stationCode="OTTER" locationCode="*" streamCode="HGZ">
  <ns0:station address="http://eida.ethz.ch/fdsnws/station/1/query" priority="1" start="1980-01-01T00:00:00" end="" />
  <ns0:dataselect address="http://eida.ethz.ch/fdsnws/dataselect/1/query" priority="1" start="1980-01-01T00:00:00" end="" />
 </ns0:route>
 <ns0:route networkCode="CH" stationCode="SENIN" locationCode="*" streamCode="LHN">
  <ns0:station address="http://eida.ethz.ch/fdsnws/station/1/query" priority="1" start="1980-01-01T00:00:00" end="" />
  <ns0:dataselect address="http://eida.ethz.ch/fdsnws/dataselect/1/query" priority="1" start="1980-01-01T00:00:00" end="" />
 </ns0:route>
 <ns0:route networkCode="CH" stationCode="SARK" locationCode="*" streamCode="HGZ">
  <ns0:station address="http://eida.ethz.ch/fdsnws/station/1/query" priority="1" start="1980-01-01T00:00:00" end="" />
  <ns0:dataselect address="http://eida.ethz.ch/fdsnws/dataselect/1/query" priority="1" start="1980-01-01T00:00:00" end="" />
 </ns0:route>
 <ns0:route networkCode="BW" stationCode="RTBE" locationCode="*" streamCode="*">
  <ns0:seedlink address="141.84.11.2:18000" priority="1" start="" end="" />
  <ns0:station address="http://erde.geophysik.uni-muenchen.de/fdsnws/station/1/query" priority="1" start="1980-01-01T00:00:00" end="" />
  <ns0:dataselect address="http://erde.geophysik.uni-muenchen.de/fdsnws/dataselect/1/query" priority="1" start="1980-01-01T00:00:00" end="" />
 </ns0:route>
 <ns0:route networkCode="CH" stationCode="SLTM" locationCode="*" streamCode="HGZ">
  <ns0:station address="http://eida.ethz.ch/fdsnws/station/1/query" priority="1" start="1980-01-01T00:00:00" end="" />
  <ns0:dataselect address="http://eida.ethz.ch/fdsnws/dataselect/1/query" priority="1" start="1980-01-01T00:00:00" end="" />
 </ns0:route>
 <ns0:route networkCode="CH" stationCode="GIMEL" locationCode="*" streamCode="LHN">
  <ns0:station address="http://eida.ethz.ch/fdsnws/station/1/query" priority="1" start="1980-01-01T00:00:00" end="" />
  <ns0:dataselect address="http://eida.ethz.ch/fdsnws/dataselect/1/query" priority="1" start="1980-01-01T00:00:00" end="" />
 </ns0:route>
 <ns0:route networkCode="CH" stationCode="SBUA" locationCode="*" streamCode="HGZ">
  <ns0:station address="http://eida.ethz.ch/fdsnws/station/1/query" priority="1" start="1980-01-01T00:00:00" end="" />
  <ns0:dataselect address="http://eida.ethz.ch/fdsnws/dataselect/1/query" priority="1" start="1980-01-01T00:00:00" end="" />
 </ns0:route>
 <ns0:route networkCode="CH" stationCode="SEML" locationCode="*" streamCode="HGZ">
  <ns0:station address="http://eida.ethz.ch/fdsnws/station/1/query" priority="1" start="1980-01-01T00:00:00" end="" />
  <ns0:dataselect address="http://eida.ethz.ch/fdsnws/dataselect/1/query" priority="1" start="1980-01-01T00:00:00" end="" />
 </ns0:route>
 <ns0:route networkCode="CH" stationCode="LIENZ" locationCode="*" streamCode="HHE">
  <ns0:station address="http://eida.ethz.ch/fdsnws/station/1/query" priority="1" start="1980-01-01T00:00:00" end="" />
  <ns0:dataselect address="http://eida.ethz.ch/fdsnws/dataselect/1/query" priority="1" start="1980-01-01T00:00:00" end="" />
 </ns0:route>
 <ns0:route networkCode="CH" stationCode="MUGIO" locationCode="*" streamCode="LHZ">
  <ns0:station address="http://eida.ethz.ch/fdsnws/station/1/query" priority="1" start="1980-01-01T00:00:00" end="" />
  <ns0:dataselect address="http://eida.ethz.ch/fdsnws/dataselect/1/query" priority="1" start="1980-01-01T00:00:00" end="" />
 </ns0:route>
 <ns0:route networkCode="CH" stationCode="SMZA" locationCode="*" streamCode="HGN">
  <ns0:station address="http://eida.ethz.ch/fdsnws/station/1/query" priority="1" start="1980-01-01T00:00:00" end="" />
  <ns0:dataselect address="http://eida.ethz.ch/fdsnws/dataselect/1/query" priority="1" start="1980-01-01T00:00:00" end="" />
 </ns0:route>
 <ns0:route networkCode="VI" stationCode="*" locationCode="*" streamCode="*">
  <ns0:station address="http://www.orfeus-eu.org/fdsnws/station/1/query" priority="1" start="1980-01-01T00:00:00" end="" />
  <ns0:dataselect address="http://www.orfeus-eu.org/fdsnws/dataselect/1/query" priority="1" start="1980-01-01T00:00:00" end="" />
 </ns0:route>
 <ns0:route networkCode="CH" stationCode="MMK" locationCode="*" streamCode="HGN">
  <ns0:station address="http://eida.ethz.ch/fdsnws/station/1/query" priority="1" start="1980-01-01T00:00:00" end="" />
  <ns0:dataselect address="http://eida.ethz.ch/fdsnws/dataselect/1/query" priority="1" start="1980-01-01T00:00:00" end="" />
 </ns0:route>
 <ns0:route networkCode="CH" stationCode="AIGLE" locationCode="*" streamCode="LHN">
  <ns0:station address="http://eida.ethz.ch/fdsnws/station/1/query" priority="1" start="1980-01-01T00:00:00" end="" />
  <ns0:dataselect address="http://eida.ethz.ch/fdsnws/dataselect/1/query" priority="1" start="1980-01-01T00:00:00" end="" />
 </ns0:route>
 <ns0:route networkCode="BW" stationCode="DHFO" locationCode="*" streamCode="*">
  <ns0:seedlink address="141.84.11.2:18000" priority="1" start="" end="" />
  <ns0:station address="http://erde.geophysik.uni-muenchen.de/fdsnws/station/1/query" priority="1" start="1980-01-01T00:00:00" end="" />
  <ns0:dataselect address="http://erde.geophysik.uni-muenchen.de/fdsnws/dataselect/1/query" priority="1" start="1980-01-01T00:00:00" end="" />
 </ns0:route>
 <ns0:route networkCode="NL" stationCode="*" locationCode="*" streamCode="*">
  <ns0:station address="http://www.orfeus-eu.org/fdsnws/station/1/query" priority="1" start="1980-01-01T00:00:00" end="" />
  <ns0:dataselect address="http://www.orfeus-eu.org/fdsnws/dataselect/1/query" priority="1" start="1980-01-01T00:00:00" end="" />
 </ns0:route>
 <ns0:route networkCode="7A" stationCode="*" locationCode="*" streamCode="*">
  <ns0:station address="http://geofon.gfz-potsdam.de/fdsnws/station/1/query" priority="1" start="2008-05-07T00:00:00" end="2008-10-17T00:00:00" />
  <ns0:dataselect address="http://geofon.gfz-potsdam.de/fdsnws/dataselect/1/query" priority="1" start="2008-05-07T00:00:00" end="2008-10-17T00:00:00" />
 </ns0:route>
 <ns0:route networkCode="CH" stationCode="SCUC" locationCode="*" streamCode="HGE">
  <ns0:station address="http://eida.ethz.ch/fdsnws/station/1/query" priority="1" start="1980-01-01T00:00:00" end="" />
  <ns0:dataselect address="http://eida.ethz.ch/fdsnws/dataselect/1/query" priority="1" start="1980-01-01T00:00:00" end="" />
 </ns0:route>
 <ns0:route networkCode="CH" stationCode="SAYF2" locationCode="*" streamCode="HGZ">
  <ns0:station address="http://eida.ethz.ch/fdsnws/station/1/query" priority="1" start="1980-01-01T00:00:00" end="" />
  <ns0:dataselect address="http://eida.ethz.ch/fdsnws/dataselect/1/query" priority="1" start="1980-01-01T00:00:00" end="" />
 </ns0:route>
 <ns0:route networkCode="CH" stationCode="ACB" locationCode="*" streamCode="EHZ">
  <ns0:station address="http://eida.ethz.ch/fdsnws/station/1/query" priority="1" start="1980-01-01T00:00:00" end="" />
  <ns0:dataselect address="http://eida.ethz.ch/fdsnws/dataselect/1/query" priority="1" start="1980-01-01T00:00:00" end="" />
 </ns0:route>
 <ns0:route networkCode="SK" stationCode="*" locationCode="*" streamCode="*">
  <ns0:station address="http://geofon.gfz-potsdam.de/fdsnws/station/1/query" priority="1" start="1980-01-01T00:00:00" end="" />
  <ns0:dataselect address="http://geofon.gfz-potsdam.de/fdsnws/dataselect/1/query" priority="1" start="1980-01-01T00:00:00" end="" />
 </ns0:route>
 <ns0:route networkCode="CH" stationCode="MMK" locationCode="*" streamCode="HGZ">
  <ns0:station address="http://eida.ethz.ch/fdsnws/station/1/query" priority="1" start="1980-01-01T00:00:00" end="" />
  <ns0:dataselect address="http://eida.ethz.ch/fdsnws/dataselect/1/query" priority="1" start="1980-01-01T00:00:00" end="" />
 </ns0:route>
 <ns0:route networkCode="CH" stationCode="OTER1" locationCode="*" streamCode="LH3">
  <ns0:station address="http://eida.ethz.ch/fdsnws/station/1/query" priority="1" start="1980-01-01T00:00:00" end="" />
  <ns0:dataselect address="http://eida.ethz.ch/fdsnws/dataselect/1/query" priority="1" start="1980-01-01T00:00:00" end="" />
 </ns0:route>
 <ns0:route networkCode="CH" stationCode="WILA" locationCode="*" streamCode="LHN">
  <ns0:station address="http://eida.ethz.ch/fdsnws/station/1/query" priority="1" start="1980-01-01T00:00:00" end="" />
  <ns0:dataselect address="http://eida.ethz.ch/fdsnws/dataselect/1/query" priority="1" start="1980-01-01T00:00:00" end="" />
 </ns0:route>
 <ns0:route networkCode="CH" stationCode="SAYF2" locationCode="*" streamCode="HGN">
  <ns0:station address="http://eida.ethz.ch/fdsnws/station/1/query" priority="1" start="1980-01-01T00:00:00" end="" />
  <ns0:dataselect address="http://eida.ethz.ch/fdsnws/dataselect/1/query" priority="1" start="1980-01-01T00:00:00" end="" />
 </ns0:route>
 <ns0:route networkCode="4C" stationCode="*" locationCode="*" streamCode="*">
  <ns0:station address="http://geofon.gfz-potsdam.de/fdsnws/station/1/query" priority="1" start="2011-09-15T00:00:00" end="2012-04-20T23:59:00" />
  <ns0:dataselect address="http://geofon.gfz-potsdam.de/fdsnws/dataselect/1/query" priority="1" start="2011-09-15T00:00:00" end="2012-04-20T23:59:00" />
 </ns0:route>
 <ns0:route networkCode="CH" stationCode="ZUR" locationCode="*" streamCode="HHN">
  <ns0:station address="http://eida.ethz.ch/fdsnws/station/1/query" priority="1" start="1980-01-01T00:00:00" end="" />
  <ns0:dataselect address="http://eida.ethz.ch/fdsnws/dataselect/1/query" priority="1" start="1980-01-01T00:00:00" end="" />
 </ns0:route>
 <ns0:route networkCode="1B" stationCode="*" locationCode="*" streamCode="*">
  <ns0:station address="http://geofon.gfz-potsdam.de/fdsnws/station/1/query" priority="1" start="2006-04-03T00:00:00" end="2008-12-31T00:00:00" />
  <ns0:dataselect address="http://geofon.gfz-potsdam.de/fdsnws/dataselect/1/query" priority="1" start="2006-04-03T00:00:00" end="2008-12-31T00:00:00" />
 </ns0:route>
 <ns0:route networkCode="CH" stationCode="SLE" locationCode="*" streamCode="LHZ">
  <ns0:station address="http://eida.ethz.ch/fdsnws/station/1/query" priority="1" start="1980-01-01T00:00:00" end="" />
  <ns0:dataselect address="http://eida.ethz.ch/fdsnws/dataselect/1/query" priority="1" start="1980-01-01T00:00:00" end="" />
 </ns0:route>
 <ns0:route networkCode="CH" stationCode="VANNI" locationCode="*" streamCode="HHZ">
  <ns0:station address="http://eida.ethz.ch/fdsnws/station/1/query" priority="1" start="1980-01-01T00:00:00" end="" />
  <ns0:dataselect address="http://eida.ethz.ch/fdsnws/dataselect/1/query" priority="1" start="1980-01-01T00:00:00" end="" />
 </ns0:route>
 <ns0:route networkCode="CH" stationCode="SMAF" locationCode="*" streamCode="HG3">
  <ns0:station address="http://eida.ethz.ch/fdsnws/station/1/query" priority="1" start="1980-01-01T00:00:00" end="" />
  <ns0:dataselect address="http://eida.ethz.ch/fdsnws/dataselect/1/query" priority="1" start="1980-01-01T00:00:00" end="" />
 </ns0:route>
 <ns0:route networkCode="CH" stationCode="SNES2" locationCode="*" streamCode="HGZ">
  <ns0:station address="http://eida.ethz.ch/fdsnws/station/1/query" priority="1" start="1980-01-01T00:00:00" end="" />
  <ns0:dataselect address="http://eida.ethz.ch/fdsnws/dataselect/1/query" priority="1" start="1980-01-01T00:00:00" end="" />
 </ns0:route>
 <ns0:route networkCode="CH" stationCode="SBEA" locationCode="*" streamCode="HGN">
  <ns0:station address="http://eida.ethz.ch/fdsnws/station/1/query" priority="1" start="1980-01-01T00:00:00" end="" />
  <ns0:dataselect address="http://eida.ethz.ch/fdsnws/dataselect/1/query" priority="1" start="1980-01-01T00:00:00" end="" />
 </ns0:route>
 <ns0:route networkCode="OV" stationCode="*" locationCode="*" streamCode="*">
  <ns0:seedlink address="eida.rm.ingv.it:18000" priority="1" start="" end="" />
  <ns0:station address="http://webservices.rm.ingv.it/fdsnws/station/1/query" priority="1" start="1980-01-01T00:00:00" end="" />
  <ns0:dataselect address="http://webservices.rm.ingv.it/fdsnws/dataselect/1/query" priority="1" start="1980-01-01T00:00:00" end="" />
 </ns0:route>
 <ns0:route networkCode="4C" stationCode="KES20" locationCode="*" streamCode="HNN">
  <ns0:station address="http://geofon.gfz-potsdam.de/fdsnws/station/1/query" priority="2" start="2011-09-15T00:00:00" end="2012-04-20T23:59:00" />
  <ns0:dataselect address="http://geofon.gfz-potsdam.de/fdsnws/dataselect/1/query" priority="2" start="2011-09-15T00:00:00" end="2012-04-20T23:59:00" />
 </ns0:route>
 <ns0:route networkCode="CH" stationCode="SALT" locationCode="*" streamCode="HGZ">
  <ns0:station address="http://eida.ethz.ch/fdsnws/station/1/query" priority="1" start="1980-01-01T00:00:00" end="" />
  <ns0:dataselect address="http://eida.ethz.ch/fdsnws/dataselect/1/query" priority="1" start="1980-01-01T00:00:00" end="" />
 </ns0:route>
 <ns0:route networkCode="CH" stationCode="LAUCH" locationCode="*" streamCode="LHZ">
  <ns0:station address="http://eida.ethz.ch/fdsnws/station/1/query" priority="1" start="1980-01-01T00:00:00" end="" />
  <ns0:dataselect address="http://eida.ethz.ch/fdsnws/dataselect/1/query" priority="1" start="1980-01-01T00:00:00" end="" />
 </ns0:route>
 <ns0:route networkCode="CH" stationCode="ZUR" locationCode="*" streamCode="HHZ">
  <ns0:station address="http://eida.ethz.ch/fdsnws/station/1/query" priority="1" start="1980-01-01T00:00:00" end="" />
  <ns0:dataselect address="http://eida.ethz.ch/fdsnws/dataselect/1/query" priority="1" start="1980-01-01T00:00:00" end="" />
 </ns0:route>
 <ns0:route networkCode="BW" stationCode="RTSL" locationCode="*" streamCode="*">
  <ns0:station address="http://erde.geophysik.uni-muenchen.de/fdsnws/station/1/query" priority="1" start="1980-01-01T00:00:00" end="" />
  <ns0:dataselect address="http://erde.geophysik.uni-muenchen.de/fdsnws/dataselect/1/query" priority="1" start="1980-01-01T00:00:00" end="" />
 </ns0:route>
 <ns0:route networkCode="CH" stationCode="BRANT" locationCode="*" streamCode="LHN">
  <ns0:station address="http://eida.ethz.ch/fdsnws/station/1/query" priority="1" start="1980-01-01T00:00:00" end="" />
  <ns0:dataselect address="http://eida.ethz.ch/fdsnws/dataselect/1/query" priority="1" start="1980-01-01T00:00:00" end="" />
 </ns0:route>
 <ns0:route networkCode="CH" stationCode="SCEL" locationCode="*" streamCode="HGN">
  <ns0:station address="http://eida.ethz.ch/fdsnws/station/1/query" priority="1" start="1980-01-01T00:00:00" end="" />
  <ns0:dataselect address="http://eida.ethz.ch/fdsnws/dataselect/1/query" priority="1" start="1980-01-01T00:00:00" end="" />
 </ns0:route>
 <ns0:route networkCode="BW" stationCode="RTSH" locationCode="*" streamCode="*">
  <ns0:seedlink address="141.84.11.2:18000" priority="1" start="" end="" />
  <ns0:station address="http://erde.geophysik.uni-muenchen.de/fdsnws/station/1/query" priority="1" start="1980-01-01T00:00:00" end="" />
  <ns0:dataselect address="http://erde.geophysik.uni-muenchen.de/fdsnws/dataselect/1/query" priority="1" start="1980-01-01T00:00:00" end="" />
 </ns0:route>
 <ns0:route networkCode="CH" stationCode="SIMPL" locationCode="*" streamCode="LHE">
  <ns0:station address="http://eida.ethz.ch/fdsnws/station/1/query" priority="1" start="1980-01-01T00:00:00" end="" />
  <ns0:dataselect address="http://eida.ethz.ch/fdsnws/dataselect/1/query" priority="1" start="1980-01-01T00:00:00" end="" />
 </ns0:route>
 <ns0:route networkCode="BW" stationCode="BE2" locationCode="*" streamCode="*">
  <ns0:seedlink address="141.84.11.2:18000" priority="1" start="" end="" />
  <ns0:station address="http://erde.geophysik.uni-muenchen.de/fdsnws/station/1/query" priority="1" start="1980-01-01T00:00:00" end="" />
  <ns0:dataselect address="http://erde.geophysik.uni-muenchen.de/fdsnws/dataselect/1/query" priority="1" start="1980-01-01T00:00:00" end="" />
 </ns0:route>
 <ns0:route networkCode="CH" stationCode="SZUF" locationCode="*" streamCode="HGZ">
  <ns0:station address="http://eida.ethz.ch/fdsnws/station/1/query" priority="1" start="1980-01-01T00:00:00" end="" />
  <ns0:dataselect address="http://eida.ethz.ch/fdsnws/dataselect/1/query" priority="1" start="1980-01-01T00:00:00" end="" />
 </ns0:route>
 <ns0:route networkCode="BW" stationCode="BE4" locationCode="*" streamCode="*">
  <ns0:seedlink address="141.84.11.2:18000" priority="1" start="" end="" />
  <ns0:station address="http://erde.geophysik.uni-muenchen.de/fdsnws/station/1/query" priority="1" start="1980-01-01T00:00:00" end="" />
  <ns0:dataselect address="http://erde.geophysik.uni-muenchen.de/fdsnws/dataselect/1/query" priority="1" start="1980-01-01T00:00:00" end="" />
 </ns0:route>
 <ns0:route networkCode="CH" stationCode="BIBA" locationCode="*" streamCode="HGZ">
  <ns0:station address="http://eida.ethz.ch/fdsnws/station/1/query" priority="1" start="1980-01-01T00:00:00" end="" />
  <ns0:dataselect address="http://eida.ethz.ch/fdsnws/dataselect/1/query" priority="1" start="1980-01-01T00:00:00" end="" />
 </ns0:route>
 <ns0:route networkCode="CH" stationCode="PLONS" locationCode="*" streamCode="HHN">
  <ns0:station address="http://eida.ethz.ch/fdsnws/station/1/query" priority="1" start="1980-01-01T00:00:00" end="" />
  <ns0:dataselect address="http://eida.ethz.ch/fdsnws/dataselect/1/query" priority="1" start="1980-01-01T00:00:00" end="" />
 </ns0:route>
 <ns0:route networkCode="CH" stationCode="LAUCH" locationCode="*" streamCode="LHN">
  <ns0:station address="http://eida.ethz.ch/fdsnws/station/1/query" priority="1" start="1980-01-01T00:00:00" end="" />
  <ns0:dataselect address="http://eida.ethz.ch/fdsnws/dataselect/1/query" priority="1" start="1980-01-01T00:00:00" end="" />
 </ns0:route>
 <ns0:route networkCode="CH" stationCode="SCHS" locationCode="*" streamCode="HGZ">
  <ns0:station address="http://eida.ethz.ch/fdsnws/station/1/query" priority="1" start="1980-01-01T00:00:00" end="" />
  <ns0:dataselect address="http://eida.ethz.ch/fdsnws/dataselect/1/query" priority="1" start="1980-01-01T00:00:00" end="" />
 </ns0:route>
 <ns0:route networkCode="CH" stationCode="OTTER" locationCode="*" streamCode="HGE">
  <ns0:station address="http://eida.ethz.ch/fdsnws/station/1/query" priority="1" start="1980-01-01T00:00:00" end="" />
  <ns0:dataselect address="http://eida.ethz.ch/fdsnws/dataselect/1/query" priority="1" start="1980-01-01T00:00:00" end="" />
 </ns0:route>
 <ns0:route networkCode="CH" stationCode="SBAJ2" locationCode="*" streamCode="HGZ">
  <ns0:station address="http://eida.ethz.ch/fdsnws/station/1/query" priority="1" start="1980-01-01T00:00:00" end="" />
  <ns0:dataselect address="http://eida.ethz.ch/fdsnws/dataselect/1/query" priority="1" start="1980-01-01T00:00:00" end="" />
 </ns0:route>
 <ns0:route networkCode="NO" stationCode="*" locationCode="*" streamCode="*">
  <ns0:station address="http://www.orfeus-eu.org/fdsnws/station/1/query" priority="1" start="1980-01-01T00:00:00" end="" />
  <ns0:dataselect address="http://www.orfeus-eu.org/fdsnws/dataselect/1/query" priority="1" start="1980-01-01T00:00:00" end="" />
 </ns0:route>
 <ns0:route networkCode="CH" stationCode="SGAG" locationCode="*" streamCode="HGZ">
  <ns0:station address="http://eida.ethz.ch/fdsnws/station/1/query" priority="1" start="1980-01-01T00:00:00" end="" />
  <ns0:dataselect address="http://eida.ethz.ch/fdsnws/dataselect/1/query" priority="1" start="1980-01-01T00:00:00" end="" />
 </ns0:route>
 <ns0:route networkCode="CH" stationCode="SCHS" locationCode="*" streamCode="HGN">
  <ns0:station address="http://eida.ethz.ch/fdsnws/station/1/query" priority="1" start="1980-01-01T00:00:00" end="" />
  <ns0:dataselect address="http://eida.ethz.ch/fdsnws/dataselect/1/query" priority="1" start="1980-01-01T00:00:00" end="" />
 </ns0:route>
 <ns0:route networkCode="EB" stationCode="*" locationCode="*" streamCode="*">
  <ns0:station address="http://www.orfeus-eu.org/fdsnws/station/1/query" priority="1" start="1980-01-01T00:00:00" end="" />
  <ns0:dataselect address="http://www.orfeus-eu.org/fdsnws/dataselect/1/query" priority="1" start="1980-01-01T00:00:00" end="" />
 </ns0:route>
 <ns0:route networkCode="CH" stationCode="SM0F" locationCode="*" streamCode="HG3">
  <ns0:station address="http://eida.ethz.ch/fdsnws/station/1/query" priority="1" start="1980-01-01T00:00:00" end="" />
  <ns0:dataselect address="http://eida.ethz.ch/fdsnws/dataselect/1/query" priority="1" start="1980-01-01T00:00:00" end="" />
 </ns0:route>
 <ns0:route networkCode="ZA" stationCode="*" locationCode="*" streamCode="*">
  <ns0:station address="http://geofon.gfz-potsdam.de/fdsnws/station/1/query" priority="1" start="2002-03-01T00:00:00" end="2004-01-29T00:00:00" />
  <ns0:dataselect address="http://geofon.gfz-potsdam.de/fdsnws/dataselect/1/query" priority="1" start="2002-03-01T00:00:00" end="2004-01-29T00:00:00" />
  <ns0:station address="http://geofon.gfz-potsdam.de/fdsnws/station/1/query" priority="1" start="1996-01-01T00:00:00" end="2000-12-31T00:00:00" />
  <ns0:dataselect address="http://geofon.gfz-potsdam.de/fdsnws/dataselect/1/query" priority="1" start="1996-01-01T00:00:00" end="2000-12-31T00:00:00" />
  <ns0:station address="http://geofon.gfz-potsdam.de/fdsnws/station/1/query" priority="1" start="1994-01-01T00:00:00" end="1994-05-12T00:00:00" />
  <ns0:dataselect address="http://geofon.gfz-potsdam.de/fdsnws/dataselect/1/query" priority="1" start="1994-01-01T00:00:00" end="1994-05-12T00:00:00" />
 </ns0:route>
 <ns0:route networkCode="CH" stationCode="SKLW" locationCode="*" streamCode="HGZ">
  <ns0:station address="http://eida.ethz.ch/fdsnws/station/1/query" priority="1" start="1980-01-01T00:00:00" end="" />
  <ns0:dataselect address="http://eida.ethz.ch/fdsnws/dataselect/1/query" priority="1" start="1980-01-01T00:00:00" end="" />
 </ns0:route>
 <ns0:route networkCode="CH" stationCode="GRIMS" locationCode="*" streamCode="HHN">
  <ns0:station address="http://eida.ethz.ch/fdsnws/station/1/query" priority="1" start="1980-01-01T00:00:00" end="" />
  <ns0:dataselect address="http://eida.ethz.ch/fdsnws/dataselect/1/query" priority="1" start="1980-01-01T00:00:00" end="" />
 </ns0:route>
 <ns0:route networkCode="CH" stationCode="SFEA" locationCode="*" streamCode="HGN">
  <ns0:station address="http://eida.ethz.ch/fdsnws/station/1/query" priority="1" start="1980-01-01T00:00:00" end="" />
  <ns0:dataselect address="http://eida.ethz.ch/fdsnws/dataselect/1/query" priority="1" start="1980-01-01T00:00:00" end="" />
 </ns0:route>
 <ns0:route networkCode="CH" stationCode="FUSIO" locationCode="*" streamCode="HHE">
  <ns0:station address="http://eida.ethz.ch/fdsnws/station/1/query" priority="1" start="1980-01-01T00:00:00" end="" />
  <ns0:dataselect address="http://eida.ethz.ch/fdsnws/dataselect/1/query" priority="1" start="1980-01-01T00:00:00" end="" />
 </ns0:route>
 <ns0:route networkCode="CH" stationCode="SZUZ" locationCode="*" streamCode="HGN">
  <ns0:station address="http://eida.ethz.ch/fdsnws/station/1/query" priority="1" start="1980-01-01T00:00:00" end="" />
  <ns0:dataselect address="http://eida.ethz.ch/fdsnws/dataselect/1/query" priority="1" start="1980-01-01T00:00:00" end="" />
 </ns0:route>
 <ns0:route networkCode="6A" stationCode="*" locationCode="*" streamCode="*">
  <ns0:station address="http://geofon.gfz-potsdam.de/fdsnws/station/1/query" priority="1" start="2008-10-16T00:00:00" end="2009-03-18T00:00:00" />
  <ns0:dataselect address="http://geofon.gfz-potsdam.de/fdsnws/dataselect/1/query" priority="1" start="2008-10-16T00:00:00" end="2009-03-18T00:00:00" />
  <ns0:station address="http://geofon.gfz-potsdam.de/fdsnws/station/1/query" priority="1" start="2010-07-19T00:00:00" end="2012-12-31T00:00:00" />
  <ns0:dataselect address="http://geofon.gfz-potsdam.de/fdsnws/dataselect/1/query" priority="1" start="2010-07-19T00:00:00" end="2012-12-31T00:00:00" />
 </ns0:route>
 <ns0:route networkCode="CH" stationCode="SNIB" locationCode="*" streamCode="HGE">
  <ns0:station address="http://eida.ethz.ch/fdsnws/station/1/query" priority="1" start="1980-01-01T00:00:00" end="" />
  <ns0:dataselect address="http://eida.ethz.ch/fdsnws/dataselect/1/query" priority="1" start="1980-01-01T00:00:00" end="" />
 </ns0:route>
 <ns0:route networkCode="CH" stationCode="GIMEL" locationCode="*" streamCode="HHE">
  <ns0:station address="http://eida.ethz.ch/fdsnws/station/1/query" priority="1" start="1980-01-01T00:00:00" end="" />
  <ns0:dataselect address="http://eida.ethz.ch/fdsnws/dataselect/1/query" priority="1" start="1980-01-01T00:00:00" end="" />
 </ns0:route>
 <ns0:route networkCode="CH" stationCode="MFSFB" locationCode="*" streamCode="HGE">
  <ns0:station address="http://eida.ethz.ch/fdsnws/station/1/query" priority="1" start="1980-01-01T00:00:00" end="" />
  <ns0:dataselect address="http://eida.ethz.ch/fdsnws/dataselect/1/query" priority="1" start="1980-01-01T00:00:00" end="" />
 </ns0:route>
 <ns0:route networkCode="CH" stationCode="HAMIK" locationCode="*" streamCode="HGE">
  <ns0:station address="http://eida.ethz.ch/fdsnws/station/1/query" priority="1" start="1980-01-01T00:00:00" end="" />
  <ns0:dataselect address="http://eida.ethz.ch/fdsnws/dataselect/1/query" priority="1" start="1980-01-01T00:00:00" end="" />
 </ns0:route>
 <ns0:route networkCode="ZO" stationCode="*" locationCode="*" streamCode="*">
  <ns0:station address="http://ws.resif.fr/fdsnws/station/1/query" priority="1" start="2008-01-01T00:00:00" end="2009-12-31T00:00:00" />
  <ns0:dataselect address="http://ws.resif.fr/fdsnws/dataselect/1/query" priority="1" start="2008-01-01T00:00:00" end="2009-12-31T00:00:00" />
  <ns0:station address="http://geofon.gfz-potsdam.de/fdsnws/station/1/query" priority="1" start="2002-01-01T00:00:00" end="2004-11-17T00:00:00" />
  <ns0:dataselect address="http://geofon.gfz-potsdam.de/fdsnws/dataselect/1/query" priority="1" start="2002-01-01T00:00:00" end="2004-11-17T00:00:00" />
 </ns0:route>
 <ns0:route networkCode="CH" stationCode="DIX" locationCode="*" streamCode="HGE">
  <ns0:station address="http://eida.ethz.ch/fdsnws/station/1/query" priority="1" start="1980-01-01T00:00:00" end="" />
  <ns0:dataselect address="http://eida.ethz.ch/fdsnws/dataselect/1/query" priority="1" start="1980-01-01T00:00:00" end="" />
 </ns0:route>
 <ns0:route networkCode="CH" stationCode="SBUM" locationCode="*" streamCode="HGN">
  <ns0:station address="http://eida.ethz.ch/fdsnws/station/1/query" priority="1" start="1980-01-01T00:00:00" end="" />
  <ns0:dataselect address="http://eida.ethz.ch/fdsnws/dataselect/1/query" priority="1" start="1980-01-01T00:00:00" end="" />
 </ns0:route>
 <ns0:route networkCode="9A" stationCode="*" locationCode="*" streamCode="*">
  <ns0:station address="http://geofon.gfz-potsdam.de/fdsnws/station/1/query" priority="1" start="2007-08-15T00:00:00" end="2008-09-30T00:00:00" />
  <ns0:dataselect address="http://geofon.gfz-potsdam.de/fdsnws/dataselect/1/query" priority="1" start="2007-08-15T00:00:00" end="2008-09-30T00:00:00" />
 </ns0:route>
 <ns0:route networkCode="CH" stationCode="TORNY" locationCode="*" streamCode="HHN">
  <ns0:station address="http://eida.ethz.ch/fdsnws/station/1/query" priority="1" start="1980-01-01T00:00:00" end="" />
  <ns0:dataselect address="http://eida.ethz.ch/fdsnws/dataselect/1/query" priority="1" start="1980-01-01T00:00:00" end="" />
 </ns0:route>
 <ns0:route networkCode="CH" stationCode="SMAF" locationCode="*" streamCode="HGZ">
  <ns0:station address="http://eida.ethz.ch/fdsnws/station/1/query" priority="1" start="1980-01-01T00:00:00" end="" />
  <ns0:dataselect address="http://eida.ethz.ch/fdsnws/dataselect/1/query" priority="1" start="1980-01-01T00:00:00" end="" />
 </ns0:route>
 <ns0:route networkCode="CH" stationCode="SBUG" locationCode="*" streamCode="HGZ">
  <ns0:station address="http://eida.ethz.ch/fdsnws/station/1/query" priority="1" start="1980-01-01T00:00:00" end="" />
  <ns0:dataselect address="http://eida.ethz.ch/fdsnws/dataselect/1/query" priority="1" start="1980-01-01T00:00:00" end="" />
 </ns0:route>
 <ns0:route networkCode="CH" stationCode="SZER" locationCode="*" streamCode="HGZ">
  <ns0:station address="http://eida.ethz.ch/fdsnws/station/1/query" priority="1" start="1980-01-01T00:00:00" end="" />
  <ns0:dataselect address="http://eida.ethz.ch/fdsnws/dataselect/1/query" priority="1" start="1980-01-01T00:00:00" end="" />
 </ns0:route>
 <ns0:route networkCode="CH" stationCode="SBUW" locationCode="*" streamCode="HGN">
  <ns0:station address="http://eida.ethz.ch/fdsnws/station/1/query" priority="1" start="1980-01-01T00:00:00" end="" />
  <ns0:dataselect address="http://eida.ethz.ch/fdsnws/dataselect/1/query" priority="1" start="1980-01-01T00:00:00" end="" />
 </ns0:route>
 <ns0:route networkCode="CH" stationCode="EMBD" locationCode="*" streamCode="HHE">
  <ns0:station address="http://eida.ethz.ch/fdsnws/station/1/query" priority="1" start="1980-01-01T00:00:00" end="" />
  <ns0:dataselect address="http://eida.ethz.ch/fdsnws/dataselect/1/query" priority="1" start="1980-01-01T00:00:00" end="" />
 </ns0:route>
 <ns0:route networkCode="CH" stationCode="DIX" locationCode="*" streamCode="HGZ">
  <ns0:station address="http://eida.ethz.ch/fdsnws/station/1/query" priority="1" start="1980-01-01T00:00:00" end="" />
  <ns0:dataselect address="http://eida.ethz.ch/fdsnws/dataselect/1/query" priority="1" start="1980-01-01T00:00:00" end="" />
 </ns0:route>
 <ns0:route networkCode="CH" stationCode="SMZW" locationCode="*" streamCode="HGZ">
  <ns0:station address="http://eida.ethz.ch/fdsnws/station/1/query" priority="1" start="1980-01-01T00:00:00" end="" />
  <ns0:dataselect address="http://eida.ethz.ch/fdsnws/dataselect/1/query" priority="1" start="1980-01-01T00:00:00" end="" />
 </ns0:route>
 <ns0:route networkCode="CH" stationCode="BOURR" locationCode="*" streamCode="LHZ">
  <ns0:station address="http://eida.ethz.ch/fdsnws/station/1/query" priority="1" start="1980-01-01T00:00:00" end="" />
  <ns0:dataselect address="http://eida.ethz.ch/fdsnws/dataselect/1/query" priority="1" start="1980-01-01T00:00:00" end="" />
 </ns0:route>
 <ns0:route networkCode="CH" stationCode="DAVOX" locationCode="*" streamCode="HHZ">
  <ns0:station address="http://eida.ethz.ch/fdsnws/station/1/query" priority="1" start="1980-01-01T00:00:00" end="" />
  <ns0:dataselect address="http://eida.ethz.ch/fdsnws/dataselect/1/query" priority="1" start="1980-01-01T00:00:00" end="" />
 </ns0:route>
 <ns0:route networkCode="CH" stationCode="SBUA" locationCode="*" streamCode="HGE">
  <ns0:station address="http://eida.ethz.ch/fdsnws/station/1/query" priority="1" start="1980-01-01T00:00:00" end="" />
  <ns0:dataselect address="http://eida.ethz.ch/fdsnws/dataselect/1/query" priority="1" start="1980-01-01T00:00:00" end="" />
 </ns0:route>
 <ns0:route networkCode="CH" stationCode="SMAO" locationCode="*" streamCode="HGZ">
  <ns0:station address="http://eida.ethz.ch/fdsnws/station/1/query" priority="1" start="1980-01-01T00:00:00" end="" />
  <ns0:dataselect address="http://eida.ethz.ch/fdsnws/dataselect/1/query" priority="1" start="1980-01-01T00:00:00" end="" />
 </ns0:route>
 <ns0:route networkCode="CH" stationCode="SBUG" locationCode="*" streamCode="HGN">
  <ns0:station address="http://eida.ethz.ch/fdsnws/station/1/query" priority="1" start="1980-01-01T00:00:00" end="" />
  <ns0:dataselect address="http://eida.ethz.ch/fdsnws/dataselect/1/query" priority="1" start="1980-01-01T00:00:00" end="" />
 </ns0:route>
 <ns0:route networkCode="CH" stationCode="SZER" locationCode="*" streamCode="HGN">
  <ns0:station address="http://eida.ethz.ch/fdsnws/station/1/query" priority="1" start="1980-01-01T00:00:00" end="" />
  <ns0:dataselect address="http://eida.ethz.ch/fdsnws/dataselect/1/query" priority="1" start="1980-01-01T00:00:00" end="" />
 </ns0:route>
 <ns0:route networkCode="CH" stationCode="FUSIO" locationCode="*" streamCode="LHE">
  <ns0:station address="http://eida.ethz.ch/fdsnws/station/1/query" priority="1" start="1980-01-01T00:00:00" end="" />
  <ns0:dataselect address="http://eida.ethz.ch/fdsnws/dataselect/1/query" priority="1" start="1980-01-01T00:00:00" end="" />
 </ns0:route>
 <ns0:route networkCode="SX" stationCode="*" locationCode="*" streamCode="*">
  <ns0:seedlink address="eida.bgr.de:18000" priority="1" start="" end="" />
  <ns0:station address="http://eida.bgr.de/fdsnws/station/1/query" priority="1" start="2000-08-02T00:00:00" end="" />
  <ns0:dataselect address="http://eida.bgr.de/fdsnws/dataselect/1/query" priority="1" start="2000-08-02T00:00:00" end="" />
 </ns0:route>
 <ns0:route networkCode="CH" stationCode="LIENZ" locationCode="*" streamCode="LHZ">
  <ns0:station address="http://eida.ethz.ch/fdsnws/station/1/query" priority="1" start="1980-01-01T00:00:00" end="" />
  <ns0:dataselect address="http://eida.ethz.ch/fdsnws/dataselect/1/query" priority="1" start="1980-01-01T00:00:00" end="" />
 </ns0:route>
 <ns0:route networkCode="CH" stationCode="SEMOS" locationCode="*" streamCode="HGE">
  <ns0:station address="http://eida.ethz.ch/fdsnws/station/1/query" priority="1" start="1980-01-01T00:00:00" end="" />
  <ns0:dataselect address="http://eida.ethz.ch/fdsnws/dataselect/1/query" priority="1" start="1980-01-01T00:00:00" end="" />
 </ns0:route>
 <ns0:route networkCode="CH" stationCode="BRANT" locationCode="*" streamCode="HHZ">
  <ns0:station address="http://eida.ethz.ch/fdsnws/station/1/query" priority="1" start="1980-01-01T00:00:00" end="" />
  <ns0:dataselect address="http://eida.ethz.ch/fdsnws/dataselect/1/query" priority="1" start="1980-01-01T00:00:00" end="" />
 </ns0:route>
 <ns0:route networkCode="CH" stationCode="LLS" locationCode="*" streamCode="HHN">
  <ns0:station address="http://eida.ethz.ch/fdsnws/station/1/query" priority="1" start="1980-01-01T00:00:00" end="" />
  <ns0:dataselect address="http://eida.ethz.ch/fdsnws/dataselect/1/query" priority="1" start="1980-01-01T00:00:00" end="" />
 </ns0:route>
 <ns0:route networkCode="BW" stationCode="RTSW" locationCode="*" streamCode="*">
  <ns0:station address="http://erde.geophysik.uni-muenchen.de/fdsnws/station/1/query" priority="1" start="1980-01-01T00:00:00" end="" />
  <ns0:dataselect address="http://erde.geophysik.uni-muenchen.de/fdsnws/dataselect/1/query" priority="1" start="1980-01-01T00:00:00" end="" />
 </ns0:route>
 <ns0:route networkCode="CH" stationCode="WOLEN" locationCode="*" streamCode="HGE">
  <ns0:station address="http://eida.ethz.ch/fdsnws/station/1/query" priority="1" start="1980-01-01T00:00:00" end="" />
  <ns0:dataselect address="http://eida.ethz.ch/fdsnws/dataselect/1/query" priority="1" start="1980-01-01T00:00:00" end="" />
 </ns0:route>
 <ns0:route networkCode="CH" stationCode="DAVOX" locationCode="*" streamCode="HHN">
  <ns0:station address="http://eida.ethz.ch/fdsnws/station/1/query" priority="1" start="1980-01-01T00:00:00" end="" />
  <ns0:dataselect address="http://eida.ethz.ch/fdsnws/dataselect/1/query" priority="1" start="1980-01-01T00:00:00" end="" />
 </ns0:route>
 <ns0:route networkCode="CH" stationCode="SDAS" locationCode="*" streamCode="HGE">
  <ns0:station address="http://eida.ethz.ch/fdsnws/station/1/query" priority="1" start="1980-01-01T00:00:00" end="" />
  <ns0:dataselect address="http://eida.ethz.ch/fdsnws/dataselect/1/query" priority="1" start="1980-01-01T00:00:00" end="" />
 </ns0:route>
 <ns0:route networkCode="CH" stationCode="SENIN" locationCode="*" streamCode="HGE">
  <ns0:station address="http://eida.ethz.ch/fdsnws/station/1/query" priority="1" start="1980-01-01T00:00:00" end="" />
  <ns0:dataselect address="http://eida.ethz.ch/fdsnws/dataselect/1/query" priority="1" start="1980-01-01T00:00:00" end="" />
 </ns0:route>
 <ns0:route networkCode="CH" stationCode="OTER1" locationCode="*" streamCode="HG2">
  <ns0:station address="http://eida.ethz.ch/fdsnws/station/1/query" priority="1" start="1980-01-01T00:00:00" end="" />
  <ns0:dataselect address="http://eida.ethz.ch/fdsnws/dataselect/1/query" priority="1" start="1980-01-01T00:00:00" end="" />
 </ns0:route>
 <ns0:route networkCode="Z4" stationCode="*" locationCode="*" streamCode="*">
  <ns0:station address="http://geofon.gfz-potsdam.de/fdsnws/station/1/query" priority="1" start="2006-09-01T00:00:00" end="2008-03-31T00:00:00" />
  <ns0:dataselect address="http://geofon.gfz-potsdam.de/fdsnws/dataselect/1/query" priority="1" start="2006-09-01T00:00:00" end="2008-03-31T00:00:00" />
 </ns0:route>
 <ns0:route networkCode="CH" stationCode="SAYF" locationCode="*" streamCode="HGN">
  <ns0:station address="http://eida.ethz.ch/fdsnws/station/1/query" priority="1" start="1980-01-01T00:00:00" end="" />
  <ns0:dataselect address="http://eida.ethz.ch/fdsnws/dataselect/1/query" priority="1" start="1980-01-01T00:00:00" end="" />
 </ns0:route>
 <ns0:route networkCode="GB" stationCode="*" locationCode="*" streamCode="*">
  <ns0:station address="http://www.orfeus-eu.org/fdsnws/station/1/query" priority="1" start="1980-01-01T00:00:00" end="" />
  <ns0:dataselect address="http://www.orfeus-eu.org/fdsnws/dataselect/1/query" priority="1" start="1980-01-01T00:00:00" end="" />
 </ns0:route>
 <ns0:route networkCode="CH" stationCode="BNALP" locationCode="*" streamCode="HHN">
  <ns0:station address="http://eida.ethz.ch/fdsnws/station/1/query" priority="1" start="1980-01-01T00:00:00" end="" />
  <ns0:dataselect address="http://eida.ethz.ch/fdsnws/dataselect/1/query" priority="1" start="1980-01-01T00:00:00" end="" />
 </ns0:route>
 <ns0:route networkCode="CH" stationCode="SBAK" locationCode="*" streamCode="HGZ">
  <ns0:station address="http://eida.ethz.ch/fdsnws/station/1/query" priority="1" start="1980-01-01T00:00:00" end="" />
  <ns0:dataselect address="http://eida.ethz.ch/fdsnws/dataselect/1/query" priority="1" start="1980-01-01T00:00:00" end="" />
 </ns0:route>
 <ns0:route networkCode="BW" stationCode="RNHA" locationCode="*" streamCode="*">
  <ns0:station address="http://erde.geophysik.uni-muenchen.de/fdsnws/station/1/query" priority="1" start="1980-01-01T00:00:00" end="" />
  <ns0:dataselect address="http://erde.geophysik.uni-muenchen.de/fdsnws/dataselect/1/query" priority="1" start="1980-01-01T00:00:00" end="" />
 </ns0:route>
 <ns0:route networkCode="CH" stationCode="SCUT" locationCode="*" streamCode="HGE">
  <ns0:station address="http://eida.ethz.ch/fdsnws/station/1/query" priority="1" start="1980-01-01T00:00:00" end="" />
  <ns0:dataselect address="http://eida.ethz.ch/fdsnws/dataselect/1/query" priority="1" start="1980-01-01T00:00:00" end="" />
 </ns0:route>
 <ns0:route networkCode="CH" stationCode="SLUB" locationCode="*" streamCode="HGN">
  <ns0:station address="http://eida.ethz.ch/fdsnws/station/1/query" priority="1" start="1980-01-01T00:00:00" end="" />
  <ns0:dataselect address="http://eida.ethz.ch/fdsnws/dataselect/1/query" priority="1" start="1980-01-01T00:00:00" end="" />
 </ns0:route>
 <ns0:route networkCode="CH" stationCode="SYVJ" locationCode="*" streamCode="HGE">
  <ns0:station address="http://eida.ethz.ch/fdsnws/station/1/query" priority="1" start="1980-01-01T00:00:00" end="" />
  <ns0:dataselect address="http://eida.ethz.ch/fdsnws/dataselect/1/query" priority="1" start="1980-01-01T00:00:00" end="" />
 </ns0:route>
 <ns0:route networkCode="CH" stationCode="SBAF" locationCode="*" streamCode="HGZ">
  <ns0:station address="http://eida.ethz.ch/fdsnws/station/1/query" priority="1" start="1980-01-01T00:00:00" end="" />
  <ns0:dataselect address="http://eida.ethz.ch/fdsnws/dataselect/1/query" priority="1" start="1980-01-01T00:00:00" end="" />
 </ns0:route>
 <ns0:route networkCode="CH" stationCode="LIENZ" locationCode="*" streamCode="LHE">
  <ns0:station address="http://eida.ethz.ch/fdsnws/station/1/query" priority="1" start="1980-01-01T00:00:00" end="" />
  <ns0:dataselect address="http://eida.ethz.ch/fdsnws/dataselect/1/query" priority="1" start="1980-01-01T00:00:00" end="" />
 </ns0:route>
 <ns0:route networkCode="CH" stationCode="STHK" locationCode="*" streamCode="HGN">
  <ns0:station address="http://eida.ethz.ch/fdsnws/station/1/query" priority="1" start="1980-01-01T00:00:00" end="" />
  <ns0:dataselect address="http://eida.ethz.ch/fdsnws/dataselect/1/query" priority="1" start="1980-01-01T00:00:00" end="" />
 </ns0:route>
 <ns0:route networkCode="CH" stationCode="ZUR" locationCode="*" streamCode="LHZ">
  <ns0:station address="http://eida.ethz.ch/fdsnws/station/1/query" priority="1" start="1980-01-01T00:00:00" end="" />
  <ns0:dataselect address="http://eida.ethz.ch/fdsnws/dataselect/1/query" priority="1" start="1980-01-01T00:00:00" end="" />
 </ns0:route>
 <ns0:route networkCode="CH" stationCode="SAIG" locationCode="*" streamCode="HGZ">
  <ns0:station address="http://eida.ethz.ch/fdsnws/station/1/query" priority="1" start="1980-01-01T00:00:00" end="" />
  <ns0:dataselect address="http://eida.ethz.ch/fdsnws/dataselect/1/query" priority="1" start="1980-01-01T00:00:00" end="" />
 </ns0:route>
 <ns0:route networkCode="CH" stationCode="VDL" locationCode="*" streamCode="HHE">
  <ns0:station address="http://eida.ethz.ch/fdsnws/station/1/query" priority="1" start="1980-01-01T00:00:00" end="" />
  <ns0:dataselect address="http://eida.ethz.ch/fdsnws/dataselect/1/query" priority="1" start="1980-01-01T00:00:00" end="" />
 </ns0:route>
 <ns0:route networkCode="AF" stationCode="*" locationCode="*" streamCode="*">
  <ns0:station address="http://geofon.gfz-potsdam.de/fdsnws/station/1/query" priority="1" start="1980-01-01T00:00:00" end="" />
  <ns0:dataselect address="http://geofon.gfz-potsdam.de/fdsnws/dataselect/1/query" priority="1" start="1980-01-01T00:00:00" end="" />
 </ns0:route>
 <ns0:route networkCode="CH" stationCode="BERGE" locationCode="*" streamCode="HHE">
  <ns0:station address="http://eida.ethz.ch/fdsnws/station/1/query" priority="1" start="1980-01-01T00:00:00" end="" />
  <ns0:dataselect address="http://eida.ethz.ch/fdsnws/dataselect/1/query" priority="1" start="1980-01-01T00:00:00" end="" />
 </ns0:route>
 <ns0:route networkCode="CH" stationCode="SLTM2" locationCode="*" streamCode="HGN">
  <ns0:station address="http://eida.ethz.ch/fdsnws/station/1/query" priority="1" start="1980-01-01T00:00:00" end="" />
  <ns0:dataselect address="http://eida.ethz.ch/fdsnws/dataselect/1/query" priority="1" start="1980-01-01T00:00:00" end="" />
 </ns0:route>
 <ns0:route networkCode="CH" stationCode="SCHT" locationCode="*" streamCode="HGZ">
  <ns0:station address="http://eida.ethz.ch/fdsnws/station/1/query" priority="1" start="1980-01-01T00:00:00" end="" />
  <ns0:dataselect address="http://eida.ethz.ch/fdsnws/dataselect/1/query" priority="1" start="1980-01-01T00:00:00" end="" />
 </ns0:route>
 <ns0:route networkCode="CH" stationCode="SKEH" locationCode="*" streamCode="HGN">
  <ns0:station address="http://eida.ethz.ch/fdsnws/station/1/query" priority="1" start="1980-01-01T00:00:00" end="" />
  <ns0:dataselect address="http://eida.ethz.ch/fdsnws/dataselect/1/query" priority="1" start="1980-01-01T00:00:00" end="" />
 </ns0:route>
 <ns0:route networkCode="CH" stationCode="BOURR" locationCode="*" streamCode="LHE">
  <ns0:station address="http://eida.ethz.ch/fdsnws/station/1/query" priority="1" start="1980-01-01T00:00:00" end="" />
  <ns0:dataselect address="http://eida.ethz.ch/fdsnws/dataselect/1/query" priority="1" start="1980-01-01T00:00:00" end="" />
 </ns0:route>
 <ns0:route networkCode="CH" stationCode="SKRK" locationCode="*" streamCode="HGZ">
  <ns0:station address="http://eida.ethz.ch/fdsnws/station/1/query" priority="1" start="1980-01-01T00:00:00" end="" />
  <ns0:dataselect address="http://eida.ethz.ch/fdsnws/dataselect/1/query" priority="1" start="1980-01-01T00:00:00" end="" />
 </ns0:route>
 <ns0:route networkCode="CH" stationCode="SBAF" locationCode="*" streamCode="HGN">
  <ns0:station address="http://eida.ethz.ch/fdsnws/station/1/query" priority="1" start="1980-01-01T00:00:00" end="" />
  <ns0:dataselect address="http://eida.ethz.ch/fdsnws/dataselect/1/query" priority="1" start="1980-01-01T00:00:00" end="" />
 </ns0:route>
 <ns0:route networkCode="CH" stationCode="SOLZ" locationCode="*" streamCode="HGN">
  <ns0:station address="http://eida.ethz.ch/fdsnws/station/1/query" priority="1" start="1980-01-01T00:00:00" end="" />
  <ns0:dataselect address="http://eida.ethz.ch/fdsnws/dataselect/1/query" priority="1" start="1980-01-01T00:00:00" end="" />
 </ns0:route>
 <ns0:route networkCode="CH" stationCode="ZUR" locationCode="*" streamCode="LHN">
  <ns0:station address="http://eida.ethz.ch/fdsnws/station/1/query" priority="1" start="1980-01-01T00:00:00" end="" />
  <ns0:dataselect address="http://eida.ethz.ch/fdsnws/dataselect/1/query" priority="1" start="1980-01-01T00:00:00" end="" />
 </ns0:route>
 <ns0:route networkCode="CH" stationCode="BERNI" locationCode="*" streamCode="HHE">
  <ns0:station address="http://eida.ethz.ch/fdsnws/station/1/query" priority="1" start="1980-01-01T00:00:00" end="" />
  <ns0:dataselect address="http://eida.ethz.ch/fdsnws/dataselect/1/query" priority="1" start="1980-01-01T00:00:00" end="" />
 </ns0:route>
 <ns0:route networkCode="CH" stationCode="SGAS" locationCode="*" streamCode="HG2">
  <ns0:station address="http://eida.ethz.ch/fdsnws/station/1/query" priority="1" start="1980-01-01T00:00:00" end="" />
  <ns0:dataselect address="http://eida.ethz.ch/fdsnws/dataselect/1/query" priority="1" start="1980-01-01T00:00:00" end="" />
 </ns0:route>
 <ns0:route networkCode="CH" stationCode="BOBI" locationCode="*" streamCode="HGZ">
  <ns0:station address="http://eida.ethz.ch/fdsnws/station/1/query" priority="1" start="1980-01-01T00:00:00" end="" />
  <ns0:dataselect address="http://eida.ethz.ch/fdsnws/dataselect/1/query" priority="1" start="1980-01-01T00:00:00" end="" />
 </ns0:route>
 <ns0:route networkCode="CH" stationCode="PLONS" locationCode="*" streamCode="LHE">
  <ns0:station address="http://eida.ethz.ch/fdsnws/station/1/query" priority="1" start="1980-01-01T00:00:00" end="" />
  <ns0:dataselect address="http://eida.ethz.ch/fdsnws/dataselect/1/query" priority="1" start="1980-01-01T00:00:00" end="" />
 </ns0:route>
 <ns0:route networkCode="CH" stationCode="MUO" locationCode="*" streamCode="LHZ">
  <ns0:station address="http://eida.ethz.ch/fdsnws/station/1/query" priority="1" start="1980-01-01T00:00:00" end="" />
  <ns0:dataselect address="http://eida.ethz.ch/fdsnws/dataselect/1/query" priority="1" start="1980-01-01T00:00:00" end="" />
 </ns0:route>
 <ns0:route networkCode="CH" stationCode="BNALP" locationCode="*" streamCode="HHE">
  <ns0:station address="http://eida.ethz.ch/fdsnws/station/1/query" priority="1" start="1980-01-01T00:00:00" end="" />
  <ns0:dataselect address="http://eida.ethz.ch/fdsnws/dataselect/1/query" priority="1" start="1980-01-01T00:00:00" end="" />
 </ns0:route>
 <ns0:route networkCode="BW" stationCode="MANZ" locationCode="*" streamCode="*">
  <ns0:seedlink address="141.84.11.2:18000" priority="1" start="" end="" />
  <ns0:station address="http://erde.geophysik.uni-muenchen.de/fdsnws/station/1/query" priority="1" start="1980-01-01T00:00:00" end="" />
  <ns0:dataselect address="http://erde.geophysik.uni-muenchen.de/fdsnws/dataselect/1/query" priority="1" start="1980-01-01T00:00:00" end="" />
 </ns0:route>
 <ns0:route networkCode="CH" stationCode="SOLZ" locationCode="*" streamCode="HGZ">
  <ns0:station address="http://eida.ethz.ch/fdsnws/station/1/query" priority="1" start="1980-01-01T00:00:00" end="" />
  <ns0:dataselect address="http://eida.ethz.ch/fdsnws/dataselect/1/query" priority="1" start="1980-01-01T00:00:00" end="" />
 </ns0:route>
 <ns0:route networkCode="CH" stationCode="SARD" locationCode="*" streamCode="HGZ">
  <ns0:station address="http://eida.ethz.ch/fdsnws/station/1/query" priority="1" start="1980-01-01T00:00:00" end="" />
  <ns0:dataselect address="http://eida.ethz.ch/fdsnws/dataselect/1/query" priority="1" start="1980-01-01T00:00:00" end="" />
 </ns0:route>
 <ns0:route networkCode="X1" stationCode="*" locationCode="*" streamCode="*">
  <ns0:station address="http://geofon.gfz-potsdam.de/fdsnws/station/1/query" priority="1" start="2013-03-11T00:00:00" end="2013-11-08T00:00:00" />
  <ns0:dataselect address="http://geofon.gfz-potsdam.de/fdsnws/dataselect/1/query" priority="1" start="2013-03-11T00:00:00" end="2013-11-08T00:00:00" />
 </ns0:route>
 <ns0:route networkCode="Z5" stationCode="*" locationCode="*" streamCode="*">
  <ns0:station address="http://geofon.gfz-potsdam.de/fdsnws/station/1/query" priority="1" start="2005-03-01T00:00:00" end="2006-12-14T00:00:00" />
  <ns0:dataselect address="http://geofon.gfz-potsdam.de/fdsnws/dataselect/1/query" priority="1" start="2005-03-01T00:00:00" end="2006-12-14T00:00:00" />
  <ns0:station address="http://geofon.gfz-potsdam.de/fdsnws/station/1/query" priority="1" start="2008-03-21T00:00:00" end="" />
  <ns0:dataselect address="http://geofon.gfz-potsdam.de/fdsnws/dataselect/1/query" priority="1" start="2008-03-21T00:00:00" end="" />
 </ns0:route>
 <ns0:route networkCode="CH" stationCode="DAGMA" locationCode="*" streamCode="HHE">
  <ns0:station address="http://eida.ethz.ch/fdsnws/station/1/query" priority="1" start="1980-01-01T00:00:00" end="" />
  <ns0:dataselect address="http://eida.ethz.ch/fdsnws/dataselect/1/query" priority="1" start="1980-01-01T00:00:00" end="" />
 </ns0:route>
 <ns0:route networkCode="CH" stationCode="SBEG" locationCode="*" streamCode="HGE">
  <ns0:station address="http://eida.ethz.ch/fdsnws/station/1/query" priority="1" start="1980-01-01T00:00:00" end="" />
  <ns0:dataselect address="http://eida.ethz.ch/fdsnws/dataselect/1/query" priority="1" start="1980-01-01T00:00:00" end="" />
 </ns0:route>
 <ns0:route networkCode="CH" stationCode="METMA" locationCode="*" streamCode="LHE">
  <ns0:station address="http://eida.ethz.ch/fdsnws/station/1/query" priority="1" start="1980-01-01T00:00:00" end="" />
  <ns0:dataselect address="http://eida.ethz.ch/fdsnws/dataselect/1/query" priority="1" start="1980-01-01T00:00:00" end="" />
 </ns0:route>
 <ns0:route networkCode="DK" stationCode="*" locationCode="*" streamCode="*">
  <ns0:station address="http://geofon.gfz-potsdam.de/fdsnws/station/1/query" priority="1" start="1980-01-01T00:00:00" end="" />
  <ns0:dataselect address="http://geofon.gfz-potsdam.de/fdsnws/dataselect/1/query" priority="1" start="1980-01-01T00:00:00" end="" />
 </ns0:route>
 <ns0:route networkCode="PF" stationCode="*" locationCode="*" streamCode="*">
  <ns0:seedlink address="eida.ipgp.fr:18000" priority="1" start="" end="" />
  <ns0:station address="http://eida.ipgp.fr/fdsnws/station/1/query" priority="1" start="1980-01-01T00:00:00" end="" />
  <ns0:dataselect address="http://eida.ipgp.fr/fdsnws/dataselect/1/query" priority="1" start="1980-01-01T00:00:00" end="" />
 </ns0:route>
 <ns0:route networkCode="CH" stationCode="HAMIK" locationCode="*" streamCode="EH3">
  <ns0:station address="http://eida.ethz.ch/fdsnws/station/1/query" priority="1" start="1980-01-01T00:00:00" end="" />
  <ns0:dataselect address="http://eida.ethz.ch/fdsnws/dataselect/1/query" priority="1" start="1980-01-01T00:00:00" end="" />
 </ns0:route>
 <ns0:route networkCode="CH" stationCode="WIMIS" locationCode="*" streamCode="HHZ">
  <ns0:station address="http://eida.ethz.ch/fdsnws/station/1/query" priority="1" start="1980-01-01T00:00:00" end="" />
  <ns0:dataselect address="http://eida.ethz.ch/fdsnws/dataselect/1/query" priority="1" start="1980-01-01T00:00:00" end="" />
 </ns0:route>
 <ns0:route networkCode="CH" stationCode="BOURR" locationCode="*" streamCode="HGE">
  <ns0:station address="http://eida.ethz.ch/fdsnws/station/1/query" priority="1" start="1980-01-01T00:00:00" end="" />
  <ns0:dataselect address="http://eida.ethz.ch/fdsnws/dataselect/1/query" priority="1" start="1980-01-01T00:00:00" end="" />
 </ns0:route>
 <ns0:route networkCode="CH" stationCode="SLE" locationCode="*" streamCode="LHN">
  <ns0:station address="http://eida.ethz.ch/fdsnws/station/1/query" priority="1" start="1980-01-01T00:00:00" end="" />
  <ns0:dataselect address="http://eida.ethz.ch/fdsnws/dataselect/1/query" priority="1" start="1980-01-01T00:00:00" end="" />
 </ns0:route>
 <ns0:route networkCode="CH" stationCode="SARE" locationCode="*" streamCode="HGN">
  <ns0:station address="http://eida.ethz.ch/fdsnws/station/1/query" priority="1" start="1980-01-01T00:00:00" end="" />
  <ns0:dataselect address="http://eida.ethz.ch/fdsnws/dataselect/1/query" priority="1" start="1980-01-01T00:00:00" end="" />
 </ns0:route>
 <ns0:route networkCode="CH" stationCode="OTTER" locationCode="*" streamCode="HGN">
  <ns0:station address="http://eida.ethz.ch/fdsnws/station/1/query" priority="1" start="1980-01-01T00:00:00" end="" />
  <ns0:dataselect address="http://eida.ethz.ch/fdsnws/dataselect/1/query" priority="1" start="1980-01-01T00:00:00" end="" />
 </ns0:route>
 <ns0:route networkCode="CH" stationCode="SNEW" locationCode="*" streamCode="HGZ">
  <ns0:station address="http://eida.ethz.ch/fdsnws/station/1/query" priority="1" start="1980-01-01T00:00:00" end="" />
  <ns0:dataselect address="http://eida.ethz.ch/fdsnws/dataselect/1/query" priority="1" start="1980-01-01T00:00:00" end="" />
 </ns0:route>
 <ns0:route networkCode="CH" stationCode="BOURR" locationCode="*" streamCode="LHN">
  <ns0:station address="http://eida.ethz.ch/fdsnws/station/1/query" priority="1" start="1980-01-01T00:00:00" end="" />
  <ns0:dataselect address="http://eida.ethz.ch/fdsnws/dataselect/1/query" priority="1" start="1980-01-01T00:00:00" end="" />
 </ns0:route>
 <ns0:route networkCode="CH" stationCode="SLOP" locationCode="*" streamCode="HGN">
  <ns0:station address="http://eida.ethz.ch/fdsnws/station/1/query" priority="1" start="1980-01-01T00:00:00" end="" />
  <ns0:dataselect address="http://eida.ethz.ch/fdsnws/dataselect/1/query" priority="1" start="1980-01-01T00:00:00" end="" />
 </ns0:route>
 <ns0:route networkCode="CN" stationCode="*" locationCode="*" streamCode="*">
  <ns0:station address="http://geofon.gfz-potsdam.de/fdsnws/station/1/query" priority="1" start="1980-01-01T00:00:00" end="" />
  <ns0:dataselect address="http://geofon.gfz-potsdam.de/fdsnws/dataselect/1/query" priority="1" start="1980-01-01T00:00:00" end="" />
 </ns0:route>
 <ns0:route networkCode="4C" stationCode="KES27" locationCode="*" streamCode="HNE">
  <ns0:station address="http://geofon.gfz-potsdam.de/fdsnws/station/1/query" priority="2" start="2011-09-15T00:00:00" end="2012-04-20T23:59:00" />
  <ns0:dataselect address="http://geofon.gfz-potsdam.de/fdsnws/dataselect/1/query" priority="2" start="2011-09-15T00:00:00" end="2012-04-20T23:59:00" />
 </ns0:route>
 <ns0:route networkCode="CH" stationCode="SIEB" locationCode="*" streamCode="HGN">
  <ns0:station address="http://eida.ethz.ch/fdsnws/station/1/query" priority="1" start="1980-01-01T00:00:00" end="" />
  <ns0:dataselect address="http://eida.ethz.ch/fdsnws/dataselect/1/query" priority="1" start="1980-01-01T00:00:00" end="" />
 </ns0:route>
 <ns0:route networkCode="XS" stationCode="*" locationCode="*" streamCode="*">
  <ns0:station address="http://ws.resif.fr/fdsnws/station/1/query" priority="1" start="2010-01-01T00:00:00" end="2011-12-31T00:00:00" />
  <ns0:dataselect address="http://ws.resif.fr/fdsnws/dataselect/1/query" priority="1" start="2010-01-01T00:00:00" end="2011-12-31T00:00:00" />
 </ns0:route>
 <ns0:route networkCode="CH" stationCode="BALST" locationCode="*" streamCode="HHN">
  <ns0:station address="http://eida.ethz.ch/fdsnws/station/1/query" priority="1" start="1980-01-01T00:00:00" end="" />
  <ns0:dataselect address="http://eida.ethz.ch/fdsnws/dataselect/1/query" priority="1" start="1980-01-01T00:00:00" end="" />
 </ns0:route>
 <ns0:route networkCode="BW" stationCode="FURT" locationCode="*" streamCode="*">
  <ns0:seedlink address="141.84.11.2:18000" priority="1" start="" end="" />
  <ns0:station address="http://erde.geophysik.uni-muenchen.de/fdsnws/station/1/query" priority="1" start="1980-01-01T00:00:00" end="" />
  <ns0:dataselect address="http://erde.geophysik.uni-muenchen.de/fdsnws/dataselect/1/query" priority="1" start="1980-01-01T00:00:00" end="" />
 </ns0:route>
 <ns0:route networkCode="CH" stationCode="SALAN" locationCode="*" streamCode="EHE">
  <ns0:station address="http://eida.ethz.ch/fdsnws/station/1/query" priority="1" start="1980-01-01T00:00:00" end="" />
  <ns0:dataselect address="http://eida.ethz.ch/fdsnws/dataselect/1/query" priority="1" start="1980-01-01T00:00:00" end="" />
 </ns0:route>
 <ns0:route networkCode="CH" stationCode="STEIN" locationCode="*" streamCode="EHN">
  <ns0:station address="http://eida.ethz.ch/fdsnws/station/1/query" priority="1" start="1980-01-01T00:00:00" end="" />
  <ns0:dataselect address="http://eida.ethz.ch/fdsnws/dataselect/1/query" priority="1" start="1980-01-01T00:00:00" end="" />
 </ns0:route>
 <ns0:route networkCode="CH" stationCode="SAIRA" locationCode="*" streamCode="LHE">
  <ns0:station address="http://eida.ethz.ch/fdsnws/station/1/query" priority="1" start="1980-01-01T00:00:00" end="" />
  <ns0:dataselect address="http://eida.ethz.ch/fdsnws/dataselect/1/query" priority="1" start="1980-01-01T00:00:00" end="" />
 </ns0:route>
 <ns0:route networkCode="CH" stationCode="TORNY" locationCode="*" streamCode="LHZ">
  <ns0:station address="http://eida.ethz.ch/fdsnws/station/1/query" priority="1" start="1980-01-01T00:00:00" end="" />
  <ns0:dataselect address="http://eida.ethz.ch/fdsnws/dataselect/1/query" priority="1" start="1980-01-01T00:00:00" end="" />
 </ns0:route>
 <ns0:route networkCode="CH" stationCode="SMZW" locationCode="*" streamCode="HGE">
  <ns0:station address="http://eida.ethz.ch/fdsnws/station/1/query" priority="1" start="1980-01-01T00:00:00" end="" />
  <ns0:dataselect address="http://eida.ethz.ch/fdsnws/dataselect/1/query" priority="1" start="1980-01-01T00:00:00" end="" />
 </ns0:route>
 <ns0:route networkCode="CH" stationCode="SCHE" locationCode="*" streamCode="HGE">
  <ns0:station address="http://eida.ethz.ch/fdsnws/station/1/query" priority="1" start="1980-01-01T00:00:00" end="" />
  <ns0:dataselect address="http://eida.ethz.ch/fdsnws/dataselect/1/query" priority="1" start="1980-01-01T00:00:00" end="" />
 </ns0:route>
 <ns0:route networkCode="CH" stationCode="SIOV" locationCode="*" streamCode="HGZ">
  <ns0:station address="http://eida.ethz.ch/fdsnws/station/1/query" priority="1" start="1980-01-01T00:00:00" end="" />
  <ns0:dataselect address="http://eida.ethz.ch/fdsnws/dataselect/1/query" priority="1" start="1980-01-01T00:00:00" end="" />
 </ns0:route>
 <ns0:route networkCode="CH" stationCode="SIEB" locationCode="*" streamCode="HGZ">
  <ns0:station address="http://eida.ethz.ch/fdsnws/station/1/query" priority="1" start="1980-01-01T00:00:00" end="" />
  <ns0:dataselect address="http://eida.ethz.ch/fdsnws/dataselect/1/query" priority="1" start="1980-01-01T00:00:00" end="" />
 </ns0:route>
 <ns0:route networkCode="CH" stationCode="SAYF" locationCode="*" streamCode="HGZ">
  <ns0:station address="http://eida.ethz.ch/fdsnws/station/1/query" priority="1" start="1980-01-01T00:00:00" end="" />
  <ns0:dataselect address="http://eida.ethz.ch/fdsnws/dataselect/1/query" priority="1" start="1980-01-01T00:00:00" end="" />
 </ns0:route>
 <ns0:route networkCode="CH" stationCode="ROMAN" locationCode="*" streamCode="HH3">
  <ns0:station address="http://eida.ethz.ch/fdsnws/station/1/query" priority="1" start="1980-01-01T00:00:00" end="" />
  <ns0:dataselect address="http://eida.ethz.ch/fdsnws/dataselect/1/query" priority="1" start="1980-01-01T00:00:00" end="" />
 </ns0:route>
 <ns0:route networkCode="CH" stationCode="MUGIO" locationCode="*" streamCode="LHE">
  <ns0:station address="http://eida.ethz.ch/fdsnws/station/1/query" priority="1" start="1980-01-01T00:00:00" end="" />
  <ns0:dataselect address="http://eida.ethz.ch/fdsnws/dataselect/1/query" priority="1" start="1980-01-01T00:00:00" end="" />
 </ns0:route>
 <ns0:route networkCode="BW" stationCode="UHL" locationCode="*" streamCode="*">
  <ns0:station address="http://erde.geophysik.uni-muenchen.de/fdsnws/station/1/query" priority="1" start="1980-01-01T00:00:00" end="" />
  <ns0:dataselect address="http://erde.geophysik.uni-muenchen.de/fdsnws/dataselect/1/query" priority="1" start="1980-01-01T00:00:00" end="" />
 </ns0:route>
 <ns0:route networkCode="CH" stationCode="SMFL" locationCode="*" streamCode="HGN">
  <ns0:station address="http://eida.ethz.ch/fdsnws/station/1/query" priority="1" start="1980-01-01T00:00:00" end="" />
  <ns0:dataselect address="http://eida.ethz.ch/fdsnws/dataselect/1/query" priority="1" start="1980-01-01T00:00:00" end="" />
 </ns0:route>
 <ns0:route networkCode="CH" stationCode="SBAM" locationCode="*" streamCode="HGN">
  <ns0:station address="http://eida.ethz.ch/fdsnws/station/1/query" priority="1" start="1980-01-01T00:00:00" end="" />
  <ns0:dataselect address="http://eida.ethz.ch/fdsnws/dataselect/1/query" priority="1" start="1980-01-01T00:00:00" end="" />
 </ns0:route>
 <ns0:route networkCode="CH" stationCode="DAVOX" locationCode="*" streamCode="LHN">
  <ns0:station address="http://eida.ethz.ch/fdsnws/station/1/query" priority="1" start="1980-01-01T00:00:00" end="" />
  <ns0:dataselect address="http://eida.ethz.ch/fdsnws/dataselect/1/query" priority="1" start="1980-01-01T00:00:00" end="" />
 </ns0:route>
 <ns0:route networkCode="CH" stationCode="BALST" locationCode="*" streamCode="LHE">
  <ns0:station address="http://eida.ethz.ch/fdsnws/station/1/query" priority="1" start="1980-01-01T00:00:00" end="" />
  <ns0:dataselect address="http://eida.ethz.ch/fdsnws/dataselect/1/query" priority="1" start="1980-01-01T00:00:00" end="" />
 </ns0:route>
 <ns0:route networkCode="CH" stationCode="SIOV" locationCode="*" streamCode="HGN">
  <ns0:station address="http://eida.ethz.ch/fdsnws/station/1/query" priority="1" start="1980-01-01T00:00:00" end="" />
  <ns0:dataselect address="http://eida.ethz.ch/fdsnws/dataselect/1/query" priority="1" start="1980-01-01T00:00:00" end="" />
 </ns0:route>
 <ns0:route networkCode="CH" stationCode="VANNI" locationCode="*" streamCode="HHE">
  <ns0:station address="http://eida.ethz.ch/fdsnws/station/1/query" priority="1" start="1980-01-01T00:00:00" end="" />
  <ns0:dataselect address="http://eida.ethz.ch/fdsnws/dataselect/1/query" priority="1" start="1980-01-01T00:00:00" end="" />
 </ns0:route>
 <ns0:route networkCode="CH" stationCode="LIENZ" locationCode="*" streamCode="HHN">
  <ns0:station address="http://eida.ethz.ch/fdsnws/station/1/query" priority="1" start="1980-01-01T00:00:00" end="" />
  <ns0:dataselect address="http://eida.ethz.ch/fdsnws/dataselect/1/query" priority="1" start="1980-01-01T00:00:00" end="" />
 </ns0:route>
 <ns0:route networkCode="CH" stationCode="SDAS" locationCode="*" streamCode="HGZ">
  <ns0:station address="http://eida.ethz.ch/fdsnws/station/1/query" priority="1" start="1980-01-01T00:00:00" end="" />
  <ns0:dataselect address="http://eida.ethz.ch/fdsnws/dataselect/1/query" priority="1" start="1980-01-01T00:00:00" end="" />
 </ns0:route>
 <ns0:route networkCode="CH" stationCode="GRIMS" locationCode="*" streamCode="HGE">
  <ns0:station address="http://eida.ethz.ch/fdsnws/station/1/query" priority="1" start="1980-01-01T00:00:00" end="" />
  <ns0:dataselect address="http://eida.ethz.ch/fdsnws/dataselect/1/query" priority="1" start="1980-01-01T00:00:00" end="" />
 </ns0:route>
 <ns0:route networkCode="CH" stationCode="LLS" locationCode="*" streamCode="LHZ">
  <ns0:station address="http://eida.ethz.ch/fdsnws/station/1/query" priority="1" start="1980-01-01T00:00:00" end="" />
  <ns0:dataselect address="http://eida.ethz.ch/fdsnws/dataselect/1/query" priority="1" start="1980-01-01T00:00:00" end="" />
 </ns0:route>
 <ns0:route networkCode="CH" stationCode="STIEG" locationCode="*" streamCode="HGN">
  <ns0:station address="http://eida.ethz.ch/fdsnws/station/1/query" priority="1" start="1980-01-01T00:00:00" end="" />
  <ns0:dataselect address="http://eida.ethz.ch/fdsnws/dataselect/1/query" priority="1" start="1980-01-01T00:00:00" end="" />
 </ns0:route>
 <ns0:route networkCode="C1" stationCode="*" locationCode="*" streamCode="*">
  <ns0:station address="http://geofon.gfz-potsdam.de/fdsnws/station/1/query" priority="1" start="2014-01-01T00:00:00" end="" />
  <ns0:dataselect address="http://geofon.gfz-potsdam.de/fdsnws/dataselect/1/query" priority="1" start="2014-01-01T00:00:00" end="" />
 </ns0:route>
 <ns0:route networkCode="CH" stationCode="SBAM" locationCode="*" streamCode="HGZ">
  <ns0:station address="http://eida.ethz.ch/fdsnws/station/1/query" priority="1" start="1980-01-01T00:00:00" end="" />
  <ns0:dataselect address="http://eida.ethz.ch/fdsnws/dataselect/1/query" priority="1" start="1980-01-01T00:00:00" end="" />
 </ns0:route>
 <ns0:route networkCode="CH" stationCode="DAVOX" locationCode="*" streamCode="LHZ">
  <ns0:station address="http://eida.ethz.ch/fdsnws/station/1/query" priority="1" start="1980-01-01T00:00:00" end="" />
  <ns0:dataselect address="http://eida.ethz.ch/fdsnws/dataselect/1/query" priority="1" start="1980-01-01T00:00:00" end="" />
 </ns0:route>
 <ns0:route networkCode="CH" stationCode="BNALP" locationCode="*" streamCode="LHZ">
  <ns0:station address="http://eida.ethz.ch/fdsnws/station/1/query" priority="1" start="1980-01-01T00:00:00" end="" />
  <ns0:dataselect address="http://eida.ethz.ch/fdsnws/dataselect/1/query" priority="1" start="1980-01-01T00:00:00" end="" />
 </ns0:route>
 <ns0:route networkCode="CH" stationCode="VDL" locationCode="*" streamCode="HGZ">
  <ns0:station address="http://eida.ethz.ch/fdsnws/station/1/query" priority="1" start="1980-01-01T00:00:00" end="" />
  <ns0:dataselect address="http://eida.ethz.ch/fdsnws/dataselect/1/query" priority="1" start="1980-01-01T00:00:00" end="" />
 </ns0:route>
 <ns0:route networkCode="CH" stationCode="DIX" locationCode="*" streamCode="LHZ">
  <ns0:station address="http://eida.ethz.ch/fdsnws/station/1/query" priority="1" start="1980-01-01T00:00:00" end="" />
  <ns0:dataselect address="http://eida.ethz.ch/fdsnws/dataselect/1/query" priority="1" start="1980-01-01T00:00:00" end="" />
 </ns0:route>
 <ns0:route networkCode="CH" stationCode="MMK" locationCode="*" streamCode="HGE">
  <ns0:station address="http://eida.ethz.ch/fdsnws/station/1/query" priority="1" start="1980-01-01T00:00:00" end="" />
  <ns0:dataselect address="http://eida.ethz.ch/fdsnws/dataselect/1/query" priority="1" start="1980-01-01T00:00:00" end="" />
 </ns0:route>
 <ns0:route networkCode="CH" stationCode="SCEM" locationCode="*" streamCode="HGZ">
  <ns0:station address="http://eida.ethz.ch/fdsnws/station/1/query" priority="1" start="1980-01-01T00:00:00" end="" />
  <ns0:dataselect address="http://eida.ethz.ch/fdsnws/dataselect/1/query" priority="1" start="1980-01-01T00:00:00" end="" />
 </ns0:route>
 <ns0:route networkCode="CH" stationCode="STAM" locationCode="*" streamCode="HGN">
  <ns0:station address="http://eida.ethz.ch/fdsnws/station/1/query" priority="1" start="1980-01-01T00:00:00" end="" />
  <ns0:dataselect address="http://eida.ethz.ch/fdsnws/dataselect/1/query" priority="1" start="1980-01-01T00:00:00" end="" />
 </ns0:route>
 <ns0:route networkCode="CH" stationCode="SARE" locationCode="*" streamCode="HGE">
  <ns0:station address="http://eida.ethz.ch/fdsnws/station/1/query" priority="1" start="1980-01-01T00:00:00" end="" />
  <ns0:dataselect address="http://eida.ethz.ch/fdsnws/dataselect/1/query" priority="1" start="1980-01-01T00:00:00" end="" />
 </ns0:route>
 <ns0:route networkCode="CH" stationCode="BNALP" locationCode="*" streamCode="LHN">
  <ns0:station address="http://eida.ethz.ch/fdsnws/station/1/query" priority="1" start="1980-01-01T00:00:00" end="" />
  <ns0:dataselect address="http://eida.ethz.ch/fdsnws/dataselect/1/query" priority="1" start="1980-01-01T00:00:00" end="" />
 </ns0:route>
 <ns0:route networkCode="CH" stationCode="SBAP" locationCode="*" streamCode="HGZ">
  <ns0:station address="http://eida.ethz.ch/fdsnws/station/1/query" priority="1" start="1980-01-01T00:00:00" end="" />
  <ns0:dataselect address="http://eida.ethz.ch/fdsnws/dataselect/1/query" priority="1" start="1980-01-01T00:00:00" end="" />
 </ns0:route>
 <ns0:route networkCode="IX" stationCode="*" locationCode="*" streamCode="*">
  <ns0:seedlink address="eida.rm.ingv.it:18000" priority="1" start="" end="" />
  <ns0:station address="http://webservices.rm.ingv.it/fdsnws/station/1/query" priority="1" start="1980-01-01T00:00:00" end="" />
  <ns0:dataselect address="http://webservices.rm.ingv.it/fdsnws/dataselect/1/query" priority="1" start="1980-01-01T00:00:00" end="" />
 </ns0:route>
 <ns0:route networkCode="ZG" stationCode="*" locationCode="*" streamCode="*">
  <ns0:station address="http://geofon.gfz-potsdam.de/fdsnws/station/1/query" priority="1" start="1999-11-01T00:00:00" end="2000-12-31T00:00:00" />
  <ns0:dataselect address="http://geofon.gfz-potsdam.de/fdsnws/dataselect/1/query" priority="1" start="1999-11-01T00:00:00" end="2000-12-31T00:00:00" />
 </ns0:route>
 <ns0:route networkCode="CH" stationCode="BERGE" locationCode="*" streamCode="LHZ">
  <ns0:station address="http://eida.ethz.ch/fdsnws/station/1/query" priority="1" start="1980-01-01T00:00:00" end="" />
  <ns0:dataselect address="http://eida.ethz.ch/fdsnws/dataselect/1/query" priority="1" start="1980-01-01T00:00:00" end="" />
 </ns0:route>
 <ns0:route networkCode="CH" stationCode="SCEM" locationCode="*" streamCode="HGN">
  <ns0:station address="http://eida.ethz.ch/fdsnws/station/1/query" priority="1" start="1980-01-01T00:00:00" end="" />
  <ns0:dataselect address="http://eida.ethz.ch/fdsnws/dataselect/1/query" priority="1" start="1980-01-01T00:00:00" end="" />
 </ns0:route>
 <ns0:route networkCode="CH" stationCode="OTER1" locationCode="*" streamCode="HH2">
  <ns0:station address="http://eida.ethz.ch/fdsnws/station/1/query" priority="1" start="1980-01-01T00:00:00" end="" />
  <ns0:dataselect address="http://eida.ethz.ch/fdsnws/dataselect/1/query" priority="1" start="1980-01-01T00:00:00" end="" />
 </ns0:route>
 <ns0:route networkCode="CH" stationCode="SMAO" locationCode="*" streamCode="HGE">
  <ns0:station address="http://eida.ethz.ch/fdsnws/station/1/query" priority="1" start="1980-01-01T00:00:00" end="" />
  <ns0:dataselect address="http://eida.ethz.ch/fdsnws/dataselect/1/query" priority="1" start="1980-01-01T00:00:00" end="" />
 </ns0:route>
 <ns0:route networkCode="CH" stationCode="ZUR" locationCode="*" streamCode="HHE">
  <ns0:station address="http://eida.ethz.ch/fdsnws/station/1/query" priority="1" start="1980-01-01T00:00:00" end="" />
  <ns0:dataselect address="http://eida.ethz.ch/fdsnws/dataselect/1/query" priority="1" start="1980-01-01T00:00:00" end="" />
 </ns0:route>
 <ns0:route networkCode="CH" stationCode="SBERN" locationCode="*" streamCode="HGZ">
  <ns0:station address="http://eida.ethz.ch/fdsnws/station/1/query" priority="1" start="1980-01-01T00:00:00" end="" />
  <ns0:dataselect address="http://eida.ethz.ch/fdsnws/dataselect/1/query" priority="1" start="1980-01-01T00:00:00" end="" />
 </ns0:route>
 <ns0:route networkCode="CH" stationCode="GIMEL" locationCode="*" streamCode="HHZ">
  <ns0:station address="http://eida.ethz.ch/fdsnws/station/1/query" priority="1" start="1980-01-01T00:00:00" end="" />
  <ns0:dataselect address="http://eida.ethz.ch/fdsnws/dataselect/1/query" priority="1" start="1980-01-01T00:00:00" end="" />
 </ns0:route>
 <ns0:route networkCode="CH" stationCode="SBUM" locationCode="*" streamCode="HGE">
  <ns0:station address="http://eida.ethz.ch/fdsnws/station/1/query" priority="1" start="1980-01-01T00:00:00" end="" />
  <ns0:dataselect address="http://eida.ethz.ch/fdsnws/dataselect/1/query" priority="1" start="1980-01-01T00:00:00" end="" />
 </ns0:route>
 <ns0:route networkCode="YZ" stationCode="*" locationCode="*" streamCode="*">
  <ns0:station address="http://ws.resif.fr/fdsnws/station/1/query" priority="1" start="2004-01-01T00:00:00" end="2004-12-30T00:00:00" />
  <ns0:dataselect address="http://ws.resif.fr/fdsnws/dataselect/1/query" priority="1" start="2004-01-01T00:00:00" end="2004-12-30T00:00:00" />
 </ns0:route>
 <ns0:route networkCode="CH" stationCode="NOV1" locationCode="*" streamCode="EHN">
  <ns0:station address="http://eida.ethz.ch/fdsnws/station/1/query" priority="1" start="1980-01-01T00:00:00" end="" />
  <ns0:dataselect address="http://eida.ethz.ch/fdsnws/dataselect/1/query" priority="1" start="1980-01-01T00:00:00" end="" />
 </ns0:route>
 <ns0:route networkCode="CH" stationCode="SCHT" locationCode="*" streamCode="HGE">
  <ns0:station address="http://eida.ethz.ch/fdsnws/station/1/query" priority="1" start="1980-01-01T00:00:00" end="" />
  <ns0:dataselect address="http://eida.ethz.ch/fdsnws/dataselect/1/query" priority="1" start="1980-01-01T00:00:00" end="" />
 </ns0:route>
 <ns0:route networkCode="CH" stationCode="BERGE" locationCode="*" streamCode="LHN">
  <ns0:station address="http://eida.ethz.ch/fdsnws/station/1/query" priority="1" start="1980-01-01T00:00:00" end="" />
  <ns0:dataselect address="http://eida.ethz.ch/fdsnws/dataselect/1/query" priority="1" start="1980-01-01T00:00:00" end="" />
 </ns0:route>
 <ns0:route networkCode="CH" stationCode="AIGLE" locationCode="*" streamCode="LHE">
  <ns0:station address="http://eida.ethz.ch/fdsnws/station/1/query" priority="1" start="1980-01-01T00:00:00" end="" />
  <ns0:dataselect address="http://eida.ethz.ch/fdsnws/dataselect/1/query" priority="1" start="1980-01-01T00:00:00" end="" />
 </ns0:route>
 <ns0:route networkCode="CH" stationCode="LKBD" locationCode="*" streamCode="LHZ">
  <ns0:station address="http://eida.ethz.ch/fdsnws/station/1/query" priority="1" start="1980-01-01T00:00:00" end="" />
  <ns0:dataselect address="http://eida.ethz.ch/fdsnws/dataselect/1/query" priority="1" start="1980-01-01T00:00:00" end="" />
 </ns0:route>
 <ns0:route networkCode="XK" stationCode="*" locationCode="*" streamCode="*">
  <ns0:station address="http://ws.resif.fr/fdsnws/station/1/query" priority="1" start="2007-01-01T00:00:00" end="2009-12-31T00:00:00" />
  <ns0:dataselect address="http://ws.resif.fr/fdsnws/dataselect/1/query" priority="1" start="2007-01-01T00:00:00" end="2009-12-31T00:00:00" />
 </ns0:route>
 <ns0:route networkCode="CH" stationCode="SRHE" locationCode="*" streamCode="HGE">
  <ns0:station address="http://eida.ethz.ch/fdsnws/station/1/query" priority="1" start="1980-01-01T00:00:00" end="" />
  <ns0:dataselect address="http://eida.ethz.ch/fdsnws/dataselect/1/query" priority="1" start="1980-01-01T00:00:00" end="" />
 </ns0:route>
 <ns0:route networkCode="CH" stationCode="WILA" locationCode="*" streamCode="HHZ">
  <ns0:station address="http://eida.ethz.ch/fdsnws/station/1/query" priority="1" start="1980-01-01T00:00:00" end="" />
  <ns0:dataselect address="http://eida.ethz.ch/fdsnws/dataselect/1/query" priority="1" start="1980-01-01T00:00:00" end="" />
 </ns0:route>
 <ns0:route networkCode="CH" stationCode="WILA" locationCode="*" streamCode="LHE">
  <ns0:station address="http://eida.ethz.ch/fdsnws/station/1/query" priority="1" start="1980-01-01T00:00:00" end="" />
  <ns0:dataselect address="http://eida.ethz.ch/fdsnws/dataselect/1/query" priority="1" start="1980-01-01T00:00:00" end="" />
 </ns0:route>
 <ns0:route networkCode="GR" stationCode="*" locationCode="*" streamCode="*">
  <ns0:seedlink address="eida.bgr.de:18000" priority="1" start="" end="" />
  <ns0:station address="http://eida.bgr.de/fdsnws/station/1/query" priority="1" start="1976-02-17T00:00:00" end="" />
  <ns0:dataselect address="http://eida.bgr.de/fdsnws/dataselect/1/query" priority="1" start="1976-02-17T00:00:00" end="" />
 </ns0:route>
 <ns0:route networkCode="CH" stationCode="STRW" locationCode="*" streamCode="HGE">
  <ns0:station address="http://eida.ethz.ch/fdsnws/station/1/query" priority="1" start="1980-01-01T00:00:00" end="" />
  <ns0:dataselect address="http://eida.ethz.ch/fdsnws/dataselect/1/query" priority="1" start="1980-01-01T00:00:00" end="" />
 </ns0:route>
 <ns0:route networkCode="CH" stationCode="STGK" locationCode="*" streamCode="HGE">
  <ns0:station address="http://eida.ethz.ch/fdsnws/station/1/query" priority="1" start="1980-01-01T00:00:00" end="" />
  <ns0:dataselect address="http://eida.ethz.ch/fdsnws/dataselect/1/query" priority="1" start="1980-01-01T00:00:00" end="" />
 </ns0:route>
 <ns0:route networkCode="CH" stationCode="GRYON" locationCode="*" streamCode="EHN">
  <ns0:station address="http://eida.ethz.ch/fdsnws/station/1/query" priority="1" start="1980-01-01T00:00:00" end="" />
  <ns0:dataselect address="http://eida.ethz.ch/fdsnws/dataselect/1/query" priority="1" start="1980-01-01T00:00:00" end="" />
 </ns0:route>
 <ns0:route networkCode="CH" stationCode="SBAJ" locationCode="*" streamCode="HGN">
  <ns0:station address="http://eida.ethz.ch/fdsnws/station/1/query" priority="1" start="1980-01-01T00:00:00" end="" />
  <ns0:dataselect address="http://eida.ethz.ch/fdsnws/dataselect/1/query" priority="1" start="1980-01-01T00:00:00" end="" />
 </ns0:route>
 <ns0:route networkCode="CH" stationCode="NOV4" locationCode="*" streamCode="EHE">
  <ns0:station address="http://eida.ethz.ch/fdsnws/station/1/query" priority="1" start="1980-01-01T00:00:00" end="" />
  <ns0:dataselect address="http://eida.ethz.ch/fdsnws/dataselect/1/query" priority="1" start="1980-01-01T00:00:00" end="" />
 </ns0:route>
 <ns0:route networkCode="CH" stationCode="LKBD" locationCode="*" streamCode="LHN">
  <ns0:station address="http://eida.ethz.ch/fdsnws/station/1/query" priority="1" start="1980-01-01T00:00:00" end="" />
  <ns0:dataselect address="http://eida.ethz.ch/fdsnws/dataselect/1/query" priority="1" start="1980-01-01T00:00:00" end="" />
 </ns0:route>
 <ns0:route networkCode="CH" stationCode="SBAJ2" locationCode="*" streamCode="HGE">
  <ns0:station address="http://eida.ethz.ch/fdsnws/station/1/query" priority="1" start="1980-01-01T00:00:00" end="" />
  <ns0:dataselect address="http://eida.ethz.ch/fdsnws/dataselect/1/query" priority="1" start="1980-01-01T00:00:00" end="" />
 </ns0:route>
 <ns0:route networkCode="CH" stationCode="SIMPL" locationCode="*" streamCode="LHN">
  <ns0:station address="http://eida.ethz.ch/fdsnws/station/1/query" priority="1" start="1980-01-01T00:00:00" end="" />
  <ns0:dataselect address="http://eida.ethz.ch/fdsnws/dataselect/1/query" priority="1" start="1980-01-01T00:00:00" end="" />
 </ns0:route>
 <ns0:route networkCode="CH" stationCode="SBAW" locationCode="*" streamCode="HGE">
  <ns0:station address="http://eida.ethz.ch/fdsnws/station/1/query" priority="1" start="1980-01-01T00:00:00" end="" />
  <ns0:dataselect address="http://eida.ethz.ch/fdsnws/dataselect/1/query" priority="1" start="1980-01-01T00:00:00" end="" />
 </ns0:route>
 <ns0:route networkCode="CH" stationCode="ACB" locationCode="*" streamCode="EHE">
  <ns0:station address="http://eida.ethz.ch/fdsnws/station/1/query" priority="1" start="1980-01-01T00:00:00" end="" />
  <ns0:dataselect address="http://eida.ethz.ch/fdsnws/dataselect/1/query" priority="1" start="1980-01-01T00:00:00" end="" />
 </ns0:route>
 <ns0:route networkCode="CH" stationCode="WIMIS" locationCode="*" streamCode="LHE">
  <ns0:station address="http://eida.ethz.ch/fdsnws/station/1/query" priority="1" start="1980-01-01T00:00:00" end="" />
  <ns0:dataselect address="http://eida.ethz.ch/fdsnws/dataselect/1/query" priority="1" start="1980-01-01T00:00:00" end="" />
 </ns0:route>
 <ns0:route networkCode="BW" stationCode="SCE" locationCode="*" streamCode="*">
  <ns0:seedlink address="141.84.11.2:18000" priority="1" start="" end="" />
  <ns0:station address="http://erde.geophysik.uni-muenchen.de/fdsnws/station/1/query" priority="1" start="1980-01-01T00:00:00" end="" />
  <ns0:dataselect address="http://erde.geophysik.uni-muenchen.de/fdsnws/dataselect/1/query" priority="1" start="1980-01-01T00:00:00" end="" />
 </ns0:route>
 <ns0:route networkCode="CH" stationCode="SARG" locationCode="*" streamCode="HGE">
  <ns0:station address="http://eida.ethz.ch/fdsnws/station/1/query" priority="1" start="1980-01-01T00:00:00" end="" />
  <ns0:dataselect address="http://eida.ethz.ch/fdsnws/dataselect/1/query" priority="1" start="1980-01-01T00:00:00" end="" />
 </ns0:route>
 <ns0:route networkCode="CH" stationCode="STIEG" locationCode="*" streamCode="HGE">
  <ns0:station address="http://eida.ethz.ch/fdsnws/station/1/query" priority="1" start="1980-01-01T00:00:00" end="" />
  <ns0:dataselect address="http://eida.ethz.ch/fdsnws/dataselect/1/query" priority="1" start="1980-01-01T00:00:00" end="" />
 </ns0:route>
 <ns0:route networkCode="CH" stationCode="EMING" locationCode="*" streamCode="HHE">
  <ns0:station address="http://eida.ethz.ch/fdsnws/station/1/query" priority="1" start="1980-01-01T00:00:00" end="" />
  <ns0:dataselect address="http://eida.ethz.ch/fdsnws/dataselect/1/query" priority="1" start="1980-01-01T00:00:00" end="" />
 </ns0:route>
 <ns0:route networkCode="CH" stationCode="SGEM" locationCode="*" streamCode="HGZ">
  <ns0:station address="http://eida.ethz.ch/fdsnws/station/1/query" priority="1" start="1980-01-01T00:00:00" end="" />
  <ns0:dataselect address="http://eida.ethz.ch/fdsnws/dataselect/1/query" priority="1" start="1980-01-01T00:00:00" end="" />
 </ns0:route>
 <ns0:route networkCode="CH" stationCode="SBAJ" locationCode="*" streamCode="HGZ">
  <ns0:station address="http://eida.ethz.ch/fdsnws/station/1/query" priority="1" start="1980-01-01T00:00:00" end="" />
  <ns0:dataselect address="http://eida.ethz.ch/fdsnws/dataselect/1/query" priority="1" start="1980-01-01T00:00:00" end="" />
 </ns0:route>
 <ns0:route networkCode="CH" stationCode="SBGN" locationCode="*" streamCode="HGZ">
  <ns0:station address="http://eida.ethz.ch/fdsnws/station/1/query" priority="1" start="1980-01-01T00:00:00" end="" />
  <ns0:dataselect address="http://eida.ethz.ch/fdsnws/dataselect/1/query" priority="1" start="1980-01-01T00:00:00" end="" />
 </ns0:route>
 <ns0:route networkCode="CH" stationCode="SIMPL" locationCode="*" streamCode="LHZ">
  <ns0:station address="http://eida.ethz.ch/fdsnws/station/1/query" priority="1" start="1980-01-01T00:00:00" end="" />
  <ns0:dataselect address="http://eida.ethz.ch/fdsnws/dataselect/1/query" priority="1" start="1980-01-01T00:00:00" end="" />
 </ns0:route>
 <ns0:route networkCode="CH" stationCode="WOLEN" locationCode="*" streamCode="HH3">
  <ns0:station address="http://eida.ethz.ch/fdsnws/station/1/query" priority="1" start="1980-01-01T00:00:00" end="" />
  <ns0:dataselect address="http://eida.ethz.ch/fdsnws/dataselect/1/query" priority="1" start="1980-01-01T00:00:00" end="" />
 </ns0:route>
 <ns0:route networkCode="EI" stationCode="*" locationCode="*" streamCode="*">
  <ns0:station address="http://geofon.gfz-potsdam.de/fdsnws/station/1/query" priority="1" start="1980-01-01T00:00:00" end="" />
  <ns0:dataselect address="http://geofon.gfz-potsdam.de/fdsnws/dataselect/1/query" priority="1" start="1980-01-01T00:00:00" end="" />
 </ns0:route>
 <ns0:route networkCode="CH" stationCode="SAUR" locationCode="*" streamCode="HGZ">
  <ns0:station address="http://eida.ethz.ch/fdsnws/station/1/query" priority="1" start="1980-01-01T00:00:00" end="" />
  <ns0:dataselect address="http://eida.ethz.ch/fdsnws/dataselect/1/query" priority="1" start="1980-01-01T00:00:00" end="" />
 </ns0:route>
 <ns0:route networkCode="CH" stationCode="FUSIO" locationCode="*" streamCode="HHN">
  <ns0:station address="http://eida.ethz.ch/fdsnws/station/1/query" priority="1" start="1980-01-01T00:00:00" end="" />
  <ns0:dataselect address="http://eida.ethz.ch/fdsnws/dataselect/1/query" priority="1" start="1980-01-01T00:00:00" end="" />
 </ns0:route>
 <ns0:route networkCode="CH" stationCode="MFSFB" locationCode="*" streamCode="HGZ">
  <ns0:station address="http://eida.ethz.ch/fdsnws/station/1/query" priority="1" start="1980-01-01T00:00:00" end="" />
  <ns0:dataselect address="http://eida.ethz.ch/fdsnws/dataselect/1/query" priority="1" start="1980-01-01T00:00:00" end="" />
 </ns0:route>
 <ns0:route networkCode="CH" stationCode="SOLB" locationCode="*" streamCode="HGN">
  <ns0:station address="http://eida.ethz.ch/fdsnws/station/1/query" priority="1" start="1980-01-01T00:00:00" end="" />
  <ns0:dataselect address="http://eida.ethz.ch/fdsnws/dataselect/1/query" priority="1" start="1980-01-01T00:00:00" end="" />
 </ns0:route>
 <ns0:route networkCode="ZF" stationCode="*" locationCode="*" streamCode="*">
  <ns0:station address="http://ws.resif.fr/fdsnws/station/1/query" priority="1" start="2003-01-01T00:00:00" end="2004-12-30T00:00:00" />
  <ns0:dataselect address="http://ws.resif.fr/fdsnws/dataselect/1/query" priority="1" start="2003-01-01T00:00:00" end="2004-12-30T00:00:00" />
  <ns0:station address="http://geofon.gfz-potsdam.de/fdsnws/station/1/query" priority="1" start="1997-01-01T00:00:00" end="1998-12-31T00:00:00" />
  <ns0:dataselect address="http://geofon.gfz-potsdam.de/fdsnws/dataselect/1/query" priority="1" start="1997-01-01T00:00:00" end="1998-12-31T00:00:00" />
  <ns0:station address="http://geofon.gfz-potsdam.de/fdsnws/station/1/query" priority="1" start="1999-06-01T00:00:00" end="2001-05-31T00:00:00" />
  <ns0:dataselect address="http://geofon.gfz-potsdam.de/fdsnws/dataselect/1/query" priority="1" start="1999-06-01T00:00:00" end="2001-05-31T00:00:00" />
 </ns0:route>
 <ns0:route networkCode="CK" stationCode="*" locationCode="*" streamCode="*">
  <ns0:station address="http://geofon.gfz-potsdam.de/fdsnws/station/1/query" priority="1" start="1980-01-01T00:00:00" end="" />
  <ns0:dataselect address="http://geofon.gfz-potsdam.de/fdsnws/dataselect/1/query" priority="1" start="1980-01-01T00:00:00" end="" />
 </ns0:route>
 <ns0:route networkCode="CH" stationCode="SNES2" locationCode="*" streamCode="HGE">
  <ns0:station address="http://eida.ethz.ch/fdsnws/station/1/query" priority="1" start="1980-01-01T00:00:00" end="" />
  <ns0:dataselect address="http://eida.ethz.ch/fdsnws/dataselect/1/query" priority="1" start="1980-01-01T00:00:00" end="" />
 </ns0:route>
 <ns0:route networkCode="CH" stationCode="SKLW" locationCode="*" streamCode="HGE">
  <ns0:station address="http://eida.ethz.ch/fdsnws/station/1/query" priority="1" start="1980-01-01T00:00:00" end="" />
  <ns0:dataselect address="http://eida.ethz.ch/fdsnws/dataselect/1/query" priority="1" start="1980-01-01T00:00:00" end="" />
 </ns0:route>
 <ns0:route networkCode="BW" stationCode="RTEA" locationCode="*" streamCode="*">
  <ns0:station address="http://erde.geophysik.uni-muenchen.de/fdsnws/station/1/query" priority="1" start="1980-01-01T00:00:00" end="" />
  <ns0:dataselect address="http://erde.geophysik.uni-muenchen.de/fdsnws/dataselect/1/query" priority="1" start="1980-01-01T00:00:00" end="" />
 </ns0:route>
 <ns0:route networkCode="CH" stationCode="BIBA" locationCode="*" streamCode="HGE">
  <ns0:station address="http://eida.ethz.ch/fdsnws/station/1/query" priority="1" start="1980-01-01T00:00:00" end="" />
  <ns0:dataselect address="http://eida.ethz.ch/fdsnws/dataselect/1/query" priority="1" start="1980-01-01T00:00:00" end="" />
 </ns0:route>
 <ns0:route networkCode="CH" stationCode="MFSFB" locationCode="*" streamCode="HGN">
  <ns0:station address="http://eida.ethz.ch/fdsnws/station/1/query" priority="1" start="1980-01-01T00:00:00" end="" />
  <ns0:dataselect address="http://eida.ethz.ch/fdsnws/dataselect/1/query" priority="1" start="1980-01-01T00:00:00" end="" />
 </ns0:route>
 <ns0:route networkCode="CH" stationCode="SOLB" locationCode="*" streamCode="HGZ">
  <ns0:station address="http://eida.ethz.ch/fdsnws/station/1/query" priority="1" start="1980-01-01T00:00:00" end="" />
  <ns0:dataselect address="http://eida.ethz.ch/fdsnws/dataselect/1/query" priority="1" start="1980-01-01T00:00:00" end="" />
 </ns0:route>
 <ns0:route networkCode="CH" stationCode="SIMPL" locationCode="*" streamCode="HHE">
  <ns0:station address="http://eida.ethz.ch/fdsnws/station/1/query" priority="1" start="1980-01-01T00:00:00" end="" />
  <ns0:dataselect address="http://eida.ethz.ch/fdsnws/dataselect/1/query" priority="1" start="1980-01-01T00:00:00" end="" />
 </ns0:route>
 <ns0:route networkCode="CH" stationCode="VDL" locationCode="*" streamCode="HGE">
  <ns0:station address="http://eida.ethz.ch/fdsnws/station/1/query" priority="1" start="1980-01-01T00:00:00" end="" />
  <ns0:dataselect address="http://eida.ethz.ch/fdsnws/dataselect/1/query" priority="1" start="1980-01-01T00:00:00" end="" />
 </ns0:route>
 <ns0:route networkCode="CH" stationCode="GRIMS" locationCode="*" streamCode="HHE">
  <ns0:station address="http://eida.ethz.ch/fdsnws/station/1/query" priority="1" start="1980-01-01T00:00:00" end="" />
  <ns0:dataselect address="http://eida.ethz.ch/fdsnws/dataselect/1/query" priority="1" start="1980-01-01T00:00:00" end="" />
 </ns0:route>
 <ns0:route networkCode="CH" stationCode="SEMOS" locationCode="*" streamCode="HGZ">
  <ns0:station address="http://eida.ethz.ch/fdsnws/station/1/query" priority="1" start="1980-01-01T00:00:00" end="" />
  <ns0:dataselect address="http://eida.ethz.ch/fdsnws/dataselect/1/query" priority="1" start="1980-01-01T00:00:00" end="" />
 </ns0:route>
 <ns0:route networkCode="CH" stationCode="SPGF" locationCode="*" streamCode="HGE">
  <ns0:station address="http://eida.ethz.ch/fdsnws/station/1/query" priority="1" start="1980-01-01T00:00:00" end="" />
  <ns0:dataselect address="http://eida.ethz.ch/fdsnws/dataselect/1/query" priority="1" start="1980-01-01T00:00:00" end="" />
 </ns0:route>
 <ns0:route networkCode="CH" stationCode="EMBD" locationCode="*" streamCode="HHN">
  <ns0:station address="http://eida.ethz.ch/fdsnws/station/1/query" priority="1" start="1980-01-01T00:00:00" end="" />
  <ns0:dataselect address="http://eida.ethz.ch/fdsnws/dataselect/1/query" priority="1" start="1980-01-01T00:00:00" end="" />
 </ns0:route>
 <ns0:route networkCode="HE" stationCode="*" locationCode="*" streamCode="*">
  <ns0:station address="http://geofon.gfz-potsdam.de/fdsnws/station/1/query" priority="1" start="1980-01-01T00:00:00" end="" />
  <ns0:dataselect address="http://geofon.gfz-potsdam.de/fdsnws/dataselect/1/query" priority="1" start="1980-01-01T00:00:00" end="" />
 </ns0:route>
 <ns0:route networkCode="CH" stationCode="BOURR" locationCode="*" streamCode="HHZ">
  <ns0:station address="http://eida.ethz.ch/fdsnws/station/1/query" priority="1" start="1980-01-01T00:00:00" end="" />
  <ns0:dataselect address="http://eida.ethz.ch/fdsnws/dataselect/1/query" priority="1" start="1980-01-01T00:00:00" end="" />
 </ns0:route>
 <ns0:route networkCode="CH" stationCode="SLAE" locationCode="*" streamCode="HGE">
  <ns0:station address="http://eida.ethz.ch/fdsnws/station/1/query" priority="1" start="1980-01-01T00:00:00" end="" />
  <ns0:dataselect address="http://eida.ethz.ch/fdsnws/dataselect/1/query" priority="1" start="1980-01-01T00:00:00" end="" />
 </ns0:route>
 <ns0:route networkCode="CH" stationCode="FUSIO" locationCode="*" streamCode="LHN">
  <ns0:station address="http://eida.ethz.ch/fdsnws/station/1/query" priority="1" start="1980-01-01T00:00:00" end="" />
  <ns0:dataselect address="http://eida.ethz.ch/fdsnws/dataselect/1/query" priority="1" start="1980-01-01T00:00:00" end="" />
 </ns0:route>
 <ns0:route networkCode="CH" stationCode="ZUR" locationCode="*" streamCode="HGN">
  <ns0:station address="http://eida.ethz.ch/fdsnws/station/1/query" priority="1" start="1980-01-01T00:00:00" end="" />
  <ns0:dataselect address="http://eida.ethz.ch/fdsnws/dataselect/1/query" priority="1" start="1980-01-01T00:00:00" end="" />
 </ns0:route>
 <ns0:route networkCode="CH" stationCode="TORNY" locationCode="*" streamCode="HHE">
  <ns0:station address="http://eida.ethz.ch/fdsnws/station/1/query" priority="1" start="1980-01-01T00:00:00" end="" />
  <ns0:dataselect address="http://eida.ethz.ch/fdsnws/dataselect/1/query" priority="1" start="1980-01-01T00:00:00" end="" />
 </ns0:route>
 <ns0:route networkCode="CH" stationCode="SEMOS" locationCode="*" streamCode="HGN">
  <ns0:station address="http://eida.ethz.ch/fdsnws/station/1/query" priority="1" start="1980-01-01T00:00:00" end="" />
  <ns0:dataselect address="http://eida.ethz.ch/fdsnws/dataselect/1/query" priority="1" start="1980-01-01T00:00:00" end="" />
 </ns0:route>
 <ns0:route networkCode="CH" stationCode="SBUA" locationCode="*" streamCode="HGN">
  <ns0:station address="http://eida.ethz.ch/fdsnws/station/1/query" priority="1" start="1980-01-01T00:00:00" end="" />
  <ns0:dataselect address="http://eida.ethz.ch/fdsnws/dataselect/1/query" priority="1" start="1980-01-01T00:00:00" end="" />
 </ns0:route>
 <ns0:route networkCode="CH" stationCode="SULZ" locationCode="*" streamCode="LHN">
  <ns0:station address="http://eida.ethz.ch/fdsnws/station/1/query" priority="1" start="1980-01-01T00:00:00" end="" />
  <ns0:dataselect address="http://eida.ethz.ch/fdsnws/dataselect/1/query" priority="1" start="1980-01-01T00:00:00" end="" />
 </ns0:route>
 <ns0:route networkCode="CH" stationCode="SZER" locationCode="*" streamCode="HGE">
  <ns0:station address="http://eida.ethz.ch/fdsnws/station/1/query" priority="1" start="1980-01-01T00:00:00" end="" />
  <ns0:dataselect address="http://eida.ethz.ch/fdsnws/dataselect/1/query" priority="1" start="1980-01-01T00:00:00" end="" />
 </ns0:route>
 <ns0:route networkCode="CH" stationCode="NOV3" locationCode="*" streamCode="EHN">
  <ns0:station address="http://eida.ethz.ch/fdsnws/station/1/query" priority="1" start="1980-01-01T00:00:00" end="" />
  <ns0:dataselect address="http://eida.ethz.ch/fdsnws/dataselect/1/query" priority="1" start="1980-01-01T00:00:00" end="" />
 </ns0:route>
 <ns0:route networkCode="CH" stationCode="SENIN" locationCode="*" streamCode="HGN">
  <ns0:station address="http://eida.ethz.ch/fdsnws/station/1/query" priority="1" start="1980-01-01T00:00:00" end="" />
  <ns0:dataselect address="http://eida.ethz.ch/fdsnws/dataselect/1/query" priority="1" start="1980-01-01T00:00:00" end="" />
 </ns0:route>
 <ns0:route networkCode="DZ" stationCode="*" locationCode="*" streamCode="*">
  <ns0:station address="http://www.orfeus-eu.org/fdsnws/station/1/query" priority="1" start="1980-01-01T00:00:00" end="" />
  <ns0:dataselect address="http://www.orfeus-eu.org/fdsnws/dataselect/1/query" priority="1" start="1980-01-01T00:00:00" end="" />
 </ns0:route>
 <ns0:route networkCode="CH" stationCode="SIMPL" locationCode="*" streamCode="HHZ">
  <ns0:station address="http://eida.ethz.ch/fdsnws/station/1/query" priority="1" start="1980-01-01T00:00:00" end="" />
  <ns0:dataselect address="http://eida.ethz.ch/fdsnws/dataselect/1/query" priority="1" start="1980-01-01T00:00:00" end="" />
 </ns0:route>
 <ns0:route networkCode="RO" stationCode="*" locationCode="*" streamCode="*">
  <ns0:seedlink address="eida-sc3.infp.ro:18000" priority="1" start="" end="" />
  <ns0:station address="http://eida-sc3.infp.ro/fdsnws/station/1/query" priority="1" start="1980-01-01T00:00:00" end="" />
  <ns0:dataselect address="http://eida-sc3.infp.ro/fdsnws/dataselect/1/query" priority="1" start="1980-01-01T00:00:00" end="" />
 </ns0:route>
 <ns0:route networkCode="CH" stationCode="SNIB" locationCode="*" streamCode="HGZ">
  <ns0:station address="http://eida.ethz.ch/fdsnws/station/1/query" priority="1" start="1980-01-01T00:00:00" end="" />
  <ns0:dataselect address="http://eida.ethz.ch/fdsnws/dataselect/1/query" priority="1" start="1980-01-01T00:00:00" end="" />
 </ns0:route>
 <ns0:route networkCode="CH" stationCode="SBAK" locationCode="*" streamCode="HGE">
  <ns0:station address="http://eida.ethz.ch/fdsnws/station/1/query" priority="1" start="1980-01-01T00:00:00" end="" />
  <ns0:dataselect address="http://eida.ethz.ch/fdsnws/dataselect/1/query" priority="1" start="1980-01-01T00:00:00" end="" />
 </ns0:route>
 <ns0:route networkCode="CH" stationCode="SULZ" locationCode="*" streamCode="LHZ">
  <ns0:station address="http://eida.ethz.ch/fdsnws/station/1/query" priority="1" start="1980-01-01T00:00:00" end="" />
  <ns0:dataselect address="http://eida.ethz.ch/fdsnws/dataselect/1/query" priority="1" start="1980-01-01T00:00:00" end="" />
 </ns0:route>
 <ns0:route networkCode="CH" stationCode="SBRG" locationCode="*" streamCode="HGZ">
  <ns0:station address="http://eida.ethz.ch/fdsnws/station/1/query" priority="1" start="1980-01-01T00:00:00" end="" />
  <ns0:dataselect address="http://eida.ethz.ch/fdsnws/dataselect/1/query" priority="1" start="1980-01-01T00:00:00" end="" />
 </ns0:route>
 <ns0:route networkCode="CH" stationCode="BOURR" locationCode="*" streamCode="HHE">
  <ns0:station address="http://eida.ethz.ch/fdsnws/station/1/query" priority="1" start="1980-01-01T00:00:00" end="" />
  <ns0:dataselect address="http://eida.ethz.ch/fdsnws/dataselect/1/query" priority="1" start="1980-01-01T00:00:00" end="" />
 </ns0:route>
 <ns0:route networkCode="CH" stationCode="SENIN" locationCode="*" streamCode="HGZ">
  <ns0:station address="http://eida.ethz.ch/fdsnws/station/1/query" priority="1" start="1980-01-01T00:00:00" end="" />
  <ns0:dataselect address="http://eida.ethz.ch/fdsnws/dataselect/1/query" priority="1" start="1980-01-01T00:00:00" end="" />
 </ns0:route>
 <ns0:route networkCode="BW" stationCode="MZEK" locationCode="*" streamCode="*">
  <ns0:seedlink address="141.84.11.2:18000" priority="1" start="" end="" />
  <ns0:station address="http://erde.geophysik.uni-muenchen.de/fdsnws/station/1/query" priority="1" start="1980-01-01T00:00:00" end="" />
  <ns0:dataselect address="http://erde.geophysik.uni-muenchen.de/fdsnws/dataselect/1/query" priority="1" start="1980-01-01T00:00:00" end="" />
 </ns0:route>
 <ns0:route networkCode="CH" stationCode="SIMPL" locationCode="*" streamCode="HHN">
  <ns0:station address="http://eida.ethz.ch/fdsnws/station/1/query" priority="1" start="1980-01-01T00:00:00" end="" />
  <ns0:dataselect address="http://eida.ethz.ch/fdsnws/dataselect/1/query" priority="1" start="1980-01-01T00:00:00" end="" />
 </ns0:route>
 <ns0:route networkCode="CH" stationCode="SARG" locationCode="*" streamCode="HGN">
  <ns0:station address="http://eida.ethz.ch/fdsnws/station/1/query" priority="1" start="1980-01-01T00:00:00" end="" />
  <ns0:dataselect address="http://eida.ethz.ch/fdsnws/dataselect/1/query" priority="1" start="1980-01-01T00:00:00" end="" />
 </ns0:route>
 <ns0:route networkCode="CH" stationCode="DAGMA" locationCode="*" streamCode="LHZ">
  <ns0:station address="http://eida.ethz.ch/fdsnws/station/1/query" priority="1" start="1980-01-01T00:00:00" end="" />
  <ns0:dataselect address="http://eida.ethz.ch/fdsnws/dataselect/1/query" priority="1" start="1980-01-01T00:00:00" end="" />
 </ns0:route>
 <ns0:route networkCode="CH" stationCode="SBAE" locationCode="*" streamCode="HGN">
  <ns0:station address="http://eida.ethz.ch/fdsnws/station/1/query" priority="1" start="1980-01-01T00:00:00" end="" />
  <ns0:dataselect address="http://eida.ethz.ch/fdsnws/dataselect/1/query" priority="1" start="1980-01-01T00:00:00" end="" />
 </ns0:route>
 <ns0:route networkCode="CH" stationCode="BRANT" locationCode="*" streamCode="HHE">
  <ns0:station address="http://eida.ethz.ch/fdsnws/station/1/query" priority="1" start="1980-01-01T00:00:00" end="" />
  <ns0:dataselect address="http://eida.ethz.ch/fdsnws/dataselect/1/query" priority="1" start="1980-01-01T00:00:00" end="" />
 </ns0:route>
 <ns0:route networkCode="CH" stationCode="SYVP" locationCode="*" streamCode="HGN">
  <ns0:station address="http://eida.ethz.ch/fdsnws/station/1/query" priority="1" start="1980-01-01T00:00:00" end="" />
  <ns0:dataselect address="http://eida.ethz.ch/fdsnws/dataselect/1/query" priority="1" start="1980-01-01T00:00:00" end="" />
 </ns0:route>
 <ns0:route networkCode="CH" stationCode="SYVP" locationCode="*" streamCode="HGE">
  <ns0:station address="http://eida.ethz.ch/fdsnws/station/1/query" priority="1" start="1980-01-01T00:00:00" end="" />
  <ns0:dataselect address="http://eida.ethz.ch/fdsnws/dataselect/1/query" priority="1" start="1980-01-01T00:00:00" end="" />
 </ns0:route>
 <ns0:route networkCode="CH" stationCode="SRUG" locationCode="*" streamCode="HGZ">
  <ns0:station address="http://eida.ethz.ch/fdsnws/station/1/query" priority="1" start="1980-01-01T00:00:00" end="" />
  <ns0:dataselect address="http://eida.ethz.ch/fdsnws/dataselect/1/query" priority="1" start="1980-01-01T00:00:00" end="" />
 </ns0:route>
 <ns0:route networkCode="CH" stationCode="STHK" locationCode="*" streamCode="HGE">
  <ns0:station address="http://eida.ethz.ch/fdsnws/station/1/query" priority="1" start="1980-01-01T00:00:00" end="" />
  <ns0:dataselect address="http://eida.ethz.ch/fdsnws/dataselect/1/query" priority="1" start="1980-01-01T00:00:00" end="" />
 </ns0:route>
 <ns0:route networkCode="ZQ" stationCode="*" locationCode="*" streamCode="*">
  <ns0:station address="http://geofon.gfz-potsdam.de/fdsnws/station/1/query" priority="1" start="2004-02-03T00:00:00" end="2005-04-30T00:00:00" />
  <ns0:dataselect address="http://geofon.gfz-potsdam.de/fdsnws/dataselect/1/query" priority="1" start="2004-02-03T00:00:00" end="2005-04-30T00:00:00" />
 </ns0:route>
 <ns0:route networkCode="CH" stationCode="SBAM2" locationCode="*" streamCode="HGZ">
  <ns0:station address="http://eida.ethz.ch/fdsnws/station/1/query" priority="1" start="1980-01-01T00:00:00" end="" />
  <ns0:dataselect address="http://eida.ethz.ch/fdsnws/dataselect/1/query" priority="1" start="1980-01-01T00:00:00" end="" />
 </ns0:route>
 <ns0:route networkCode="CH" stationCode="SBGN" locationCode="*" streamCode="HGN">
  <ns0:station address="http://eida.ethz.ch/fdsnws/station/1/query" priority="1" start="1980-01-01T00:00:00" end="" />
  <ns0:dataselect address="http://eida.ethz.ch/fdsnws/dataselect/1/query" priority="1" start="1980-01-01T00:00:00" end="" />
 </ns0:route>
 <ns0:route networkCode="CH" stationCode="SBAE" locationCode="*" streamCode="HGZ">
  <ns0:station address="http://eida.ethz.ch/fdsnws/station/1/query" priority="1" start="1980-01-01T00:00:00" end="" />
  <ns0:dataselect address="http://eida.ethz.ch/fdsnws/dataselect/1/query" priority="1" start="1980-01-01T00:00:00" end="" />
 </ns0:route>
 <ns0:route networkCode="CH" stationCode="BERNI" locationCode="*" streamCode="LHZ">
  <ns0:station address="http://eida.ethz.ch/fdsnws/station/1/query" priority="1" start="1980-01-01T00:00:00" end="" />
  <ns0:dataselect address="http://eida.ethz.ch/fdsnws/dataselect/1/query" priority="1" start="1980-01-01T00:00:00" end="" />
 </ns0:route>
 <ns0:route networkCode="CH" stationCode="ZUR" locationCode="*" streamCode="LHE">
  <ns0:station address="http://eida.ethz.ch/fdsnws/station/1/query" priority="1" start="1980-01-01T00:00:00" end="" />
  <ns0:dataselect address="http://eida.ethz.ch/fdsnws/dataselect/1/query" priority="1" start="1980-01-01T00:00:00" end="" />
 </ns0:route>
 <ns0:route networkCode="CH" stationCode="FUORN" locationCode="*" streamCode="LHZ">
  <ns0:station address="http://eida.ethz.ch/fdsnws/station/1/query" priority="1" start="1980-01-01T00:00:00" end="" />
  <ns0:dataselect address="http://eida.ethz.ch/fdsnws/dataselect/1/query" priority="1" start="1980-01-01T00:00:00" end="" />
 </ns0:route>
 <ns0:route networkCode="CH" stationCode="SBAF" locationCode="*" streamCode="HGE">
  <ns0:station address="http://eida.ethz.ch/fdsnws/station/1/query" priority="1" start="1980-01-01T00:00:00" end="" />
  <ns0:dataselect address="http://eida.ethz.ch/fdsnws/dataselect/1/query" priority="1" start="1980-01-01T00:00:00" end="" />
 </ns0:route>
 <ns0:route networkCode="IV" stationCode="*" locationCode="*" streamCode="*">
  <ns0:seedlink address="eida.rm.ingv.it:18000" priority="1" start="" end="" />
  <ns0:station address="http://webservices.rm.ingv.it/fdsnws/station/1/query" priority="1" start="1980-01-01T00:00:00" end="" />
  <ns0:dataselect address="http://webservices.rm.ingv.it/fdsnws/dataselect/1/query" priority="1" start="1980-01-01T00:00:00" end="" />
 </ns0:route>
 <ns0:route networkCode="CH" stationCode="MMK" locationCode="*" streamCode="HHN">
  <ns0:station address="http://eida.ethz.ch/fdsnws/station/1/query" priority="1" start="1980-01-01T00:00:00" end="" />
  <ns0:dataselect address="http://eida.ethz.ch/fdsnws/dataselect/1/query" priority="1" start="1980-01-01T00:00:00" end="" />
 </ns0:route>
 <ns0:route networkCode="CH" stationCode="GUT" locationCode="*" streamCode="HHE">
  <ns0:station address="http://eida.ethz.ch/fdsnws/station/1/query" priority="1" start="1980-01-01T00:00:00" end="" />
  <ns0:dataselect address="http://eida.ethz.ch/fdsnws/dataselect/1/query" priority="1" start="1980-01-01T00:00:00" end="" />
 </ns0:route>
 <ns0:route networkCode="CH" stationCode="SRHH" locationCode="*" streamCode="HGE">
  <ns0:station address="http://eida.ethz.ch/fdsnws/station/1/query" priority="1" start="1980-01-01T00:00:00" end="" />
  <ns0:dataselect address="http://eida.ethz.ch/fdsnws/dataselect/1/query" priority="1" start="1980-01-01T00:00:00" end="" />
 </ns0:route>
 <ns0:route networkCode="IU" stationCode="*" locationCode="*" streamCode="*">
  <ns0:station address="http://www.orfeus-eu.org/fdsnws/station/1/query" priority="1" start="1980-01-01T00:00:00" end="" />
  <ns0:dataselect address="http://www.orfeus-eu.org/fdsnws/dataselect/1/query" priority="1" start="1980-01-01T00:00:00" end="" />
 </ns0:route>
 <ns0:route networkCode="CH" stationCode="MUO" locationCode="*" streamCode="LHN">
  <ns0:station address="http://eida.ethz.ch/fdsnws/station/1/query" priority="1" start="1980-01-01T00:00:00" end="" />
  <ns0:dataselect address="http://eida.ethz.ch/fdsnws/dataselect/1/query" priority="1" start="1980-01-01T00:00:00" end="" />
 </ns0:route>
 <ns0:route networkCode="CH" stationCode="SBIS2" locationCode="*" streamCode="HGN">
  <ns0:station address="http://eida.ethz.ch/fdsnws/station/1/query" priority="1" start="1980-01-01T00:00:00" end="" />
  <ns0:dataselect address="http://eida.ethz.ch/fdsnws/dataselect/1/query" priority="1" start="1980-01-01T00:00:00" end="" />
 </ns0:route>
 <ns0:route networkCode="BW" stationCode="RMOA" locationCode="*" streamCode="*">
  <ns0:seedlink address="141.84.11.2:18000" priority="1" start="" end="" />
  <ns0:station address="http://erde.geophysik.uni-muenchen.de/fdsnws/station/1/query" priority="1" start="1980-01-01T00:00:00" end="" />
  <ns0:dataselect address="http://erde.geophysik.uni-muenchen.de/fdsnws/dataselect/1/query" priority="1" start="1980-01-01T00:00:00" end="" />
 </ns0:route>
 <ns0:route networkCode="CH" stationCode="SIES" locationCode="*" streamCode="HGE">
  <ns0:station address="http://eida.ethz.ch/fdsnws/station/1/query" priority="1" start="1980-01-01T00:00:00" end="" />
  <ns0:dataselect address="http://eida.ethz.ch/fdsnws/dataselect/1/query" priority="1" start="1980-01-01T00:00:00" end="" />
 </ns0:route>
 <ns0:route networkCode="CH" stationCode="FUORN" locationCode="*" streamCode="LHN">
  <ns0:station address="http://eida.ethz.ch/fdsnws/station/1/query" priority="1" start="1980-01-01T00:00:00" end="" />
  <ns0:dataselect address="http://eida.ethz.ch/fdsnws/dataselect/1/query" priority="1" start="1980-01-01T00:00:00" end="" />
 </ns0:route>
 <ns0:route networkCode="CH" stationCode="SARG" locationCode="*" streamCode="HGZ">
  <ns0:station address="http://eida.ethz.ch/fdsnws/station/1/query" priority="1" start="1980-01-01T00:00:00" end="" />
  <ns0:dataselect address="http://eida.ethz.ch/fdsnws/dataselect/1/query" priority="1" start="1980-01-01T00:00:00" end="" />
 </ns0:route>
 <ns0:route networkCode="CH" stationCode="MTI01" locationCode="*" streamCode="HGN">
  <ns0:station address="http://eida.ethz.ch/fdsnws/station/1/query" priority="1" start="1980-01-01T00:00:00" end="" />
  <ns0:dataselect address="http://eida.ethz.ch/fdsnws/dataselect/1/query" priority="1" start="1980-01-01T00:00:00" end="" />
 </ns0:route>
 <ns0:route networkCode="CH" stationCode="SOLZ" locationCode="*" streamCode="HGE">
  <ns0:station address="http://eida.ethz.ch/fdsnws/station/1/query" priority="1" start="1980-01-01T00:00:00" end="" />
  <ns0:dataselect address="http://eida.ethz.ch/fdsnws/dataselect/1/query" priority="1" start="1980-01-01T00:00:00" end="" />
 </ns0:route>
 <ns0:route networkCode="SS" stationCode="*" locationCode="*" streamCode="*">
  <ns0:station address="http://www.orfeus-eu.org/fdsnws/station/1/query" priority="1" start="1980-01-01T00:00:00" end="" />
  <ns0:dataselect address="http://www.orfeus-eu.org/fdsnws/dataselect/1/query" priority="1" start="1980-01-01T00:00:00" end="" />
 </ns0:route>
 <ns0:route networkCode="CH" stationCode="SEPFL" locationCode="*" streamCode="HGE">
  <ns0:station address="http://eida.ethz.ch/fdsnws/station/1/query" priority="1" start="1980-01-01T00:00:00" end="" />
  <ns0:dataselect address="http://eida.ethz.ch/fdsnws/dataselect/1/query" priority="1" start="1980-01-01T00:00:00" end="" />
 </ns0:route>
 <ns0:route networkCode="CH" stationCode="PLONS" locationCode="*" streamCode="LHZ">
  <ns0:station address="http://eida.ethz.ch/fdsnws/station/1/query" priority="1" start="1980-01-01T00:00:00" end="" />
  <ns0:dataselect address="http://eida.ethz.ch/fdsnws/dataselect/1/query" priority="1" start="1980-01-01T00:00:00" end="" />
 </ns0:route>
 <ns0:route networkCode="CH" stationCode="AIGLE" locationCode="*" streamCode="HHE">
  <ns0:station address="http://eida.ethz.ch/fdsnws/station/1/query" priority="1" start="1980-01-01T00:00:00" end="" />
  <ns0:dataselect address="http://eida.ethz.ch/fdsnws/dataselect/1/query" priority="1" start="1980-01-01T00:00:00" end="" />
 </ns0:route>
 <ns0:route networkCode="YU" stationCode="*" locationCode="*" streamCode="*">
  <ns0:station address="http://geofon.gfz-potsdam.de/fdsnws/station/1/query" priority="1" start="1996-01-01T00:00:00" end="2002-12-31T00:00:00" />
  <ns0:dataselect address="http://geofon.gfz-potsdam.de/fdsnws/dataselect/1/query" priority="1" start="1996-01-01T00:00:00" end="2002-12-31T00:00:00" />
 </ns0:route>
 <ns0:route networkCode="CH" stationCode="SCHE" locationCode="*" streamCode="HGZ">
  <ns0:station address="http://eida.ethz.ch/fdsnws/station/1/query" priority="1" start="1980-01-01T00:00:00" end="" />
  <ns0:dataselect address="http://eida.ethz.ch/fdsnws/dataselect/1/query" priority="1" start="1980-01-01T00:00:00" end="" />
 </ns0:route>
 <ns0:route networkCode="CH" stationCode="BERNI" locationCode="*" streamCode="HHZ">
  <ns0:station address="http://eida.ethz.ch/fdsnws/station/1/query" priority="1" start="1980-01-01T00:00:00" end="" />
  <ns0:dataselect address="http://eida.ethz.ch/fdsnws/dataselect/1/query" priority="1" start="1980-01-01T00:00:00" end="" />
 </ns0:route>
 <ns0:route networkCode="CH" stationCode="SVIP" locationCode="*" streamCode="HGE">
  <ns0:station address="http://eida.ethz.ch/fdsnws/station/1/query" priority="1" start="1980-01-01T00:00:00" end="" />
  <ns0:dataselect address="http://eida.ethz.ch/fdsnws/dataselect/1/query" priority="1" start="1980-01-01T00:00:00" end="" />
 </ns0:route>
 <ns0:route networkCode="CH" stationCode="SAIRA" locationCode="*" streamCode="LHZ">
  <ns0:station address="http://eida.ethz.ch/fdsnws/station/1/query" priority="1" start="1980-01-01T00:00:00" end="" />
  <ns0:dataselect address="http://eida.ethz.ch/fdsnws/dataselect/1/query" priority="1" start="1980-01-01T00:00:00" end="" />
 </ns0:route>
 <ns0:route networkCode="CH" stationCode="SBIK" locationCode="*" streamCode="HGE">
  <ns0:station address="http://eida.ethz.ch/fdsnws/station/1/query" priority="1" start="1980-01-01T00:00:00" end="" />
  <ns0:dataselect address="http://eida.ethz.ch/fdsnws/dataselect/1/query" priority="1" start="1980-01-01T00:00:00" end="" />
 </ns0:route>
 <ns0:route networkCode="4C" stationCode="KES27" locationCode="*" streamCode="HNN">
  <ns0:station address="http://geofon.gfz-potsdam.de/fdsnws/station/1/query" priority="2" start="2011-09-15T00:00:00" end="2012-04-20T23:59:00" />
  <ns0:dataselect address="http://geofon.gfz-potsdam.de/fdsnws/dataselect/1/query" priority="2" start="2011-09-15T00:00:00" end="2012-04-20T23:59:00" />
 </ns0:route>
 <ns0:route networkCode="CH" stationCode="HAMIK" locationCode="*" streamCode="EH2">
  <ns0:station address="http://eida.ethz.ch/fdsnws/station/1/query" priority="1" start="1980-01-01T00:00:00" end="" />
  <ns0:dataselect address="http://eida.ethz.ch/fdsnws/dataselect/1/query" priority="1" start="1980-01-01T00:00:00" end="" />
 </ns0:route>
 <ns0:route networkCode="6E" stationCode="*" locationCode="*" streamCode="*">
  <ns0:station address="http://geofon.gfz-potsdam.de/fdsnws/station/1/query" priority="1" start="2007-01-01T00:00:00" end="2011-12-31T00:00:00" />
  <ns0:dataselect address="http://geofon.gfz-potsdam.de/fdsnws/dataselect/1/query" priority="1" start="2007-01-01T00:00:00" end="2011-12-31T00:00:00" />
 </ns0:route>
 <ns0:route networkCode="CH" stationCode="SRNR" locationCode="*" streamCode="HGE">
  <ns0:station address="http://eida.ethz.ch/fdsnws/station/1/query" priority="1" start="1980-01-01T00:00:00" end="" />
  <ns0:dataselect address="http://eida.ethz.ch/fdsnws/dataselect/1/query" priority="1" start="1980-01-01T00:00:00" end="" />
 </ns0:route>
 <ns0:route networkCode="BW" stationCode="RJOB" locationCode="*" streamCode="*">
  <ns0:seedlink address="141.84.11.2:18000" priority="1" start="" end="" />
  <ns0:station address="http://erde.geophysik.uni-muenchen.de/fdsnws/station/1/query" priority="1" start="1980-01-01T00:00:00" end="" />
  <ns0:dataselect address="http://erde.geophysik.uni-muenchen.de/fdsnws/dataselect/1/query" priority="1" start="1980-01-01T00:00:00" end="" />
 </ns0:route>
 <ns0:route networkCode="CH" stationCode="SAIRA" locationCode="*" streamCode="LHN">
  <ns0:station address="http://eida.ethz.ch/fdsnws/station/1/query" priority="1" start="1980-01-01T00:00:00" end="" />
  <ns0:dataselect address="http://eida.ethz.ch/fdsnws/dataselect/1/query" priority="1" start="1980-01-01T00:00:00" end="" />
 </ns0:route>
 <ns0:route networkCode="CH" stationCode="SKRK" locationCode="*" streamCode="HGE">
  <ns0:station address="http://eida.ethz.ch/fdsnws/station/1/query" priority="1" start="1980-01-01T00:00:00" end="" />
  <ns0:dataselect address="http://eida.ethz.ch/fdsnws/dataselect/1/query" priority="1" start="1980-01-01T00:00:00" end="" />
 </ns0:route>
 <ns0:route networkCode="ZR" stationCode="*" locationCode="*" streamCode="*">
  <ns0:station address="http://geofon.gfz-potsdam.de/fdsnws/station/1/query" priority="1" start="2000-05-01T00:00:00" end="2004-05-20T00:00:00" />
  <ns0:dataselect address="http://geofon.gfz-potsdam.de/fdsnws/dataselect/1/query" priority="1" start="2000-05-01T00:00:00" end="2004-05-20T00:00:00" />
 </ns0:route>
 <ns0:route networkCode="CH" stationCode="SALTS" locationCode="*" streamCode="HGE">
  <ns0:station address="http://eida.ethz.ch/fdsnws/station/1/query" priority="1" start="1980-01-01T00:00:00" end="" />
  <ns0:dataselect address="http://eida.ethz.ch/fdsnws/dataselect/1/query" priority="1" start="1980-01-01T00:00:00" end="" />
 </ns0:route>
 <ns0:route networkCode="CH" stationCode="SLOP" locationCode="*" streamCode="HGE">
  <ns0:station address="http://eida.ethz.ch/fdsnws/station/1/query" priority="1" start="1980-01-01T00:00:00" end="" />
  <ns0:dataselect address="http://eida.ethz.ch/fdsnws/dataselect/1/query" priority="1" start="1980-01-01T00:00:00" end="" />
 </ns0:route>
 <ns0:route networkCode="CH" stationCode="SNES" locationCode="*" streamCode="HGE">
  <ns0:station address="http://eida.ethz.ch/fdsnws/station/1/query" priority="1" start="1980-01-01T00:00:00" end="" />
  <ns0:dataselect address="http://eida.ethz.ch/fdsnws/dataselect/1/query" priority="1" start="1980-01-01T00:00:00" end="" />
 </ns0:route>
 <ns0:route networkCode="CH" stationCode="SALB" locationCode="*" streamCode="HGE">
  <ns0:station address="http://eida.ethz.ch/fdsnws/station/1/query" priority="1" start="1980-01-01T00:00:00" end="" />
  <ns0:dataselect address="http://eida.ethz.ch/fdsnws/dataselect/1/query" priority="1" start="1980-01-01T00:00:00" end="" />
 </ns0:route>
 <ns0:route networkCode="CH" stationCode="SZUF" locationCode="*" streamCode="HGN">
  <ns0:station address="http://eida.ethz.ch/fdsnws/station/1/query" priority="1" start="1980-01-01T00:00:00" end="" />
  <ns0:dataselect address="http://eida.ethz.ch/fdsnws/dataselect/1/query" priority="1" start="1980-01-01T00:00:00" end="" />
 </ns0:route>
 <ns0:route networkCode="CH" stationCode="SBUB" locationCode="*" streamCode="HGN">
  <ns0:station address="http://eida.ethz.ch/fdsnws/station/1/query" priority="1" start="1980-01-01T00:00:00" end="" />
  <ns0:dataselect address="http://eida.ethz.ch/fdsnws/dataselect/1/query" priority="1" start="1980-01-01T00:00:00" end="" />
 </ns0:route>
 <ns0:route networkCode="CH" stationCode="DAGMA" locationCode="*" streamCode="HHZ">
  <ns0:station address="http://eida.ethz.ch/fdsnws/station/1/query" priority="1" start="1980-01-01T00:00:00" end="" />
  <ns0:dataselect address="http://eida.ethz.ch/fdsnws/dataselect/1/query" priority="1" start="1980-01-01T00:00:00" end="" />
 </ns0:route>
 <ns0:route networkCode="CH" stationCode="EMBD" locationCode="*" streamCode="LHZ">
  <ns0:station address="http://eida.ethz.ch/fdsnws/station/1/query" priority="1" start="1980-01-01T00:00:00" end="" />
  <ns0:dataselect address="http://eida.ethz.ch/fdsnws/dataselect/1/query" priority="1" start="1980-01-01T00:00:00" end="" />
 </ns0:route>
 <ns0:route networkCode="CH" stationCode="BALST" locationCode="*" streamCode="LHZ">
  <ns0:station address="http://eida.ethz.ch/fdsnws/station/1/query" priority="1" start="1980-01-01T00:00:00" end="" />
  <ns0:dataselect address="http://eida.ethz.ch/fdsnws/dataselect/1/query" priority="1" start="1980-01-01T00:00:00" end="" />
 </ns0:route>
 <ns0:route networkCode="CH" stationCode="SARD" locationCode="*" streamCode="HGE">
  <ns0:station address="http://eida.ethz.ch/fdsnws/station/1/query" priority="1" start="1980-01-01T00:00:00" end="" />
  <ns0:dataselect address="http://eida.ethz.ch/fdsnws/dataselect/1/query" priority="1" start="1980-01-01T00:00:00" end="" />
 </ns0:route>
 <ns0:route networkCode="CH" stationCode="SGEM" locationCode="*" streamCode="HGN">
  <ns0:station address="http://eida.ethz.ch/fdsnws/station/1/query" priority="1" start="1980-01-01T00:00:00" end="" />
  <ns0:dataselect address="http://eida.ethz.ch/fdsnws/dataselect/1/query" priority="1" start="1980-01-01T00:00:00" end="" />
 </ns0:route>
 <ns0:route networkCode="CH" stationCode="VANNI" locationCode="*" streamCode="LHN">
  <ns0:station address="http://eida.ethz.ch/fdsnws/station/1/query" priority="1" start="1980-01-01T00:00:00" end="" />
  <ns0:dataselect address="http://eida.ethz.ch/fdsnws/dataselect/1/query" priority="1" start="1980-01-01T00:00:00" end="" />
 </ns0:route>
 <ns0:route networkCode="CH" stationCode="ROMAN" locationCode="*" streamCode="HH2">
  <ns0:station address="http://eida.ethz.ch/fdsnws/station/1/query" priority="1" start="1980-01-01T00:00:00" end="" />
  <ns0:dataselect address="http://eida.ethz.ch/fdsnws/dataselect/1/query" priority="1" start="1980-01-01T00:00:00" end="" />
 </ns0:route>
 <ns0:route networkCode="CH" stationCode="PLONS" locationCode="*" streamCode="LHN">
  <ns0:station address="http://eida.ethz.ch/fdsnws/station/1/query" priority="1" start="1980-01-01T00:00:00" end="" />
  <ns0:dataselect address="http://eida.ethz.ch/fdsnws/dataselect/1/query" priority="1" start="1980-01-01T00:00:00" end="" />
 </ns0:route>
 <ns0:route networkCode="BW" stationCode="KW2" locationCode="*" streamCode="*">
  <ns0:seedlink address="141.84.11.2:18000" priority="1" start="" end="" />
  <ns0:station address="http://erde.geophysik.uni-muenchen.de/fdsnws/station/1/query" priority="1" start="1980-01-01T00:00:00" end="" />
  <ns0:dataselect address="http://erde.geophysik.uni-muenchen.de/fdsnws/dataselect/1/query" priority="1" start="1980-01-01T00:00:00" end="" />
 </ns0:route>
 <ns0:route networkCode="NA" stationCode="*" locationCode="*" streamCode="*">
  <ns0:station address="http://www.orfeus-eu.org/fdsnws/station/1/query" priority="1" start="1980-01-01T00:00:00" end="" />
  <ns0:dataselect address="http://www.orfeus-eu.org/fdsnws/dataselect/1/query" priority="1" start="1980-01-01T00:00:00" end="" />
 </ns0:route>
 <ns0:route networkCode="CH" stationCode="SYVP" locationCode="*" streamCode="HGZ">
  <ns0:station address="http://eida.ethz.ch/fdsnws/station/1/query" priority="1" start="1980-01-01T00:00:00" end="" />
  <ns0:dataselect address="http://eida.ethz.ch/fdsnws/dataselect/1/query" priority="1" start="1980-01-01T00:00:00" end="" />
 </ns0:route>
 <ns0:route networkCode="CH" stationCode="EMMET" locationCode="*" streamCode="HHN">
  <ns0:station address="http://eida.ethz.ch/fdsnws/station/1/query" priority="1" start="1980-01-01T00:00:00" end="" />
  <ns0:dataselect address="http://eida.ethz.ch/fdsnws/dataselect/1/query" priority="1" start="1980-01-01T00:00:00" end="" />
 </ns0:route>
 <ns0:route networkCode="BW" stationCode="RTVS" locationCode="*" streamCode="*">
  <ns0:station address="http://erde.geophysik.uni-muenchen.de/fdsnws/station/1/query" priority="1" start="1980-01-01T00:00:00" end="" />
  <ns0:dataselect address="http://erde.geophysik.uni-muenchen.de/fdsnws/dataselect/1/query" priority="1" start="1980-01-01T00:00:00" end="" />
 </ns0:route>
 <ns0:route networkCode="RA" stationCode="*" locationCode="*" streamCode="*">
  <ns0:station address="http://ws.resif.fr/fdsnws/station/1/query" priority="1" start="1995-01-01T00:00:00" end="" />
  <ns0:dataselect address="http://ws.resif.fr/fdsnws/dataselect/1/query" priority="1" start="1995-01-01T00:00:00" end="" />
 </ns0:route>
 <ns0:route networkCode="XY" stationCode="*" locationCode="*" streamCode="*">
  <ns0:station address="http://ws.resif.fr/fdsnws/station/1/query" priority="1" start="2007-01-01T00:00:00" end="2009-12-31T00:00:00" />
  <ns0:dataselect address="http://ws.resif.fr/fdsnws/dataselect/1/query" priority="1" start="2007-01-01T00:00:00" end="2009-12-31T00:00:00" />
 </ns0:route>
 <ns0:route networkCode="CH" stationCode="FUORN" locationCode="*" streamCode="LHE">
  <ns0:station address="http://eida.ethz.ch/fdsnws/station/1/query" priority="1" start="1980-01-01T00:00:00" end="" />
  <ns0:dataselect address="http://eida.ethz.ch/fdsnws/dataselect/1/query" priority="1" start="1980-01-01T00:00:00" end="" />
 </ns0:route>
 <ns0:route networkCode="CH" stationCode="SFRA" locationCode="*" streamCode="HGE">
  <ns0:station address="http://eida.ethz.ch/fdsnws/station/1/query" priority="1" start="1980-01-01T00:00:00" end="" />
  <ns0:dataselect address="http://eida.ethz.ch/fdsnws/dataselect/1/query" priority="1" start="1980-01-01T00:00:00" end="" />
 </ns0:route>
 <ns0:route networkCode="XW" stationCode="*" locationCode="*" streamCode="*">
  <ns0:station address="http://ws.resif.fr/fdsnws/station/1/query" priority="1" start="2007-01-01T00:00:00" end="2008-12-30T00:00:00" />
  <ns0:dataselect address="http://ws.resif.fr/fdsnws/dataselect/1/query" priority="1" start="2007-01-01T00:00:00" end="2008-12-30T00:00:00" />
 </ns0:route>
 <ns0:route networkCode="CH" stationCode="WALHA" locationCode="*" streamCode="HHE">
  <ns0:station address="http://eida.ethz.ch/fdsnws/station/1/query" priority="1" start="1980-01-01T00:00:00" end="" />
  <ns0:dataselect address="http://eida.ethz.ch/fdsnws/dataselect/1/query" priority="1" start="1980-01-01T00:00:00" end="" />
 </ns0:route>
 <ns0:route networkCode="CH" stationCode="FUSIO" locationCode="*" streamCode="HGE">
  <ns0:station address="http://eida.ethz.ch/fdsnws/station/1/query" priority="1" start="1980-01-01T00:00:00" end="" />
  <ns0:dataselect address="http://eida.ethz.ch/fdsnws/dataselect/1/query" priority="1" start="1980-01-01T00:00:00" end="" />
 </ns0:route>
 <ns0:route networkCode="AI" stationCode="*" locationCode="*" streamCode="*">
  <ns0:station address="http://www.orfeus-eu.org/fdsnws/station/1/query" priority="1" start="1980-01-01T00:00:00" end="" />
  <ns0:dataselect address="http://www.orfeus-eu.org/fdsnws/dataselect/1/query" priority="1" start="1980-01-01T00:00:00" end="" />
 </ns0:route>
 <ns0:route networkCode="1G" stationCode="*" locationCode="*" streamCode="*">
  <ns0:station address="http://geofon.gfz-potsdam.de/fdsnws/station/1/query" priority="1" start="2012-01-01T00:00:00" end="2017-12-31T00:00:00" />
  <ns0:dataselect address="http://geofon.gfz-potsdam.de/fdsnws/dataselect/1/query" priority="1" start="2012-01-01T00:00:00" end="2017-12-31T00:00:00" />
 </ns0:route>
 <ns0:route networkCode="CH" stationCode="BNALP" locationCode="*" streamCode="LHE">
  <ns0:station address="http://eida.ethz.ch/fdsnws/station/1/query" priority="1" start="1980-01-01T00:00:00" end="" />
  <ns0:dataselect address="http://eida.ethz.ch/fdsnws/dataselect/1/query" priority="1" start="1980-01-01T00:00:00" end="" />
 </ns0:route>
 <ns0:route networkCode="Y9" stationCode="*" locationCode="*" streamCode="*">
  <ns0:station address="http://geofon.gfz-potsdam.de/fdsnws/station/1/query" priority="1" start="2007-11-27T00:00:00" end="2008-05-02T00:00:00" />
  <ns0:dataselect address="http://geofon.gfz-potsdam.de/fdsnws/dataselect/1/query" priority="1" start="2007-11-27T00:00:00" end="2008-05-02T00:00:00" />
 </ns0:route>
 <ns0:route networkCode="YB" stationCode="*" locationCode="*" streamCode="*">
  <ns0:station address="http://ws.resif.fr/fdsnws/station/1/query" priority="1" start="2000-01-01T00:00:00" end="2001-12-31T00:00:00" />
  <ns0:dataselect address="http://ws.resif.fr/fdsnws/dataselect/1/query" priority="1" start="2000-01-01T00:00:00" end="2001-12-31T00:00:00" />
 </ns0:route>
 <ns0:route networkCode="CH" stationCode="SBEG" locationCode="*" streamCode="HGZ">
  <ns0:station address="http://eida.ethz.ch/fdsnws/station/1/query" priority="1" start="1980-01-01T00:00:00" end="" />
  <ns0:dataselect address="http://eida.ethz.ch/fdsnws/dataselect/1/query" priority="1" start="1980-01-01T00:00:00" end="" />
 </ns0:route>
 <ns0:route networkCode="HU" stationCode="*" locationCode="*" streamCode="*">
  <ns0:station address="http://geofon.gfz-potsdam.de/fdsnws/station/1/query" priority="1" start="1992-01-01T00:00:00" end="" />
  <ns0:dataselect address="http://geofon.gfz-potsdam.de/fdsnws/dataselect/1/query" priority="1" start="1992-01-01T00:00:00" end="" />
 </ns0:route>
 <ns0:route networkCode="CH" stationCode="SBRS" locationCode="*" streamCode="HGE">
  <ns0:station address="http://eida.ethz.ch/fdsnws/station/1/query" priority="1" start="1980-01-01T00:00:00" end="" />
  <ns0:dataselect address="http://eida.ethz.ch/fdsnws/dataselect/1/query" priority="1" start="1980-01-01T00:00:00" end="" />
 </ns0:route>
 <ns0:route networkCode="CH" stationCode="SRHE" locationCode="*" streamCode="HGZ">
  <ns0:station address="http://eida.ethz.ch/fdsnws/station/1/query" priority="1" start="1980-01-01T00:00:00" end="" />
  <ns0:dataselect address="http://eida.ethz.ch/fdsnws/dataselect/1/query" priority="1" start="1980-01-01T00:00:00" end="" />
 </ns0:route>
 <ns0:route networkCode="CH" stationCode="SLUK" locationCode="*" streamCode="HGN">
  <ns0:station address="http://eida.ethz.ch/fdsnws/station/1/query" priority="1" start="1980-01-01T00:00:00" end="" />
  <ns0:dataselect address="http://eida.ethz.ch/fdsnws/dataselect/1/query" priority="1" start="1980-01-01T00:00:00" end="" />
 </ns0:route>
 <ns0:route networkCode="CH" stationCode="FLACH" locationCode="*" streamCode="EHE">
  <ns0:station address="http://eida.ethz.ch/fdsnws/station/1/query" priority="1" start="1980-01-01T00:00:00" end="" />
  <ns0:dataselect address="http://eida.ethz.ch/fdsnws/dataselect/1/query" priority="1" start="1980-01-01T00:00:00" end="" />
 </ns0:route>
 <ns0:route networkCode="CH" stationCode="GRIMS" locationCode="*" streamCode="HGZ">
  <ns0:station address="http://eida.ethz.ch/fdsnws/station/1/query" priority="1" start="1980-01-01T00:00:00" end="" />
  <ns0:dataselect address="http://eida.ethz.ch/fdsnws/dataselect/1/query" priority="1" start="1980-01-01T00:00:00" end="" />
 </ns0:route>
 <ns0:route networkCode="CH" stationCode="SIOO" locationCode="*" streamCode="HGZ">
  <ns0:station address="http://eida.ethz.ch/fdsnws/station/1/query" priority="1" start="1980-01-01T00:00:00" end="" />
  <ns0:dataselect address="http://eida.ethz.ch/fdsnws/dataselect/1/query" priority="1" start="1980-01-01T00:00:00" end="" />
 </ns0:route>
 <ns0:route networkCode="BW" stationCode="OBER" locationCode="*" streamCode="*">
  <ns0:seedlink address="141.84.11.2:18000" priority="1" start="" end="" />
  <ns0:station address="http://erde.geophysik.uni-muenchen.de/fdsnws/station/1/query" priority="1" start="1980-01-01T00:00:00" end="" />
  <ns0:dataselect address="http://erde.geophysik.uni-muenchen.de/fdsnws/dataselect/1/query" priority="1" start="1980-01-01T00:00:00" end="" />
 </ns0:route>
 <ns0:route networkCode="CH" stationCode="MMK" locationCode="*" streamCode="HHE">
  <ns0:station address="http://eida.ethz.ch/fdsnws/station/1/query" priority="1" start="1980-01-01T00:00:00" end="" />
  <ns0:dataselect address="http://eida.ethz.ch/fdsnws/dataselect/1/query" priority="1" start="1980-01-01T00:00:00" end="" />
 </ns0:route>
 <ns0:route networkCode="CH" stationCode="MUO" locationCode="*" streamCode="HHZ">
  <ns0:station address="http://eida.ethz.ch/fdsnws/station/1/query" priority="1" start="1980-01-01T00:00:00" end="" />
  <ns0:dataselect address="http://eida.ethz.ch/fdsnws/dataselect/1/query" priority="1" start="1980-01-01T00:00:00" end="" />
 </ns0:route>
 <ns0:route networkCode="CH" stationCode="SRHE" locationCode="*" streamCode="HGN">
  <ns0:station address="http://eida.ethz.ch/fdsnws/station/1/query" priority="1" start="1980-01-01T00:00:00" end="" />
  <ns0:dataselect address="http://eida.ethz.ch/fdsnws/dataselect/1/query" priority="1" start="1980-01-01T00:00:00" end="" />
 </ns0:route>
 <ns0:route networkCode="CH" stationCode="STSW" locationCode="*" streamCode="HGZ">
  <ns0:station address="http://eida.ethz.ch/fdsnws/station/1/query" priority="1" start="1980-01-01T00:00:00" end="" />
  <ns0:dataselect address="http://eida.ethz.ch/fdsnws/dataselect/1/query" priority="1" start="1980-01-01T00:00:00" end="" />
 </ns0:route>
 <ns0:route networkCode="CH" stationCode="ROMAN" locationCode="*" streamCode="HGZ">
  <ns0:station address="http://eida.ethz.ch/fdsnws/station/1/query" priority="1" start="1980-01-01T00:00:00" end="" />
  <ns0:dataselect address="http://eida.ethz.ch/fdsnws/dataselect/1/query" priority="1" start="1980-01-01T00:00:00" end="" />
 </ns0:route>
 <ns0:route networkCode="CH" stationCode="FIESA" locationCode="*" streamCode="LHZ">
  <ns0:station address="http://eida.ethz.ch/fdsnws/station/1/query" priority="1" start="1980-01-01T00:00:00" end="" />
  <ns0:dataselect address="http://eida.ethz.ch/fdsnws/dataselect/1/query" priority="1" start="1980-01-01T00:00:00" end="" />
 </ns0:route>
 <ns0:route networkCode="BW" stationCode="RHAM" locationCode="*" streamCode="*">
  <ns0:station address="http://erde.geophysik.uni-muenchen.de/fdsnws/station/1/query" priority="1" start="1980-01-01T00:00:00" end="" />
  <ns0:dataselect address="http://erde.geophysik.uni-muenchen.de/fdsnws/dataselect/1/query" priority="1" start="1980-01-01T00:00:00" end="" />
 </ns0:route>
 <ns0:route networkCode="BW" stationCode="VIEL" locationCode="*" streamCode="*">
  <ns0:seedlink address="141.84.11.2:18000" priority="1" start="" end="" />
  <ns0:station address="http://erde.geophysik.uni-muenchen.de/fdsnws/station/1/query" priority="1" start="1980-01-01T00:00:00" end="" />
  <ns0:dataselect address="http://erde.geophysik.uni-muenchen.de/fdsnws/dataselect/1/query" priority="1" start="1980-01-01T00:00:00" end="" />
 </ns0:route>
 <ns0:route networkCode="CH" stationCode="EMING" locationCode="*" streamCode="HHZ">
  <ns0:station address="http://eida.ethz.ch/fdsnws/station/1/query" priority="1" start="1980-01-01T00:00:00" end="" />
  <ns0:dataselect address="http://eida.ethz.ch/fdsnws/dataselect/1/query" priority="1" start="1980-01-01T00:00:00" end="" />
 </ns0:route>
 <ns0:route networkCode="CH" stationCode="SIOE" locationCode="*" streamCode="HGE">
  <ns0:station address="http://eida.ethz.ch/fdsnws/station/1/query" priority="1" start="1980-01-01T00:00:00" end="" />
  <ns0:dataselect address="http://eida.ethz.ch/fdsnws/dataselect/1/query" priority="1" start="1980-01-01T00:00:00" end="" />
 </ns0:route>
 <ns0:route networkCode="CH" stationCode="GRYON" locationCode="*" streamCode="EHE">
  <ns0:station address="http://eida.ethz.ch/fdsnws/station/1/query" priority="1" start="1980-01-01T00:00:00" end="" />
  <ns0:dataselect address="http://eida.ethz.ch/fdsnws/dataselect/1/query" priority="1" start="1980-01-01T00:00:00" end="" />
 </ns0:route>
 <ns0:route networkCode="CH" stationCode="STSW" locationCode="*" streamCode="HGN">
  <ns0:station address="http://eida.ethz.ch/fdsnws/station/1/query" priority="1" start="1980-01-01T00:00:00" end="" />
  <ns0:dataselect address="http://eida.ethz.ch/fdsnws/dataselect/1/query" priority="1" start="1980-01-01T00:00:00" end="" />
 </ns0:route>
 <ns0:route networkCode="CH" stationCode="ROMAN" locationCode="*" streamCode="HGN">
  <ns0:station address="http://eida.ethz.ch/fdsnws/station/1/query" priority="1" start="1980-01-01T00:00:00" end="" />
  <ns0:dataselect address="http://eida.ethz.ch/fdsnws/dataselect/1/query" priority="1" start="1980-01-01T00:00:00" end="" />
 </ns0:route>
 <ns0:route networkCode="CH" stationCode="LKBD" locationCode="*" streamCode="HHN">
  <ns0:station address="http://eida.ethz.ch/fdsnws/station/1/query" priority="1" start="1980-01-01T00:00:00" end="" />
  <ns0:dataselect address="http://eida.ethz.ch/fdsnws/dataselect/1/query" priority="1" start="1980-01-01T00:00:00" end="" />
 </ns0:route>
 <ns0:route networkCode="GE" stationCode="*" locationCode="*" streamCode="*">
  <ns0:station address="http://geofon.gfz-potsdam.de/fdsnws/station/1/query" priority="1" start="1993-01-01T00:00:00" end="" />
  <ns0:dataselect address="http://geofon.gfz-potsdam.de/fdsnws/dataselect/1/query" priority="1" start="1993-01-01T00:00:00" end="" />
 </ns0:route>
 <ns0:route networkCode="CH" stationCode="SVIL" locationCode="*" streamCode="HGZ">
  <ns0:station address="http://eida.ethz.ch/fdsnws/station/1/query" priority="1" start="1980-01-01T00:00:00" end="" />
  <ns0:dataselect address="http://eida.ethz.ch/fdsnws/dataselect/1/query" priority="1" start="1980-01-01T00:00:00" end="" />
 </ns0:route>
 <ns0:route networkCode="IO" stationCode="*" locationCode="*" streamCode="*">
  <ns0:station address="http://geofon.gfz-potsdam.de/fdsnws/station/1/query" priority="1" start="1980-01-01T00:00:00" end="" />
  <ns0:dataselect address="http://geofon.gfz-potsdam.de/fdsnws/dataselect/1/query" priority="1" start="1980-01-01T00:00:00" end="" />
 </ns0:route>
 <ns0:route networkCode="CH" stationCode="EMING" locationCode="*" streamCode="HHN">
  <ns0:station address="http://eida.ethz.ch/fdsnws/station/1/query" priority="1" start="1980-01-01T00:00:00" end="" />
  <ns0:dataselect address="http://eida.ethz.ch/fdsnws/dataselect/1/query" priority="1" start="1980-01-01T00:00:00" end="" />
 </ns0:route>
 <ns0:route networkCode="CH" stationCode="ACB" locationCode="*" streamCode="EHN">
  <ns0:station address="http://eida.ethz.ch/fdsnws/station/1/query" priority="1" start="1980-01-01T00:00:00" end="" />
  <ns0:dataselect address="http://eida.ethz.ch/fdsnws/dataselect/1/query" priority="1" start="1980-01-01T00:00:00" end="" />
 </ns0:route>
 <ns0:route networkCode="CH" stationCode="EMV" locationCode="*" streamCode="HGZ">
  <ns0:station address="http://eida.ethz.ch/fdsnws/station/1/query" priority="1" start="1980-01-01T00:00:00" end="" />
  <ns0:dataselect address="http://eida.ethz.ch/fdsnws/dataselect/1/query" priority="1" start="1980-01-01T00:00:00" end="" />
 </ns0:route>
 <ns0:route networkCode="CH" stationCode="MFSFA" locationCode="*" streamCode="HGZ">
  <ns0:station address="http://eida.ethz.ch/fdsnws/station/1/query" priority="1" start="1980-01-01T00:00:00" end="" />
  <ns0:dataselect address="http://eida.ethz.ch/fdsnws/dataselect/1/query" priority="1" start="1980-01-01T00:00:00" end="" />
 </ns0:route>
 <ns0:route networkCode="CH" stationCode="EMING" locationCode="*" streamCode="LHE">
  <ns0:station address="http://eida.ethz.ch/fdsnws/station/1/query" priority="1" start="1980-01-01T00:00:00" end="" />
  <ns0:dataselect address="http://eida.ethz.ch/fdsnws/dataselect/1/query" priority="1" start="1980-01-01T00:00:00" end="" />
 </ns0:route>
 <ns0:route networkCode="CH" stationCode="WILA" locationCode="*" streamCode="LHZ">
  <ns0:station address="http://eida.ethz.ch/fdsnws/station/1/query" priority="1" start="1980-01-01T00:00:00" end="" />
  <ns0:dataselect address="http://eida.ethz.ch/fdsnws/dataselect/1/query" priority="1" start="1980-01-01T00:00:00" end="" />
 </ns0:route>
 <ns0:route networkCode="FR" stationCode="*" locationCode="*" streamCode="*">
  <ns0:station address="http://ws.resif.fr/fdsnws/station/1/query" priority="1" start="1994-01-01T00:00:00" end="" />
  <ns0:dataselect address="http://ws.resif.fr/fdsnws/dataselect/1/query" priority="1" start="1994-01-01T00:00:00" end="" />
 </ns0:route>
 <ns0:route networkCode="CH" stationCode="SBAM2" locationCode="*" streamCode="HGN">
  <ns0:station address="http://eida.ethz.ch/fdsnws/station/1/query" priority="1" start="1980-01-01T00:00:00" end="" />
  <ns0:dataselect address="http://eida.ethz.ch/fdsnws/dataselect/1/query" priority="1" start="1980-01-01T00:00:00" end="" />
 </ns0:route>
 <ns0:route networkCode="CH" stationCode="SBUA2" locationCode="*" streamCode="HGZ">
  <ns0:station address="http://eida.ethz.ch/fdsnws/station/1/query" priority="1" start="1980-01-01T00:00:00" end="" />
  <ns0:dataselect address="http://eida.ethz.ch/fdsnws/dataselect/1/query" priority="1" start="1980-01-01T00:00:00" end="" />
 </ns0:route>
 <ns0:route networkCode="CH" stationCode="LKBD" locationCode="*" streamCode="HHZ">
  <ns0:station address="http://eida.ethz.ch/fdsnws/station/1/query" priority="1" start="1980-01-01T00:00:00" end="" />
  <ns0:dataselect address="http://eida.ethz.ch/fdsnws/dataselect/1/query" priority="1" start="1980-01-01T00:00:00" end="" />
 </ns0:route>
 <ns0:route networkCode="CH" stationCode="LKBD" locationCode="*" streamCode="LHE">
  <ns0:station address="http://eida.ethz.ch/fdsnws/station/1/query" priority="1" start="1980-01-01T00:00:00" end="" />
  <ns0:dataselect address="http://eida.ethz.ch/fdsnws/dataselect/1/query" priority="1" start="1980-01-01T00:00:00" end="" />
 </ns0:route>
 <ns0:route networkCode="BW" stationCode="PFORL" locationCode="*" streamCode="*">
  <ns0:seedlink address="141.84.11.2:18000" priority="1" start="" end="" />
  <ns0:station address="http://erde.geophysik.uni-muenchen.de/fdsnws/station/1/query" priority="1" start="1980-01-01T00:00:00" end="" />
  <ns0:dataselect address="http://erde.geophysik.uni-muenchen.de/fdsnws/dataselect/1/query" priority="1" start="1980-01-01T00:00:00" end="" />
 </ns0:route>
 <ns0:route networkCode="CH" stationCode="SMAR" locationCode="*" streamCode="HGE">
  <ns0:station address="http://eida.ethz.ch/fdsnws/station/1/query" priority="1" start="1980-01-01T00:00:00" end="" />
  <ns0:dataselect address="http://eida.ethz.ch/fdsnws/dataselect/1/query" priority="1" start="1980-01-01T00:00:00" end="" />
 </ns0:route>
 <ns0:route networkCode="CH" stationCode="SZWD" locationCode="*" streamCode="HGE">
  <ns0:station address="http://eida.ethz.ch/fdsnws/station/1/query" priority="1" start="1980-01-01T00:00:00" end="" />
  <ns0:dataselect address="http://eida.ethz.ch/fdsnws/dataselect/1/query" priority="1" start="1980-01-01T00:00:00" end="" />
 </ns0:route>
 <ns0:route networkCode="CH" stationCode="STAF" locationCode="*" streamCode="HGZ">
  <ns0:station address="http://eida.ethz.ch/fdsnws/station/1/query" priority="1" start="1980-01-01T00:00:00" end="" />
  <ns0:dataselect address="http://eida.ethz.ch/fdsnws/dataselect/1/query" priority="1" start="1980-01-01T00:00:00" end="" />
 </ns0:route>
 <ns0:route networkCode="SI" stationCode="*" locationCode="*" streamCode="*">
  <ns0:seedlink address="eida.rm.ingv.it:18000" priority="1" start="" end="" />
  <ns0:station address="http://webservices.rm.ingv.it/fdsnws/station/1/query" priority="1" start="1980-01-01T00:00:00" end="" />
  <ns0:dataselect address="http://webservices.rm.ingv.it/fdsnws/dataselect/1/query" priority="1" start="1980-01-01T00:00:00" end="" />
 </ns0:route>
 <ns0:route networkCode="CH" stationCode="SNES2" locationCode="*" streamCode="HGN">
  <ns0:station address="http://eida.ethz.ch/fdsnws/station/1/query" priority="1" start="1980-01-01T00:00:00" end="" />
  <ns0:dataselect address="http://eida.ethz.ch/fdsnws/dataselect/1/query" priority="1" start="1980-01-01T00:00:00" end="" />
 </ns0:route>
 <ns0:route networkCode="CH" stationCode="VDL" locationCode="*" streamCode="HGN">
  <ns0:station address="http://eida.ethz.ch/fdsnws/station/1/query" priority="1" start="1980-01-01T00:00:00" end="" />
  <ns0:dataselect address="http://eida.ethz.ch/fdsnws/dataselect/1/query" priority="1" start="1980-01-01T00:00:00" end="" />
 </ns0:route>
 <ns0:route networkCode="CH" stationCode="WOLEN" locationCode="*" streamCode="HH2">
  <ns0:station address="http://eida.ethz.ch/fdsnws/station/1/query" priority="1" start="1980-01-01T00:00:00" end="" />
  <ns0:dataselect address="http://eida.ethz.ch/fdsnws/dataselect/1/query" priority="1" start="1980-01-01T00:00:00" end="" />
 </ns0:route>
 <ns0:route networkCode="CH" stationCode="SBUG" locationCode="*" streamCode="HGE">
  <ns0:station address="http://eida.ethz.ch/fdsnws/station/1/query" priority="1" start="1980-01-01T00:00:00" end="" />
  <ns0:dataselect address="http://eida.ethz.ch/fdsnws/dataselect/1/query" priority="1" start="1980-01-01T00:00:00" end="" />
 </ns0:route>
 <ns0:route networkCode="4C" stationCode="KES20" locationCode="*" streamCode="HNZ">
  <ns0:station address="http://geofon.gfz-potsdam.de/fdsnws/station/1/query" priority="2" start="2011-09-15T00:00:00" end="2012-04-20T23:59:00" />
  <ns0:dataselect address="http://geofon.gfz-potsdam.de/fdsnws/dataselect/1/query" priority="2" start="2011-09-15T00:00:00" end="2012-04-20T23:59:00" />
 </ns0:route>
 <ns0:route networkCode="8A" stationCode="*" locationCode="*" streamCode="*">
  <ns0:station address="http://geofon.gfz-potsdam.de/fdsnws/station/1/query" priority="1" start="2010-07-05T00:00:00" end="2012-06-30T00:00:00" />
  <ns0:dataselect address="http://geofon.gfz-potsdam.de/fdsnws/dataselect/1/query" priority="1" start="2010-07-05T00:00:00" end="2012-06-30T00:00:00" />
 </ns0:route>
 <ns0:route networkCode="CH" stationCode="DIX" locationCode="*" streamCode="HHN">
  <ns0:station address="http://eida.ethz.ch/fdsnws/station/1/query" priority="1" start="1980-01-01T00:00:00" end="" />
  <ns0:dataselect address="http://eida.ethz.ch/fdsnws/dataselect/1/query" priority="1" start="1980-01-01T00:00:00" end="" />
 </ns0:route>
 <ns0:route networkCode="CH" stationCode="SGAS" locationCode="*" streamCode="HG3">
  <ns0:station address="http://eida.ethz.ch/fdsnws/station/1/query" priority="1" start="1980-01-01T00:00:00" end="" />
  <ns0:dataselect address="http://eida.ethz.ch/fdsnws/dataselect/1/query" priority="1" start="1980-01-01T00:00:00" end="" />
 </ns0:route>
 <ns0:route networkCode="BW" stationCode="ZUGS" locationCode="*" streamCode="*">
  <ns0:seedlink address="141.84.11.2:18000" priority="1" start="" end="" />
  <ns0:station address="http://erde.geophysik.uni-muenchen.de/fdsnws/station/1/query" priority="1" start="1980-01-01T00:00:00" end="" />
  <ns0:dataselect address="http://erde.geophysik.uni-muenchen.de/fdsnws/dataselect/1/query" priority="1" start="1980-01-01T00:00:00" end="" />
 </ns0:route>
 <ns0:route networkCode="BW" stationCode="MASC" locationCode="*" streamCode="*">
  <ns0:seedlink address="141.84.11.2:18000" priority="1" start="" end="" />
  <ns0:station address="http://erde.geophysik.uni-muenchen.de/fdsnws/station/1/query" priority="1" start="1980-01-01T00:00:00" end="" />
  <ns0:dataselect address="http://erde.geophysik.uni-muenchen.de/fdsnws/dataselect/1/query" priority="1" start="1980-01-01T00:00:00" end="" />
 </ns0:route>
 <ns0:route networkCode="CH" stationCode="STAF" locationCode="*" streamCode="HGN">
  <ns0:station address="http://eida.ethz.ch/fdsnws/station/1/query" priority="1" start="1980-01-01T00:00:00" end="" />
  <ns0:dataselect address="http://eida.ethz.ch/fdsnws/dataselect/1/query" priority="1" start="1980-01-01T00:00:00" end="" />
 </ns0:route>
 <ns0:route networkCode="CR" stationCode="*" locationCode="*" streamCode="*">
  <ns0:station address="http://www.orfeus-eu.org/fdsnws/station/1/query" priority="1" start="1980-01-01T00:00:00" end="" />
  <ns0:dataselect address="http://www.orfeus-eu.org/fdsnws/dataselect/1/query" priority="1" start="1980-01-01T00:00:00" end="" />
 </ns0:route>
 <ns0:route networkCode="CH" stationCode="FIESA" locationCode="*" streamCode="HHE">
  <ns0:station address="http://eida.ethz.ch/fdsnws/station/1/query" priority="1" start="1980-01-01T00:00:00" end="" />
  <ns0:dataselect address="http://eida.ethz.ch/fdsnws/dataselect/1/query" priority="1" start="1980-01-01T00:00:00" end="" />
 </ns0:route>
 <ns0:route networkCode="CH" stationCode="SINS" locationCode="*" streamCode="HGZ">
  <ns0:station address="http://eida.ethz.ch/fdsnws/station/1/query" priority="1" start="1980-01-01T00:00:00" end="" />
  <ns0:dataselect address="http://eida.ethz.ch/fdsnws/dataselect/1/query" priority="1" start="1980-01-01T00:00:00" end="" />
 </ns0:route>
 <ns0:route networkCode="CH" stationCode="MTI01" locationCode="*" streamCode="HGE">
  <ns0:station address="http://eida.ethz.ch/fdsnws/station/1/query" priority="1" start="1980-01-01T00:00:00" end="" />
  <ns0:dataselect address="http://eida.ethz.ch/fdsnws/dataselect/1/query" priority="1" start="1980-01-01T00:00:00" end="" />
 </ns0:route>
 <ns0:route networkCode="CH" stationCode="SIES" locationCode="*" streamCode="HGN">
  <ns0:station address="http://eida.ethz.ch/fdsnws/station/1/query" priority="1" start="1980-01-01T00:00:00" end="" />
  <ns0:dataselect address="http://eida.ethz.ch/fdsnws/dataselect/1/query" priority="1" start="1980-01-01T00:00:00" end="" />
 </ns0:route>
 <ns0:route networkCode="CH" stationCode="OTER1" locationCode="*" streamCode="LH2">
  <ns0:station address="http://eida.ethz.ch/fdsnws/station/1/query" priority="1" start="1980-01-01T00:00:00" end="" />
  <ns0:dataselect address="http://eida.ethz.ch/fdsnws/dataselect/1/query" priority="1" start="1980-01-01T00:00:00" end="" />
 </ns0:route>
 <ns0:route networkCode="CH" stationCode="OTER1" locationCode="*" streamCode="EHC">
  <ns0:station address="http://eida.ethz.ch/fdsnws/station/1/query" priority="1" start="1980-01-01T00:00:00" end="" />
  <ns0:dataselect address="http://eida.ethz.ch/fdsnws/dataselect/1/query" priority="1" start="1980-01-01T00:00:00" end="" />
 </ns0:route>
 <ns0:route networkCode="CH" stationCode="SLUB" locationCode="*" streamCode="HGZ">
  <ns0:station address="http://eida.ethz.ch/fdsnws/station/1/query" priority="1" start="1980-01-01T00:00:00" end="" />
  <ns0:dataselect address="http://eida.ethz.ch/fdsnws/dataselect/1/query" priority="1" start="1980-01-01T00:00:00" end="" />
 </ns0:route>
 <ns0:route networkCode="CH" stationCode="SCUG" locationCode="*" streamCode="HGZ">
  <ns0:station address="http://eida.ethz.ch/fdsnws/station/1/query" priority="1" start="1980-01-01T00:00:00" end="" />
  <ns0:dataselect address="http://eida.ethz.ch/fdsnws/dataselect/1/query" priority="1" start="1980-01-01T00:00:00" end="" />
 </ns0:route>
 <ns0:route networkCode="CH" stationCode="WIMIS" locationCode="*" streamCode="LHN">
  <ns0:station address="http://eida.ethz.ch/fdsnws/station/1/query" priority="1" start="1980-01-01T00:00:00" end="" />
  <ns0:dataselect address="http://eida.ethz.ch/fdsnws/dataselect/1/query" priority="1" start="1980-01-01T00:00:00" end="" />
 </ns0:route>
 <ns0:route networkCode="CH" stationCode="SBAV" locationCode="*" streamCode="HGN">
  <ns0:station address="http://eida.ethz.ch/fdsnws/station/1/query" priority="1" start="1980-01-01T00:00:00" end="" />
  <ns0:dataselect address="http://eida.ethz.ch/fdsnws/dataselect/1/query" priority="1" start="1980-01-01T00:00:00" end="" />
 </ns0:route>
 <ns0:route networkCode="CH" stationCode="SRHB" locationCode="*" streamCode="HGZ">
  <ns0:station address="http://eida.ethz.ch/fdsnws/station/1/query" priority="1" start="1980-01-01T00:00:00" end="" />
  <ns0:dataselect address="http://eida.ethz.ch/fdsnws/dataselect/1/query" priority="1" start="1980-01-01T00:00:00" end="" />
 </ns0:route>
 <ns0:route networkCode="CH" stationCode="SDIF" locationCode="*" streamCode="HG2">
  <ns0:station address="http://eida.ethz.ch/fdsnws/station/1/query" priority="1" start="1980-01-01T00:00:00" end="" />
  <ns0:dataselect address="http://eida.ethz.ch/fdsnws/dataselect/1/query" priority="1" start="1980-01-01T00:00:00" end="" />
 </ns0:route>
 <ns0:route networkCode="CH" stationCode="PANIX" locationCode="*" streamCode="LHN">
  <ns0:station address="http://eida.ethz.ch/fdsnws/station/1/query" priority="1" start="1980-01-01T00:00:00" end="" />
  <ns0:dataselect address="http://eida.ethz.ch/fdsnws/dataselect/1/query" priority="1" start="1980-01-01T00:00:00" end="" />
 </ns0:route>
 <ns0:route networkCode="CH" stationCode="SINS" locationCode="*" streamCode="HGE">
  <ns0:station address="http://eida.ethz.ch/fdsnws/station/1/query" priority="1" start="1980-01-01T00:00:00" end="" />
  <ns0:dataselect address="http://eida.ethz.ch/fdsnws/dataselect/1/query" priority="1" start="1980-01-01T00:00:00" end="" />
 </ns0:route>
 <ns0:route networkCode="CH" stationCode="STSP" locationCode="*" streamCode="HGE">
  <ns0:station address="http://eida.ethz.ch/fdsnws/station/1/query" priority="1" start="1980-01-01T00:00:00" end="" />
  <ns0:dataselect address="http://eida.ethz.ch/fdsnws/dataselect/1/query" priority="1" start="1980-01-01T00:00:00" end="" />
 </ns0:route>
 <ns0:route networkCode="CH" stationCode="SCUG" locationCode="*" streamCode="HGN">
  <ns0:station address="http://eida.ethz.ch/fdsnws/station/1/query" priority="1" start="1980-01-01T00:00:00" end="" />
  <ns0:dataselect address="http://eida.ethz.ch/fdsnws/dataselect/1/query" priority="1" start="1980-01-01T00:00:00" end="" />
 </ns0:route>
 <ns0:route networkCode="CH" stationCode="SRHH" locationCode="*" streamCode="HGZ">
  <ns0:station address="http://eida.ethz.ch/fdsnws/station/1/query" priority="1" start="1980-01-01T00:00:00" end="" />
  <ns0:dataselect address="http://eida.ethz.ch/fdsnws/dataselect/1/query" priority="1" start="1980-01-01T00:00:00" end="" />
 </ns0:route>
 <ns0:route networkCode="CH" stationCode="SLAE" locationCode="*" streamCode="HGN">
  <ns0:station address="http://eida.ethz.ch/fdsnws/station/1/query" priority="1" start="1980-01-01T00:00:00" end="" />
  <ns0:dataselect address="http://eida.ethz.ch/fdsnws/dataselect/1/query" priority="1" start="1980-01-01T00:00:00" end="" />
 </ns0:route>
 <ns0:route networkCode="CH" stationCode="SZUZ" locationCode="*" streamCode="HGZ">
  <ns0:station address="http://eida.ethz.ch/fdsnws/station/1/query" priority="1" start="1980-01-01T00:00:00" end="" />
  <ns0:dataselect address="http://eida.ethz.ch/fdsnws/dataselect/1/query" priority="1" start="1980-01-01T00:00:00" end="" />
 </ns0:route>
 <ns0:route networkCode="CH" stationCode="SRHB" locationCode="*" streamCode="HGN">
  <ns0:station address="http://eida.ethz.ch/fdsnws/station/1/query" priority="1" start="1980-01-01T00:00:00" end="" />
  <ns0:dataselect address="http://eida.ethz.ch/fdsnws/dataselect/1/query" priority="1" start="1980-01-01T00:00:00" end="" />
 </ns0:route>
 <ns0:route networkCode="4B" stationCode="*" locationCode="*" streamCode="*">
  <ns0:station address="http://geofon.gfz-potsdam.de/fdsnws/station/1/query" priority="1" start="2008-10-23T00:00:00" end="2009-08-07T00:00:00" />
  <ns0:dataselect address="http://geofon.gfz-potsdam.de/fdsnws/dataselect/1/query" priority="1" start="2008-10-23T00:00:00" end="2009-08-07T00:00:00" />
 </ns0:route>
 <ns0:route networkCode="CH" stationCode="ZUR" locationCode="*" streamCode="HGE">
  <ns0:station address="http://eida.ethz.ch/fdsnws/station/1/query" priority="1" start="1980-01-01T00:00:00" end="" />
  <ns0:dataselect address="http://eida.ethz.ch/fdsnws/dataselect/1/query" priority="1" start="1980-01-01T00:00:00" end="" />
 </ns0:route>
 <ns0:route networkCode="XE" stationCode="*" locationCode="*" streamCode="*">
  <ns0:station address="http://geofon.gfz-potsdam.de/fdsnws/station/1/query" priority="1" start="1997-08-01T00:00:00" end="1998-12-17T00:00:00" />
  <ns0:dataselect address="http://geofon.gfz-potsdam.de/fdsnws/dataselect/1/query" priority="1" start="1997-08-01T00:00:00" end="1998-12-17T00:00:00" />
 </ns0:route>
 <ns0:route networkCode="CH" stationCode="SMFL" locationCode="*" streamCode="HGE">
  <ns0:station address="http://eida.ethz.ch/fdsnws/station/1/query" priority="1" start="1980-01-01T00:00:00" end="" />
  <ns0:dataselect address="http://eida.ethz.ch/fdsnws/dataselect/1/query" priority="1" start="1980-01-01T00:00:00" end="" />
 </ns0:route>
 <ns0:route networkCode="NR" stationCode="*" locationCode="*" streamCode="*">
  <ns0:station address="http://www.orfeus-eu.org/fdsnws/station/1/query" priority="1" start="1980-01-01T00:00:00" end="" />
  <ns0:dataselect address="http://www.orfeus-eu.org/fdsnws/dataselect/1/query" priority="1" start="1980-01-01T00:00:00" end="" />
 </ns0:route>
 <ns0:route networkCode="CH" stationCode="SVIT" locationCode="*" streamCode="HGN">
  <ns0:station address="http://eida.ethz.ch/fdsnws/station/1/query" priority="1" start="1980-01-01T00:00:00" end="" />
  <ns0:dataselect address="http://eida.ethz.ch/fdsnws/dataselect/1/query" priority="1" start="1980-01-01T00:00:00" end="" />
 </ns0:route>
 <ns0:route networkCode="CH" stationCode="SWIS" locationCode="*" streamCode="HGE">
  <ns0:station address="http://eida.ethz.ch/fdsnws/station/1/query" priority="1" start="1980-01-01T00:00:00" end="" />
  <ns0:dataselect address="http://eida.ethz.ch/fdsnws/dataselect/1/query" priority="1" start="1980-01-01T00:00:00" end="" />
 </ns0:route>
 <ns0:route networkCode="CH" stationCode="TORNY" locationCode="*" streamCode="HHZ">
  <ns0:station address="http://eida.ethz.ch/fdsnws/station/1/query" priority="1" start="1980-01-01T00:00:00" end="" />
  <ns0:dataselect address="http://eida.ethz.ch/fdsnws/dataselect/1/query" priority="1" start="1980-01-01T00:00:00" end="" />
 </ns0:route>
 <ns0:route networkCode="CH" stationCode="NOV3" locationCode="*" streamCode="EHE">
  <ns0:station address="http://eida.ethz.ch/fdsnws/station/1/query" priority="1" start="1980-01-01T00:00:00" end="" />
  <ns0:dataselect address="http://eida.ethz.ch/fdsnws/dataselect/1/query" priority="1" start="1980-01-01T00:00:00" end="" />
 </ns0:route>
 <ns0:route networkCode="CH" stationCode="SBAE" locationCode="*" streamCode="HGE">
  <ns0:station address="http://eida.ethz.ch/fdsnws/station/1/query" priority="1" start="1980-01-01T00:00:00" end="" />
  <ns0:dataselect address="http://eida.ethz.ch/fdsnws/dataselect/1/query" priority="1" start="1980-01-01T00:00:00" end="" />
 </ns0:route>
 <ns0:route networkCode="CH" stationCode="PANIX" locationCode="*" streamCode="LHE">
  <ns0:station address="http://eida.ethz.ch/fdsnws/station/1/query" priority="1" start="1980-01-01T00:00:00" end="" />
  <ns0:dataselect address="http://eida.ethz.ch/fdsnws/dataselect/1/query" priority="1" start="1980-01-01T00:00:00" end="" />
 </ns0:route>
 <ns0:route networkCode="CH" stationCode="SLAE" locationCode="*" streamCode="HGZ">
  <ns0:station address="http://eida.ethz.ch/fdsnws/station/1/query" priority="1" start="1980-01-01T00:00:00" end="" />
  <ns0:dataselect address="http://eida.ethz.ch/fdsnws/dataselect/1/query" priority="1" start="1980-01-01T00:00:00" end="" />
 </ns0:route>
 <ns0:route networkCode="CH" stationCode="SBAJ2" locationCode="*" streamCode="HGN">
  <ns0:station address="http://eida.ethz.ch/fdsnws/station/1/query" priority="1" start="1980-01-01T00:00:00" end="" />
  <ns0:dataselect address="http://eida.ethz.ch/fdsnws/dataselect/1/query" priority="1" start="1980-01-01T00:00:00" end="" />
 </ns0:route>
 <ns0:route networkCode="CH" stationCode="SBUW" locationCode="*" streamCode="HGZ">
  <ns0:station address="http://eida.ethz.ch/fdsnws/station/1/query" priority="1" start="1980-01-01T00:00:00" end="" />
  <ns0:dataselect address="http://eida.ethz.ch/fdsnws/dataselect/1/query" priority="1" start="1980-01-01T00:00:00" end="" />
 </ns0:route>
 <ns0:route networkCode="CH" stationCode="OTER1" locationCode="*" streamCode="HHZ">
  <ns0:station address="http://eida.ethz.ch/fdsnws/station/1/query" priority="1" start="1980-01-01T00:00:00" end="" />
  <ns0:dataselect address="http://eida.ethz.ch/fdsnws/dataselect/1/query" priority="1" start="1980-01-01T00:00:00" end="" />
 </ns0:route>
 <ns0:route networkCode="CH" stationCode="SBAH" locationCode="*" streamCode="HGZ">
  <ns0:station address="http://eida.ethz.ch/fdsnws/station/1/query" priority="1" start="1980-01-01T00:00:00" end="" />
  <ns0:dataselect address="http://eida.ethz.ch/fdsnws/dataselect/1/query" priority="1" start="1980-01-01T00:00:00" end="" />
 </ns0:route>
 <ns0:route networkCode="CH" stationCode="SMZW" locationCode="*" streamCode="HGN">
  <ns0:station address="http://eida.ethz.ch/fdsnws/station/1/query" priority="1" start="1980-01-01T00:00:00" end="" />
  <ns0:dataselect address="http://eida.ethz.ch/fdsnws/dataselect/1/query" priority="1" start="1980-01-01T00:00:00" end="" />
 </ns0:route>
 <ns0:route networkCode="NI" stationCode="*" locationCode="*" streamCode="*">
  <ns0:seedlink address="eida.rm.ingv.it:18000" priority="1" start="" end="" />
  <ns0:station address="http://webservices.rm.ingv.it/fdsnws/station/1/query" priority="1" start="1980-01-01T00:00:00" end="" />
  <ns0:dataselect address="http://webservices.rm.ingv.it/fdsnws/dataselect/1/query" priority="1" start="1980-01-01T00:00:00" end="" />
 </ns0:route>
 <ns0:route networkCode="CH" stationCode="MTI01" locationCode="*" streamCode="HGZ">
  <ns0:station address="http://eida.ethz.ch/fdsnws/station/1/query" priority="1" start="1980-01-01T00:00:00" end="" />
  <ns0:dataselect address="http://eida.ethz.ch/fdsnws/dataselect/1/query" priority="1" start="1980-01-01T00:00:00" end="" />
 </ns0:route>
 <ns0:route networkCode="7B" stationCode="*" locationCode="*" streamCode="*">
  <ns0:station address="http://geofon.gfz-potsdam.de/fdsnws/station/1/query" priority="1" start="2008-01-01T00:00:00" end="2010-12-31T00:00:00" />
  <ns0:dataselect address="http://geofon.gfz-potsdam.de/fdsnws/dataselect/1/query" priority="1" start="2008-01-01T00:00:00" end="2010-12-31T00:00:00" />
 </ns0:route>
 <ns0:route networkCode="CH" stationCode="SMAO" locationCode="*" streamCode="HGN">
  <ns0:station address="http://eida.ethz.ch/fdsnws/station/1/query" priority="1" start="1980-01-01T00:00:00" end="" />
  <ns0:dataselect address="http://eida.ethz.ch/fdsnws/dataselect/1/query" priority="1" start="1980-01-01T00:00:00" end="" />
 </ns0:route>
 <ns0:route networkCode="CH" stationCode="SBET" locationCode="*" streamCode="HGE">
  <ns0:station address="http://eida.ethz.ch/fdsnws/station/1/query" priority="1" start="1980-01-01T00:00:00" end="" />
  <ns0:dataselect address="http://eida.ethz.ch/fdsnws/dataselect/1/query" priority="1" start="1980-01-01T00:00:00" end="" />
 </ns0:route>
 <ns0:route networkCode="CH" stationCode="SCOU" locationCode="*" streamCode="HGZ">
  <ns0:station address="http://eida.ethz.ch/fdsnws/station/1/query" priority="1" start="1980-01-01T00:00:00" end="" />
  <ns0:dataselect address="http://eida.ethz.ch/fdsnws/dataselect/1/query" priority="1" start="1980-01-01T00:00:00" end="" />
 </ns0:route>
 <ns0:route networkCode="BW" stationCode="UH4" locationCode="*" streamCode="*">
  <ns0:seedlink address="141.84.11.2:18000" priority="1" start="" end="" />
  <ns0:station address="http://erde.geophysik.uni-muenchen.de/fdsnws/station/1/query" priority="1" start="1980-01-01T00:00:00" end="" />
  <ns0:dataselect address="http://erde.geophysik.uni-muenchen.de/fdsnws/dataselect/1/query" priority="1" start="1980-01-01T00:00:00" end="" />
 </ns0:route>
 <ns0:route networkCode="CH" stationCode="SGEV" locationCode="*" streamCode="HGE">
  <ns0:station address="http://eida.ethz.ch/fdsnws/station/1/query" priority="1" start="1980-01-01T00:00:00" end="" />
  <ns0:dataselect address="http://eida.ethz.ch/fdsnws/dataselect/1/query" priority="1" start="1980-01-01T00:00:00" end="" />
 </ns0:route>
 <ns0:route networkCode="CH" stationCode="SULZ" locationCode="*" streamCode="HGZ">
  <ns0:station address="http://eida.ethz.ch/fdsnws/station/1/query" priority="1" start="1980-01-01T00:00:00" end="" />
  <ns0:dataselect address="http://eida.ethz.ch/fdsnws/dataselect/1/query" priority="1" start="1980-01-01T00:00:00" end="" />
 </ns0:route>
 <ns0:route networkCode="CH" stationCode="SAIRA" locationCode="*" streamCode="HHE">
  <ns0:station address="http://eida.ethz.ch/fdsnws/station/1/query" priority="1" start="1980-01-01T00:00:00" end="" />
  <ns0:dataselect address="http://eida.ethz.ch/fdsnws/dataselect/1/query" priority="1" start="1980-01-01T00:00:00" end="" />
 </ns0:route>
 <ns0:route networkCode="CH" stationCode="BRANT" locationCode="*" streamCode="HHN">
  <ns0:station address="http://eida.ethz.ch/fdsnws/station/1/query" priority="1" start="1980-01-01T00:00:00" end="" />
  <ns0:dataselect address="http://eida.ethz.ch/fdsnws/dataselect/1/query" priority="1" start="1980-01-01T00:00:00" end="" />
 </ns0:route>
 <ns0:route networkCode="CH" stationCode="GUT" locationCode="*" streamCode="HHN">
  <ns0:station address="http://eida.ethz.ch/fdsnws/station/1/query" priority="1" start="1980-01-01T00:00:00" end="" />
  <ns0:dataselect address="http://eida.ethz.ch/fdsnws/dataselect/1/query" priority="1" start="1980-01-01T00:00:00" end="" />
 </ns0:route>
 <ns0:route networkCode="CH" stationCode="SBIF" locationCode="*" streamCode="HGE">
  <ns0:station address="http://eida.ethz.ch/fdsnws/station/1/query" priority="1" start="1980-01-01T00:00:00" end="" />
  <ns0:dataselect address="http://eida.ethz.ch/fdsnws/dataselect/1/query" priority="1" start="1980-01-01T00:00:00" end="" />
 </ns0:route>
 <ns0:route networkCode="CH" stationCode="LIENZ" locationCode="*" streamCode="HGE">
  <ns0:station address="http://eida.ethz.ch/fdsnws/station/1/query" priority="1" start="1980-01-01T00:00:00" end="" />
  <ns0:dataselect address="http://eida.ethz.ch/fdsnws/dataselect/1/query" priority="1" start="1980-01-01T00:00:00" end="" />
 </ns0:route>
 <ns0:route networkCode="BW" stationCode="KW1" locationCode="*" streamCode="*">
  <ns0:seedlink address="141.84.11.2:18000" priority="1" start="" end="" />
  <ns0:station address="http://erde.geophysik.uni-muenchen.de/fdsnws/station/1/query" priority="1" start="1980-01-01T00:00:00" end="" />
  <ns0:dataselect address="http://erde.geophysik.uni-muenchen.de/fdsnws/dataselect/1/query" priority="1" start="1980-01-01T00:00:00" end="" />
 </ns0:route>
 <ns0:route networkCode="CH" stationCode="SBEG" locationCode="*" streamCode="HGN">
  <ns0:station address="http://eida.ethz.ch/fdsnws/station/1/query" priority="1" start="1980-01-01T00:00:00" end="" />
  <ns0:dataselect address="http://eida.ethz.ch/fdsnws/dataselect/1/query" priority="1" start="1980-01-01T00:00:00" end="" />
 </ns0:route>
 <ns0:route networkCode="WM" stationCode="*" locationCode="*" streamCode="*">
  <ns0:station address="http://geofon.gfz-potsdam.de/fdsnws/station/1/query" priority="1" start="1980-01-01T00:00:00" end="" />
  <ns0:dataselect address="http://geofon.gfz-potsdam.de/fdsnws/dataselect/1/query" priority="1" start="1980-01-01T00:00:00" end="" />
 </ns0:route>
 <ns0:route networkCode="BW" stationCode="MHAI" locationCode="*" streamCode="*">
  <ns0:station address="http://erde.geophysik.uni-muenchen.de/fdsnws/station/1/query" priority="1" start="1980-01-01T00:00:00" end="" />
  <ns0:dataselect address="http://erde.geophysik.uni-muenchen.de/fdsnws/dataselect/1/query" priority="1" start="1980-01-01T00:00:00" end="" />
 </ns0:route>
 <ns0:route networkCode="Z3" stationCode="*" locationCode="*" streamCode="*">
  <ns0:station address="http://geofon.gfz-potsdam.de/fdsnws/station/1/query" priority="1" start="2005-06-05T00:00:00" end="2007-04-30T00:00:00" />
  <ns0:dataselect address="http://geofon.gfz-potsdam.de/fdsnws/dataselect/1/query" priority="1" start="2005-06-05T00:00:00" end="2007-04-30T00:00:00" />
  <ns0:station address="http://geofon.gfz-potsdam.de/fdsnws/station/1/query" priority="1" start="2015-01-01T00:00:00" end="" />
  <ns0:dataselect address="http://geofon.gfz-potsdam.de/fdsnws/dataselect/1/query" priority="1" start="2015-01-01T00:00:00" end="" />
 </ns0:route>
 <ns0:route networkCode="WI" stationCode="*" locationCode="*" streamCode="*">
  <ns0:seedlink address="eida.ipgp.fr:18000" priority="1" start="" end="" />
  <ns0:station address="http://eida.ipgp.fr/fdsnws/station/1/query" priority="1" start="2008-01-01T00:00:00" end="" />
  <ns0:dataselect address="http://eida.ipgp.fr/fdsnws/dataselect/1/query" priority="1" start="2008-01-01T00:00:00" end="" />
 </ns0:route>
 <ns0:route networkCode="CH" stationCode="SCOU" locationCode="*" streamCode="HGN">
  <ns0:station address="http://eida.ethz.ch/fdsnws/station/1/query" priority="1" start="1980-01-01T00:00:00" end="" />
  <ns0:dataselect address="http://eida.ethz.ch/fdsnws/dataselect/1/query" priority="1" start="1980-01-01T00:00:00" end="" />
 </ns0:route>
 <ns0:route networkCode="CH" stationCode="SNES" locationCode="*" streamCode="HGZ">
  <ns0:station address="http://eida.ethz.ch/fdsnws/station/1/query" priority="1" start="1980-01-01T00:00:00" end="" />
  <ns0:dataselect address="http://eida.ethz.ch/fdsnws/dataselect/1/query" priority="1" start="1980-01-01T00:00:00" end="" />
 </ns0:route>
 <ns0:route networkCode="CH" stationCode="SVIP" locationCode="*" streamCode="HGN">
  <ns0:station address="http://eida.ethz.ch/fdsnws/station/1/query" priority="1" start="1980-01-01T00:00:00" end="" />
  <ns0:dataselect address="http://eida.ethz.ch/fdsnws/dataselect/1/query" priority="1" start="1980-01-01T00:00:00" end="" />
 </ns0:route>
 <ns0:route networkCode="CH" stationCode="BOBI" locationCode="*" streamCode="HGE">
  <ns0:station address="http://eida.ethz.ch/fdsnws/station/1/query" priority="1" start="1980-01-01T00:00:00" end="" />
  <ns0:dataselect address="http://eida.ethz.ch/fdsnws/dataselect/1/query" priority="1" start="1980-01-01T00:00:00" end="" />
 </ns0:route>
 <ns0:route networkCode="CH" stationCode="SRHH" locationCode="*" streamCode="HGN">
  <ns0:station address="http://eida.ethz.ch/fdsnws/station/1/query" priority="1" start="1980-01-01T00:00:00" end="" />
  <ns0:dataselect address="http://eida.ethz.ch/fdsnws/dataselect/1/query" priority="1" start="1980-01-01T00:00:00" end="" />
 </ns0:route>
 <ns0:route networkCode="CH" stationCode="GUT" locationCode="*" streamCode="HHZ">
  <ns0:station address="http://eida.ethz.ch/fdsnws/station/1/query" priority="1" start="1980-01-01T00:00:00" end="" />
  <ns0:dataselect address="http://eida.ethz.ch/fdsnws/dataselect/1/query" priority="1" start="1980-01-01T00:00:00" end="" />
 </ns0:route>
 <ns0:route networkCode="CH" stationCode="SBIS2" locationCode="*" streamCode="HGE">
  <ns0:station address="http://eida.ethz.ch/fdsnws/station/1/query" priority="1" start="1980-01-01T00:00:00" end="" />
  <ns0:dataselect address="http://eida.ethz.ch/fdsnws/dataselect/1/query" priority="1" start="1980-01-01T00:00:00" end="" />
 </ns0:route>
 <ns0:route networkCode="MN" stationCode="*" locationCode="*" streamCode="*">
  <ns0:seedlink address="eida.rm.ingv.it:18000" priority="1" start="" end="" />
  <ns0:station address="http://webservices.rm.ingv.it/fdsnws/station/1/query" priority="1" start="1980-01-01T00:00:00" end="" />
  <ns0:dataselect address="http://webservices.rm.ingv.it/fdsnws/dataselect/1/query" priority="1" start="1980-01-01T00:00:00" end="" />
 </ns0:route>
 <ns0:route networkCode="BW" stationCode="HROE" locationCode="*" streamCode="*">
  <ns0:seedlink address="141.84.11.2:18000" priority="1" start="" end="" />
  <ns0:station address="http://erde.geophysik.uni-muenchen.de/fdsnws/station/1/query" priority="1" start="1980-01-01T00:00:00" end="" />
  <ns0:dataselect address="http://erde.geophysik.uni-muenchen.de/fdsnws/dataselect/1/query" priority="1" start="1980-01-01T00:00:00" end="" />
 </ns0:route>
 <ns0:route networkCode="CH" stationCode="WIMIS" locationCode="*" streamCode="LHZ">
  <ns0:station address="http://eida.ethz.ch/fdsnws/station/1/query" priority="1" start="1980-01-01T00:00:00" end="" />
  <ns0:dataselect address="http://eida.ethz.ch/fdsnws/dataselect/1/query" priority="1" start="1980-01-01T00:00:00" end="" />
 </ns0:route>
 <ns0:route networkCode="KP" stationCode="*" locationCode="*" streamCode="*">
  <ns0:station address="http://geofon.gfz-potsdam.de/fdsnws/station/1/query" priority="1" start="1980-01-01T00:00:00" end="" />
  <ns0:dataselect address="http://geofon.gfz-potsdam.de/fdsnws/dataselect/1/query" priority="1" start="1980-01-01T00:00:00" end="" />
 </ns0:route>
 <ns0:route networkCode="CH" stationCode="SVIT" locationCode="*" streamCode="HGE">
  <ns0:station address="http://eida.ethz.ch/fdsnws/station/1/query" priority="1" start="1980-01-01T00:00:00" end="" />
  <ns0:dataselect address="http://eida.ethz.ch/fdsnws/dataselect/1/query" priority="1" start="1980-01-01T00:00:00" end="" />
 </ns0:route>
 <ns0:route networkCode="CH" stationCode="STHK" locationCode="*" streamCode="HGZ">
  <ns0:station address="http://eida.ethz.ch/fdsnws/station/1/query" priority="1" start="1980-01-01T00:00:00" end="" />
  <ns0:dataselect address="http://eida.ethz.ch/fdsnws/dataselect/1/query" priority="1" start="1980-01-01T00:00:00" end="" />
 </ns0:route>
 <ns0:route networkCode="ZS" stationCode="*" locationCode="*" streamCode="*">
  <ns0:station address="http://ws.resif.fr/fdsnws/station/1/query" priority="1" start="2007-01-01T00:00:00" end="2008-12-30T00:00:00" />
  <ns0:dataselect address="http://ws.resif.fr/fdsnws/dataselect/1/query" priority="1" start="2007-01-01T00:00:00" end="2008-12-30T00:00:00" />
  <ns0:station address="http://geofon.gfz-potsdam.de/fdsnws/station/1/query" priority="1" start="2002-05-01T00:00:00" end="2005-12-31T00:00:00" />
  <ns0:dataselect address="http://geofon.gfz-potsdam.de/fdsnws/dataselect/1/query" priority="1" start="2002-05-01T00:00:00" end="2005-12-31T00:00:00" />
 </ns0:route>
 <ns0:route networkCode="CH" stationCode="SBIK" locationCode="*" streamCode="HGZ">
  <ns0:station address="http://eida.ethz.ch/fdsnws/station/1/query" priority="1" start="1980-01-01T00:00:00" end="" />
  <ns0:dataselect address="http://eida.ethz.ch/fdsnws/dataselect/1/query" priority="1" start="1980-01-01T00:00:00" end="" />
 </ns0:route>
 <ns0:route networkCode="CH" stationCode="PLONS" locationCode="*" streamCode="HHE">
  <ns0:station address="http://eida.ethz.ch/fdsnws/station/1/query" priority="1" start="1980-01-01T00:00:00" end="" />
  <ns0:dataselect address="http://eida.ethz.ch/fdsnws/dataselect/1/query" priority="1" start="1980-01-01T00:00:00" end="" />
 </ns0:route>
 <ns0:route networkCode="CH" stationCode="SEPFL" locationCode="*" streamCode="HGN">
  <ns0:station address="http://eida.ethz.ch/fdsnws/station/1/query" priority="1" start="1980-01-01T00:00:00" end="" />
  <ns0:dataselect address="http://eida.ethz.ch/fdsnws/dataselect/1/query" priority="1" start="1980-01-01T00:00:00" end="" />
 </ns0:route>
 <ns0:route networkCode="CH" stationCode="SKEH" locationCode="*" streamCode="HGZ">
  <ns0:station address="http://eida.ethz.ch/fdsnws/station/1/query" priority="1" start="1980-01-01T00:00:00" end="" />
  <ns0:dataselect address="http://eida.ethz.ch/fdsnws/dataselect/1/query" priority="1" start="1980-01-01T00:00:00" end="" />
 </ns0:route>
 <ns0:route networkCode="CH" stationCode="MMK" locationCode="*" streamCode="LHE">
  <ns0:station address="http://eida.ethz.ch/fdsnws/station/1/query" priority="1" start="1980-01-01T00:00:00" end="" />
  <ns0:dataselect address="http://eida.ethz.ch/fdsnws/dataselect/1/query" priority="1" start="1980-01-01T00:00:00" end="" />
 </ns0:route>
 <ns0:route networkCode="3A" stationCode="*" locationCode="*" streamCode="*">
  <ns0:station address="http://ws.resif.fr/fdsnws/station/1/query" priority="1" start="2008-01-01T00:00:00" end="2009-12-31T00:00:00" />
  <ns0:dataselect address="http://ws.resif.fr/fdsnws/dataselect/1/query" priority="1" start="2008-01-01T00:00:00" end="2009-12-31T00:00:00" />
 </ns0:route>
 <ns0:route networkCode="ZE" stationCode="*" locationCode="*" streamCode="*">
  <ns0:station address="http://geofon.gfz-potsdam.de/fdsnws/station/1/query" priority="1" start="2010-03-17T00:00:00" end="2011-10-22T00:00:00" />
  <ns0:dataselect address="http://geofon.gfz-potsdam.de/fdsnws/dataselect/1/query" priority="1" start="2010-03-17T00:00:00" end="2011-10-22T00:00:00" />
  <ns0:station address="http://geofon.gfz-potsdam.de/fdsnws/station/1/query" priority="1" start="1996-09-14T00:00:00" end="1997-12-31T00:00:00" />
  <ns0:dataselect address="http://geofon.gfz-potsdam.de/fdsnws/dataselect/1/query" priority="1" start="1996-09-14T00:00:00" end="1997-12-31T00:00:00" />
  <ns0:station address="http://geofon.gfz-potsdam.de/fdsnws/station/1/query" priority="1" start="2012-04-19T00:00:00" end="2014-12-31T00:00:00" />
  <ns0:dataselect address="http://geofon.gfz-potsdam.de/fdsnws/dataselect/1/query" priority="1" start="2012-04-19T00:00:00" end="2014-12-31T00:00:00" />
  <ns0:station address="http://geofon.gfz-potsdam.de/fdsnws/station/1/query" priority="1" start="1999-05-01T00:00:00" end="1999-11-01T00:00:00" />
  <ns0:dataselect address="http://geofon.gfz-potsdam.de/fdsnws/dataselect/1/query" priority="1" start="1999-05-01T00:00:00" end="1999-11-01T00:00:00" />
 </ns0:route>
 <ns0:route networkCode="2D" stationCode="*" locationCode="*" streamCode="*">
  <ns0:station address="http://geofon.gfz-potsdam.de/fdsnws/station/1/query" priority="1" start="2013-08-01T00:00:00" end="2016-12-30T00:00:00" />
  <ns0:dataselect address="http://geofon.gfz-potsdam.de/fdsnws/dataselect/1/query" priority="1" start="2013-08-01T00:00:00" end="2016-12-30T00:00:00" />
 </ns0:route>
 <ns0:route networkCode="YF" stationCode="*" locationCode="*" streamCode="*">
  <ns0:station address="http://www.orfeus-eu.org/fdsnws/station/1/query" priority="1" start="1980-01-01T00:00:00" end="" />
  <ns0:dataselect address="http://www.orfeus-eu.org/fdsnws/dataselect/1/query" priority="1" start="1980-01-01T00:00:00" end="" />
 </ns0:route>
 <ns0:route networkCode="CH" stationCode="HAMIK" locationCode="*" streamCode="HGN">
  <ns0:station address="http://eida.ethz.ch/fdsnws/station/1/query" priority="1" start="1980-01-01T00:00:00" end="" />
  <ns0:dataselect address="http://eida.ethz.ch/fdsnws/dataselect/1/query" priority="1" start="1980-01-01T00:00:00" end="" />
 </ns0:route>
 <ns0:route networkCode="CH" stationCode="BOBI" locationCode="*" streamCode="EH2">
  <ns0:station address="http://eida.ethz.ch/fdsnws/station/1/query" priority="1" start="1980-01-01T00:00:00" end="" />
  <ns0:dataselect address="http://eida.ethz.ch/fdsnws/dataselect/1/query" priority="1" start="1980-01-01T00:00:00" end="" />
 </ns0:route>
 <ns0:route networkCode="CH" stationCode="HASLI" locationCode="*" streamCode="HHN">
  <ns0:station address="http://eida.ethz.ch/fdsnws/station/1/query" priority="1" start="1980-01-01T00:00:00" end="" />
  <ns0:dataselect address="http://eida.ethz.ch/fdsnws/dataselect/1/query" priority="1" start="1980-01-01T00:00:00" end="" />
 </ns0:route>
 <ns0:route networkCode="CH" stationCode="SLUK" locationCode="*" streamCode="HGZ">
  <ns0:station address="http://eida.ethz.ch/fdsnws/station/1/query" priority="1" start="1980-01-01T00:00:00" end="" />
  <ns0:dataselect address="http://eida.ethz.ch/fdsnws/dataselect/1/query" priority="1" start="1980-01-01T00:00:00" end="" />
 </ns0:route>
 <ns0:route networkCode="GU" stationCode="*" locationCode="*" streamCode="*">
  <ns0:seedlink address="eida.rm.ingv.it:18000" priority="1" start="" end="" />
  <ns0:station address="http://webservices.rm.ingv.it/fdsnws/station/1/query" priority="1" start="1980-01-01T00:00:00" end="" />
  <ns0:dataselect address="http://webservices.rm.ingv.it/fdsnws/dataselect/1/query" priority="1" start="1980-01-01T00:00:00" end="" />
 </ns0:route>
 <ns0:route networkCode="CH" stationCode="SENIN" locationCode="*" streamCode="HHE">
  <ns0:station address="http://eida.ethz.ch/fdsnws/station/1/query" priority="1" start="1980-01-01T00:00:00" end="" />
  <ns0:dataselect address="http://eida.ethz.ch/fdsnws/dataselect/1/query" priority="1" start="1980-01-01T00:00:00" end="" />
 </ns0:route>
 <ns0:route networkCode="CH" stationCode="SBIK" locationCode="*" streamCode="HGN">
  <ns0:station address="http://eida.ethz.ch/fdsnws/station/1/query" priority="1" start="1980-01-01T00:00:00" end="" />
  <ns0:dataselect address="http://eida.ethz.ch/fdsnws/dataselect/1/query" priority="1" start="1980-01-01T00:00:00" end="" />
 </ns0:route>
 <ns0:route networkCode="CH" stationCode="SALB" locationCode="*" streamCode="HGN">
  <ns0:station address="http://eida.ethz.ch/fdsnws/station/1/query" priority="1" start="1980-01-01T00:00:00" end="" />
  <ns0:dataselect address="http://eida.ethz.ch/fdsnws/dataselect/1/query" priority="1" start="1980-01-01T00:00:00" end="" />
 </ns0:route>
 <ns0:route networkCode="Y7" stationCode="*" locationCode="*" streamCode="*">
  <ns0:station address="http://geofon.gfz-potsdam.de/fdsnws/station/1/query" priority="1" start="2011-05-16T00:00:00" end="2012-09-26T00:00:00" />
  <ns0:dataselect address="http://geofon.gfz-potsdam.de/fdsnws/dataselect/1/query" priority="1" start="2011-05-16T00:00:00" end="2012-09-26T00:00:00" />
 </ns0:route>
 <ns0:route networkCode="CH" stationCode="BOBI" locationCode="*" streamCode="EH3">
  <ns0:station address="http://eida.ethz.ch/fdsnws/station/1/query" priority="1" start="1980-01-01T00:00:00" end="" />
  <ns0:dataselect address="http://eida.ethz.ch/fdsnws/dataselect/1/query" priority="1" start="1980-01-01T00:00:00" end="" />
 </ns0:route>
 <ns0:route networkCode="CH" stationCode="BOBI" locationCode="*" streamCode="HGN">
  <ns0:station address="http://eida.ethz.ch/fdsnws/station/1/query" priority="1" start="1980-01-01T00:00:00" end="" />
  <ns0:dataselect address="http://eida.ethz.ch/fdsnws/dataselect/1/query" priority="1" start="1980-01-01T00:00:00" end="" />
 </ns0:route>
</ns0:routing>
