<?xml version="1.0" encoding="utf-8"?>
<ns0:routing xmlns:ns0="http://geofon.gfz-potsdam.de/ns/Routing/1.0/">
 <ns0:route networkCode="BW" stationCode="*" locationCode="*" streamCode="*">
  <ns0:station address="http://erde.geophysik.uni-muenchen.de/fdsnws/station/1/query" priority="1" start="1980-01-01T00:00:00" end="" />
  <ns0:dataselect address="http://erde.geophysik.uni-muenchen.de/fdsnws/dataselect/1/query" priority="1" start="1980-01-01T00:00:00" end="" />
 </ns0:route>
 <ns0:route networkCode="CH" stationCode="*" locationCode="*" streamCode="*">
  <ns0:station address="http://eida.ethz.ch/fdsnws/station/1/query" priority="1" start="1980-01-01T00:00:00" end="" />
  <ns0:dataselect address="http://eida.ethz.ch/fdsnws/dataselect/1/query" priority="1" start="1980-01-01T00:00:00" end="" />
 </ns0:route>
 <ns0:route networkCode="XO" stationCode="*" locationCode="*" streamCode="*">
  <ns0:station address="http://geofon.gfz-potsdam.de/fdsnws/station/1/query" priority="1" start="1995-08-01T00:00:00" end="1995-10-12T00:00:00" />
  <ns0:dataselect address="http://geofon.gfz-potsdam.de/fdsnws/dataselect/1/query" priority="1" start="1995-08-01T00:00:00" end="1995-10-12T00:00:00" />
  <ns0:station address="http://geofon.gfz-potsdam.de/fdsnws/station/1/query" priority="1" start="2007-04-10T00:00:00" end="2008-10-26T00:00:00" />
  <ns0:dataselect address="http://geofon.gfz-potsdam.de/fdsnws/dataselect/1/query" priority="1" start="2007-04-10T00:00:00" end="2008-10-26T00:00:00" />
 </ns0:route>
 <ns0:route networkCode="5E" stationCode="*" locationCode="*" streamCode="*">
  <ns0:station address="http://geofon.gfz-potsdam.de/fdsnws/station/1/query" priority="1" start="2011-01-01T00:00:00" end="2013-12-31T00:00:00" />
  <ns0:dataselect address="http://geofon.gfz-potsdam.de/fdsnws/dataselect/1/query" priority="1" start="2011-01-01T00:00:00" end="2013-12-31T00:00:00" />
 </ns0:route>
 <ns0:route networkCode="6C" stationCode="*" locationCode="*" streamCode="*">
  <ns0:station address="http://geofon.gfz-potsdam.de/fdsnws/station/1/query" priority="1" start="2009-09-07T00:00:00" end="2010-06-08T00:00:00" />
  <ns0:dataselect address="http://geofon.gfz-potsdam.de/fdsnws/dataselect/1/query" priority="1" start="2009-09-07T00:00:00" end="2010-06-08T00:00:00" />
  <ns0:station address="http://geofon.gfz-potsdam.de/fdsnws/station/1/query" priority="1" start="2013-03-12T00:00:00" end="2014-10-27T00:00:00" />
  <ns0:dataselect address="http://geofon.gfz-potsdam.de/fdsnws/dataselect/1/query" priority="1" start="2013-03-12T00:00:00" end="2014-10-27T00:00:00" />
 </ns0:route>
 <ns0:route networkCode="BE" stationCode="*" locationCode="*" streamCode="*">
  <ns0:station address="http://www.orfeus-eu.org/fdsnws/station/1/query" priority="1" start="1980-01-01T00:00:00" end="" />
  <ns0:dataselect address="http://www.orfeus-eu.org/fdsnws/dataselect/1/query" priority="1" start="1980-01-01T00:00:00" end="" />
 </ns0:route>
 <ns0:route networkCode="4C" stationCode="KES27" locationCode="*" streamCode="HNZ">
  <ns0:station address="http://geofon.gfz-potsdam.de/fdsnws/station/1/query" priority="2" start="2011-09-15T00:00:00" end="2012-04-20T23:59:00" />
  <ns0:dataselect address="http://geofon.gfz-potsdam.de/fdsnws/dataselect/1/query" priority="2" start="2011-09-15T00:00:00" end="2012-04-20T23:59:00" />
 </ns0:route>
 <ns0:route networkCode="XP" stationCode="*" locationCode="*" streamCode="*">
  <ns0:station address="http://ws.resif.fr/fdsnws/station/1/query" priority="1" start="2014-01-01T00:00:00" end="2014-12-31T00:00:00" />
  <ns0:dataselect address="http://ws.resif.fr/fdsnws/dataselect/1/query" priority="1" start="2014-01-01T00:00:00" end="2014-12-31T00:00:00" />
  <ns0:station address="http://geofon.gfz-potsdam.de/fdsnws/station/1/query" priority="1" start="1998-07-04T00:00:00" end="1998-08-11T00:00:00" />
  <ns0:dataselect address="http://geofon.gfz-potsdam.de/fdsnws/dataselect/1/query" priority="1" start="1998-07-04T00:00:00" end="1998-08-11T00:00:00" />
 </ns0:route>
 <ns0:route networkCode="ZD" stationCode="*" locationCode="*" streamCode="*">
  <ns0:station address="http://geofon.gfz-potsdam.de/fdsnws/station/1/query" priority="1" start="2003-01-01T00:00:00" end="2004-01-31T00:00:00" />
  <ns0:dataselect address="http://geofon.gfz-potsdam.de/fdsnws/dataselect/1/query" priority="1" start="2003-01-01T00:00:00" end="2004-01-31T00:00:00" />
  <ns0:station address="http://geofon.gfz-potsdam.de/fdsnws/station/1/query" priority="1" start="1996-01-01T00:00:00" end="1997-12-31T00:00:00" />
  <ns0:dataselect address="http://geofon.gfz-potsdam.de/fdsnws/dataselect/1/query" priority="1" start="1996-01-01T00:00:00" end="1997-12-31T00:00:00" />
 </ns0:route>
 <ns0:route networkCode="ZB" stationCode="*" locationCode="*" streamCode="*">
  <ns0:station address="http://geofon.gfz-potsdam.de/fdsnws/station/1/query" priority="1" start="1997-01-01T00:00:00" end="1997-11-21T00:00:00" />
  <ns0:dataselect address="http://geofon.gfz-potsdam.de/fdsnws/dataselect/1/query" priority="1" start="1997-01-01T00:00:00" end="1997-11-21T00:00:00" />
  <ns0:station address="http://geofon.gfz-potsdam.de/fdsnws/station/1/query" priority="1" start="1998-08-12T00:00:00" end="1999-03-25T00:00:00" />
  <ns0:dataselect address="http://geofon.gfz-potsdam.de/fdsnws/dataselect/1/query" priority="1" start="1998-08-12T00:00:00" end="1999-03-25T00:00:00" />
  <ns0:station address="http://geofon.gfz-potsdam.de/fdsnws/station/1/query" priority="1" start="1994-01-01T00:00:00" end="1996-12-31T00:00:00" />
  <ns0:dataselect address="http://geofon.gfz-potsdam.de/fdsnws/dataselect/1/query" priority="1" start="1994-01-01T00:00:00" end="1996-12-31T00:00:00" />
 </ns0:route>
 <ns0:route networkCode="TH" stationCode="*" locationCode="*" streamCode="*">
  <ns0:station address="http://eida.bgr.de/fdsnws/station/1/query" priority="1" start="1980-01-01T00:00:00" end="" />
  <ns0:dataselect address="http://eida.bgr.de/fdsnws/dataselect/1/query" priority="1" start="1980-01-01T00:00:00" end="" />
 </ns0:route>
 <ns0:route networkCode="ZW" stationCode="*" locationCode="*" streamCode="*">
  <ns0:station address="http://geofon.gfz-potsdam.de/fdsnws/station/1/query" priority="1" start="2004-01-01T00:00:00" end="2005-12-31T23:59:00" />
  <ns0:dataselect address="http://geofon.gfz-potsdam.de/fdsnws/dataselect/1/query" priority="1" start="2004-01-01T00:00:00" end="2005-12-31T23:59:00" />
  <ns0:station address="http://geofon.gfz-potsdam.de/fdsnws/station/1/query" priority="1" start="2010-09-01T00:00:00" end="2012-12-30T00:00:00" />
  <ns0:dataselect address="http://geofon.gfz-potsdam.de/fdsnws/dataselect/1/query" priority="1" start="2010-09-01T00:00:00" end="2012-12-30T00:00:00" />
 </ns0:route>
 <ns0:route networkCode="KO" stationCode="*" locationCode="*" streamCode="*">
  <ns0:station address="http://eida-service.koeri.boun.edu.tr/fdsnws/station/1/query" priority="1" start="1980-01-01T00:00:00" end="" />
  <ns0:dataselect address="http://eida-service.koeri.boun.edu.tr/fdsnws/dataselect/1/query" priority="1" start="1980-01-01T00:00:00" end="" />
 </ns0:route>
 <ns0:route networkCode="YT" stationCode="*" locationCode="*" streamCode="*">
  <ns0:station address="http://ws.resif.fr/fdsnws/station/1/query" priority="1" start="2003-01-01T00:00:00" end="2003-12-31T00:00:00" />
  <ns0:dataselect address="http://ws.resif.fr/fdsnws/dataselect/1/query" priority="1" start="2003-01-01T00:00:00" end="2003-12-31T00:00:00" />
  <ns0:station address="http://ws.resif.fr/fdsnws/station/1/query" priority="1" start="2001-01-01T00:00:00" end="2001-12-31T00:00:00" />
  <ns0:dataselect address="http://ws.resif.fr/fdsnws/dataselect/1/query" priority="1" start="2001-01-01T00:00:00" end="2001-12-31T00:00:00" />
 </ns0:route>
 <ns0:route networkCode="Y4" stationCode="*" locationCode="*" streamCode="*">
  <ns0:station address="http://ws.resif.fr/fdsnws/station/1/query" priority="1" start="2004-01-01T00:00:00" end="2007-12-31T00:00:00" />
  <ns0:dataselect address="http://ws.resif.fr/fdsnws/dataselect/1/query" priority="1" start="2004-01-01T00:00:00" end="2007-12-31T00:00:00" />
  <ns0:station address="http://geofon.gfz-potsdam.de/fdsnws/station/1/query" priority="1" start="2014-09-11T00:00:00" end="2015-12-31T00:00:00" />
  <ns0:dataselect address="http://geofon.gfz-potsdam.de/fdsnws/dataselect/1/query" priority="1" start="2014-09-11T00:00:00" end="2015-12-31T00:00:00" />
 </ns0:route>
 <ns0:route networkCode="4C" stationCode="KES20" locationCode="*" streamCode="HNE">
  <ns0:station address="http://geofon.gfz-potsdam.de/fdsnws/station/1/query" priority="2" start="2011-09-15T00:00:00" end="2012-04-20T23:59:00" />
  <ns0:dataselect address="http://geofon.gfz-potsdam.de/fdsnws/dataselect/1/query" priority="2" start="2011-09-15T00:00:00" end="2012-04-20T23:59:00" />
 </ns0:route>
 <ns0:route networkCode="BA" stationCode="*" locationCode="*" streamCode="*">
  <ns0:station address="http://webservices.rm.ingv.it/fdsnws/station/1/query" priority="1" start="1980-01-01T00:00:00" end="" />
  <ns0:dataselect address="http://webservices.rm.ingv.it/fdsnws/dataselect/1/query" priority="1" start="1980-01-01T00:00:00" end="" />
 </ns0:route>
 <ns0:route networkCode="NL" stationCode="*" locationCode="*" streamCode="*">
  <ns0:station address="http://www.orfeus-eu.org/fdsnws/station/1/query" priority="1" start="1980-01-01T00:00:00" end="" />
  <ns0:dataselect address="http://www.orfeus-eu.org/fdsnws/dataselect/1/query" priority="1" start="1980-01-01T00:00:00" end="" />
 </ns0:route>
 <ns0:route networkCode="4C" stationCode="*" locationCode="*" streamCode="*">
  <ns0:station address="http://geofon.gfz-potsdam.de/fdsnws/station/1/query" priority="1" start="2011-09-15T00:00:00" end="2012-04-20T23:59:00" />
  <ns0:dataselect address="http://geofon.gfz-potsdam.de/fdsnws/dataselect/1/query" priority="1" start="2011-09-15T00:00:00" end="2012-04-20T23:59:00" />
 </ns0:route>
 <ns0:route networkCode="4C" stationCode="KES20" locationCode="*" streamCode="HNN">
  <ns0:station address="http://geofon.gfz-potsdam.de/fdsnws/station/1/query" priority="2" start="2011-09-15T00:00:00" end="2012-04-20T23:59:00" />
  <ns0:dataselect address="http://geofon.gfz-potsdam.de/fdsnws/dataselect/1/query" priority="2" start="2011-09-15T00:00:00" end="2012-04-20T23:59:00" />
 </ns0:route>
 <ns0:route networkCode="ZA" stationCode="*" locationCode="*" streamCode="*">
  <ns0:station address="http://geofon.gfz-potsdam.de/fdsnws/station/1/query" priority="1" start="2002-03-01T00:00:00" end="2004-01-29T00:00:00" />
  <ns0:dataselect address="http://geofon.gfz-potsdam.de/fdsnws/dataselect/1/query" priority="1" start="2002-03-01T00:00:00" end="2004-01-29T00:00:00" />
  <ns0:station address="http://geofon.gfz-potsdam.de/fdsnws/station/1/query" priority="1" start="1996-01-01T00:00:00" end="2000-12-31T00:00:00" />
  <ns0:dataselect address="http://geofon.gfz-potsdam.de/fdsnws/dataselect/1/query" priority="1" start="1996-01-01T00:00:00" end="2000-12-31T00:00:00" />
  <ns0:station address="http://geofon.gfz-potsdam.de/fdsnws/station/1/query" priority="1" start="1994-01-01T00:00:00" end="1994-05-12T00:00:00" />
  <ns0:dataselect address="http://geofon.gfz-potsdam.de/fdsnws/dataselect/1/query" priority="1" start="1994-01-01T00:00:00" end="1994-05-12T00:00:00" />
 </ns0:route>
 <ns0:route networkCode="6A" stationCode="*" locationCode="*" streamCode="*">
  <ns0:station address="http://geofon.gfz-potsdam.de/fdsnws/station/1/query" priority="1" start="2008-10-16T00:00:00" end="2009-03-18T00:00:00" />
  <ns0:dataselect address="http://geofon.gfz-potsdam.de/fdsnws/dataselect/1/query" priority="1" start="2008-10-16T00:00:00" end="2009-03-18T00:00:00" />
  <ns0:station address="http://geofon.gfz-potsdam.de/fdsnws/station/1/query" priority="1" start="2010-07-19T00:00:00" end="2012-12-31T00:00:00" />
  <ns0:dataselect address="http://geofon.gfz-potsdam.de/fdsnws/dataselect/1/query" priority="1" start="2010-07-19T00:00:00" end="2012-12-31T00:00:00" />
 </ns0:route>
 <ns0:route networkCode="Z5" stationCode="*" locationCode="*" streamCode="*">
  <ns0:station address="http://geofon.gfz-potsdam.de/fdsnws/station/1/query" priority="1" start="2005-03-01T00:00:00" end="2006-12-14T00:00:00" />
  <ns0:dataselect address="http://geofon.gfz-potsdam.de/fdsnws/dataselect/1/query" priority="1" start="2005-03-01T00:00:00" end="2006-12-14T00:00:00" />
  <ns0:station address="http://geofon.gfz-potsdam.de/fdsnws/station/1/query" priority="1" start="2008-03-21T00:00:00" end="" />
  <ns0:dataselect address="http://geofon.gfz-potsdam.de/fdsnws/dataselect/1/query" priority="1" start="2008-03-21T00:00:00" end="" />
 </ns0:route>
 <ns0:route networkCode="4C" stationCode="KES27" locationCode="*" streamCode="HNE">
  <ns0:station address="http://geofon.gfz-potsdam.de/fdsnws/station/1/query" priority="2" start="2011-09-15T00:00:00" end="2012-04-20T23:59:00" />
  <ns0:dataselect address="http://geofon.gfz-potsdam.de/fdsnws/dataselect/1/query" priority="2" start="2011-09-15T00:00:00" end="2012-04-20T23:59:00" />
 </ns0:route>
 <ns0:route networkCode="ZF" stationCode="*" locationCode="*" streamCode="*">
  <ns0:station address="http://ws.resif.fr/fdsnws/station/1/query" priority="1" start="2003-01-01T00:00:00" end="2004-12-30T00:00:00" />
  <ns0:dataselect address="http://ws.resif.fr/fdsnws/dataselect/1/query" priority="1" start="2003-01-01T00:00:00" end="2004-12-30T00:00:00" />
  <ns0:station address="http://geofon.gfz-potsdam.de/fdsnws/station/1/query" priority="1" start="1997-01-01T00:00:00" end="1998-12-31T00:00:00" />
  <ns0:dataselect address="http://geofon.gfz-potsdam.de/fdsnws/dataselect/1/query" priority="1" start="1997-01-01T00:00:00" end="1998-12-31T00:00:00" />
  <ns0:station address="http://geofon.gfz-potsdam.de/fdsnws/station/1/query" priority="1" start="1999-06-01T00:00:00" end="2001-05-31T00:00:00" />
  <ns0:dataselect address="http://geofon.gfz-potsdam.de/fdsnws/dataselect/1/query" priority="1" start="1999-06-01T00:00:00" end="2001-05-31T00:00:00" />
 </ns0:route>
 <ns0:route networkCode="RO" stationCode="*" locationCode="*" streamCode="*">
  <ns0:station address="http://eida-sc3.infp.ro/fdsnws/station/1/query" priority="1" start="1980-01-01T00:00:00" end="" />
  <ns0:dataselect address="http://eida-sc3.infp.ro/fdsnws/dataselect/1/query" priority="1" start="1980-01-01T00:00:00" end="" />
 </ns0:route>
 <ns0:route networkCode="4C" stationCode="KES27" locationCode="*" streamCode="HNN">
  <ns0:station address="http://geofon.gfz-potsdam.de/fdsnws/station/1/query" priority="2" start="2011-09-15T00:00:00" end="2012-04-20T23:59:00" />
  <ns0:dataselect address="http://geofon.gfz-potsdam.de/fdsnws/dataselect/1/query" priority="2" start="2011-09-15T00:00:00" end="2012-04-20T23:59:00" />
 </ns0:route>
 <ns0:route networkCode="GE" stationCode="*" locationCode="*" streamCode="*">
  <ns0:station address="http://geofon.gfz-potsdam.de/fdsnws/station/1/query" priority="1" start="1993-01-01T00:00:00" end="" />
  <ns0:dataselect address="http://geofon.gfz-potsdam.de/fdsnws/dataselect/1/query" priority="1" start="1993-01-01T00:00:00" end="" />
 </ns0:route>
 <ns0:route networkCode="FR" stationCode="*" locationCode="*" streamCode="*">
  <ns0:station address="http://ws.resif.fr/fdsnws/station/1/query" priority="1" start="1994-01-01T00:00:00" end="" />
  <ns0:dataselect address="http://ws.resif.fr/fdsnws/dataselect/1/query" priority="1" start="1994-01-01T00:00:00" end="" />
 </ns0:route>
 <ns0:route networkCode="4C" stationCode="KES20" locationCode="*" streamCode="HNZ">
  <ns0:station address="http://geofon.gfz-potsdam.de/fdsnws/station/1/query" priority="2" start="2011-09-15T00:00:00" end="2012-04-20T23:59:00" />
  <ns0:dataselect address="http://geofon.gfz-potsdam.de/fdsnws/dataselect/1/query" priority="2" start="2011-09-15T00:00:00" end="2012-04-20T23:59:00" />
 </ns0:route>
 <ns0:route networkCode="Z3" stationCode="*" locationCode="*" streamCode="*">
  <ns0:station address="http://geofon.gfz-potsdam.de/fdsnws/station/1/query" priority="1" start="2005-06-05T00:00:00" end="2007-04-30T00:00:00" />
  <ns0:dataselect address="http://geofon.gfz-potsdam.de/fdsnws/dataselect/1/query" priority="1" start="2005-06-05T00:00:00" end="2007-04-30T00:00:00" />
  <ns0:station address="http://geofon.gfz-potsdam.de/fdsnws/station/1/query" priority="1" start="2015-01-01T00:00:00" end="" />
  <ns0:dataselect address="http://geofon.gfz-potsdam.de/fdsnws/dataselect/1/query" priority="1" start="2015-01-01T00:00:00" end="" />
 </ns0:route>
 <ns0:route networkCode="MN" stationCode="*" locationCode="*" streamCode="*">
  <ns0:station address="http://webservices.rm.ingv.it/fdsnws/station/1/query" priority="1" start="1980-01-01T00:00:00" end="" />
  <ns0:dataselect address="http://webservices.rm.ingv.it/fdsnws/dataselect/1/query" priority="1" start="1980-01-01T00:00:00" end="" />
 </ns0:route>
 <ns0:route networkCode="ZS" stationCode="*" locationCode="*" streamCode="*">
  <ns0:station address="http://ws.resif.fr/fdsnws/station/1/query" priority="1" start="2007-01-01T00:00:00" end="2008-12-30T00:00:00" />
  <ns0:dataselect address="http://ws.resif.fr/fdsnws/dataselect/1/query" priority="1" start="2007-01-01T00:00:00" end="2008-12-30T00:00:00" />
  <ns0:station address="http://geofon.gfz-potsdam.de/fdsnws/station/1/query" priority="1" start="2002-05-01T00:00:00" end="2005-12-31T00:00:00" />
  <ns0:dataselect address="http://geofon.gfz-potsdam.de/fdsnws/dataselect/1/query" priority="1" start="2002-05-01T00:00:00" end="2005-12-31T00:00:00" />
 </ns0:route>
</ns0:routing>
